[2025-11-06T15:02:03.558+0000] {taskinstance.py:1157} INFO - Dependencies all met for dep_context=non-requeueable deps ti=<TaskInstance: dbt_transform.dbt_run manual__2025-11-06T15:02:02.179187+00:00 [queued]>
[2025-11-06T15:02:03.565+0000] {taskinstance.py:1157} INFO - Dependencies all met for dep_context=requeueable deps ti=<TaskInstance: dbt_transform.dbt_run manual__2025-11-06T15:02:02.179187+00:00 [queued]>
[2025-11-06T15:02:03.566+0000] {taskinstance.py:1359} INFO - Starting attempt 1 of 2
[2025-11-06T15:02:03.577+0000] {taskinstance.py:1380} INFO - Executing <Task(BashOperator): dbt_run> on 2025-11-06 15:02:02.179187+00:00
[2025-11-06T15:02:03.581+0000] {standard_task_runner.py:57} INFO - Started process 371 to run task
[2025-11-06T15:02:03.585+0000] {standard_task_runner.py:84} INFO - Running: ['***', 'tasks', 'run', 'dbt_transform', 'dbt_run', 'manual__2025-11-06T15:02:02.179187+00:00', '--job-id', '13', '--raw', '--subdir', 'DAGS_FOLDER/dbt_dag.py', '--cfg-path', '/tmp/tmp2uf1nup1']
[2025-11-06T15:02:03.588+0000] {standard_task_runner.py:85} INFO - Job 13: Subtask dbt_run
[2025-11-06T15:02:03.636+0000] {task_command.py:415} INFO - Running <TaskInstance: dbt_transform.dbt_run manual__2025-11-06T15:02:02.179187+00:00 [running]> on host a9b12bd32d5c
[2025-11-06T15:02:03.711+0000] {taskinstance.py:1660} INFO - Exporting env vars: AIRFLOW_CTX_DAG_OWNER='***' AIRFLOW_CTX_DAG_ID='dbt_transform' AIRFLOW_CTX_TASK_ID='dbt_run' AIRFLOW_CTX_EXECUTION_DATE='2025-11-06T15:02:02.179187+00:00' AIRFLOW_CTX_TRY_NUMBER='1' AIRFLOW_CTX_DAG_RUN_ID='manual__2025-11-06T15:02:02.179187+00:00'
[2025-11-06T15:02:03.713+0000] {subprocess.py:63} INFO - Tmp dir root location: /tmp
[2025-11-06T15:02:03.714+0000] {subprocess.py:75} INFO - Running command: ['/bin/bash', '-c', 'docker exec dbt_***_project-dbt-1 dbt run']
[2025-11-06T15:02:03.723+0000] {subprocess.py:86} INFO - Output:
[2025-11-06T15:02:04.897+0000] {subprocess.py:93} INFO - [0m15:02:04  Running with dbt=1.8.7
[2025-11-06T15:02:05.183+0000] {subprocess.py:93} INFO - [0m15:02:05  Registered adapter: sqlserver=1.8.7
[2025-11-06T15:02:06.250+0000] {subprocess.py:93} INFO - [0m15:02:06  [[33mWARNING[0m]: Configuration paths exist in your dbt_project.yml file which do not apply to any resources.
[2025-11-06T15:02:06.251+0000] {subprocess.py:93} INFO - There are 2 unused configuration paths:
[2025-11-06T15:02:06.251+0000] {subprocess.py:93} INFO - - models.dbt_sqlserver_project.marts
[2025-11-06T15:02:06.251+0000] {subprocess.py:93} INFO - - models.dbt_sqlserver_project.intermediate
[2025-11-06T15:02:06.481+0000] {subprocess.py:93} INFO - [0m15:02:06  Found 4 models, 3 data tests, 13 sources, 614 macros
[2025-11-06T15:02:06.484+0000] {subprocess.py:93} INFO - [0m15:02:06
[2025-11-06T15:02:06.574+0000] {subprocess.py:93} INFO - [0m15:02:06  Concurrency: 4 threads (target='dev')
[2025-11-06T15:02:06.575+0000] {subprocess.py:93} INFO - [0m15:02:06
[2025-11-06T15:02:06.581+0000] {subprocess.py:93} INFO - [0m15:02:06  1 of 4 START sql view model dbo.stg_customers .................................. [RUN]
[2025-11-06T15:02:06.582+0000] {subprocess.py:93} INFO - [0m15:02:06  2 of 4 START sql view model dbo.stg_example .................................... [RUN]
[2025-11-06T15:02:06.583+0000] {subprocess.py:93} INFO - [0m15:02:06  3 of 4 START sql view model dbo.stg_products ................................... [RUN]
[2025-11-06T15:02:06.584+0000] {subprocess.py:93} INFO - [0m15:02:06  4 of 4 START sql view model dbo.stg_sales_orders ............................... [RUN]
[2025-11-06T15:02:06.878+0000] {subprocess.py:93} INFO - [0m15:02:06  1 of 4 OK created sql view model dbo.stg_customers ............................. [[32mOK[0m in 0.29s]
[2025-11-06T15:02:06.894+0000] {subprocess.py:93} INFO - [0m15:02:06  4 of 4 OK created sql view model dbo.stg_sales_orders .......................... [[32mOK[0m in 0.30s]
[2025-11-06T15:02:06.895+0000] {subprocess.py:93} INFO - [0m15:02:06  3 of 4 OK created sql view model dbo.stg_products .............................. [[32mOK[0m in 0.30s]
[2025-11-06T15:02:06.897+0000] {subprocess.py:93} INFO - [0m15:02:06  2 of 4 OK created sql view model dbo.stg_example ............................... [[32mOK[0m in 0.31s]
[2025-11-06T15:02:06.908+0000] {subprocess.py:93} INFO - [0m15:02:06
[2025-11-06T15:02:06.909+0000] {subprocess.py:93} INFO - [0m15:02:06  Finished running 4 view models in 0 hours 0 minutes and 0.42 seconds (0.42s).
[2025-11-06T15:02:06.971+0000] {subprocess.py:93} INFO - [0m15:02:06
[2025-11-06T15:02:06.972+0000] {subprocess.py:93} INFO - [0m15:02:06  [32mCompleted successfully[0m
[2025-11-06T15:02:06.974+0000] {subprocess.py:93} INFO - [0m15:02:06
[2025-11-06T15:02:06.977+0000] {subprocess.py:93} INFO - [0m15:02:06  Done. PASS=4 WARN=0 ERROR=0 SKIP=0 TOTAL=4
[2025-11-06T15:02:08.224+0000] {subprocess.py:97} INFO - Command exited with return code 0
[2025-11-06T15:02:08.251+0000] {taskinstance.py:1398} INFO - Marking task as SUCCESS. dag_id=dbt_transform, task_id=dbt_run, execution_date=20251106T150202, start_date=20251106T150203, end_date=20251106T150208
[2025-11-06T15:02:08.301+0000] {local_task_job_runner.py:228} INFO - Task exited with return code 0
[2025-11-06T15:02:08.318+0000] {taskinstance.py:2776} INFO - 1 downstream tasks scheduled from follow-on schedule check
