[2025-11-07T22:34:32.889+0000] {taskinstance.py:1157} INFO - Dependencies all met for dep_context=non-requeueable deps ti=<TaskInstance: dbt_transform.dbt_run scheduled__2025-11-07T22:29:31.287022+00:00 [queued]>
[2025-11-07T22:34:32.896+0000] {taskinstance.py:1157} INFO - Dependencies all met for dep_context=requeueable deps ti=<TaskInstance: dbt_transform.dbt_run scheduled__2025-11-07T22:29:31.287022+00:00 [queued]>
[2025-11-07T22:34:32.896+0000] {taskinstance.py:1359} INFO - Starting attempt 1 of 2
[2025-11-07T22:34:32.908+0000] {taskinstance.py:1380} INFO - Executing <Task(BashOperator): dbt_run> on 2025-11-07 22:29:31.287022+00:00
[2025-11-07T22:34:32.913+0000] {standard_task_runner.py:57} INFO - Started process 340 to run task
[2025-11-07T22:34:32.916+0000] {standard_task_runner.py:84} INFO - Running: ['***', 'tasks', 'run', 'dbt_transform', 'dbt_run', 'scheduled__2025-11-07T22:29:31.287022+00:00', '--job-id', '22', '--raw', '--subdir', 'DAGS_FOLDER/dbt_dag.py', '--cfg-path', '/tmp/tmpmvttwgh4']
[2025-11-07T22:34:32.919+0000] {standard_task_runner.py:85} INFO - Job 22: Subtask dbt_run
[2025-11-07T22:34:32.965+0000] {task_command.py:415} INFO - Running <TaskInstance: dbt_transform.dbt_run scheduled__2025-11-07T22:29:31.287022+00:00 [running]> on host a9b12bd32d5c
[2025-11-07T22:34:33.035+0000] {taskinstance.py:1660} INFO - Exporting env vars: AIRFLOW_CTX_DAG_OWNER='***' AIRFLOW_CTX_DAG_ID='dbt_transform' AIRFLOW_CTX_TASK_ID='dbt_run' AIRFLOW_CTX_EXECUTION_DATE='2025-11-07T22:29:31.287022+00:00' AIRFLOW_CTX_TRY_NUMBER='1' AIRFLOW_CTX_DAG_RUN_ID='scheduled__2025-11-07T22:29:31.287022+00:00'
[2025-11-07T22:34:33.036+0000] {subprocess.py:63} INFO - Tmp dir root location: /tmp
[2025-11-07T22:34:33.038+0000] {subprocess.py:75} INFO - Running command: ['/bin/bash', '-c', 'docker exec dbt_***_project-dbt-1 dbt run']
[2025-11-07T22:34:33.047+0000] {subprocess.py:86} INFO - Output:
[2025-11-07T22:34:34.200+0000] {subprocess.py:93} INFO - [0m22:34:34  Running with dbt=1.8.7
[2025-11-07T22:34:34.544+0000] {subprocess.py:93} INFO - [0m22:34:34  Registered adapter: sqlserver=1.8.7
[2025-11-07T22:34:35.570+0000] {subprocess.py:93} INFO - [0m22:34:35  [[33mWARNING[0m]: Configuration paths exist in your dbt_project.yml file which do not apply to any resources.
[2025-11-07T22:34:35.571+0000] {subprocess.py:93} INFO - There are 2 unused configuration paths:
[2025-11-07T22:34:35.571+0000] {subprocess.py:93} INFO - - models.dbt_sqlserver_project.gold
[2025-11-07T22:34:35.571+0000] {subprocess.py:93} INFO - - models.dbt_sqlserver_project.silver
[2025-11-07T22:34:35.799+0000] {subprocess.py:93} INFO - [0m22:34:35  Found 4 models, 3 data tests, 13 sources, 614 macros
[2025-11-07T22:34:35.803+0000] {subprocess.py:93} INFO - [0m22:34:35
[2025-11-07T22:34:35.912+0000] {subprocess.py:93} INFO - [0m22:34:35  Concurrency: 4 threads (target='dev')
[2025-11-07T22:34:35.912+0000] {subprocess.py:93} INFO - [0m22:34:35
[2025-11-07T22:34:35.919+0000] {subprocess.py:93} INFO - [0m22:34:35  1 of 4 START sql view model dbo.stg_customers .................................. [RUN]
[2025-11-07T22:34:35.920+0000] {subprocess.py:93} INFO - [0m22:34:35  2 of 4 START sql view model dbo.stg_example .................................... [RUN]
[2025-11-07T22:34:35.921+0000] {subprocess.py:93} INFO - [0m22:34:35  3 of 4 START sql view model dbo.stg_products ................................... [RUN]
[2025-11-07T22:34:35.922+0000] {subprocess.py:93} INFO - [0m22:34:35  4 of 4 START sql view model dbo.stg_sales_orders ............................... [RUN]
[2025-11-07T22:34:36.292+0000] {subprocess.py:93} INFO - [0m22:34:36  1 of 4 OK created sql view model dbo.stg_customers ............................. [[32mOK[0m in 0.36s]
[2025-11-07T22:34:36.292+0000] {subprocess.py:93} INFO - [0m22:34:36  3 of 4 OK created sql view model dbo.stg_products .............................. [[32mOK[0m in 0.36s]
[2025-11-07T22:34:36.294+0000] {subprocess.py:93} INFO - [0m22:34:36  2 of 4 OK created sql view model dbo.stg_example ............................... [[32mOK[0m in 0.37s]
[2025-11-07T22:34:36.295+0000] {subprocess.py:93} INFO - [0m22:34:36  4 of 4 OK created sql view model dbo.stg_sales_orders .......................... [[32mOK[0m in 0.36s]
[2025-11-07T22:34:36.307+0000] {subprocess.py:93} INFO - [0m22:34:36
[2025-11-07T22:34:36.308+0000] {subprocess.py:93} INFO - [0m22:34:36  Finished running 4 view models in 0 hours 0 minutes and 0.50 seconds (0.50s).
[2025-11-07T22:34:36.370+0000] {subprocess.py:93} INFO - [0m22:34:36
[2025-11-07T22:34:36.371+0000] {subprocess.py:93} INFO - [0m22:34:36  [32mCompleted successfully[0m
[2025-11-07T22:34:36.372+0000] {subprocess.py:93} INFO - [0m22:34:36
[2025-11-07T22:34:36.373+0000] {subprocess.py:93} INFO - [0m22:34:36  Done. PASS=4 WARN=0 ERROR=0 SKIP=0 TOTAL=4
[2025-11-07T22:34:37.645+0000] {subprocess.py:97} INFO - Command exited with return code 0
[2025-11-07T22:34:37.669+0000] {taskinstance.py:1398} INFO - Marking task as SUCCESS. dag_id=dbt_transform, task_id=dbt_run, execution_date=20251107T222931, start_date=20251107T223432, end_date=20251107T223437
[2025-11-07T22:34:37.714+0000] {local_task_job_runner.py:228} INFO - Task exited with return code 0
[2025-11-07T22:34:37.735+0000] {taskinstance.py:2776} INFO - 1 downstream tasks scheduled from follow-on schedule check
