[2025-11-07T22:54:32.284+0000] {taskinstance.py:1157} INFO - Dependencies all met for dep_context=non-requeueable deps ti=<TaskInstance: dbt_transform.dbt_run scheduled__2025-11-07T22:49:31.287022+00:00 [queued]>
[2025-11-07T22:54:32.298+0000] {taskinstance.py:1157} INFO - Dependencies all met for dep_context=requeueable deps ti=<TaskInstance: dbt_transform.dbt_run scheduled__2025-11-07T22:49:31.287022+00:00 [queued]>
[2025-11-07T22:54:32.299+0000] {taskinstance.py:1359} INFO - Starting attempt 1 of 2
[2025-11-07T22:54:32.312+0000] {taskinstance.py:1380} INFO - Executing <Task(BashOperator): dbt_run> on 2025-11-07 22:49:31.287022+00:00
[2025-11-07T22:54:32.319+0000] {standard_task_runner.py:57} INFO - Started process 694 to run task
[2025-11-07T22:54:32.322+0000] {standard_task_runner.py:84} INFO - Running: ['***', 'tasks', 'run', 'dbt_transform', 'dbt_run', 'scheduled__2025-11-07T22:49:31.287022+00:00', '--job-id', '34', '--raw', '--subdir', 'DAGS_FOLDER/dbt_dag.py', '--cfg-path', '/tmp/tmpnyouw5d4']
[2025-11-07T22:54:32.325+0000] {standard_task_runner.py:85} INFO - Job 34: Subtask dbt_run
[2025-11-07T22:54:32.377+0000] {task_command.py:415} INFO - Running <TaskInstance: dbt_transform.dbt_run scheduled__2025-11-07T22:49:31.287022+00:00 [running]> on host a9b12bd32d5c
[2025-11-07T22:54:32.452+0000] {taskinstance.py:1660} INFO - Exporting env vars: AIRFLOW_CTX_DAG_OWNER='***' AIRFLOW_CTX_DAG_ID='dbt_transform' AIRFLOW_CTX_TASK_ID='dbt_run' AIRFLOW_CTX_EXECUTION_DATE='2025-11-07T22:49:31.287022+00:00' AIRFLOW_CTX_TRY_NUMBER='1' AIRFLOW_CTX_DAG_RUN_ID='scheduled__2025-11-07T22:49:31.287022+00:00'
[2025-11-07T22:54:32.454+0000] {subprocess.py:63} INFO - Tmp dir root location: /tmp
[2025-11-07T22:54:32.455+0000] {subprocess.py:75} INFO - Running command: ['/bin/bash', '-c', 'docker exec dbt_***_project-dbt-1 dbt run']
[2025-11-07T22:54:32.466+0000] {subprocess.py:86} INFO - Output:
[2025-11-07T22:54:34.515+0000] {subprocess.py:93} INFO - [0m22:54:34  Running with dbt=1.8.7
[2025-11-07T22:54:34.999+0000] {subprocess.py:93} INFO - [0m22:54:34  Registered adapter: sqlserver=1.8.7
[2025-11-07T22:54:36.769+0000] {subprocess.py:93} INFO - [0m22:54:36  [[33mWARNING[0m]: Configuration paths exist in your dbt_project.yml file which do not apply to any resources.
[2025-11-07T22:54:36.770+0000] {subprocess.py:93} INFO - There are 2 unused configuration paths:
[2025-11-07T22:54:36.770+0000] {subprocess.py:93} INFO - - models.dbt_sqlserver_project.gold
[2025-11-07T22:54:36.770+0000] {subprocess.py:93} INFO - - models.dbt_sqlserver_project.silver
[2025-11-07T22:54:37.024+0000] {subprocess.py:93} INFO - [0m22:54:37  Found 4 models, 3 data tests, 13 sources, 614 macros
[2025-11-07T22:54:37.028+0000] {subprocess.py:93} INFO - [0m22:54:37
[2025-11-07T22:54:37.412+0000] {subprocess.py:93} INFO - [0m22:54:37  Concurrency: 4 threads (target='dev')
[2025-11-07T22:54:37.413+0000] {subprocess.py:93} INFO - [0m22:54:37
[2025-11-07T22:54:37.420+0000] {subprocess.py:93} INFO - [0m22:54:37  1 of 4 START sql view model bronze.brnz_customers .............................. [RUN]
[2025-11-07T22:54:37.420+0000] {subprocess.py:93} INFO - [0m22:54:37  2 of 4 START sql view model bronze.brnz_example ................................ [RUN]
[2025-11-07T22:54:37.421+0000] {subprocess.py:93} INFO - [0m22:54:37  3 of 4 START sql view model bronze.brnz_products ............................... [RUN]
[2025-11-07T22:54:37.422+0000] {subprocess.py:93} INFO - [0m22:54:37  4 of 4 START sql view model bronze.brnz_sales_orders ........................... [RUN]
[2025-11-07T22:54:37.942+0000] {subprocess.py:93} INFO - [0m22:54:37  1 of 4 OK created sql view model bronze.brnz_customers ......................... [[32mOK[0m in 0.51s]
[2025-11-07T22:54:37.962+0000] {subprocess.py:93} INFO - [0m22:54:37  4 of 4 OK created sql view model bronze.brnz_sales_orders ...................... [[32mOK[0m in 0.53s]
[2025-11-07T22:54:37.966+0000] {subprocess.py:93} INFO - [0m22:54:37  3 of 4 OK created sql view model bronze.brnz_products .......................... [[32mOK[0m in 0.54s]
[2025-11-07T22:54:37.967+0000] {subprocess.py:93} INFO - [0m22:54:37  2 of 4 OK created sql view model bronze.brnz_example ........................... [[32mOK[0m in 0.54s]
[2025-11-07T22:54:37.978+0000] {subprocess.py:93} INFO - [0m22:54:37
[2025-11-07T22:54:37.979+0000] {subprocess.py:93} INFO - [0m22:54:37  Finished running 4 view models in 0 hours 0 minutes and 0.95 seconds (0.95s).
[2025-11-07T22:54:38.037+0000] {subprocess.py:93} INFO - [0m22:54:38
[2025-11-07T22:54:38.038+0000] {subprocess.py:93} INFO - [0m22:54:38  [32mCompleted successfully[0m
[2025-11-07T22:54:38.038+0000] {subprocess.py:93} INFO - [0m22:54:38
[2025-11-07T22:54:38.039+0000] {subprocess.py:93} INFO - [0m22:54:38  Done. PASS=4 WARN=0 ERROR=0 SKIP=0 TOTAL=4
[2025-11-07T22:54:39.435+0000] {subprocess.py:97} INFO - Command exited with return code 0
[2025-11-07T22:54:39.455+0000] {taskinstance.py:1398} INFO - Marking task as SUCCESS. dag_id=dbt_transform, task_id=dbt_run, execution_date=20251107T224931, start_date=20251107T225432, end_date=20251107T225439
[2025-11-07T22:54:39.509+0000] {local_task_job_runner.py:228} INFO - Task exited with return code 0
[2025-11-07T22:54:39.526+0000] {taskinstance.py:2776} INFO - 1 downstream tasks scheduled from follow-on schedule check
