[2025-11-08T06:39:36.201+0000] {taskinstance.py:1157} INFO - Dependencies all met for dep_context=non-requeueable deps ti=<TaskInstance: dbt_transform.dbt_run scheduled__2025-11-08T06:34:35.128224+00:00 [queued]>
[2025-11-08T06:39:36.210+0000] {taskinstance.py:1157} INFO - Dependencies all met for dep_context=requeueable deps ti=<TaskInstance: dbt_transform.dbt_run scheduled__2025-11-08T06:34:35.128224+00:00 [queued]>
[2025-11-08T06:39:36.211+0000] {taskinstance.py:1359} INFO - Starting attempt 1 of 2
[2025-11-08T06:39:36.224+0000] {taskinstance.py:1380} INFO - Executing <Task(BashOperator): dbt_run> on 2025-11-08 06:34:35.128224+00:00
[2025-11-08T06:39:36.228+0000] {standard_task_runner.py:57} INFO - Started process 266 to run task
[2025-11-08T06:39:36.234+0000] {standard_task_runner.py:84} INFO - Running: ['***', 'tasks', 'run', 'dbt_transform', 'dbt_run', 'scheduled__2025-11-08T06:34:35.128224+00:00', '--job-id', '47', '--raw', '--subdir', 'DAGS_FOLDER/dbt_dag.py', '--cfg-path', '/tmp/tmpqm_i4p4m']
[2025-11-08T06:39:36.241+0000] {standard_task_runner.py:85} INFO - Job 47: Subtask dbt_run
[2025-11-08T06:39:36.355+0000] {task_command.py:415} INFO - Running <TaskInstance: dbt_transform.dbt_run scheduled__2025-11-08T06:34:35.128224+00:00 [running]> on host a9b12bd32d5c
[2025-11-08T06:39:36.575+0000] {taskinstance.py:1660} INFO - Exporting env vars: AIRFLOW_CTX_DAG_OWNER='***' AIRFLOW_CTX_DAG_ID='dbt_transform' AIRFLOW_CTX_TASK_ID='dbt_run' AIRFLOW_CTX_EXECUTION_DATE='2025-11-08T06:34:35.128224+00:00' AIRFLOW_CTX_TRY_NUMBER='1' AIRFLOW_CTX_DAG_RUN_ID='scheduled__2025-11-08T06:34:35.128224+00:00'
[2025-11-08T06:39:36.578+0000] {subprocess.py:63} INFO - Tmp dir root location: /tmp
[2025-11-08T06:39:36.580+0000] {subprocess.py:75} INFO - Running command: ['/bin/bash', '-c', 'docker exec dbt_***_project-dbt-1 dbt run']
[2025-11-08T06:39:36.590+0000] {subprocess.py:86} INFO - Output:
[2025-11-08T06:39:38.947+0000] {subprocess.py:93} INFO - [0m06:39:38  Running with dbt=1.8.7
[2025-11-08T06:39:39.415+0000] {subprocess.py:93} INFO - [0m06:39:39  Registered adapter: sqlserver=1.8.7
[2025-11-08T06:39:40.899+0000] {subprocess.py:93} INFO - [0m06:39:40  Found 10 models, 18 data tests, 13 sources, 614 macros
[2025-11-08T06:39:40.903+0000] {subprocess.py:93} INFO - [0m06:39:40
[2025-11-08T06:39:41.227+0000] {subprocess.py:93} INFO - [0m06:39:41  Concurrency: 4 threads (target='dev')
[2025-11-08T06:39:41.229+0000] {subprocess.py:93} INFO - [0m06:39:41
[2025-11-08T06:39:41.240+0000] {subprocess.py:93} INFO - [0m06:39:41  1 of 10 START sql view model bronze.brnz_customers ............................. [RUN]
[2025-11-08T06:39:41.241+0000] {subprocess.py:93} INFO - [0m06:39:41  2 of 10 START sql view model bronze.brnz_example ............................... [RUN]
[2025-11-08T06:39:41.242+0000] {subprocess.py:93} INFO - [0m06:39:41  3 of 10 START sql view model bronze.brnz_products .............................. [RUN]
[2025-11-08T06:39:41.244+0000] {subprocess.py:93} INFO - [0m06:39:41  4 of 10 START sql view model bronze.brnz_sales_orders .......................... [RUN]
[2025-11-08T06:39:41.673+0000] {subprocess.py:93} INFO - [0m06:39:41  2 of 10 OK created sql view model bronze.brnz_example .......................... [[32mOK[0m in 0.42s]
[2025-11-08T06:39:41.675+0000] {subprocess.py:93} INFO - [0m06:39:41  4 of 10 OK created sql view model bronze.brnz_sales_orders ..................... [[32mOK[0m in 0.42s]
[2025-11-08T06:39:41.678+0000] {subprocess.py:93} INFO - [0m06:39:41  3 of 10 OK created sql view model bronze.brnz_products ......................... [[32mOK[0m in 0.42s]
[2025-11-08T06:39:41.684+0000] {subprocess.py:93} INFO - [0m06:39:41  1 of 10 OK created sql view model bronze.brnz_customers ........................ [[32mOK[0m in 0.43s]
[2025-11-08T06:39:41.694+0000] {subprocess.py:93} INFO - [0m06:39:41  5 of 10 START sql table model silver.slvr_sales_orders ......................... [RUN]
[2025-11-08T06:39:41.697+0000] {subprocess.py:93} INFO - [0m06:39:41  6 of 10 START sql table model silver.slvr_products ............................. [RUN]
[2025-11-08T06:39:41.702+0000] {subprocess.py:93} INFO - [0m06:39:41  7 of 10 START sql table model silver.slvr_customers ............................ [RUN]
[2025-11-08T06:39:42.176+0000] {subprocess.py:93} INFO - [0m06:39:42  6 of 10 OK created sql table model silver.slvr_products ........................ [[32mOK[0m in 0.47s]
[2025-11-08T06:39:42.456+0000] {subprocess.py:93} INFO - [0m06:39:42  7 of 10 OK created sql table model silver.slvr_customers ....................... [[32mOK[0m in 0.75s]
[2025-11-08T06:39:43.534+0000] {subprocess.py:93} INFO - [0m06:39:43  5 of 10 OK created sql table model silver.slvr_sales_orders .................... [[32mOK[0m in 1.83s]
[2025-11-08T06:39:43.540+0000] {subprocess.py:93} INFO - [0m06:39:43  8 of 10 START sql table model gold.gld_customer_metrics ........................ [RUN]
[2025-11-08T06:39:43.540+0000] {subprocess.py:93} INFO - [0m06:39:43  9 of 10 START sql table model gold.gld_product_performance ..................... [RUN]
[2025-11-08T06:39:43.542+0000] {subprocess.py:93} INFO - [0m06:39:43  10 of 10 START sql table model gold.gld_sales_summary .......................... [RUN]
[2025-11-08T06:39:44.120+0000] {subprocess.py:93} INFO - [0m06:39:44  10 of 10 OK created sql table model gold.gld_sales_summary ..................... [[32mOK[0m in 0.57s]
[2025-11-08T06:39:44.502+0000] {subprocess.py:93} INFO - [0m06:39:44  9 of 10 OK created sql table model gold.gld_product_performance ................ [[32mOK[0m in 0.96s]
[2025-11-08T06:39:44.550+0000] {subprocess.py:93} INFO - [0m06:39:44  8 of 10 OK created sql table model gold.gld_customer_metrics ................... [[32mOK[0m in 1.01s]
[2025-11-08T06:39:44.562+0000] {subprocess.py:93} INFO - [0m06:39:44
[2025-11-08T06:39:44.563+0000] {subprocess.py:93} INFO - [0m06:39:44  Finished running 4 view models, 6 table models in 0 hours 0 minutes and 3.66 seconds (3.66s).
[2025-11-08T06:39:44.638+0000] {subprocess.py:93} INFO - [0m06:39:44
[2025-11-08T06:39:44.640+0000] {subprocess.py:93} INFO - [0m06:39:44  [32mCompleted successfully[0m
[2025-11-08T06:39:44.642+0000] {subprocess.py:93} INFO - [0m06:39:44
[2025-11-08T06:39:44.643+0000] {subprocess.py:93} INFO - [0m06:39:44  Done. PASS=10 WARN=0 ERROR=0 SKIP=0 TOTAL=10
[2025-11-08T06:39:46.227+0000] {subprocess.py:97} INFO - Command exited with return code 0
[2025-11-08T06:39:46.251+0000] {taskinstance.py:1398} INFO - Marking task as SUCCESS. dag_id=dbt_transform, task_id=dbt_run, execution_date=20251108T063435, start_date=20251108T063936, end_date=20251108T063946
[2025-11-08T06:39:46.272+0000] {local_task_job_runner.py:228} INFO - Task exited with return code 0
[2025-11-08T06:39:46.288+0000] {taskinstance.py:2776} INFO - 1 downstream tasks scheduled from follow-on schedule check
