[2025-04-15T06:37:27.574+0000] {taskinstance.py:1157} INFO - Dependencies all met for dep_context=non-requeueable deps ti=<TaskInstance: dbt_transform.dbt_run manual__2025-04-15T06:37:24.991649+00:00 [queued]>
[2025-04-15T06:37:28.345+0000] {taskinstance.py:1157} INFO - Dependencies all met for dep_context=requeueable deps ti=<TaskInstance: dbt_transform.dbt_run manual__2025-04-15T06:37:24.991649+00:00 [queued]>
[2025-04-15T06:37:28.372+0000] {taskinstance.py:1359} INFO - Starting attempt 1 of 2
[2025-04-15T06:37:28.736+0000] {taskinstance.py:1380} INFO - Executing <Task(DockerOperator): dbt_run> on 2025-04-15 06:37:24.991649+00:00
[2025-04-15T06:37:29.051+0000] {standard_task_runner.py:57} INFO - Started process 183 to run task
[2025-04-15T06:37:29.054+0000] {standard_task_runner.py:84} INFO - Running: ['***', 'tasks', 'run', 'dbt_transform', 'dbt_run', 'manual__2025-04-15T06:37:24.991649+00:00', '--job-id', '37', '--raw', '--subdir', 'DAGS_FOLDER/dbt_dag.py', '--cfg-path', '/tmp/tmp3_vcen5w']
[2025-04-15T06:37:29.360+0000] {standard_task_runner.py:85} INFO - Job 37: Subtask dbt_run
[2025-04-15T06:37:29.747+0000] {task_command.py:415} INFO - Running <TaskInstance: dbt_transform.dbt_run manual__2025-04-15T06:37:24.991649+00:00 [running]> on host db6917ed49e2
[2025-04-15T06:37:30.530+0000] {taskinstance.py:1660} INFO - Exporting env vars: AIRFLOW_CTX_DAG_OWNER='***' AIRFLOW_CTX_DAG_ID='dbt_transform' AIRFLOW_CTX_TASK_ID='dbt_run' AIRFLOW_CTX_EXECUTION_DATE='2025-04-15T06:37:24.991649+00:00' AIRFLOW_CTX_TRY_NUMBER='1' AIRFLOW_CTX_DAG_RUN_ID='manual__2025-04-15T06:37:24.991649+00:00'
[2025-04-15T06:37:31.794+0000] {docker.py:333} INFO - Starting docker container from image dbt_***_project-dbt
[2025-04-15T06:37:40.457+0000] {docker.py:402} INFO - [0m06:37:40  Running with dbt=1.8.7
[2025-04-15T06:37:41.525+0000] {docker.py:402} INFO - [0m06:37:41  Registered adapter: sqlserver=1.8.7
[2025-04-15T06:37:43.794+0000] {docker.py:402} INFO - [0m06:37:43  [[33mWARNING[0m]: Configuration paths exist in your dbt_project.yml file which do not apply to any resources.
There are 2 unused configuration paths:
- models.dbt_sqlserver_project.marts
- models.dbt_sqlserver_project.intermediate
[2025-04-15T06:37:52.208+0000] {docker.py:402} INFO - [0m06:37:52  Found 4 models, 3 data tests, 13 sources, 614 macros
[2025-04-15T06:37:52.218+0000] {docker.py:402} INFO - [0m06:37:52
[2025-04-15T06:37:52.593+0000] {docker.py:402} INFO - [0m06:37:52  Concurrency: 4 threads (target='dev')
[2025-04-15T06:37:52.602+0000] {docker.py:402} INFO - [0m06:37:52
[2025-04-15T06:37:52.621+0000] {docker.py:402} INFO - [0m06:37:52  1 of 4 START sql view model dbo.stg_customers .................................. [RUN]
[2025-04-15T06:37:52.623+0000] {docker.py:402} INFO - [0m06:37:52  2 of 4 START sql view model dbo.stg_example .................................... [RUN]
[2025-04-15T06:37:52.630+0000] {docker.py:402} INFO - [0m06:37:52  3 of 4 START sql view model dbo.stg_products ................................... [RUN]
[2025-04-15T06:37:52.637+0000] {docker.py:402} INFO - [0m06:37:52  4 of 4 START sql view model dbo.stg_sales_orders ............................... [RUN]
[2025-04-15T06:38:01.160+0000] {docker.py:402} INFO - [0m06:38:01  2 of 4 OK created sql view model dbo.stg_example ............................... [[32mOK[0m in 8.48s]
[2025-04-15T06:38:01.260+0000] {docker.py:402} INFO - [0m06:38:01  4 of 4 OK created sql view model dbo.stg_sales_orders .......................... [[32mOK[0m in 8.52s]
[2025-04-15T06:38:01.264+0000] {docker.py:402} INFO - [0m06:38:01  1 of 4 OK created sql view model dbo.stg_customers ............................. [[32mOK[0m in 8.54s]
[2025-04-15T06:38:01.269+0000] {docker.py:402} INFO - [0m06:38:01  3 of 4 OK created sql view model dbo.stg_products .............................. [[32mOK[0m in 8.53s]
[2025-04-15T06:38:01.302+0000] {docker.py:402} INFO - [0m06:38:01
[2025-04-15T06:38:01.305+0000] {docker.py:402} INFO - [0m06:38:01  Finished running 4 view models in 0 hours 0 minutes and 9.07 seconds (9.07s).
[2025-04-15T06:38:07.619+0000] {docker.py:402} INFO - [0m06:38:07
[2025-04-15T06:38:07.892+0000] {docker.py:402} INFO - [0m06:38:07  [32mCompleted successfully[0m
[2025-04-15T06:38:07.897+0000] {docker.py:402} INFO - [0m06:38:07
[2025-04-15T06:38:07.939+0000] {docker.py:402} INFO - [0m06:38:07  Done. PASS=4 WARN=0 ERROR=0 SKIP=0 TOTAL=4
[2025-04-15T06:38:14.792+0000] {taskinstance.py:1398} INFO - Marking task as SUCCESS. dag_id=dbt_transform, task_id=dbt_run, execution_date=20250415T063724, start_date=20250415T063728, end_date=20250415T063814
[2025-04-15T06:38:15.339+0000] {local_task_job_runner.py:228} INFO - Task exited with return code 0
[2025-04-15T06:38:15.379+0000] {taskinstance.py:2776} INFO - 1 downstream tasks scheduled from follow-on schedule check
