[2025-11-06T15:00:10.439+0000] {taskinstance.py:1157} INFO - Dependencies all met for dep_context=non-requeueable deps ti=<TaskInstance: dbt_transform.dbt_run manual__2025-11-06T14:55:08.519724+00:00 [queued]>
[2025-11-06T15:00:10.445+0000] {taskinstance.py:1157} INFO - Dependencies all met for dep_context=requeueable deps ti=<TaskInstance: dbt_transform.dbt_run manual__2025-11-06T14:55:08.519724+00:00 [queued]>
[2025-11-06T15:00:10.446+0000] {taskinstance.py:1359} INFO - Starting attempt 2 of 2
[2025-11-06T15:00:10.458+0000] {taskinstance.py:1380} INFO - Executing <Task(BashOperator): dbt_run> on 2025-11-06 14:55:08.519724+00:00
[2025-11-06T15:00:10.464+0000] {standard_task_runner.py:57} INFO - Started process 331 to run task
[2025-11-06T15:00:10.466+0000] {standard_task_runner.py:84} INFO - Running: ['***', 'tasks', 'run', 'dbt_transform', 'dbt_run', 'manual__2025-11-06T14:55:08.519724+00:00', '--job-id', '11', '--raw', '--subdir', 'DAGS_FOLDER/dbt_dag.py', '--cfg-path', '/tmp/tmppaznqfhj']
[2025-11-06T15:00:10.470+0000] {standard_task_runner.py:85} INFO - Job 11: Subtask dbt_run
[2025-11-06T15:00:10.520+0000] {task_command.py:415} INFO - Running <TaskInstance: dbt_transform.dbt_run manual__2025-11-06T14:55:08.519724+00:00 [running]> on host a9b12bd32d5c
[2025-11-06T15:00:10.586+0000] {taskinstance.py:1660} INFO - Exporting env vars: AIRFLOW_CTX_DAG_OWNER='***' AIRFLOW_CTX_DAG_ID='dbt_transform' AIRFLOW_CTX_TASK_ID='dbt_run' AIRFLOW_CTX_EXECUTION_DATE='2025-11-06T14:55:08.519724+00:00' AIRFLOW_CTX_TRY_NUMBER='2' AIRFLOW_CTX_DAG_RUN_ID='manual__2025-11-06T14:55:08.519724+00:00'
[2025-11-06T15:00:10.592+0000] {subprocess.py:63} INFO - Tmp dir root location: /tmp
[2025-11-06T15:00:10.594+0000] {subprocess.py:75} INFO - Running command: ['/bin/bash', '-c', 'docker exec dbt_***_project-dbt-1 dbt run']
[2025-11-06T15:00:10.604+0000] {subprocess.py:86} INFO - Output:
[2025-11-06T15:00:12.519+0000] {subprocess.py:93} INFO - [0m15:00:12  Running with dbt=1.8.7
[2025-11-06T15:00:13.032+0000] {subprocess.py:93} INFO - [0m15:00:13  Registered adapter: sqlserver=1.8.7
[2025-11-06T15:00:14.480+0000] {subprocess.py:93} INFO - [0m15:00:14  [[33mWARNING[0m]: Configuration paths exist in your dbt_project.yml file which do not apply to any resources.
[2025-11-06T15:00:14.481+0000] {subprocess.py:93} INFO - There are 2 unused configuration paths:
[2025-11-06T15:00:14.481+0000] {subprocess.py:93} INFO - - models.dbt_sqlserver_project.intermediate
[2025-11-06T15:00:14.481+0000] {subprocess.py:93} INFO - - models.dbt_sqlserver_project.marts
[2025-11-06T15:00:14.716+0000] {subprocess.py:93} INFO - [0m15:00:14  Found 4 models, 3 data tests, 13 sources, 614 macros
[2025-11-06T15:00:14.720+0000] {subprocess.py:93} INFO - [0m15:00:14
[2025-11-06T15:00:14.878+0000] {subprocess.py:93} INFO - [0m15:00:14  Concurrency: 4 threads (target='dev')
[2025-11-06T15:00:14.878+0000] {subprocess.py:93} INFO - [0m15:00:14
[2025-11-06T15:00:14.887+0000] {subprocess.py:93} INFO - [0m15:00:14  1 of 4 START sql view model dbo.stg_customers .................................. [RUN]
[2025-11-06T15:00:14.888+0000] {subprocess.py:93} INFO - [0m15:00:14  2 of 4 START sql view model dbo.stg_example .................................... [RUN]
[2025-11-06T15:00:14.889+0000] {subprocess.py:93} INFO - [0m15:00:14  3 of 4 START sql view model dbo.stg_products ................................... [RUN]
[2025-11-06T15:00:14.891+0000] {subprocess.py:93} INFO - [0m15:00:14  4 of 4 START sql view model dbo.stg_sales_orders ............................... [RUN]
[2025-11-06T15:00:15.265+0000] {subprocess.py:93} INFO - [0m15:00:15  4 of 4 OK created sql view model dbo.stg_sales_orders .......................... [[32mOK[0m in 0.36s]
[2025-11-06T15:00:15.266+0000] {subprocess.py:93} INFO - [0m15:00:15  1 of 4 OK created sql view model dbo.stg_customers ............................. [[32mOK[0m in 0.37s]
[2025-11-06T15:00:15.267+0000] {subprocess.py:93} INFO - [0m15:00:15  2 of 4 OK created sql view model dbo.stg_example ............................... [[32mOK[0m in 0.37s]
[2025-11-06T15:00:15.268+0000] {subprocess.py:93} INFO - [0m15:00:15  3 of 4 OK created sql view model dbo.stg_products .............................. [[32mOK[0m in 0.37s]
[2025-11-06T15:00:15.281+0000] {subprocess.py:93} INFO - [0m15:00:15
[2025-11-06T15:00:15.282+0000] {subprocess.py:93} INFO - [0m15:00:15  Finished running 4 view models in 0 hours 0 minutes and 0.56 seconds (0.56s).
[2025-11-06T15:00:15.339+0000] {subprocess.py:93} INFO - [0m15:00:15
[2025-11-06T15:00:15.340+0000] {subprocess.py:93} INFO - [0m15:00:15  [32mCompleted successfully[0m
[2025-11-06T15:00:15.341+0000] {subprocess.py:93} INFO - [0m15:00:15
[2025-11-06T15:00:15.342+0000] {subprocess.py:93} INFO - [0m15:00:15  Done. PASS=4 WARN=0 ERROR=0 SKIP=0 TOTAL=4
[2025-11-06T15:00:17.968+0000] {subprocess.py:97} INFO - Command exited with return code 0
[2025-11-06T15:00:17.997+0000] {taskinstance.py:1398} INFO - Marking task as SUCCESS. dag_id=dbt_transform, task_id=dbt_run, execution_date=20251106T145508, start_date=20251106T150010, end_date=20251106T150017
[2025-11-06T15:00:18.037+0000] {local_task_job_runner.py:228} INFO - Task exited with return code 0
[2025-11-06T15:00:18.052+0000] {taskinstance.py:2776} INFO - 1 downstream tasks scheduled from follow-on schedule check
