[2025-05-12T13:29:18.761+0000] {processor.py:157} INFO - Started process (PID=169) to work on /opt/airflow/dags/dbt_dag.py
[2025-05-12T13:29:18.763+0000] {processor.py:829} INFO - Processing file /opt/airflow/dags/dbt_dag.py for tasks to queue
[2025-05-12T13:29:18.768+0000] {logging_mixin.py:151} INFO - [2025-05-12T13:29:18.768+0000] {dagbag.py:539} INFO - Filling up the DagBag from /opt/airflow/dags/dbt_dag.py
[2025-05-12T13:29:18.801+0000] {processor.py:839} INFO - DAG(s) dict_keys(['dbt_transform']) retrieved from /opt/airflow/dags/dbt_dag.py
[2025-05-12T13:29:18.834+0000] {logging_mixin.py:151} INFO - [2025-05-12T13:29:18.834+0000] {dag.py:2915} INFO - Sync 1 DAGs
[2025-05-12T13:29:18.866+0000] {logging_mixin.py:151} INFO - [2025-05-12T13:29:18.866+0000] {dag.py:3696} INFO - Setting next_dagrun for dbt_transform to 2025-05-12T13:29:16.575071+00:00, run_after=2025-05-13T13:29:16.575071+00:00
[2025-05-12T13:29:18.895+0000] {processor.py:179} INFO - Processing /opt/airflow/dags/dbt_dag.py took 0.140 seconds
[2025-05-12T13:29:49.836+0000] {processor.py:157} INFO - Started process (PID=177) to work on /opt/airflow/dags/dbt_dag.py
[2025-05-12T13:29:49.838+0000] {processor.py:829} INFO - Processing file /opt/airflow/dags/dbt_dag.py for tasks to queue
[2025-05-12T13:29:49.841+0000] {logging_mixin.py:151} INFO - [2025-05-12T13:29:49.841+0000] {dagbag.py:539} INFO - Filling up the DagBag from /opt/airflow/dags/dbt_dag.py
[2025-05-12T13:29:49.866+0000] {processor.py:839} INFO - DAG(s) dict_keys(['dbt_transform']) retrieved from /opt/airflow/dags/dbt_dag.py
[2025-05-12T13:29:49.882+0000] {logging_mixin.py:151} INFO - [2025-05-12T13:29:49.881+0000] {dag.py:2915} INFO - Sync 1 DAGs
[2025-05-12T13:29:49.914+0000] {logging_mixin.py:151} INFO - [2025-05-12T13:29:49.914+0000] {dag.py:3696} INFO - Setting next_dagrun for dbt_transform to 2025-05-12T13:29:16.575071+00:00, run_after=2025-05-13T13:29:16.575071+00:00
[2025-05-12T13:29:49.940+0000] {processor.py:179} INFO - Processing /opt/airflow/dags/dbt_dag.py took 0.109 seconds
[2025-05-12T13:30:20.057+0000] {processor.py:157} INFO - Started process (PID=182) to work on /opt/airflow/dags/dbt_dag.py
[2025-05-12T13:30:20.058+0000] {processor.py:829} INFO - Processing file /opt/airflow/dags/dbt_dag.py for tasks to queue
[2025-05-12T13:30:20.061+0000] {logging_mixin.py:151} INFO - [2025-05-12T13:30:20.061+0000] {dagbag.py:539} INFO - Filling up the DagBag from /opt/airflow/dags/dbt_dag.py
[2025-05-12T13:30:20.093+0000] {processor.py:839} INFO - DAG(s) dict_keys(['dbt_transform']) retrieved from /opt/airflow/dags/dbt_dag.py
[2025-05-12T13:30:20.130+0000] {logging_mixin.py:151} INFO - [2025-05-12T13:30:20.129+0000] {dag.py:2915} INFO - Sync 1 DAGs
[2025-05-12T13:30:20.163+0000] {logging_mixin.py:151} INFO - [2025-05-12T13:30:20.162+0000] {dag.py:3696} INFO - Setting next_dagrun for dbt_transform to 2025-05-12T13:29:16.575071+00:00, run_after=2025-05-13T13:29:16.575071+00:00
[2025-05-12T13:30:20.197+0000] {processor.py:179} INFO - Processing /opt/airflow/dags/dbt_dag.py took 0.148 seconds
[2025-05-12T13:30:50.327+0000] {processor.py:157} INFO - Started process (PID=187) to work on /opt/airflow/dags/dbt_dag.py
[2025-05-12T13:30:50.329+0000] {processor.py:829} INFO - Processing file /opt/airflow/dags/dbt_dag.py for tasks to queue
[2025-05-12T13:30:50.332+0000] {logging_mixin.py:151} INFO - [2025-05-12T13:30:50.332+0000] {dagbag.py:539} INFO - Filling up the DagBag from /opt/airflow/dags/dbt_dag.py
[2025-05-12T13:30:50.354+0000] {processor.py:839} INFO - DAG(s) dict_keys(['dbt_transform']) retrieved from /opt/airflow/dags/dbt_dag.py
[2025-05-12T13:30:50.389+0000] {logging_mixin.py:151} INFO - [2025-05-12T13:30:50.388+0000] {dag.py:2915} INFO - Sync 1 DAGs
[2025-05-12T13:30:50.424+0000] {logging_mixin.py:151} INFO - [2025-05-12T13:30:50.424+0000] {dag.py:3696} INFO - Setting next_dagrun for dbt_transform to 2025-05-12T13:29:16.575071+00:00, run_after=2025-05-13T13:29:16.575071+00:00
[2025-05-12T13:30:50.449+0000] {processor.py:179} INFO - Processing /opt/airflow/dags/dbt_dag.py took 0.128 seconds
[2025-05-12T13:31:23.424+0000] {processor.py:157} INFO - Started process (PID=192) to work on /opt/airflow/dags/dbt_dag.py
[2025-05-12T13:31:23.426+0000] {processor.py:829} INFO - Processing file /opt/airflow/dags/dbt_dag.py for tasks to queue
[2025-05-12T13:31:23.431+0000] {logging_mixin.py:151} INFO - [2025-05-12T13:31:23.431+0000] {dagbag.py:539} INFO - Filling up the DagBag from /opt/airflow/dags/dbt_dag.py
[2025-05-12T13:31:23.462+0000] {processor.py:839} INFO - DAG(s) dict_keys(['dbt_transform']) retrieved from /opt/airflow/dags/dbt_dag.py
[2025-05-12T13:31:23.499+0000] {logging_mixin.py:151} INFO - [2025-05-12T13:31:23.498+0000] {dag.py:2915} INFO - Sync 1 DAGs
[2025-05-12T13:31:23.529+0000] {logging_mixin.py:151} INFO - [2025-05-12T13:31:23.528+0000] {dag.py:3696} INFO - Setting next_dagrun for dbt_transform to 2025-05-12T13:29:16.575071+00:00, run_after=2025-05-13T13:29:16.575071+00:00
[2025-05-12T13:31:23.565+0000] {processor.py:179} INFO - Processing /opt/airflow/dags/dbt_dag.py took 0.145 seconds
[2025-05-12T13:31:56.600+0000] {processor.py:157} INFO - Started process (PID=197) to work on /opt/airflow/dags/dbt_dag.py
[2025-05-12T13:31:56.601+0000] {processor.py:829} INFO - Processing file /opt/airflow/dags/dbt_dag.py for tasks to queue
[2025-05-12T13:31:56.603+0000] {logging_mixin.py:151} INFO - [2025-05-12T13:31:56.603+0000] {dagbag.py:539} INFO - Filling up the DagBag from /opt/airflow/dags/dbt_dag.py
[2025-05-12T13:31:56.627+0000] {processor.py:839} INFO - DAG(s) dict_keys(['dbt_transform']) retrieved from /opt/airflow/dags/dbt_dag.py
[2025-05-12T13:31:56.656+0000] {logging_mixin.py:151} INFO - [2025-05-12T13:31:56.656+0000] {dag.py:2915} INFO - Sync 1 DAGs
[2025-05-12T13:31:56.681+0000] {logging_mixin.py:151} INFO - [2025-05-12T13:31:56.681+0000] {dag.py:3696} INFO - Setting next_dagrun for dbt_transform to 2025-05-12T13:29:16.575071+00:00, run_after=2025-05-13T13:29:16.575071+00:00
[2025-05-12T13:31:56.725+0000] {processor.py:179} INFO - Processing /opt/airflow/dags/dbt_dag.py took 0.130 seconds
[2025-05-12T13:32:28.937+0000] {processor.py:157} INFO - Started process (PID=202) to work on /opt/airflow/dags/dbt_dag.py
[2025-05-12T13:32:28.939+0000] {processor.py:829} INFO - Processing file /opt/airflow/dags/dbt_dag.py for tasks to queue
[2025-05-12T13:32:28.941+0000] {logging_mixin.py:151} INFO - [2025-05-12T13:32:28.941+0000] {dagbag.py:539} INFO - Filling up the DagBag from /opt/airflow/dags/dbt_dag.py
[2025-05-12T13:32:28.962+0000] {processor.py:839} INFO - DAG(s) dict_keys(['dbt_transform']) retrieved from /opt/airflow/dags/dbt_dag.py
[2025-05-12T13:32:29.005+0000] {logging_mixin.py:151} INFO - [2025-05-12T13:32:29.005+0000] {dag.py:2915} INFO - Sync 1 DAGs
[2025-05-12T13:32:29.030+0000] {logging_mixin.py:151} INFO - [2025-05-12T13:32:29.029+0000] {dag.py:3696} INFO - Setting next_dagrun for dbt_transform to 2025-05-12T13:29:16.575071+00:00, run_after=2025-05-13T13:29:16.575071+00:00
[2025-05-12T13:32:29.054+0000] {processor.py:179} INFO - Processing /opt/airflow/dags/dbt_dag.py took 0.122 seconds
[2025-05-12T13:33:02.252+0000] {processor.py:157} INFO - Started process (PID=207) to work on /opt/airflow/dags/dbt_dag.py
[2025-05-12T13:33:02.254+0000] {processor.py:829} INFO - Processing file /opt/airflow/dags/dbt_dag.py for tasks to queue
[2025-05-12T13:33:02.260+0000] {logging_mixin.py:151} INFO - [2025-05-12T13:33:02.259+0000] {dagbag.py:539} INFO - Filling up the DagBag from /opt/airflow/dags/dbt_dag.py
[2025-05-12T13:33:02.287+0000] {processor.py:839} INFO - DAG(s) dict_keys(['dbt_transform']) retrieved from /opt/airflow/dags/dbt_dag.py
[2025-05-12T13:33:02.328+0000] {logging_mixin.py:151} INFO - [2025-05-12T13:33:02.327+0000] {dag.py:2915} INFO - Sync 1 DAGs
[2025-05-12T13:33:02.356+0000] {logging_mixin.py:151} INFO - [2025-05-12T13:33:02.356+0000] {dag.py:3696} INFO - Setting next_dagrun for dbt_transform to 2025-05-12T13:29:16.575071+00:00, run_after=2025-05-13T13:29:16.575071+00:00
[2025-05-12T13:33:02.379+0000] {processor.py:179} INFO - Processing /opt/airflow/dags/dbt_dag.py took 0.132 seconds
[2025-05-12T13:33:35.608+0000] {processor.py:157} INFO - Started process (PID=212) to work on /opt/airflow/dags/dbt_dag.py
[2025-05-12T13:33:35.609+0000] {processor.py:829} INFO - Processing file /opt/airflow/dags/dbt_dag.py for tasks to queue
[2025-05-12T13:33:35.612+0000] {logging_mixin.py:151} INFO - [2025-05-12T13:33:35.611+0000] {dagbag.py:539} INFO - Filling up the DagBag from /opt/airflow/dags/dbt_dag.py
[2025-05-12T13:33:35.633+0000] {processor.py:839} INFO - DAG(s) dict_keys(['dbt_transform']) retrieved from /opt/airflow/dags/dbt_dag.py
[2025-05-12T13:33:35.664+0000] {logging_mixin.py:151} INFO - [2025-05-12T13:33:35.664+0000] {dag.py:2915} INFO - Sync 1 DAGs
[2025-05-12T13:33:35.687+0000] {logging_mixin.py:151} INFO - [2025-05-12T13:33:35.687+0000] {dag.py:3696} INFO - Setting next_dagrun for dbt_transform to 2025-05-12T13:29:16.575071+00:00, run_after=2025-05-13T13:29:16.575071+00:00
[2025-05-12T13:33:35.708+0000] {processor.py:179} INFO - Processing /opt/airflow/dags/dbt_dag.py took 0.105 seconds
[2025-05-12T13:34:06.611+0000] {processor.py:157} INFO - Started process (PID=217) to work on /opt/airflow/dags/dbt_dag.py
[2025-05-12T13:34:06.612+0000] {processor.py:829} INFO - Processing file /opt/airflow/dags/dbt_dag.py for tasks to queue
[2025-05-12T13:34:06.614+0000] {logging_mixin.py:151} INFO - [2025-05-12T13:34:06.614+0000] {dagbag.py:539} INFO - Filling up the DagBag from /opt/airflow/dags/dbt_dag.py
[2025-05-12T13:34:06.638+0000] {processor.py:839} INFO - DAG(s) dict_keys(['dbt_transform']) retrieved from /opt/airflow/dags/dbt_dag.py
[2025-05-12T13:34:06.670+0000] {logging_mixin.py:151} INFO - [2025-05-12T13:34:06.669+0000] {dag.py:2915} INFO - Sync 1 DAGs
[2025-05-12T13:34:06.691+0000] {logging_mixin.py:151} INFO - [2025-05-12T13:34:06.691+0000] {dag.py:3696} INFO - Setting next_dagrun for dbt_transform to 2025-05-12T13:29:16.575071+00:00, run_after=2025-05-13T13:29:16.575071+00:00
[2025-05-12T13:34:06.712+0000] {processor.py:179} INFO - Processing /opt/airflow/dags/dbt_dag.py took 0.104 seconds
[2025-05-12T13:34:37.357+0000] {processor.py:157} INFO - Started process (PID=222) to work on /opt/airflow/dags/dbt_dag.py
[2025-05-12T13:34:37.359+0000] {processor.py:829} INFO - Processing file /opt/airflow/dags/dbt_dag.py for tasks to queue
[2025-05-12T13:34:37.363+0000] {logging_mixin.py:151} INFO - [2025-05-12T13:34:37.362+0000] {dagbag.py:539} INFO - Filling up the DagBag from /opt/airflow/dags/dbt_dag.py
[2025-05-12T13:34:37.387+0000] {processor.py:839} INFO - DAG(s) dict_keys(['dbt_transform']) retrieved from /opt/airflow/dags/dbt_dag.py
[2025-05-12T13:34:37.414+0000] {logging_mixin.py:151} INFO - [2025-05-12T13:34:37.413+0000] {dag.py:2915} INFO - Sync 1 DAGs
[2025-05-12T13:34:37.436+0000] {logging_mixin.py:151} INFO - [2025-05-12T13:34:37.436+0000] {dag.py:3696} INFO - Setting next_dagrun for dbt_transform to 2025-05-12T13:29:16.575071+00:00, run_after=2025-05-13T13:29:16.575071+00:00
[2025-05-12T13:34:37.455+0000] {processor.py:179} INFO - Processing /opt/airflow/dags/dbt_dag.py took 0.102 seconds
[2025-05-12T13:35:07.907+0000] {processor.py:157} INFO - Started process (PID=227) to work on /opt/airflow/dags/dbt_dag.py
[2025-05-12T13:35:07.909+0000] {processor.py:829} INFO - Processing file /opt/airflow/dags/dbt_dag.py for tasks to queue
[2025-05-12T13:35:07.910+0000] {logging_mixin.py:151} INFO - [2025-05-12T13:35:07.910+0000] {dagbag.py:539} INFO - Filling up the DagBag from /opt/airflow/dags/dbt_dag.py
[2025-05-12T13:35:07.929+0000] {processor.py:839} INFO - DAG(s) dict_keys(['dbt_transform']) retrieved from /opt/airflow/dags/dbt_dag.py
[2025-05-12T13:35:07.955+0000] {logging_mixin.py:151} INFO - [2025-05-12T13:35:07.955+0000] {dag.py:2915} INFO - Sync 1 DAGs
[2025-05-12T13:35:07.976+0000] {logging_mixin.py:151} INFO - [2025-05-12T13:35:07.976+0000] {dag.py:3696} INFO - Setting next_dagrun for dbt_transform to 2025-05-12T13:29:16.575071+00:00, run_after=2025-05-13T13:29:16.575071+00:00
[2025-05-12T13:35:07.997+0000] {processor.py:179} INFO - Processing /opt/airflow/dags/dbt_dag.py took 0.093 seconds
[2025-05-12T13:35:38.410+0000] {processor.py:157} INFO - Started process (PID=232) to work on /opt/airflow/dags/dbt_dag.py
[2025-05-12T13:35:38.412+0000] {processor.py:829} INFO - Processing file /opt/airflow/dags/dbt_dag.py for tasks to queue
[2025-05-12T13:35:38.416+0000] {logging_mixin.py:151} INFO - [2025-05-12T13:35:38.415+0000] {dagbag.py:539} INFO - Filling up the DagBag from /opt/airflow/dags/dbt_dag.py
[2025-05-12T13:35:38.450+0000] {processor.py:839} INFO - DAG(s) dict_keys(['dbt_transform']) retrieved from /opt/airflow/dags/dbt_dag.py
[2025-05-12T13:35:38.495+0000] {logging_mixin.py:151} INFO - [2025-05-12T13:35:38.492+0000] {dag.py:2915} INFO - Sync 1 DAGs
[2025-05-12T13:35:38.529+0000] {logging_mixin.py:151} INFO - [2025-05-12T13:35:38.529+0000] {dag.py:3696} INFO - Setting next_dagrun for dbt_transform to 2025-05-12T13:29:16.575071+00:00, run_after=2025-05-13T13:29:16.575071+00:00
[2025-05-12T13:35:38.557+0000] {processor.py:179} INFO - Processing /opt/airflow/dags/dbt_dag.py took 0.150 seconds
[2025-05-12T13:36:08.676+0000] {processor.py:157} INFO - Started process (PID=237) to work on /opt/airflow/dags/dbt_dag.py
[2025-05-12T13:36:08.679+0000] {processor.py:829} INFO - Processing file /opt/airflow/dags/dbt_dag.py for tasks to queue
[2025-05-12T13:36:08.682+0000] {logging_mixin.py:151} INFO - [2025-05-12T13:36:08.682+0000] {dagbag.py:539} INFO - Filling up the DagBag from /opt/airflow/dags/dbt_dag.py
[2025-05-12T13:36:08.710+0000] {processor.py:839} INFO - DAG(s) dict_keys(['dbt_transform']) retrieved from /opt/airflow/dags/dbt_dag.py
[2025-05-12T13:36:08.749+0000] {logging_mixin.py:151} INFO - [2025-05-12T13:36:08.748+0000] {dag.py:2915} INFO - Sync 1 DAGs
[2025-05-12T13:36:08.781+0000] {logging_mixin.py:151} INFO - [2025-05-12T13:36:08.780+0000] {dag.py:3696} INFO - Setting next_dagrun for dbt_transform to 2025-05-12T13:29:16.575071+00:00, run_after=2025-05-13T13:29:16.575071+00:00
[2025-05-12T13:36:08.809+0000] {processor.py:179} INFO - Processing /opt/airflow/dags/dbt_dag.py took 0.137 seconds
[2025-05-12T13:36:39.165+0000] {processor.py:157} INFO - Started process (PID=242) to work on /opt/airflow/dags/dbt_dag.py
[2025-05-12T13:36:39.166+0000] {processor.py:829} INFO - Processing file /opt/airflow/dags/dbt_dag.py for tasks to queue
[2025-05-12T13:36:39.169+0000] {logging_mixin.py:151} INFO - [2025-05-12T13:36:39.168+0000] {dagbag.py:539} INFO - Filling up the DagBag from /opt/airflow/dags/dbt_dag.py
[2025-05-12T13:36:39.189+0000] {processor.py:839} INFO - DAG(s) dict_keys(['dbt_transform']) retrieved from /opt/airflow/dags/dbt_dag.py
[2025-05-12T13:36:39.224+0000] {logging_mixin.py:151} INFO - [2025-05-12T13:36:39.223+0000] {dag.py:2915} INFO - Sync 1 DAGs
[2025-05-12T13:36:39.247+0000] {logging_mixin.py:151} INFO - [2025-05-12T13:36:39.247+0000] {dag.py:3696} INFO - Setting next_dagrun for dbt_transform to 2025-05-12T13:29:16.575071+00:00, run_after=2025-05-13T13:29:16.575071+00:00
[2025-05-12T13:36:39.266+0000] {processor.py:179} INFO - Processing /opt/airflow/dags/dbt_dag.py took 0.105 seconds
[2025-05-12T13:37:09.412+0000] {processor.py:157} INFO - Started process (PID=247) to work on /opt/airflow/dags/dbt_dag.py
[2025-05-12T13:37:09.413+0000] {processor.py:829} INFO - Processing file /opt/airflow/dags/dbt_dag.py for tasks to queue
[2025-05-12T13:37:09.416+0000] {logging_mixin.py:151} INFO - [2025-05-12T13:37:09.415+0000] {dagbag.py:539} INFO - Filling up the DagBag from /opt/airflow/dags/dbt_dag.py
[2025-05-12T13:37:09.434+0000] {processor.py:839} INFO - DAG(s) dict_keys(['dbt_transform']) retrieved from /opt/airflow/dags/dbt_dag.py
[2025-05-12T13:37:09.463+0000] {logging_mixin.py:151} INFO - [2025-05-12T13:37:09.463+0000] {dag.py:2915} INFO - Sync 1 DAGs
[2025-05-12T13:37:09.486+0000] {logging_mixin.py:151} INFO - [2025-05-12T13:37:09.486+0000] {dag.py:3696} INFO - Setting next_dagrun for dbt_transform to 2025-05-12T13:29:16.575071+00:00, run_after=2025-05-13T13:29:16.575071+00:00
[2025-05-12T13:37:09.508+0000] {processor.py:179} INFO - Processing /opt/airflow/dags/dbt_dag.py took 0.100 seconds
[2025-05-12T13:37:39.915+0000] {processor.py:157} INFO - Started process (PID=252) to work on /opt/airflow/dags/dbt_dag.py
[2025-05-12T13:37:39.917+0000] {processor.py:829} INFO - Processing file /opt/airflow/dags/dbt_dag.py for tasks to queue
[2025-05-12T13:37:39.923+0000] {logging_mixin.py:151} INFO - [2025-05-12T13:37:39.922+0000] {dagbag.py:539} INFO - Filling up the DagBag from /opt/airflow/dags/dbt_dag.py
[2025-05-12T13:37:39.967+0000] {processor.py:839} INFO - DAG(s) dict_keys(['dbt_transform']) retrieved from /opt/airflow/dags/dbt_dag.py
[2025-05-12T13:37:40.032+0000] {logging_mixin.py:151} INFO - [2025-05-12T13:37:40.031+0000] {dag.py:2915} INFO - Sync 1 DAGs
[2025-05-12T13:37:40.096+0000] {logging_mixin.py:151} INFO - [2025-05-12T13:37:40.096+0000] {dag.py:3696} INFO - Setting next_dagrun for dbt_transform to 2025-05-12T13:29:16.575071+00:00, run_after=2025-05-13T13:29:16.575071+00:00
[2025-05-12T13:37:40.227+0000] {processor.py:179} INFO - Processing /opt/airflow/dags/dbt_dag.py took 0.317 seconds
[2025-05-12T13:38:10.542+0000] {processor.py:157} INFO - Started process (PID=257) to work on /opt/airflow/dags/dbt_dag.py
[2025-05-12T13:38:10.546+0000] {processor.py:829} INFO - Processing file /opt/airflow/dags/dbt_dag.py for tasks to queue
[2025-05-12T13:38:10.552+0000] {logging_mixin.py:151} INFO - [2025-05-12T13:38:10.551+0000] {dagbag.py:539} INFO - Filling up the DagBag from /opt/airflow/dags/dbt_dag.py
[2025-05-12T13:38:10.586+0000] {processor.py:839} INFO - DAG(s) dict_keys(['dbt_transform']) retrieved from /opt/airflow/dags/dbt_dag.py
[2025-05-12T13:38:10.649+0000] {logging_mixin.py:151} INFO - [2025-05-12T13:38:10.648+0000] {dag.py:2915} INFO - Sync 1 DAGs
[2025-05-12T13:38:10.698+0000] {logging_mixin.py:151} INFO - [2025-05-12T13:38:10.697+0000] {dag.py:3696} INFO - Setting next_dagrun for dbt_transform to 2025-05-12T13:29:16.575071+00:00, run_after=2025-05-13T13:29:16.575071+00:00
[2025-05-12T13:38:10.754+0000] {processor.py:179} INFO - Processing /opt/airflow/dags/dbt_dag.py took 0.226 seconds
[2025-05-12T13:38:40.948+0000] {processor.py:157} INFO - Started process (PID=262) to work on /opt/airflow/dags/dbt_dag.py
[2025-05-12T13:38:40.949+0000] {processor.py:829} INFO - Processing file /opt/airflow/dags/dbt_dag.py for tasks to queue
[2025-05-12T13:38:40.952+0000] {logging_mixin.py:151} INFO - [2025-05-12T13:38:40.951+0000] {dagbag.py:539} INFO - Filling up the DagBag from /opt/airflow/dags/dbt_dag.py
[2025-05-12T13:38:40.977+0000] {processor.py:839} INFO - DAG(s) dict_keys(['dbt_transform']) retrieved from /opt/airflow/dags/dbt_dag.py
[2025-05-12T13:38:41.013+0000] {logging_mixin.py:151} INFO - [2025-05-12T13:38:41.011+0000] {dag.py:2915} INFO - Sync 1 DAGs
[2025-05-12T13:38:41.043+0000] {logging_mixin.py:151} INFO - [2025-05-12T13:38:41.042+0000] {dag.py:3696} INFO - Setting next_dagrun for dbt_transform to 2025-05-12T13:29:16.575071+00:00, run_after=2025-05-13T13:29:16.575071+00:00
[2025-05-12T13:38:41.072+0000] {processor.py:179} INFO - Processing /opt/airflow/dags/dbt_dag.py took 0.128 seconds
[2025-05-12T13:39:11.189+0000] {processor.py:157} INFO - Started process (PID=267) to work on /opt/airflow/dags/dbt_dag.py
[2025-05-12T13:39:11.190+0000] {processor.py:829} INFO - Processing file /opt/airflow/dags/dbt_dag.py for tasks to queue
[2025-05-12T13:39:11.192+0000] {logging_mixin.py:151} INFO - [2025-05-12T13:39:11.191+0000] {dagbag.py:539} INFO - Filling up the DagBag from /opt/airflow/dags/dbt_dag.py
[2025-05-12T13:39:11.212+0000] {processor.py:839} INFO - DAG(s) dict_keys(['dbt_transform']) retrieved from /opt/airflow/dags/dbt_dag.py
[2025-05-12T13:39:11.242+0000] {logging_mixin.py:151} INFO - [2025-05-12T13:39:11.241+0000] {dag.py:2915} INFO - Sync 1 DAGs
[2025-05-12T13:39:11.276+0000] {logging_mixin.py:151} INFO - [2025-05-12T13:39:11.276+0000] {dag.py:3696} INFO - Setting next_dagrun for dbt_transform to 2025-05-12T13:29:16.575071+00:00, run_after=2025-05-13T13:29:16.575071+00:00
[2025-05-12T13:39:11.299+0000] {processor.py:179} INFO - Processing /opt/airflow/dags/dbt_dag.py took 0.115 seconds
[2025-05-12T13:39:41.670+0000] {processor.py:157} INFO - Started process (PID=272) to work on /opt/airflow/dags/dbt_dag.py
[2025-05-12T13:39:41.673+0000] {processor.py:829} INFO - Processing file /opt/airflow/dags/dbt_dag.py for tasks to queue
[2025-05-12T13:39:41.676+0000] {logging_mixin.py:151} INFO - [2025-05-12T13:39:41.676+0000] {dagbag.py:539} INFO - Filling up the DagBag from /opt/airflow/dags/dbt_dag.py
[2025-05-12T13:39:41.716+0000] {processor.py:839} INFO - DAG(s) dict_keys(['dbt_transform']) retrieved from /opt/airflow/dags/dbt_dag.py
[2025-05-12T13:39:41.779+0000] {logging_mixin.py:151} INFO - [2025-05-12T13:39:41.777+0000] {dag.py:2915} INFO - Sync 1 DAGs
[2025-05-12T13:39:41.851+0000] {logging_mixin.py:151} INFO - [2025-05-12T13:39:41.851+0000] {dag.py:3696} INFO - Setting next_dagrun for dbt_transform to 2025-05-12T13:29:16.575071+00:00, run_after=2025-05-13T13:29:16.575071+00:00
[2025-05-12T13:39:41.898+0000] {processor.py:179} INFO - Processing /opt/airflow/dags/dbt_dag.py took 0.240 seconds
[2025-05-12T13:40:13.095+0000] {processor.py:157} INFO - Started process (PID=277) to work on /opt/airflow/dags/dbt_dag.py
[2025-05-12T13:40:13.096+0000] {processor.py:829} INFO - Processing file /opt/airflow/dags/dbt_dag.py for tasks to queue
[2025-05-12T13:40:13.098+0000] {logging_mixin.py:151} INFO - [2025-05-12T13:40:13.098+0000] {dagbag.py:539} INFO - Filling up the DagBag from /opt/airflow/dags/dbt_dag.py
[2025-05-12T13:40:13.117+0000] {processor.py:839} INFO - DAG(s) dict_keys(['dbt_transform']) retrieved from /opt/airflow/dags/dbt_dag.py
[2025-05-12T13:40:13.146+0000] {logging_mixin.py:151} INFO - [2025-05-12T13:40:13.145+0000] {dag.py:2915} INFO - Sync 1 DAGs
[2025-05-12T13:40:13.173+0000] {logging_mixin.py:151} INFO - [2025-05-12T13:40:13.172+0000] {dag.py:3696} INFO - Setting next_dagrun for dbt_transform to 2025-05-12T13:29:16.575071+00:00, run_after=2025-05-13T13:29:16.575071+00:00
[2025-05-12T13:40:13.195+0000] {processor.py:179} INFO - Processing /opt/airflow/dags/dbt_dag.py took 0.104 seconds
[2025-05-12T13:40:43.539+0000] {processor.py:157} INFO - Started process (PID=282) to work on /opt/airflow/dags/dbt_dag.py
[2025-05-12T13:40:43.541+0000] {processor.py:829} INFO - Processing file /opt/airflow/dags/dbt_dag.py for tasks to queue
[2025-05-12T13:40:43.545+0000] {logging_mixin.py:151} INFO - [2025-05-12T13:40:43.544+0000] {dagbag.py:539} INFO - Filling up the DagBag from /opt/airflow/dags/dbt_dag.py
[2025-05-12T13:40:43.575+0000] {processor.py:839} INFO - DAG(s) dict_keys(['dbt_transform']) retrieved from /opt/airflow/dags/dbt_dag.py
[2025-05-12T13:40:43.618+0000] {logging_mixin.py:151} INFO - [2025-05-12T13:40:43.617+0000] {dag.py:2915} INFO - Sync 1 DAGs
[2025-05-12T13:40:43.657+0000] {logging_mixin.py:151} INFO - [2025-05-12T13:40:43.657+0000] {dag.py:3696} INFO - Setting next_dagrun for dbt_transform to 2025-05-12T13:29:16.575071+00:00, run_after=2025-05-13T13:29:16.575071+00:00
[2025-05-12T13:40:43.697+0000] {processor.py:179} INFO - Processing /opt/airflow/dags/dbt_dag.py took 0.165 seconds
[2025-05-12T13:41:14.202+0000] {processor.py:157} INFO - Started process (PID=287) to work on /opt/airflow/dags/dbt_dag.py
[2025-05-12T13:41:14.206+0000] {processor.py:829} INFO - Processing file /opt/airflow/dags/dbt_dag.py for tasks to queue
[2025-05-12T13:41:14.211+0000] {logging_mixin.py:151} INFO - [2025-05-12T13:41:14.210+0000] {dagbag.py:539} INFO - Filling up the DagBag from /opt/airflow/dags/dbt_dag.py
[2025-05-12T13:41:14.239+0000] {processor.py:839} INFO - DAG(s) dict_keys(['dbt_transform']) retrieved from /opt/airflow/dags/dbt_dag.py
[2025-05-12T13:41:14.284+0000] {logging_mixin.py:151} INFO - [2025-05-12T13:41:14.283+0000] {dag.py:2915} INFO - Sync 1 DAGs
[2025-05-12T13:41:14.330+0000] {logging_mixin.py:151} INFO - [2025-05-12T13:41:14.330+0000] {dag.py:3696} INFO - Setting next_dagrun for dbt_transform to 2025-05-12T13:29:16.575071+00:00, run_after=2025-05-13T13:29:16.575071+00:00
[2025-05-12T13:41:14.376+0000] {processor.py:179} INFO - Processing /opt/airflow/dags/dbt_dag.py took 0.179 seconds
[2025-05-12T13:41:45.063+0000] {processor.py:157} INFO - Started process (PID=292) to work on /opt/airflow/dags/dbt_dag.py
[2025-05-12T13:41:45.064+0000] {processor.py:829} INFO - Processing file /opt/airflow/dags/dbt_dag.py for tasks to queue
[2025-05-12T13:41:45.067+0000] {logging_mixin.py:151} INFO - [2025-05-12T13:41:45.067+0000] {dagbag.py:539} INFO - Filling up the DagBag from /opt/airflow/dags/dbt_dag.py
[2025-05-12T13:41:45.105+0000] {processor.py:839} INFO - DAG(s) dict_keys(['dbt_transform']) retrieved from /opt/airflow/dags/dbt_dag.py
[2025-05-12T13:41:45.161+0000] {logging_mixin.py:151} INFO - [2025-05-12T13:41:45.160+0000] {dag.py:2915} INFO - Sync 1 DAGs
[2025-05-12T13:41:45.203+0000] {logging_mixin.py:151} INFO - [2025-05-12T13:41:45.203+0000] {dag.py:3696} INFO - Setting next_dagrun for dbt_transform to 2025-05-12T13:29:16.575071+00:00, run_after=2025-05-13T13:29:16.575071+00:00
[2025-05-12T13:41:45.243+0000] {processor.py:179} INFO - Processing /opt/airflow/dags/dbt_dag.py took 0.185 seconds
[2025-05-12T13:42:15.642+0000] {processor.py:157} INFO - Started process (PID=297) to work on /opt/airflow/dags/dbt_dag.py
[2025-05-12T13:42:15.643+0000] {processor.py:829} INFO - Processing file /opt/airflow/dags/dbt_dag.py for tasks to queue
[2025-05-12T13:42:15.647+0000] {logging_mixin.py:151} INFO - [2025-05-12T13:42:15.647+0000] {dagbag.py:539} INFO - Filling up the DagBag from /opt/airflow/dags/dbt_dag.py
[2025-05-12T13:42:15.667+0000] {processor.py:839} INFO - DAG(s) dict_keys(['dbt_transform']) retrieved from /opt/airflow/dags/dbt_dag.py
[2025-05-12T13:42:15.715+0000] {logging_mixin.py:151} INFO - [2025-05-12T13:42:15.714+0000] {dag.py:2915} INFO - Sync 1 DAGs
[2025-05-12T13:42:15.749+0000] {logging_mixin.py:151} INFO - [2025-05-12T13:42:15.748+0000] {dag.py:3696} INFO - Setting next_dagrun for dbt_transform to 2025-05-12T13:29:16.575071+00:00, run_after=2025-05-13T13:29:16.575071+00:00
[2025-05-12T13:42:15.783+0000] {processor.py:179} INFO - Processing /opt/airflow/dags/dbt_dag.py took 0.145 seconds
[2025-05-12T13:42:45.983+0000] {processor.py:157} INFO - Started process (PID=302) to work on /opt/airflow/dags/dbt_dag.py
[2025-05-12T13:42:45.985+0000] {processor.py:829} INFO - Processing file /opt/airflow/dags/dbt_dag.py for tasks to queue
[2025-05-12T13:42:45.987+0000] {logging_mixin.py:151} INFO - [2025-05-12T13:42:45.986+0000] {dagbag.py:539} INFO - Filling up the DagBag from /opt/airflow/dags/dbt_dag.py
[2025-05-12T13:42:46.005+0000] {processor.py:839} INFO - DAG(s) dict_keys(['dbt_transform']) retrieved from /opt/airflow/dags/dbt_dag.py
[2025-05-12T13:42:46.035+0000] {logging_mixin.py:151} INFO - [2025-05-12T13:42:46.034+0000] {dag.py:2915} INFO - Sync 1 DAGs
[2025-05-12T13:42:46.062+0000] {logging_mixin.py:151} INFO - [2025-05-12T13:42:46.062+0000] {dag.py:3696} INFO - Setting next_dagrun for dbt_transform to 2025-05-12T13:29:16.575071+00:00, run_after=2025-05-13T13:29:16.575071+00:00
[2025-05-12T13:42:46.085+0000] {processor.py:179} INFO - Processing /opt/airflow/dags/dbt_dag.py took 0.105 seconds
[2025-05-12T13:43:16.346+0000] {processor.py:157} INFO - Started process (PID=307) to work on /opt/airflow/dags/dbt_dag.py
[2025-05-12T13:43:16.350+0000] {processor.py:829} INFO - Processing file /opt/airflow/dags/dbt_dag.py for tasks to queue
[2025-05-12T13:43:16.361+0000] {logging_mixin.py:151} INFO - [2025-05-12T13:43:16.356+0000] {dagbag.py:539} INFO - Filling up the DagBag from /opt/airflow/dags/dbt_dag.py
[2025-05-12T13:43:16.448+0000] {processor.py:839} INFO - DAG(s) dict_keys(['dbt_transform']) retrieved from /opt/airflow/dags/dbt_dag.py
[2025-05-12T13:43:16.549+0000] {logging_mixin.py:151} INFO - [2025-05-12T13:43:16.548+0000] {dag.py:2915} INFO - Sync 1 DAGs
[2025-05-12T13:43:16.625+0000] {logging_mixin.py:151} INFO - [2025-05-12T13:43:16.624+0000] {dag.py:3696} INFO - Setting next_dagrun for dbt_transform to 2025-05-12T13:29:16.575071+00:00, run_after=2025-05-13T13:29:16.575071+00:00
[2025-05-12T13:43:16.717+0000] {processor.py:179} INFO - Processing /opt/airflow/dags/dbt_dag.py took 0.388 seconds
[2025-05-12T13:43:47.089+0000] {processor.py:157} INFO - Started process (PID=312) to work on /opt/airflow/dags/dbt_dag.py
[2025-05-12T13:43:47.091+0000] {processor.py:829} INFO - Processing file /opt/airflow/dags/dbt_dag.py for tasks to queue
[2025-05-12T13:43:47.093+0000] {logging_mixin.py:151} INFO - [2025-05-12T13:43:47.093+0000] {dagbag.py:539} INFO - Filling up the DagBag from /opt/airflow/dags/dbt_dag.py
[2025-05-12T13:43:47.117+0000] {processor.py:839} INFO - DAG(s) dict_keys(['dbt_transform']) retrieved from /opt/airflow/dags/dbt_dag.py
[2025-05-12T13:43:47.149+0000] {logging_mixin.py:151} INFO - [2025-05-12T13:43:47.148+0000] {dag.py:2915} INFO - Sync 1 DAGs
[2025-05-12T13:43:47.179+0000] {logging_mixin.py:151} INFO - [2025-05-12T13:43:47.179+0000] {dag.py:3696} INFO - Setting next_dagrun for dbt_transform to 2025-05-12T13:29:16.575071+00:00, run_after=2025-05-13T13:29:16.575071+00:00
[2025-05-12T13:43:47.207+0000] {processor.py:179} INFO - Processing /opt/airflow/dags/dbt_dag.py took 0.122 seconds
[2025-05-12T13:44:17.563+0000] {processor.py:157} INFO - Started process (PID=317) to work on /opt/airflow/dags/dbt_dag.py
[2025-05-12T13:44:17.566+0000] {processor.py:829} INFO - Processing file /opt/airflow/dags/dbt_dag.py for tasks to queue
[2025-05-12T13:44:17.570+0000] {logging_mixin.py:151} INFO - [2025-05-12T13:44:17.570+0000] {dagbag.py:539} INFO - Filling up the DagBag from /opt/airflow/dags/dbt_dag.py
[2025-05-12T13:44:17.612+0000] {processor.py:839} INFO - DAG(s) dict_keys(['dbt_transform']) retrieved from /opt/airflow/dags/dbt_dag.py
[2025-05-12T13:44:17.664+0000] {logging_mixin.py:151} INFO - [2025-05-12T13:44:17.664+0000] {dag.py:2915} INFO - Sync 1 DAGs
[2025-05-12T13:44:17.693+0000] {logging_mixin.py:151} INFO - [2025-05-12T13:44:17.693+0000] {dag.py:3696} INFO - Setting next_dagrun for dbt_transform to 2025-05-12T13:29:16.575071+00:00, run_after=2025-05-13T13:29:16.575071+00:00
[2025-05-12T13:44:17.724+0000] {processor.py:179} INFO - Processing /opt/airflow/dags/dbt_dag.py took 0.167 seconds
[2025-05-12T13:44:48.033+0000] {processor.py:157} INFO - Started process (PID=322) to work on /opt/airflow/dags/dbt_dag.py
[2025-05-12T13:44:48.036+0000] {processor.py:829} INFO - Processing file /opt/airflow/dags/dbt_dag.py for tasks to queue
[2025-05-12T13:44:48.039+0000] {logging_mixin.py:151} INFO - [2025-05-12T13:44:48.039+0000] {dagbag.py:539} INFO - Filling up the DagBag from /opt/airflow/dags/dbt_dag.py
[2025-05-12T13:44:48.064+0000] {processor.py:839} INFO - DAG(s) dict_keys(['dbt_transform']) retrieved from /opt/airflow/dags/dbt_dag.py
[2025-05-12T13:44:48.096+0000] {logging_mixin.py:151} INFO - [2025-05-12T13:44:48.094+0000] {dag.py:2915} INFO - Sync 1 DAGs
[2025-05-12T13:44:48.123+0000] {logging_mixin.py:151} INFO - [2025-05-12T13:44:48.122+0000] {dag.py:3696} INFO - Setting next_dagrun for dbt_transform to 2025-05-12T13:29:16.575071+00:00, run_after=2025-05-13T13:29:16.575071+00:00
[2025-05-12T13:44:48.147+0000] {processor.py:179} INFO - Processing /opt/airflow/dags/dbt_dag.py took 0.118 seconds
[2025-05-12T13:45:18.492+0000] {processor.py:157} INFO - Started process (PID=327) to work on /opt/airflow/dags/dbt_dag.py
[2025-05-12T13:45:18.498+0000] {processor.py:829} INFO - Processing file /opt/airflow/dags/dbt_dag.py for tasks to queue
[2025-05-12T13:45:18.504+0000] {logging_mixin.py:151} INFO - [2025-05-12T13:45:18.503+0000] {dagbag.py:539} INFO - Filling up the DagBag from /opt/airflow/dags/dbt_dag.py
[2025-05-12T13:45:18.550+0000] {processor.py:839} INFO - DAG(s) dict_keys(['dbt_transform']) retrieved from /opt/airflow/dags/dbt_dag.py
[2025-05-12T13:45:18.600+0000] {logging_mixin.py:151} INFO - [2025-05-12T13:45:18.599+0000] {dag.py:2915} INFO - Sync 1 DAGs
[2025-05-12T13:45:18.635+0000] {logging_mixin.py:151} INFO - [2025-05-12T13:45:18.635+0000] {dag.py:3696} INFO - Setting next_dagrun for dbt_transform to 2025-05-12T13:29:16.575071+00:00, run_after=2025-05-13T13:29:16.575071+00:00
[2025-05-12T13:45:18.675+0000] {processor.py:179} INFO - Processing /opt/airflow/dags/dbt_dag.py took 0.193 seconds
[2025-05-12T13:45:48.975+0000] {processor.py:157} INFO - Started process (PID=332) to work on /opt/airflow/dags/dbt_dag.py
[2025-05-12T13:45:48.976+0000] {processor.py:829} INFO - Processing file /opt/airflow/dags/dbt_dag.py for tasks to queue
[2025-05-12T13:45:48.981+0000] {logging_mixin.py:151} INFO - [2025-05-12T13:45:48.981+0000] {dagbag.py:539} INFO - Filling up the DagBag from /opt/airflow/dags/dbt_dag.py
[2025-05-12T13:45:49.021+0000] {processor.py:839} INFO - DAG(s) dict_keys(['dbt_transform']) retrieved from /opt/airflow/dags/dbt_dag.py
[2025-05-12T13:45:49.090+0000] {logging_mixin.py:151} INFO - [2025-05-12T13:45:49.088+0000] {dag.py:2915} INFO - Sync 1 DAGs
[2025-05-12T13:45:49.140+0000] {logging_mixin.py:151} INFO - [2025-05-12T13:45:49.139+0000] {dag.py:3696} INFO - Setting next_dagrun for dbt_transform to 2025-05-12T13:29:16.575071+00:00, run_after=2025-05-13T13:29:16.575071+00:00
[2025-05-12T13:45:49.185+0000] {processor.py:179} INFO - Processing /opt/airflow/dags/dbt_dag.py took 0.214 seconds
[2025-05-12T13:46:19.612+0000] {processor.py:157} INFO - Started process (PID=337) to work on /opt/airflow/dags/dbt_dag.py
[2025-05-12T13:46:19.614+0000] {processor.py:829} INFO - Processing file /opt/airflow/dags/dbt_dag.py for tasks to queue
[2025-05-12T13:46:19.622+0000] {logging_mixin.py:151} INFO - [2025-05-12T13:46:19.621+0000] {dagbag.py:539} INFO - Filling up the DagBag from /opt/airflow/dags/dbt_dag.py
[2025-05-12T13:46:19.661+0000] {processor.py:839} INFO - DAG(s) dict_keys(['dbt_transform']) retrieved from /opt/airflow/dags/dbt_dag.py
[2025-05-12T13:46:19.698+0000] {logging_mixin.py:151} INFO - [2025-05-12T13:46:19.697+0000] {dag.py:2915} INFO - Sync 1 DAGs
[2025-05-12T13:46:19.725+0000] {logging_mixin.py:151} INFO - [2025-05-12T13:46:19.725+0000] {dag.py:3696} INFO - Setting next_dagrun for dbt_transform to 2025-05-12T13:29:16.575071+00:00, run_after=2025-05-13T13:29:16.575071+00:00
[2025-05-12T13:46:19.747+0000] {processor.py:179} INFO - Processing /opt/airflow/dags/dbt_dag.py took 0.141 seconds
[2025-05-12T13:46:51.066+0000] {processor.py:157} INFO - Started process (PID=342) to work on /opt/airflow/dags/dbt_dag.py
[2025-05-12T13:46:51.069+0000] {processor.py:829} INFO - Processing file /opt/airflow/dags/dbt_dag.py for tasks to queue
[2025-05-12T13:46:51.072+0000] {logging_mixin.py:151} INFO - [2025-05-12T13:46:51.072+0000] {dagbag.py:539} INFO - Filling up the DagBag from /opt/airflow/dags/dbt_dag.py
[2025-05-12T13:46:51.098+0000] {processor.py:839} INFO - DAG(s) dict_keys(['dbt_transform']) retrieved from /opt/airflow/dags/dbt_dag.py
[2025-05-12T13:46:51.142+0000] {logging_mixin.py:151} INFO - [2025-05-12T13:46:51.141+0000] {dag.py:2915} INFO - Sync 1 DAGs
[2025-05-12T13:46:51.175+0000] {logging_mixin.py:151} INFO - [2025-05-12T13:46:51.174+0000] {dag.py:3696} INFO - Setting next_dagrun for dbt_transform to 2025-05-12T13:29:16.575071+00:00, run_after=2025-05-13T13:29:16.575071+00:00
[2025-05-12T13:46:51.201+0000] {processor.py:179} INFO - Processing /opt/airflow/dags/dbt_dag.py took 0.146 seconds
[2025-05-12T13:47:24.434+0000] {processor.py:157} INFO - Started process (PID=347) to work on /opt/airflow/dags/dbt_dag.py
[2025-05-12T13:47:24.437+0000] {processor.py:829} INFO - Processing file /opt/airflow/dags/dbt_dag.py for tasks to queue
[2025-05-12T13:47:24.443+0000] {logging_mixin.py:151} INFO - [2025-05-12T13:47:24.441+0000] {dagbag.py:539} INFO - Filling up the DagBag from /opt/airflow/dags/dbt_dag.py
[2025-05-12T13:47:24.478+0000] {processor.py:839} INFO - DAG(s) dict_keys(['dbt_transform']) retrieved from /opt/airflow/dags/dbt_dag.py
[2025-05-12T13:47:24.553+0000] {logging_mixin.py:151} INFO - [2025-05-12T13:47:24.549+0000] {dag.py:2915} INFO - Sync 1 DAGs
[2025-05-12T13:47:24.597+0000] {logging_mixin.py:151} INFO - [2025-05-12T13:47:24.597+0000] {dag.py:3696} INFO - Setting next_dagrun for dbt_transform to 2025-05-12T13:29:16.575071+00:00, run_after=2025-05-13T13:29:16.575071+00:00
[2025-05-12T13:47:24.642+0000] {processor.py:179} INFO - Processing /opt/airflow/dags/dbt_dag.py took 0.215 seconds
[2025-05-12T13:47:55.059+0000] {processor.py:157} INFO - Started process (PID=352) to work on /opt/airflow/dags/dbt_dag.py
[2025-05-12T13:47:55.060+0000] {processor.py:829} INFO - Processing file /opt/airflow/dags/dbt_dag.py for tasks to queue
[2025-05-12T13:47:55.063+0000] {logging_mixin.py:151} INFO - [2025-05-12T13:47:55.063+0000] {dagbag.py:539} INFO - Filling up the DagBag from /opt/airflow/dags/dbt_dag.py
[2025-05-12T13:47:55.091+0000] {processor.py:839} INFO - DAG(s) dict_keys(['dbt_transform']) retrieved from /opt/airflow/dags/dbt_dag.py
[2025-05-12T13:47:57.271+0000] {logging_mixin.py:151} INFO - [2025-05-12T13:47:57.270+0000] {dag.py:2915} INFO - Sync 1 DAGs
[2025-05-12T13:47:57.297+0000] {logging_mixin.py:151} INFO - [2025-05-12T13:47:57.297+0000] {dag.py:3696} INFO - Setting next_dagrun for dbt_transform to 2025-05-12T13:29:16.575071+00:00, run_after=2025-05-13T13:29:16.575071+00:00
[2025-05-12T13:47:57.331+0000] {processor.py:179} INFO - Processing /opt/airflow/dags/dbt_dag.py took 0.140 seconds
[2025-05-12T13:48:30.751+0000] {processor.py:157} INFO - Started process (PID=357) to work on /opt/airflow/dags/dbt_dag.py
[2025-05-12T13:48:30.752+0000] {processor.py:829} INFO - Processing file /opt/airflow/dags/dbt_dag.py for tasks to queue
[2025-05-12T13:48:30.754+0000] {logging_mixin.py:151} INFO - [2025-05-12T13:48:30.754+0000] {dagbag.py:539} INFO - Filling up the DagBag from /opt/airflow/dags/dbt_dag.py
[2025-05-12T13:48:30.775+0000] {processor.py:839} INFO - DAG(s) dict_keys(['dbt_transform']) retrieved from /opt/airflow/dags/dbt_dag.py
[2025-05-12T13:48:30.808+0000] {logging_mixin.py:151} INFO - [2025-05-12T13:48:30.807+0000] {dag.py:2915} INFO - Sync 1 DAGs
[2025-05-12T13:48:30.835+0000] {logging_mixin.py:151} INFO - [2025-05-12T13:48:30.834+0000] {dag.py:3696} INFO - Setting next_dagrun for dbt_transform to 2025-05-12T13:29:16.575071+00:00, run_after=2025-05-13T13:29:16.575071+00:00
[2025-05-12T13:48:30.864+0000] {processor.py:179} INFO - Processing /opt/airflow/dags/dbt_dag.py took 0.117 seconds
[2025-05-12T13:49:04.287+0000] {processor.py:157} INFO - Started process (PID=362) to work on /opt/airflow/dags/dbt_dag.py
[2025-05-12T13:49:04.288+0000] {processor.py:829} INFO - Processing file /opt/airflow/dags/dbt_dag.py for tasks to queue
[2025-05-12T13:49:04.289+0000] {logging_mixin.py:151} INFO - [2025-05-12T13:49:04.289+0000] {dagbag.py:539} INFO - Filling up the DagBag from /opt/airflow/dags/dbt_dag.py
[2025-05-12T13:49:04.317+0000] {processor.py:839} INFO - DAG(s) dict_keys(['dbt_transform']) retrieved from /opt/airflow/dags/dbt_dag.py
[2025-05-12T13:49:04.352+0000] {logging_mixin.py:151} INFO - [2025-05-12T13:49:04.351+0000] {dag.py:2915} INFO - Sync 1 DAGs
[2025-05-12T13:49:04.391+0000] {logging_mixin.py:151} INFO - [2025-05-12T13:49:04.390+0000] {dag.py:3696} INFO - Setting next_dagrun for dbt_transform to 2025-05-12T13:29:16.575071+00:00, run_after=2025-05-13T13:29:16.575071+00:00
[2025-05-12T13:49:04.419+0000] {processor.py:179} INFO - Processing /opt/airflow/dags/dbt_dag.py took 0.136 seconds
[2025-05-12T13:49:34.769+0000] {processor.py:157} INFO - Started process (PID=367) to work on /opt/airflow/dags/dbt_dag.py
[2025-05-12T13:49:34.770+0000] {processor.py:829} INFO - Processing file /opt/airflow/dags/dbt_dag.py for tasks to queue
[2025-05-12T13:49:34.774+0000] {logging_mixin.py:151} INFO - [2025-05-12T13:49:34.773+0000] {dagbag.py:539} INFO - Filling up the DagBag from /opt/airflow/dags/dbt_dag.py
[2025-05-12T13:49:34.796+0000] {processor.py:839} INFO - DAG(s) dict_keys(['dbt_transform']) retrieved from /opt/airflow/dags/dbt_dag.py
[2025-05-12T13:49:34.831+0000] {logging_mixin.py:151} INFO - [2025-05-12T13:49:34.830+0000] {dag.py:2915} INFO - Sync 1 DAGs
[2025-05-12T13:49:34.863+0000] {logging_mixin.py:151} INFO - [2025-05-12T13:49:34.862+0000] {dag.py:3696} INFO - Setting next_dagrun for dbt_transform to 2025-05-12T13:29:16.575071+00:00, run_after=2025-05-13T13:29:16.575071+00:00
[2025-05-12T13:49:34.889+0000] {processor.py:179} INFO - Processing /opt/airflow/dags/dbt_dag.py took 0.125 seconds
[2025-05-12T13:50:05.091+0000] {processor.py:157} INFO - Started process (PID=372) to work on /opt/airflow/dags/dbt_dag.py
[2025-05-12T13:50:05.092+0000] {processor.py:829} INFO - Processing file /opt/airflow/dags/dbt_dag.py for tasks to queue
[2025-05-12T13:50:05.095+0000] {logging_mixin.py:151} INFO - [2025-05-12T13:50:05.095+0000] {dagbag.py:539} INFO - Filling up the DagBag from /opt/airflow/dags/dbt_dag.py
[2025-05-12T13:50:05.121+0000] {processor.py:839} INFO - DAG(s) dict_keys(['dbt_transform']) retrieved from /opt/airflow/dags/dbt_dag.py
[2025-05-12T13:50:05.160+0000] {logging_mixin.py:151} INFO - [2025-05-12T13:50:05.160+0000] {dag.py:2915} INFO - Sync 1 DAGs
[2025-05-12T13:50:05.195+0000] {logging_mixin.py:151} INFO - [2025-05-12T13:50:05.195+0000] {dag.py:3696} INFO - Setting next_dagrun for dbt_transform to 2025-05-12T13:29:16.575071+00:00, run_after=2025-05-13T13:29:16.575071+00:00
[2025-05-12T13:50:05.241+0000] {processor.py:179} INFO - Processing /opt/airflow/dags/dbt_dag.py took 0.154 seconds
[2025-05-12T13:50:35.602+0000] {processor.py:157} INFO - Started process (PID=377) to work on /opt/airflow/dags/dbt_dag.py
[2025-05-12T13:50:35.603+0000] {processor.py:829} INFO - Processing file /opt/airflow/dags/dbt_dag.py for tasks to queue
[2025-05-12T13:50:35.606+0000] {logging_mixin.py:151} INFO - [2025-05-12T13:50:35.606+0000] {dagbag.py:539} INFO - Filling up the DagBag from /opt/airflow/dags/dbt_dag.py
[2025-05-12T13:50:35.628+0000] {processor.py:839} INFO - DAG(s) dict_keys(['dbt_transform']) retrieved from /opt/airflow/dags/dbt_dag.py
[2025-05-12T13:50:35.662+0000] {logging_mixin.py:151} INFO - [2025-05-12T13:50:35.662+0000] {dag.py:2915} INFO - Sync 1 DAGs
[2025-05-12T13:50:35.695+0000] {logging_mixin.py:151} INFO - [2025-05-12T13:50:35.695+0000] {dag.py:3696} INFO - Setting next_dagrun for dbt_transform to 2025-05-12T13:29:16.575071+00:00, run_after=2025-05-13T13:29:16.575071+00:00
[2025-05-12T13:50:35.726+0000] {processor.py:179} INFO - Processing /opt/airflow/dags/dbt_dag.py took 0.128 seconds
[2025-05-12T13:51:06.146+0000] {processor.py:157} INFO - Started process (PID=382) to work on /opt/airflow/dags/dbt_dag.py
[2025-05-12T13:51:06.149+0000] {processor.py:829} INFO - Processing file /opt/airflow/dags/dbt_dag.py for tasks to queue
[2025-05-12T13:51:06.153+0000] {logging_mixin.py:151} INFO - [2025-05-12T13:51:06.153+0000] {dagbag.py:539} INFO - Filling up the DagBag from /opt/airflow/dags/dbt_dag.py
[2025-05-12T13:51:06.191+0000] {processor.py:839} INFO - DAG(s) dict_keys(['dbt_transform']) retrieved from /opt/airflow/dags/dbt_dag.py
[2025-05-12T13:51:06.261+0000] {logging_mixin.py:151} INFO - [2025-05-12T13:51:06.259+0000] {dag.py:2915} INFO - Sync 1 DAGs
[2025-05-12T13:51:06.311+0000] {logging_mixin.py:151} INFO - [2025-05-12T13:51:06.311+0000] {dag.py:3696} INFO - Setting next_dagrun for dbt_transform to 2025-05-12T13:29:16.575071+00:00, run_after=2025-05-13T13:29:16.575071+00:00
[2025-05-12T13:51:06.351+0000] {processor.py:179} INFO - Processing /opt/airflow/dags/dbt_dag.py took 0.212 seconds
[2025-05-12T13:51:36.686+0000] {processor.py:157} INFO - Started process (PID=387) to work on /opt/airflow/dags/dbt_dag.py
[2025-05-12T13:51:36.687+0000] {processor.py:829} INFO - Processing file /opt/airflow/dags/dbt_dag.py for tasks to queue
[2025-05-12T13:51:36.692+0000] {logging_mixin.py:151} INFO - [2025-05-12T13:51:36.691+0000] {dagbag.py:539} INFO - Filling up the DagBag from /opt/airflow/dags/dbt_dag.py
[2025-05-12T13:51:36.736+0000] {processor.py:839} INFO - DAG(s) dict_keys(['dbt_transform']) retrieved from /opt/airflow/dags/dbt_dag.py
[2025-05-12T13:51:36.797+0000] {logging_mixin.py:151} INFO - [2025-05-12T13:51:36.795+0000] {dag.py:2915} INFO - Sync 1 DAGs
[2025-05-12T13:51:36.837+0000] {logging_mixin.py:151} INFO - [2025-05-12T13:51:36.836+0000] {dag.py:3696} INFO - Setting next_dagrun for dbt_transform to 2025-05-12T13:29:16.575071+00:00, run_after=2025-05-13T13:29:16.575071+00:00
[2025-05-12T13:51:36.879+0000] {processor.py:179} INFO - Processing /opt/airflow/dags/dbt_dag.py took 0.198 seconds
[2025-05-12T13:52:07.216+0000] {processor.py:157} INFO - Started process (PID=392) to work on /opt/airflow/dags/dbt_dag.py
[2025-05-12T13:52:07.218+0000] {processor.py:829} INFO - Processing file /opt/airflow/dags/dbt_dag.py for tasks to queue
[2025-05-12T13:52:07.222+0000] {logging_mixin.py:151} INFO - [2025-05-12T13:52:07.221+0000] {dagbag.py:539} INFO - Filling up the DagBag from /opt/airflow/dags/dbt_dag.py
[2025-05-12T13:52:07.265+0000] {processor.py:839} INFO - DAG(s) dict_keys(['dbt_transform']) retrieved from /opt/airflow/dags/dbt_dag.py
[2025-05-12T13:52:07.316+0000] {logging_mixin.py:151} INFO - [2025-05-12T13:52:07.316+0000] {dag.py:2915} INFO - Sync 1 DAGs
[2025-05-12T13:52:07.359+0000] {logging_mixin.py:151} INFO - [2025-05-12T13:52:07.359+0000] {dag.py:3696} INFO - Setting next_dagrun for dbt_transform to 2025-05-12T13:29:16.575071+00:00, run_after=2025-05-13T13:29:16.575071+00:00
[2025-05-12T13:52:07.399+0000] {processor.py:179} INFO - Processing /opt/airflow/dags/dbt_dag.py took 0.191 seconds
[2025-05-12T13:52:37.850+0000] {processor.py:157} INFO - Started process (PID=397) to work on /opt/airflow/dags/dbt_dag.py
[2025-05-12T13:52:37.854+0000] {processor.py:829} INFO - Processing file /opt/airflow/dags/dbt_dag.py for tasks to queue
[2025-05-12T13:52:37.858+0000] {logging_mixin.py:151} INFO - [2025-05-12T13:52:37.858+0000] {dagbag.py:539} INFO - Filling up the DagBag from /opt/airflow/dags/dbt_dag.py
[2025-05-12T13:52:37.891+0000] {processor.py:839} INFO - DAG(s) dict_keys(['dbt_transform']) retrieved from /opt/airflow/dags/dbt_dag.py
[2025-05-12T13:52:37.955+0000] {logging_mixin.py:151} INFO - [2025-05-12T13:52:37.953+0000] {dag.py:2915} INFO - Sync 1 DAGs
[2025-05-12T13:52:38.003+0000] {logging_mixin.py:151} INFO - [2025-05-12T13:52:38.002+0000] {dag.py:3696} INFO - Setting next_dagrun for dbt_transform to 2025-05-12T13:29:16.575071+00:00, run_after=2025-05-13T13:29:16.575071+00:00
[2025-05-12T13:52:38.038+0000] {processor.py:179} INFO - Processing /opt/airflow/dags/dbt_dag.py took 0.203 seconds
[2025-05-12T13:53:08.517+0000] {processor.py:157} INFO - Started process (PID=402) to work on /opt/airflow/dags/dbt_dag.py
[2025-05-12T13:53:08.520+0000] {processor.py:829} INFO - Processing file /opt/airflow/dags/dbt_dag.py for tasks to queue
[2025-05-12T13:53:08.524+0000] {logging_mixin.py:151} INFO - [2025-05-12T13:53:08.523+0000] {dagbag.py:539} INFO - Filling up the DagBag from /opt/airflow/dags/dbt_dag.py
[2025-05-12T13:53:08.575+0000] {processor.py:839} INFO - DAG(s) dict_keys(['dbt_transform']) retrieved from /opt/airflow/dags/dbt_dag.py
[2025-05-12T13:53:08.632+0000] {logging_mixin.py:151} INFO - [2025-05-12T13:53:08.631+0000] {dag.py:2915} INFO - Sync 1 DAGs
[2025-05-12T13:53:08.693+0000] {logging_mixin.py:151} INFO - [2025-05-12T13:53:08.693+0000] {dag.py:3696} INFO - Setting next_dagrun for dbt_transform to 2025-05-12T13:29:16.575071+00:00, run_after=2025-05-13T13:29:16.575071+00:00
[2025-05-12T13:53:08.738+0000] {processor.py:179} INFO - Processing /opt/airflow/dags/dbt_dag.py took 0.232 seconds
[2025-05-12T13:53:39.186+0000] {processor.py:157} INFO - Started process (PID=407) to work on /opt/airflow/dags/dbt_dag.py
[2025-05-12T13:53:39.189+0000] {processor.py:829} INFO - Processing file /opt/airflow/dags/dbt_dag.py for tasks to queue
[2025-05-12T13:53:39.195+0000] {logging_mixin.py:151} INFO - [2025-05-12T13:53:39.194+0000] {dagbag.py:539} INFO - Filling up the DagBag from /opt/airflow/dags/dbt_dag.py
[2025-05-12T13:53:39.223+0000] {processor.py:839} INFO - DAG(s) dict_keys(['dbt_transform']) retrieved from /opt/airflow/dags/dbt_dag.py
[2025-05-12T13:53:39.268+0000] {logging_mixin.py:151} INFO - [2025-05-12T13:53:39.267+0000] {dag.py:2915} INFO - Sync 1 DAGs
[2025-05-12T13:53:39.301+0000] {logging_mixin.py:151} INFO - [2025-05-12T13:53:39.300+0000] {dag.py:3696} INFO - Setting next_dagrun for dbt_transform to 2025-05-12T13:29:16.575071+00:00, run_after=2025-05-13T13:29:16.575071+00:00
[2025-05-12T13:53:39.326+0000] {processor.py:179} INFO - Processing /opt/airflow/dags/dbt_dag.py took 0.146 seconds
[2025-05-12T13:54:09.837+0000] {processor.py:157} INFO - Started process (PID=412) to work on /opt/airflow/dags/dbt_dag.py
[2025-05-12T13:54:09.841+0000] {processor.py:829} INFO - Processing file /opt/airflow/dags/dbt_dag.py for tasks to queue
[2025-05-12T13:54:09.848+0000] {logging_mixin.py:151} INFO - [2025-05-12T13:54:09.844+0000] {dagbag.py:539} INFO - Filling up the DagBag from /opt/airflow/dags/dbt_dag.py
[2025-05-12T13:54:09.887+0000] {processor.py:839} INFO - DAG(s) dict_keys(['dbt_transform']) retrieved from /opt/airflow/dags/dbt_dag.py
[2025-05-12T13:54:09.928+0000] {logging_mixin.py:151} INFO - [2025-05-12T13:54:09.927+0000] {dag.py:2915} INFO - Sync 1 DAGs
[2025-05-12T13:54:09.976+0000] {logging_mixin.py:151} INFO - [2025-05-12T13:54:09.976+0000] {dag.py:3696} INFO - Setting next_dagrun for dbt_transform to 2025-05-12T13:29:16.575071+00:00, run_after=2025-05-13T13:29:16.575071+00:00
[2025-05-12T13:54:10.014+0000] {processor.py:179} INFO - Processing /opt/airflow/dags/dbt_dag.py took 0.184 seconds
[2025-05-12T13:54:40.359+0000] {processor.py:157} INFO - Started process (PID=417) to work on /opt/airflow/dags/dbt_dag.py
[2025-05-12T13:54:40.361+0000] {processor.py:829} INFO - Processing file /opt/airflow/dags/dbt_dag.py for tasks to queue
[2025-05-12T13:54:40.364+0000] {logging_mixin.py:151} INFO - [2025-05-12T13:54:40.364+0000] {dagbag.py:539} INFO - Filling up the DagBag from /opt/airflow/dags/dbt_dag.py
[2025-05-12T13:54:40.411+0000] {processor.py:839} INFO - DAG(s) dict_keys(['dbt_transform']) retrieved from /opt/airflow/dags/dbt_dag.py
[2025-05-12T13:54:40.478+0000] {logging_mixin.py:151} INFO - [2025-05-12T13:54:40.478+0000] {dag.py:2915} INFO - Sync 1 DAGs
[2025-05-12T13:54:40.535+0000] {logging_mixin.py:151} INFO - [2025-05-12T13:54:40.534+0000] {dag.py:3696} INFO - Setting next_dagrun for dbt_transform to 2025-05-12T13:29:16.575071+00:00, run_after=2025-05-13T13:29:16.575071+00:00
[2025-05-12T13:54:40.577+0000] {processor.py:179} INFO - Processing /opt/airflow/dags/dbt_dag.py took 0.223 seconds
[2025-05-12T13:55:10.929+0000] {processor.py:157} INFO - Started process (PID=422) to work on /opt/airflow/dags/dbt_dag.py
[2025-05-12T13:55:10.931+0000] {processor.py:829} INFO - Processing file /opt/airflow/dags/dbt_dag.py for tasks to queue
[2025-05-12T13:55:10.934+0000] {logging_mixin.py:151} INFO - [2025-05-12T13:55:10.934+0000] {dagbag.py:539} INFO - Filling up the DagBag from /opt/airflow/dags/dbt_dag.py
[2025-05-12T13:55:10.955+0000] {processor.py:839} INFO - DAG(s) dict_keys(['dbt_transform']) retrieved from /opt/airflow/dags/dbt_dag.py
[2025-05-12T13:55:10.984+0000] {logging_mixin.py:151} INFO - [2025-05-12T13:55:10.984+0000] {dag.py:2915} INFO - Sync 1 DAGs
[2025-05-12T13:55:11.016+0000] {logging_mixin.py:151} INFO - [2025-05-12T13:55:11.016+0000] {dag.py:3696} INFO - Setting next_dagrun for dbt_transform to 2025-05-12T13:29:16.575071+00:00, run_after=2025-05-13T13:29:16.575071+00:00
[2025-05-12T13:55:11.053+0000] {processor.py:179} INFO - Processing /opt/airflow/dags/dbt_dag.py took 0.128 seconds
[2025-05-12T13:55:43.503+0000] {processor.py:157} INFO - Started process (PID=427) to work on /opt/airflow/dags/dbt_dag.py
[2025-05-12T13:55:43.505+0000] {processor.py:829} INFO - Processing file /opt/airflow/dags/dbt_dag.py for tasks to queue
[2025-05-12T13:55:43.508+0000] {logging_mixin.py:151} INFO - [2025-05-12T13:55:43.507+0000] {dagbag.py:539} INFO - Filling up the DagBag from /opt/airflow/dags/dbt_dag.py
[2025-05-12T13:55:43.529+0000] {processor.py:839} INFO - DAG(s) dict_keys(['dbt_transform']) retrieved from /opt/airflow/dags/dbt_dag.py
[2025-05-12T13:55:43.564+0000] {logging_mixin.py:151} INFO - [2025-05-12T13:55:43.563+0000] {dag.py:2915} INFO - Sync 1 DAGs
[2025-05-12T13:55:43.590+0000] {logging_mixin.py:151} INFO - [2025-05-12T13:55:43.590+0000] {dag.py:3696} INFO - Setting next_dagrun for dbt_transform to 2025-05-12T13:29:16.575071+00:00, run_after=2025-05-13T13:29:16.575071+00:00
[2025-05-12T13:55:43.621+0000] {processor.py:179} INFO - Processing /opt/airflow/dags/dbt_dag.py took 0.123 seconds
[2025-05-12T13:56:13.862+0000] {processor.py:157} INFO - Started process (PID=432) to work on /opt/airflow/dags/dbt_dag.py
[2025-05-12T13:56:13.864+0000] {processor.py:829} INFO - Processing file /opt/airflow/dags/dbt_dag.py for tasks to queue
[2025-05-12T13:56:13.871+0000] {logging_mixin.py:151} INFO - [2025-05-12T13:56:13.870+0000] {dagbag.py:539} INFO - Filling up the DagBag from /opt/airflow/dags/dbt_dag.py
[2025-05-12T13:56:13.899+0000] {processor.py:839} INFO - DAG(s) dict_keys(['dbt_transform']) retrieved from /opt/airflow/dags/dbt_dag.py
[2025-05-12T13:56:13.941+0000] {logging_mixin.py:151} INFO - [2025-05-12T13:56:13.941+0000] {dag.py:2915} INFO - Sync 1 DAGs
[2025-05-12T13:56:13.987+0000] {logging_mixin.py:151} INFO - [2025-05-12T13:56:13.986+0000] {dag.py:3696} INFO - Setting next_dagrun for dbt_transform to 2025-05-12T13:29:16.575071+00:00, run_after=2025-05-13T13:29:16.575071+00:00
[2025-05-12T13:56:16.173+0000] {processor.py:179} INFO - Processing /opt/airflow/dags/dbt_dag.py took 0.170 seconds
[2025-05-12T13:56:47.354+0000] {processor.py:157} INFO - Started process (PID=437) to work on /opt/airflow/dags/dbt_dag.py
[2025-05-12T13:56:47.355+0000] {processor.py:829} INFO - Processing file /opt/airflow/dags/dbt_dag.py for tasks to queue
[2025-05-12T13:56:47.358+0000] {logging_mixin.py:151} INFO - [2025-05-12T13:56:47.357+0000] {dagbag.py:539} INFO - Filling up the DagBag from /opt/airflow/dags/dbt_dag.py
[2025-05-12T13:56:49.524+0000] {processor.py:839} INFO - DAG(s) dict_keys(['dbt_transform']) retrieved from /opt/airflow/dags/dbt_dag.py
[2025-05-12T13:56:49.557+0000] {logging_mixin.py:151} INFO - [2025-05-12T13:56:49.556+0000] {dag.py:2915} INFO - Sync 1 DAGs
[2025-05-12T13:56:49.583+0000] {logging_mixin.py:151} INFO - [2025-05-12T13:56:49.583+0000] {dag.py:3696} INFO - Setting next_dagrun for dbt_transform to 2025-05-12T13:29:16.575071+00:00, run_after=2025-05-13T13:29:16.575071+00:00
[2025-05-12T13:56:49.625+0000] {processor.py:179} INFO - Processing /opt/airflow/dags/dbt_dag.py took 0.133 seconds
[2025-05-12T13:57:23.020+0000] {processor.py:157} INFO - Started process (PID=442) to work on /opt/airflow/dags/dbt_dag.py
[2025-05-12T13:57:23.021+0000] {processor.py:829} INFO - Processing file /opt/airflow/dags/dbt_dag.py for tasks to queue
[2025-05-12T13:57:23.023+0000] {logging_mixin.py:151} INFO - [2025-05-12T13:57:23.023+0000] {dagbag.py:539} INFO - Filling up the DagBag from /opt/airflow/dags/dbt_dag.py
[2025-05-12T13:57:23.048+0000] {processor.py:839} INFO - DAG(s) dict_keys(['dbt_transform']) retrieved from /opt/airflow/dags/dbt_dag.py
[2025-05-12T13:57:23.083+0000] {logging_mixin.py:151} INFO - [2025-05-12T13:57:23.081+0000] {dag.py:2915} INFO - Sync 1 DAGs
[2025-05-12T13:57:23.111+0000] {logging_mixin.py:151} INFO - [2025-05-12T13:57:23.111+0000] {dag.py:3696} INFO - Setting next_dagrun for dbt_transform to 2025-05-12T13:29:16.575071+00:00, run_after=2025-05-13T13:29:16.575071+00:00
[2025-05-12T13:57:23.140+0000] {processor.py:179} INFO - Processing /opt/airflow/dags/dbt_dag.py took 0.125 seconds
[2025-05-12T13:57:54.453+0000] {processor.py:157} INFO - Started process (PID=447) to work on /opt/airflow/dags/dbt_dag.py
[2025-05-12T13:57:54.454+0000] {processor.py:829} INFO - Processing file /opt/airflow/dags/dbt_dag.py for tasks to queue
[2025-05-12T13:57:54.456+0000] {logging_mixin.py:151} INFO - [2025-05-12T13:57:54.456+0000] {dagbag.py:539} INFO - Filling up the DagBag from /opt/airflow/dags/dbt_dag.py
[2025-05-12T13:57:54.487+0000] {processor.py:839} INFO - DAG(s) dict_keys(['dbt_transform']) retrieved from /opt/airflow/dags/dbt_dag.py
[2025-05-12T13:57:54.521+0000] {logging_mixin.py:151} INFO - [2025-05-12T13:57:54.520+0000] {dag.py:2915} INFO - Sync 1 DAGs
[2025-05-12T13:57:54.553+0000] {logging_mixin.py:151} INFO - [2025-05-12T13:57:54.553+0000] {dag.py:3696} INFO - Setting next_dagrun for dbt_transform to 2025-05-12T13:29:16.575071+00:00, run_after=2025-05-13T13:29:16.575071+00:00
[2025-05-12T13:57:54.589+0000] {processor.py:179} INFO - Processing /opt/airflow/dags/dbt_dag.py took 0.141 seconds
[2025-05-12T13:58:25.433+0000] {processor.py:157} INFO - Started process (PID=452) to work on /opt/airflow/dags/dbt_dag.py
[2025-05-12T13:58:25.435+0000] {processor.py:829} INFO - Processing file /opt/airflow/dags/dbt_dag.py for tasks to queue
[2025-05-12T13:58:25.437+0000] {logging_mixin.py:151} INFO - [2025-05-12T13:58:25.436+0000] {dagbag.py:539} INFO - Filling up the DagBag from /opt/airflow/dags/dbt_dag.py
[2025-05-12T13:58:25.458+0000] {processor.py:839} INFO - DAG(s) dict_keys(['dbt_transform']) retrieved from /opt/airflow/dags/dbt_dag.py
[2025-05-12T13:58:25.496+0000] {logging_mixin.py:151} INFO - [2025-05-12T13:58:25.495+0000] {dag.py:2915} INFO - Sync 1 DAGs
[2025-05-12T13:58:25.521+0000] {logging_mixin.py:151} INFO - [2025-05-12T13:58:25.521+0000] {dag.py:3696} INFO - Setting next_dagrun for dbt_transform to 2025-05-12T13:29:16.575071+00:00, run_after=2025-05-13T13:29:16.575071+00:00
[2025-05-12T13:58:25.549+0000] {processor.py:179} INFO - Processing /opt/airflow/dags/dbt_dag.py took 0.120 seconds
[2025-05-12T13:58:56.242+0000] {processor.py:157} INFO - Started process (PID=457) to work on /opt/airflow/dags/dbt_dag.py
[2025-05-12T13:58:56.243+0000] {processor.py:829} INFO - Processing file /opt/airflow/dags/dbt_dag.py for tasks to queue
[2025-05-12T13:58:56.246+0000] {logging_mixin.py:151} INFO - [2025-05-12T13:58:56.245+0000] {dagbag.py:539} INFO - Filling up the DagBag from /opt/airflow/dags/dbt_dag.py
[2025-05-12T13:58:56.278+0000] {processor.py:839} INFO - DAG(s) dict_keys(['dbt_transform']) retrieved from /opt/airflow/dags/dbt_dag.py
[2025-05-12T13:58:56.328+0000] {logging_mixin.py:151} INFO - [2025-05-12T13:58:56.327+0000] {dag.py:2915} INFO - Sync 1 DAGs
[2025-05-12T13:58:56.360+0000] {logging_mixin.py:151} INFO - [2025-05-12T13:58:56.360+0000] {dag.py:3696} INFO - Setting next_dagrun for dbt_transform to 2025-05-12T13:29:16.575071+00:00, run_after=2025-05-13T13:29:16.575071+00:00
[2025-05-12T13:58:56.385+0000] {processor.py:179} INFO - Processing /opt/airflow/dags/dbt_dag.py took 0.146 seconds
[2025-05-12T13:59:26.786+0000] {processor.py:157} INFO - Started process (PID=462) to work on /opt/airflow/dags/dbt_dag.py
[2025-05-12T13:59:26.787+0000] {processor.py:829} INFO - Processing file /opt/airflow/dags/dbt_dag.py for tasks to queue
[2025-05-12T13:59:26.790+0000] {logging_mixin.py:151} INFO - [2025-05-12T13:59:26.789+0000] {dagbag.py:539} INFO - Filling up the DagBag from /opt/airflow/dags/dbt_dag.py
[2025-05-12T13:59:26.819+0000] {processor.py:839} INFO - DAG(s) dict_keys(['dbt_transform']) retrieved from /opt/airflow/dags/dbt_dag.py
[2025-05-12T13:59:26.853+0000] {logging_mixin.py:151} INFO - [2025-05-12T13:59:26.852+0000] {dag.py:2915} INFO - Sync 1 DAGs
[2025-05-12T13:59:26.884+0000] {logging_mixin.py:151} INFO - [2025-05-12T13:59:26.884+0000] {dag.py:3696} INFO - Setting next_dagrun for dbt_transform to 2025-05-12T13:29:16.575071+00:00, run_after=2025-05-13T13:29:16.575071+00:00
[2025-05-12T13:59:26.906+0000] {processor.py:179} INFO - Processing /opt/airflow/dags/dbt_dag.py took 0.125 seconds
[2025-05-12T13:59:57.365+0000] {processor.py:157} INFO - Started process (PID=467) to work on /opt/airflow/dags/dbt_dag.py
[2025-05-12T13:59:57.366+0000] {processor.py:829} INFO - Processing file /opt/airflow/dags/dbt_dag.py for tasks to queue
[2025-05-12T13:59:57.369+0000] {logging_mixin.py:151} INFO - [2025-05-12T13:59:57.369+0000] {dagbag.py:539} INFO - Filling up the DagBag from /opt/airflow/dags/dbt_dag.py
[2025-05-12T13:59:57.397+0000] {processor.py:839} INFO - DAG(s) dict_keys(['dbt_transform']) retrieved from /opt/airflow/dags/dbt_dag.py
[2025-05-12T13:59:57.443+0000] {logging_mixin.py:151} INFO - [2025-05-12T13:59:57.442+0000] {dag.py:2915} INFO - Sync 1 DAGs
[2025-05-12T13:59:57.471+0000] {logging_mixin.py:151} INFO - [2025-05-12T13:59:57.471+0000] {dag.py:3696} INFO - Setting next_dagrun for dbt_transform to 2025-05-12T13:29:16.575071+00:00, run_after=2025-05-13T13:29:16.575071+00:00
[2025-05-12T13:59:57.495+0000] {processor.py:179} INFO - Processing /opt/airflow/dags/dbt_dag.py took 0.133 seconds
[2025-05-12T14:00:27.871+0000] {processor.py:157} INFO - Started process (PID=472) to work on /opt/airflow/dags/dbt_dag.py
[2025-05-12T14:00:27.876+0000] {processor.py:829} INFO - Processing file /opt/airflow/dags/dbt_dag.py for tasks to queue
[2025-05-12T14:00:27.884+0000] {logging_mixin.py:151} INFO - [2025-05-12T14:00:27.883+0000] {dagbag.py:539} INFO - Filling up the DagBag from /opt/airflow/dags/dbt_dag.py
[2025-05-12T14:00:27.921+0000] {processor.py:839} INFO - DAG(s) dict_keys(['dbt_transform']) retrieved from /opt/airflow/dags/dbt_dag.py
[2025-05-12T14:00:27.979+0000] {logging_mixin.py:151} INFO - [2025-05-12T14:00:27.977+0000] {dag.py:2915} INFO - Sync 1 DAGs
[2025-05-12T14:00:28.011+0000] {logging_mixin.py:151} INFO - [2025-05-12T14:00:28.010+0000] {dag.py:3696} INFO - Setting next_dagrun for dbt_transform to 2025-05-12T13:29:16.575071+00:00, run_after=2025-05-13T13:29:16.575071+00:00
[2025-05-12T14:00:28.065+0000] {processor.py:179} INFO - Processing /opt/airflow/dags/dbt_dag.py took 0.203 seconds
[2025-05-12T14:00:58.313+0000] {processor.py:157} INFO - Started process (PID=477) to work on /opt/airflow/dags/dbt_dag.py
[2025-05-12T14:00:58.314+0000] {processor.py:829} INFO - Processing file /opt/airflow/dags/dbt_dag.py for tasks to queue
[2025-05-12T14:00:58.317+0000] {logging_mixin.py:151} INFO - [2025-05-12T14:00:58.316+0000] {dagbag.py:539} INFO - Filling up the DagBag from /opt/airflow/dags/dbt_dag.py
[2025-05-12T14:00:58.345+0000] {processor.py:839} INFO - DAG(s) dict_keys(['dbt_transform']) retrieved from /opt/airflow/dags/dbt_dag.py
[2025-05-12T14:00:58.387+0000] {logging_mixin.py:151} INFO - [2025-05-12T14:00:58.386+0000] {dag.py:2915} INFO - Sync 1 DAGs
[2025-05-12T14:00:58.412+0000] {logging_mixin.py:151} INFO - [2025-05-12T14:00:58.412+0000] {dag.py:3696} INFO - Setting next_dagrun for dbt_transform to 2025-05-12T13:29:16.575071+00:00, run_after=2025-05-13T13:29:16.575071+00:00
[2025-05-12T14:00:58.448+0000] {processor.py:179} INFO - Processing /opt/airflow/dags/dbt_dag.py took 0.141 seconds
[2025-05-12T14:01:28.887+0000] {processor.py:157} INFO - Started process (PID=482) to work on /opt/airflow/dags/dbt_dag.py
[2025-05-12T14:01:28.890+0000] {processor.py:829} INFO - Processing file /opt/airflow/dags/dbt_dag.py for tasks to queue
[2025-05-12T14:01:28.895+0000] {logging_mixin.py:151} INFO - [2025-05-12T14:01:28.895+0000] {dagbag.py:539} INFO - Filling up the DagBag from /opt/airflow/dags/dbt_dag.py
[2025-05-12T14:01:28.948+0000] {processor.py:839} INFO - DAG(s) dict_keys(['dbt_transform']) retrieved from /opt/airflow/dags/dbt_dag.py
[2025-05-12T14:01:29.023+0000] {logging_mixin.py:151} INFO - [2025-05-12T14:01:29.021+0000] {dag.py:2915} INFO - Sync 1 DAGs
[2025-05-12T14:01:29.091+0000] {logging_mixin.py:151} INFO - [2025-05-12T14:01:29.090+0000] {dag.py:3696} INFO - Setting next_dagrun for dbt_transform to 2025-05-12T13:29:16.575071+00:00, run_after=2025-05-13T13:29:16.575071+00:00
[2025-05-12T14:01:29.167+0000] {processor.py:179} INFO - Processing /opt/airflow/dags/dbt_dag.py took 0.294 seconds
[2025-05-12T14:01:59.399+0000] {processor.py:157} INFO - Started process (PID=487) to work on /opt/airflow/dags/dbt_dag.py
[2025-05-12T14:01:59.400+0000] {processor.py:829} INFO - Processing file /opt/airflow/dags/dbt_dag.py for tasks to queue
[2025-05-12T14:01:59.404+0000] {logging_mixin.py:151} INFO - [2025-05-12T14:01:59.403+0000] {dagbag.py:539} INFO - Filling up the DagBag from /opt/airflow/dags/dbt_dag.py
[2025-05-12T14:01:59.432+0000] {processor.py:839} INFO - DAG(s) dict_keys(['dbt_transform']) retrieved from /opt/airflow/dags/dbt_dag.py
[2025-05-12T14:01:59.470+0000] {logging_mixin.py:151} INFO - [2025-05-12T14:01:59.470+0000] {dag.py:2915} INFO - Sync 1 DAGs
[2025-05-12T14:01:59.502+0000] {logging_mixin.py:151} INFO - [2025-05-12T14:01:59.502+0000] {dag.py:3696} INFO - Setting next_dagrun for dbt_transform to 2025-05-12T13:29:16.575071+00:00, run_after=2025-05-13T13:29:16.575071+00:00
[2025-05-12T14:01:59.534+0000] {processor.py:179} INFO - Processing /opt/airflow/dags/dbt_dag.py took 0.141 seconds
[2025-05-12T14:02:29.932+0000] {processor.py:157} INFO - Started process (PID=494) to work on /opt/airflow/dags/dbt_dag.py
[2025-05-12T14:02:29.934+0000] {processor.py:829} INFO - Processing file /opt/airflow/dags/dbt_dag.py for tasks to queue
[2025-05-12T14:02:29.942+0000] {logging_mixin.py:151} INFO - [2025-05-12T14:02:29.941+0000] {dagbag.py:539} INFO - Filling up the DagBag from /opt/airflow/dags/dbt_dag.py
[2025-05-12T14:02:29.974+0000] {processor.py:839} INFO - DAG(s) dict_keys(['dbt_transform']) retrieved from /opt/airflow/dags/dbt_dag.py
[2025-05-12T14:02:30.021+0000] {logging_mixin.py:151} INFO - [2025-05-12T14:02:30.020+0000] {dag.py:2915} INFO - Sync 1 DAGs
[2025-05-12T14:02:30.056+0000] {logging_mixin.py:151} INFO - [2025-05-12T14:02:30.055+0000] {dag.py:3696} INFO - Setting next_dagrun for dbt_transform to 2025-05-12T13:29:16.575071+00:00, run_after=2025-05-13T13:29:16.575071+00:00
[2025-05-12T14:02:30.091+0000] {processor.py:179} INFO - Processing /opt/airflow/dags/dbt_dag.py took 0.165 seconds
[2025-05-12T14:03:00.485+0000] {processor.py:157} INFO - Started process (PID=501) to work on /opt/airflow/dags/dbt_dag.py
[2025-05-12T14:03:00.487+0000] {processor.py:829} INFO - Processing file /opt/airflow/dags/dbt_dag.py for tasks to queue
[2025-05-12T14:03:00.490+0000] {logging_mixin.py:151} INFO - [2025-05-12T14:03:00.489+0000] {dagbag.py:539} INFO - Filling up the DagBag from /opt/airflow/dags/dbt_dag.py
[2025-05-12T14:03:00.521+0000] {processor.py:839} INFO - DAG(s) dict_keys(['dbt_transform']) retrieved from /opt/airflow/dags/dbt_dag.py
[2025-05-12T14:03:00.570+0000] {logging_mixin.py:151} INFO - [2025-05-12T14:03:00.569+0000] {dag.py:2915} INFO - Sync 1 DAGs
[2025-05-12T14:03:00.606+0000] {logging_mixin.py:151} INFO - [2025-05-12T14:03:00.606+0000] {dag.py:3696} INFO - Setting next_dagrun for dbt_transform to 2025-05-12T13:29:16.575071+00:00, run_after=2025-05-13T13:29:16.575071+00:00
[2025-05-12T14:03:00.636+0000] {processor.py:179} INFO - Processing /opt/airflow/dags/dbt_dag.py took 0.158 seconds
[2025-05-12T14:03:31.004+0000] {processor.py:157} INFO - Started process (PID=506) to work on /opt/airflow/dags/dbt_dag.py
[2025-05-12T14:03:31.006+0000] {processor.py:829} INFO - Processing file /opt/airflow/dags/dbt_dag.py for tasks to queue
[2025-05-12T14:03:31.009+0000] {logging_mixin.py:151} INFO - [2025-05-12T14:03:31.008+0000] {dagbag.py:539} INFO - Filling up the DagBag from /opt/airflow/dags/dbt_dag.py
[2025-05-12T14:03:31.033+0000] {processor.py:839} INFO - DAG(s) dict_keys(['dbt_transform']) retrieved from /opt/airflow/dags/dbt_dag.py
[2025-05-12T14:03:31.067+0000] {logging_mixin.py:151} INFO - [2025-05-12T14:03:31.065+0000] {dag.py:2915} INFO - Sync 1 DAGs
[2025-05-12T14:03:31.096+0000] {logging_mixin.py:151} INFO - [2025-05-12T14:03:31.096+0000] {dag.py:3696} INFO - Setting next_dagrun for dbt_transform to 2025-05-12T13:29:16.575071+00:00, run_after=2025-05-13T13:29:16.575071+00:00
[2025-05-12T14:03:31.132+0000] {processor.py:179} INFO - Processing /opt/airflow/dags/dbt_dag.py took 0.134 seconds
[2025-05-12T14:04:01.487+0000] {processor.py:157} INFO - Started process (PID=511) to work on /opt/airflow/dags/dbt_dag.py
[2025-05-12T14:04:01.489+0000] {processor.py:829} INFO - Processing file /opt/airflow/dags/dbt_dag.py for tasks to queue
[2025-05-12T14:04:01.493+0000] {logging_mixin.py:151} INFO - [2025-05-12T14:04:01.493+0000] {dagbag.py:539} INFO - Filling up the DagBag from /opt/airflow/dags/dbt_dag.py
[2025-05-12T14:04:01.526+0000] {processor.py:839} INFO - DAG(s) dict_keys(['dbt_transform']) retrieved from /opt/airflow/dags/dbt_dag.py
[2025-05-12T14:04:01.606+0000] {logging_mixin.py:151} INFO - [2025-05-12T14:04:01.602+0000] {dag.py:2915} INFO - Sync 1 DAGs
[2025-05-12T14:04:01.643+0000] {logging_mixin.py:151} INFO - [2025-05-12T14:04:01.642+0000] {dag.py:3696} INFO - Setting next_dagrun for dbt_transform to 2025-05-12T13:29:16.575071+00:00, run_after=2025-05-13T13:29:16.575071+00:00
[2025-05-12T14:04:01.665+0000] {processor.py:179} INFO - Processing /opt/airflow/dags/dbt_dag.py took 0.186 seconds
[2025-05-12T14:04:32.421+0000] {processor.py:157} INFO - Started process (PID=516) to work on /opt/airflow/dags/dbt_dag.py
[2025-05-12T14:04:32.422+0000] {processor.py:829} INFO - Processing file /opt/airflow/dags/dbt_dag.py for tasks to queue
[2025-05-12T14:04:32.424+0000] {logging_mixin.py:151} INFO - [2025-05-12T14:04:32.424+0000] {dagbag.py:539} INFO - Filling up the DagBag from /opt/airflow/dags/dbt_dag.py
[2025-05-12T14:04:32.451+0000] {processor.py:839} INFO - DAG(s) dict_keys(['dbt_transform']) retrieved from /opt/airflow/dags/dbt_dag.py
[2025-05-12T14:04:32.481+0000] {logging_mixin.py:151} INFO - [2025-05-12T14:04:32.481+0000] {dag.py:2915} INFO - Sync 1 DAGs
[2025-05-12T14:04:32.511+0000] {logging_mixin.py:151} INFO - [2025-05-12T14:04:32.511+0000] {dag.py:3696} INFO - Setting next_dagrun for dbt_transform to 2025-05-12T13:29:16.575071+00:00, run_after=2025-05-13T13:29:16.575071+00:00
[2025-05-12T14:04:32.544+0000] {processor.py:179} INFO - Processing /opt/airflow/dags/dbt_dag.py took 0.127 seconds
[2025-05-12T14:05:03.169+0000] {processor.py:157} INFO - Started process (PID=521) to work on /opt/airflow/dags/dbt_dag.py
[2025-05-12T14:05:03.170+0000] {processor.py:829} INFO - Processing file /opt/airflow/dags/dbt_dag.py for tasks to queue
[2025-05-12T14:05:03.172+0000] {logging_mixin.py:151} INFO - [2025-05-12T14:05:03.172+0000] {dagbag.py:539} INFO - Filling up the DagBag from /opt/airflow/dags/dbt_dag.py
[2025-05-12T14:05:03.197+0000] {processor.py:839} INFO - DAG(s) dict_keys(['dbt_transform']) retrieved from /opt/airflow/dags/dbt_dag.py
[2025-05-12T14:05:03.228+0000] {logging_mixin.py:151} INFO - [2025-05-12T14:05:03.227+0000] {dag.py:2915} INFO - Sync 1 DAGs
[2025-05-12T14:05:03.251+0000] {logging_mixin.py:151} INFO - [2025-05-12T14:05:03.251+0000] {dag.py:3696} INFO - Setting next_dagrun for dbt_transform to 2025-05-12T13:29:16.575071+00:00, run_after=2025-05-13T13:29:16.575071+00:00
[2025-05-12T14:05:03.277+0000] {processor.py:179} INFO - Processing /opt/airflow/dags/dbt_dag.py took 0.111 seconds
