[2025-04-17T05:49:03.401+0000] {processor.py:157} INFO - Started process (PID=169) to work on /opt/airflow/dags/dbt_dag.py
[2025-04-17T05:49:03.402+0000] {processor.py:829} INFO - Processing file /opt/airflow/dags/dbt_dag.py for tasks to queue
[2025-04-17T05:49:03.404+0000] {logging_mixin.py:151} INFO - [2025-04-17T05:49:03.404+0000] {dagbag.py:539} INFO - Filling up the DagBag from /opt/airflow/dags/dbt_dag.py
[2025-04-17T05:49:03.425+0000] {processor.py:839} INFO - DAG(s) dict_keys(['dbt_transform']) retrieved from /opt/airflow/dags/dbt_dag.py
[2025-04-17T05:49:03.447+0000] {logging_mixin.py:151} INFO - [2025-04-17T05:49:03.446+0000] {dag.py:2915} INFO - Sync 1 DAGs
[2025-04-17T05:49:03.471+0000] {logging_mixin.py:151} INFO - [2025-04-17T05:49:03.471+0000] {dag.py:3696} INFO - Setting next_dagrun for dbt_transform to 2025-04-16T09:36:19.867062+00:00, run_after=2025-04-17T09:36:19.867062+00:00
[2025-04-17T05:49:03.491+0000] {processor.py:179} INFO - Processing /opt/airflow/dags/dbt_dag.py took 0.094 seconds
[2025-04-17T05:49:33.789+0000] {processor.py:157} INFO - Started process (PID=174) to work on /opt/airflow/dags/dbt_dag.py
[2025-04-17T05:49:33.790+0000] {processor.py:829} INFO - Processing file /opt/airflow/dags/dbt_dag.py for tasks to queue
[2025-04-17T05:49:33.792+0000] {logging_mixin.py:151} INFO - [2025-04-17T05:49:33.792+0000] {dagbag.py:539} INFO - Filling up the DagBag from /opt/airflow/dags/dbt_dag.py
[2025-04-17T05:49:33.811+0000] {processor.py:839} INFO - DAG(s) dict_keys(['dbt_transform']) retrieved from /opt/airflow/dags/dbt_dag.py
[2025-04-17T05:49:33.855+0000] {logging_mixin.py:151} INFO - [2025-04-17T05:49:33.855+0000] {dag.py:2915} INFO - Sync 1 DAGs
[2025-04-17T05:49:33.961+0000] {logging_mixin.py:151} INFO - [2025-04-17T05:49:33.961+0000] {dag.py:3696} INFO - Setting next_dagrun for dbt_transform to 2025-04-16T09:36:19.867062+00:00, run_after=2025-04-17T09:36:19.867062+00:00
[2025-04-17T05:49:33.982+0000] {processor.py:179} INFO - Processing /opt/airflow/dags/dbt_dag.py took 0.196 seconds
[2025-04-17T05:50:04.276+0000] {processor.py:157} INFO - Started process (PID=183) to work on /opt/airflow/dags/dbt_dag.py
[2025-04-17T05:50:04.276+0000] {processor.py:829} INFO - Processing file /opt/airflow/dags/dbt_dag.py for tasks to queue
[2025-04-17T05:50:04.278+0000] {logging_mixin.py:151} INFO - [2025-04-17T05:50:04.278+0000] {dagbag.py:539} INFO - Filling up the DagBag from /opt/airflow/dags/dbt_dag.py
[2025-04-17T05:50:04.296+0000] {processor.py:839} INFO - DAG(s) dict_keys(['dbt_transform']) retrieved from /opt/airflow/dags/dbt_dag.py
[2025-04-17T05:50:04.321+0000] {logging_mixin.py:151} INFO - [2025-04-17T05:50:04.321+0000] {dag.py:2915} INFO - Sync 1 DAGs
[2025-04-17T05:50:04.340+0000] {logging_mixin.py:151} INFO - [2025-04-17T05:50:04.339+0000] {dag.py:3696} INFO - Setting next_dagrun for dbt_transform to 2025-04-16T09:36:19.867062+00:00, run_after=2025-04-17T09:36:19.867062+00:00
[2025-04-17T05:50:04.357+0000] {processor.py:179} INFO - Processing /opt/airflow/dags/dbt_dag.py took 0.084 seconds
