[2025-11-07T22:24:32.848+0000] {processor.py:157} INFO - Started process (PID=163) to work on /opt/airflow/dags/dbt_dag.py
[2025-11-07T22:24:32.850+0000] {processor.py:829} INFO - Processing file /opt/airflow/dags/dbt_dag.py for tasks to queue
[2025-11-07T22:24:32.852+0000] {logging_mixin.py:151} INFO - [2025-11-07T22:24:32.852+0000] {dagbag.py:539} INFO - Filling up the DagBag from /opt/airflow/dags/dbt_dag.py
[2025-11-07T22:24:33.010+0000] {processor.py:839} INFO - DAG(s) dict_keys(['dbt_transform']) retrieved from /opt/airflow/dags/dbt_dag.py
[2025-11-07T22:24:33.088+0000] {logging_mixin.py:151} INFO - [2025-11-07T22:24:33.087+0000] {dag.py:2915} INFO - Sync 1 DAGs
[2025-11-07T22:24:33.137+0000] {logging_mixin.py:151} INFO - [2025-11-07T22:24:33.137+0000] {dag.py:3696} INFO - Setting next_dagrun for dbt_transform to 2025-11-07T22:24:31.287022+00:00, run_after=2025-11-07T22:29:31.287022+00:00
[2025-11-07T22:24:33.177+0000] {processor.py:179} INFO - Processing /opt/airflow/dags/dbt_dag.py took 0.355 seconds
[2025-11-07T22:25:03.356+0000] {processor.py:157} INFO - Started process (PID=193) to work on /opt/airflow/dags/dbt_dag.py
[2025-11-07T22:25:03.357+0000] {processor.py:829} INFO - Processing file /opt/airflow/dags/dbt_dag.py for tasks to queue
[2025-11-07T22:25:03.362+0000] {logging_mixin.py:151} INFO - [2025-11-07T22:25:03.360+0000] {dagbag.py:539} INFO - Filling up the DagBag from /opt/airflow/dags/dbt_dag.py
[2025-11-07T22:25:03.435+0000] {processor.py:839} INFO - DAG(s) dict_keys(['dbt_transform']) retrieved from /opt/airflow/dags/dbt_dag.py
[2025-11-07T22:25:03.514+0000] {logging_mixin.py:151} INFO - [2025-11-07T22:25:03.514+0000] {dag.py:2915} INFO - Sync 1 DAGs
[2025-11-07T22:25:03.591+0000] {logging_mixin.py:151} INFO - [2025-11-07T22:25:03.591+0000] {dag.py:3696} INFO - Setting next_dagrun for dbt_transform to 2025-11-07T22:24:31.287022+00:00, run_after=2025-11-07T22:29:31.287022+00:00
[2025-11-07T22:25:03.633+0000] {processor.py:179} INFO - Processing /opt/airflow/dags/dbt_dag.py took 0.293 seconds
[2025-11-07T22:25:34.009+0000] {processor.py:157} INFO - Started process (PID=198) to work on /opt/airflow/dags/dbt_dag.py
[2025-11-07T22:25:34.010+0000] {processor.py:829} INFO - Processing file /opt/airflow/dags/dbt_dag.py for tasks to queue
[2025-11-07T22:25:34.013+0000] {logging_mixin.py:151} INFO - [2025-11-07T22:25:34.011+0000] {dagbag.py:539} INFO - Filling up the DagBag from /opt/airflow/dags/dbt_dag.py
[2025-11-07T22:25:34.061+0000] {processor.py:839} INFO - DAG(s) dict_keys(['dbt_transform']) retrieved from /opt/airflow/dags/dbt_dag.py
[2025-11-07T22:25:34.159+0000] {logging_mixin.py:151} INFO - [2025-11-07T22:25:34.159+0000] {dag.py:2915} INFO - Sync 1 DAGs
[2025-11-07T22:25:34.232+0000] {logging_mixin.py:151} INFO - [2025-11-07T22:25:34.232+0000] {dag.py:3696} INFO - Setting next_dagrun for dbt_transform to 2025-11-07T22:24:31.287022+00:00, run_after=2025-11-07T22:29:31.287022+00:00
[2025-11-07T22:25:35.352+0000] {processor.py:179} INFO - Processing /opt/airflow/dags/dbt_dag.py took 1.348 seconds
[2025-11-07T22:26:05.612+0000] {processor.py:157} INFO - Started process (PID=203) to work on /opt/airflow/dags/dbt_dag.py
[2025-11-07T22:26:05.613+0000] {processor.py:829} INFO - Processing file /opt/airflow/dags/dbt_dag.py for tasks to queue
[2025-11-07T22:26:05.614+0000] {logging_mixin.py:151} INFO - [2025-11-07T22:26:05.613+0000] {dagbag.py:539} INFO - Filling up the DagBag from /opt/airflow/dags/dbt_dag.py
[2025-11-07T22:26:05.633+0000] {processor.py:839} INFO - DAG(s) dict_keys(['dbt_transform']) retrieved from /opt/airflow/dags/dbt_dag.py
[2025-11-07T22:26:05.663+0000] {logging_mixin.py:151} INFO - [2025-11-07T22:26:05.663+0000] {dag.py:2915} INFO - Sync 1 DAGs
[2025-11-07T22:26:06.003+0000] {logging_mixin.py:151} INFO - [2025-11-07T22:26:06.002+0000] {dag.py:3696} INFO - Setting next_dagrun for dbt_transform to 2025-11-07T22:24:31.287022+00:00, run_after=2025-11-07T22:29:31.287022+00:00
[2025-11-07T22:26:06.034+0000] {processor.py:179} INFO - Processing /opt/airflow/dags/dbt_dag.py took 0.426 seconds
[2025-11-07T22:26:36.278+0000] {processor.py:157} INFO - Started process (PID=208) to work on /opt/airflow/dags/dbt_dag.py
[2025-11-07T22:26:36.279+0000] {processor.py:829} INFO - Processing file /opt/airflow/dags/dbt_dag.py for tasks to queue
[2025-11-07T22:26:36.280+0000] {logging_mixin.py:151} INFO - [2025-11-07T22:26:36.279+0000] {dagbag.py:539} INFO - Filling up the DagBag from /opt/airflow/dags/dbt_dag.py
[2025-11-07T22:26:36.299+0000] {processor.py:839} INFO - DAG(s) dict_keys(['dbt_transform']) retrieved from /opt/airflow/dags/dbt_dag.py
[2025-11-07T22:26:36.330+0000] {logging_mixin.py:151} INFO - [2025-11-07T22:26:36.330+0000] {dag.py:2915} INFO - Sync 1 DAGs
[2025-11-07T22:26:36.553+0000] {logging_mixin.py:151} INFO - [2025-11-07T22:26:36.553+0000] {dag.py:3696} INFO - Setting next_dagrun for dbt_transform to 2025-11-07T22:24:31.287022+00:00, run_after=2025-11-07T22:29:31.287022+00:00
[2025-11-07T22:26:36.578+0000] {processor.py:179} INFO - Processing /opt/airflow/dags/dbt_dag.py took 0.305 seconds
[2025-11-07T22:27:06.829+0000] {processor.py:157} INFO - Started process (PID=213) to work on /opt/airflow/dags/dbt_dag.py
[2025-11-07T22:27:06.830+0000] {processor.py:829} INFO - Processing file /opt/airflow/dags/dbt_dag.py for tasks to queue
[2025-11-07T22:27:06.832+0000] {logging_mixin.py:151} INFO - [2025-11-07T22:27:06.831+0000] {dagbag.py:539} INFO - Filling up the DagBag from /opt/airflow/dags/dbt_dag.py
[2025-11-07T22:27:06.864+0000] {processor.py:839} INFO - DAG(s) dict_keys(['dbt_transform']) retrieved from /opt/airflow/dags/dbt_dag.py
[2025-11-07T22:27:07.204+0000] {logging_mixin.py:151} INFO - [2025-11-07T22:27:07.204+0000] {dag.py:2915} INFO - Sync 1 DAGs
[2025-11-07T22:27:07.241+0000] {logging_mixin.py:151} INFO - [2025-11-07T22:27:07.241+0000] {dag.py:3696} INFO - Setting next_dagrun for dbt_transform to 2025-11-07T22:24:31.287022+00:00, run_after=2025-11-07T22:29:31.287022+00:00
[2025-11-07T22:27:07.274+0000] {processor.py:179} INFO - Processing /opt/airflow/dags/dbt_dag.py took 0.450 seconds
[2025-11-07T22:27:37.526+0000] {processor.py:157} INFO - Started process (PID=218) to work on /opt/airflow/dags/dbt_dag.py
[2025-11-07T22:27:37.528+0000] {processor.py:829} INFO - Processing file /opt/airflow/dags/dbt_dag.py for tasks to queue
[2025-11-07T22:27:37.530+0000] {logging_mixin.py:151} INFO - [2025-11-07T22:27:37.529+0000] {dagbag.py:539} INFO - Filling up the DagBag from /opt/airflow/dags/dbt_dag.py
[2025-11-07T22:27:37.772+0000] {processor.py:839} INFO - DAG(s) dict_keys(['dbt_transform']) retrieved from /opt/airflow/dags/dbt_dag.py
[2025-11-07T22:27:37.819+0000] {logging_mixin.py:151} INFO - [2025-11-07T22:27:37.819+0000] {dag.py:2915} INFO - Sync 1 DAGs
[2025-11-07T22:27:37.853+0000] {logging_mixin.py:151} INFO - [2025-11-07T22:27:37.853+0000] {dag.py:3696} INFO - Setting next_dagrun for dbt_transform to 2025-11-07T22:24:31.287022+00:00, run_after=2025-11-07T22:29:31.287022+00:00
[2025-11-07T22:27:37.880+0000] {processor.py:179} INFO - Processing /opt/airflow/dags/dbt_dag.py took 0.362 seconds
[2025-11-07T22:28:08.287+0000] {processor.py:157} INFO - Started process (PID=223) to work on /opt/airflow/dags/dbt_dag.py
[2025-11-07T22:28:08.288+0000] {processor.py:829} INFO - Processing file /opt/airflow/dags/dbt_dag.py for tasks to queue
[2025-11-07T22:28:08.290+0000] {logging_mixin.py:151} INFO - [2025-11-07T22:28:08.289+0000] {dagbag.py:539} INFO - Filling up the DagBag from /opt/airflow/dags/dbt_dag.py
[2025-11-07T22:28:08.318+0000] {processor.py:839} INFO - DAG(s) dict_keys(['dbt_transform']) retrieved from /opt/airflow/dags/dbt_dag.py
[2025-11-07T22:28:08.359+0000] {logging_mixin.py:151} INFO - [2025-11-07T22:28:08.359+0000] {dag.py:2915} INFO - Sync 1 DAGs
[2025-11-07T22:28:08.392+0000] {logging_mixin.py:151} INFO - [2025-11-07T22:28:08.392+0000] {dag.py:3696} INFO - Setting next_dagrun for dbt_transform to 2025-11-07T22:24:31.287022+00:00, run_after=2025-11-07T22:29:31.287022+00:00
[2025-11-07T22:28:08.423+0000] {processor.py:179} INFO - Processing /opt/airflow/dags/dbt_dag.py took 0.142 seconds
[2025-11-07T22:28:38.551+0000] {processor.py:157} INFO - Started process (PID=228) to work on /opt/airflow/dags/dbt_dag.py
[2025-11-07T22:28:38.552+0000] {processor.py:829} INFO - Processing file /opt/airflow/dags/dbt_dag.py for tasks to queue
[2025-11-07T22:28:38.553+0000] {logging_mixin.py:151} INFO - [2025-11-07T22:28:38.553+0000] {dagbag.py:539} INFO - Filling up the DagBag from /opt/airflow/dags/dbt_dag.py
[2025-11-07T22:28:38.585+0000] {processor.py:839} INFO - DAG(s) dict_keys(['dbt_transform']) retrieved from /opt/airflow/dags/dbt_dag.py
[2025-11-07T22:28:38.633+0000] {logging_mixin.py:151} INFO - [2025-11-07T22:28:38.632+0000] {dag.py:2915} INFO - Sync 1 DAGs
[2025-11-07T22:28:38.662+0000] {logging_mixin.py:151} INFO - [2025-11-07T22:28:38.662+0000] {dag.py:3696} INFO - Setting next_dagrun for dbt_transform to 2025-11-07T22:24:31.287022+00:00, run_after=2025-11-07T22:29:31.287022+00:00
[2025-11-07T22:28:38.691+0000] {processor.py:179} INFO - Processing /opt/airflow/dags/dbt_dag.py took 0.145 seconds
[2025-11-07T22:29:08.863+0000] {processor.py:157} INFO - Started process (PID=233) to work on /opt/airflow/dags/dbt_dag.py
[2025-11-07T22:29:08.863+0000] {processor.py:829} INFO - Processing file /opt/airflow/dags/dbt_dag.py for tasks to queue
[2025-11-07T22:29:08.864+0000] {logging_mixin.py:151} INFO - [2025-11-07T22:29:08.864+0000] {dagbag.py:539} INFO - Filling up the DagBag from /opt/airflow/dags/dbt_dag.py
[2025-11-07T22:29:08.890+0000] {processor.py:839} INFO - DAG(s) dict_keys(['dbt_transform']) retrieved from /opt/airflow/dags/dbt_dag.py
[2025-11-07T22:29:08.925+0000] {logging_mixin.py:151} INFO - [2025-11-07T22:29:08.925+0000] {dag.py:2915} INFO - Sync 1 DAGs
[2025-11-07T22:29:08.948+0000] {logging_mixin.py:151} INFO - [2025-11-07T22:29:08.948+0000] {dag.py:3696} INFO - Setting next_dagrun for dbt_transform to 2025-11-07T22:24:31.287022+00:00, run_after=2025-11-07T22:29:31.287022+00:00
[2025-11-07T22:29:08.969+0000] {processor.py:179} INFO - Processing /opt/airflow/dags/dbt_dag.py took 0.110 seconds
[2025-11-07T22:29:39.276+0000] {processor.py:157} INFO - Started process (PID=251) to work on /opt/airflow/dags/dbt_dag.py
[2025-11-07T22:29:39.278+0000] {processor.py:829} INFO - Processing file /opt/airflow/dags/dbt_dag.py for tasks to queue
[2025-11-07T22:29:39.283+0000] {logging_mixin.py:151} INFO - [2025-11-07T22:29:39.281+0000] {dagbag.py:539} INFO - Filling up the DagBag from /opt/airflow/dags/dbt_dag.py
[2025-11-07T22:29:39.400+0000] {processor.py:839} INFO - DAG(s) dict_keys(['dbt_transform']) retrieved from /opt/airflow/dags/dbt_dag.py
[2025-11-07T22:29:39.526+0000] {logging_mixin.py:151} INFO - [2025-11-07T22:29:39.526+0000] {dag.py:2915} INFO - Sync 1 DAGs
[2025-11-07T22:29:39.620+0000] {logging_mixin.py:151} INFO - [2025-11-07T22:29:39.620+0000] {dag.py:3696} INFO - Setting next_dagrun for dbt_transform to 2025-11-07T22:29:31.287022+00:00, run_after=2025-11-07T22:34:31.287022+00:00
[2025-11-07T22:29:39.660+0000] {processor.py:179} INFO - Processing /opt/airflow/dags/dbt_dag.py took 0.413 seconds
[2025-11-07T22:30:09.881+0000] {processor.py:157} INFO - Started process (PID=269) to work on /opt/airflow/dags/dbt_dag.py
[2025-11-07T22:30:09.882+0000] {processor.py:829} INFO - Processing file /opt/airflow/dags/dbt_dag.py for tasks to queue
[2025-11-07T22:30:09.883+0000] {logging_mixin.py:151} INFO - [2025-11-07T22:30:09.883+0000] {dagbag.py:539} INFO - Filling up the DagBag from /opt/airflow/dags/dbt_dag.py
[2025-11-07T22:30:09.907+0000] {processor.py:839} INFO - DAG(s) dict_keys(['dbt_transform']) retrieved from /opt/airflow/dags/dbt_dag.py
[2025-11-07T22:30:09.939+0000] {logging_mixin.py:151} INFO - [2025-11-07T22:30:09.938+0000] {dag.py:2915} INFO - Sync 1 DAGs
[2025-11-07T22:30:09.963+0000] {logging_mixin.py:151} INFO - [2025-11-07T22:30:09.963+0000] {dag.py:3696} INFO - Setting next_dagrun for dbt_transform to 2025-11-07T22:29:31.287022+00:00, run_after=2025-11-07T22:34:31.287022+00:00
[2025-11-07T22:30:09.985+0000] {processor.py:179} INFO - Processing /opt/airflow/dags/dbt_dag.py took 0.107 seconds
[2025-11-07T22:30:40.103+0000] {processor.py:157} INFO - Started process (PID=274) to work on /opt/airflow/dags/dbt_dag.py
[2025-11-07T22:30:40.104+0000] {processor.py:829} INFO - Processing file /opt/airflow/dags/dbt_dag.py for tasks to queue
[2025-11-07T22:30:40.105+0000] {logging_mixin.py:151} INFO - [2025-11-07T22:30:40.105+0000] {dagbag.py:539} INFO - Filling up the DagBag from /opt/airflow/dags/dbt_dag.py
[2025-11-07T22:30:40.123+0000] {processor.py:839} INFO - DAG(s) dict_keys(['dbt_transform']) retrieved from /opt/airflow/dags/dbt_dag.py
[2025-11-07T22:30:40.151+0000] {logging_mixin.py:151} INFO - [2025-11-07T22:30:40.151+0000] {dag.py:2915} INFO - Sync 1 DAGs
[2025-11-07T22:30:40.169+0000] {logging_mixin.py:151} INFO - [2025-11-07T22:30:40.169+0000] {dag.py:3696} INFO - Setting next_dagrun for dbt_transform to 2025-11-07T22:29:31.287022+00:00, run_after=2025-11-07T22:34:31.287022+00:00
[2025-11-07T22:30:40.189+0000] {processor.py:179} INFO - Processing /opt/airflow/dags/dbt_dag.py took 0.089 seconds
[2025-11-07T22:31:10.435+0000] {processor.py:157} INFO - Started process (PID=279) to work on /opt/airflow/dags/dbt_dag.py
[2025-11-07T22:31:10.436+0000] {processor.py:829} INFO - Processing file /opt/airflow/dags/dbt_dag.py for tasks to queue
[2025-11-07T22:31:10.436+0000] {logging_mixin.py:151} INFO - [2025-11-07T22:31:10.436+0000] {dagbag.py:539} INFO - Filling up the DagBag from /opt/airflow/dags/dbt_dag.py
[2025-11-07T22:31:10.456+0000] {processor.py:839} INFO - DAG(s) dict_keys(['dbt_transform']) retrieved from /opt/airflow/dags/dbt_dag.py
[2025-11-07T22:31:10.490+0000] {logging_mixin.py:151} INFO - [2025-11-07T22:31:10.490+0000] {dag.py:2915} INFO - Sync 1 DAGs
[2025-11-07T22:31:10.508+0000] {logging_mixin.py:151} INFO - [2025-11-07T22:31:10.508+0000] {dag.py:3696} INFO - Setting next_dagrun for dbt_transform to 2025-11-07T22:29:31.287022+00:00, run_after=2025-11-07T22:34:31.287022+00:00
[2025-11-07T22:31:10.531+0000] {processor.py:179} INFO - Processing /opt/airflow/dags/dbt_dag.py took 0.098 seconds
[2025-11-07T22:31:40.664+0000] {processor.py:157} INFO - Started process (PID=284) to work on /opt/airflow/dags/dbt_dag.py
[2025-11-07T22:31:40.665+0000] {processor.py:829} INFO - Processing file /opt/airflow/dags/dbt_dag.py for tasks to queue
[2025-11-07T22:31:40.666+0000] {logging_mixin.py:151} INFO - [2025-11-07T22:31:40.666+0000] {dagbag.py:539} INFO - Filling up the DagBag from /opt/airflow/dags/dbt_dag.py
[2025-11-07T22:31:40.686+0000] {processor.py:839} INFO - DAG(s) dict_keys(['dbt_transform']) retrieved from /opt/airflow/dags/dbt_dag.py
[2025-11-07T22:31:40.717+0000] {logging_mixin.py:151} INFO - [2025-11-07T22:31:40.717+0000] {dag.py:2915} INFO - Sync 1 DAGs
[2025-11-07T22:31:40.739+0000] {logging_mixin.py:151} INFO - [2025-11-07T22:31:40.739+0000] {dag.py:3696} INFO - Setting next_dagrun for dbt_transform to 2025-11-07T22:29:31.287022+00:00, run_after=2025-11-07T22:34:31.287022+00:00
[2025-11-07T22:31:40.761+0000] {processor.py:179} INFO - Processing /opt/airflow/dags/dbt_dag.py took 0.100 seconds
[2025-11-07T22:32:10.958+0000] {processor.py:157} INFO - Started process (PID=289) to work on /opt/airflow/dags/dbt_dag.py
[2025-11-07T22:32:10.958+0000] {processor.py:829} INFO - Processing file /opt/airflow/dags/dbt_dag.py for tasks to queue
[2025-11-07T22:32:10.959+0000] {logging_mixin.py:151} INFO - [2025-11-07T22:32:10.959+0000] {dagbag.py:539} INFO - Filling up the DagBag from /opt/airflow/dags/dbt_dag.py
[2025-11-07T22:32:10.976+0000] {processor.py:839} INFO - DAG(s) dict_keys(['dbt_transform']) retrieved from /opt/airflow/dags/dbt_dag.py
[2025-11-07T22:32:11.007+0000] {logging_mixin.py:151} INFO - [2025-11-07T22:32:11.007+0000] {dag.py:2915} INFO - Sync 1 DAGs
[2025-11-07T22:32:11.027+0000] {logging_mixin.py:151} INFO - [2025-11-07T22:32:11.027+0000] {dag.py:3696} INFO - Setting next_dagrun for dbt_transform to 2025-11-07T22:29:31.287022+00:00, run_after=2025-11-07T22:34:31.287022+00:00
[2025-11-07T22:32:11.049+0000] {processor.py:179} INFO - Processing /opt/airflow/dags/dbt_dag.py took 0.095 seconds
[2025-11-07T22:32:41.181+0000] {processor.py:157} INFO - Started process (PID=294) to work on /opt/airflow/dags/dbt_dag.py
[2025-11-07T22:32:41.182+0000] {processor.py:829} INFO - Processing file /opt/airflow/dags/dbt_dag.py for tasks to queue
[2025-11-07T22:32:41.183+0000] {logging_mixin.py:151} INFO - [2025-11-07T22:32:41.183+0000] {dagbag.py:539} INFO - Filling up the DagBag from /opt/airflow/dags/dbt_dag.py
[2025-11-07T22:32:41.202+0000] {processor.py:839} INFO - DAG(s) dict_keys(['dbt_transform']) retrieved from /opt/airflow/dags/dbt_dag.py
[2025-11-07T22:32:41.232+0000] {logging_mixin.py:151} INFO - [2025-11-07T22:32:41.232+0000] {dag.py:2915} INFO - Sync 1 DAGs
[2025-11-07T22:32:41.250+0000] {logging_mixin.py:151} INFO - [2025-11-07T22:32:41.250+0000] {dag.py:3696} INFO - Setting next_dagrun for dbt_transform to 2025-11-07T22:29:31.287022+00:00, run_after=2025-11-07T22:34:31.287022+00:00
[2025-11-07T22:32:41.269+0000] {processor.py:179} INFO - Processing /opt/airflow/dags/dbt_dag.py took 0.093 seconds
[2025-11-07T22:33:11.477+0000] {processor.py:157} INFO - Started process (PID=299) to work on /opt/airflow/dags/dbt_dag.py
[2025-11-07T22:33:11.478+0000] {processor.py:829} INFO - Processing file /opt/airflow/dags/dbt_dag.py for tasks to queue
[2025-11-07T22:33:11.478+0000] {logging_mixin.py:151} INFO - [2025-11-07T22:33:11.478+0000] {dagbag.py:539} INFO - Filling up the DagBag from /opt/airflow/dags/dbt_dag.py
[2025-11-07T22:33:11.494+0000] {processor.py:839} INFO - DAG(s) dict_keys(['dbt_transform']) retrieved from /opt/airflow/dags/dbt_dag.py
[2025-11-07T22:33:11.520+0000] {logging_mixin.py:151} INFO - [2025-11-07T22:33:11.520+0000] {dag.py:2915} INFO - Sync 1 DAGs
[2025-11-07T22:33:11.545+0000] {logging_mixin.py:151} INFO - [2025-11-07T22:33:11.545+0000] {dag.py:3696} INFO - Setting next_dagrun for dbt_transform to 2025-11-07T22:29:31.287022+00:00, run_after=2025-11-07T22:34:31.287022+00:00
[2025-11-07T22:33:11.571+0000] {processor.py:179} INFO - Processing /opt/airflow/dags/dbt_dag.py took 0.096 seconds
[2025-11-07T22:33:41.717+0000] {processor.py:157} INFO - Started process (PID=316) to work on /opt/airflow/dags/dbt_dag.py
[2025-11-07T22:33:41.718+0000] {processor.py:829} INFO - Processing file /opt/airflow/dags/dbt_dag.py for tasks to queue
[2025-11-07T22:33:41.718+0000] {logging_mixin.py:151} INFO - [2025-11-07T22:33:41.718+0000] {dagbag.py:539} INFO - Filling up the DagBag from /opt/airflow/dags/dbt_dag.py
[2025-11-07T22:33:41.735+0000] {processor.py:839} INFO - DAG(s) dict_keys(['dbt_transform']) retrieved from /opt/airflow/dags/dbt_dag.py
[2025-11-07T22:33:41.758+0000] {logging_mixin.py:151} INFO - [2025-11-07T22:33:41.758+0000] {dag.py:2915} INFO - Sync 1 DAGs
[2025-11-07T22:33:41.776+0000] {logging_mixin.py:151} INFO - [2025-11-07T22:33:41.776+0000] {dag.py:3696} INFO - Setting next_dagrun for dbt_transform to 2025-11-07T22:29:31.287022+00:00, run_after=2025-11-07T22:34:31.287022+00:00
[2025-11-07T22:33:41.794+0000] {processor.py:179} INFO - Processing /opt/airflow/dags/dbt_dag.py took 0.081 seconds
[2025-11-07T22:34:12.026+0000] {processor.py:157} INFO - Started process (PID=334) to work on /opt/airflow/dags/dbt_dag.py
[2025-11-07T22:34:12.027+0000] {processor.py:829} INFO - Processing file /opt/airflow/dags/dbt_dag.py for tasks to queue
[2025-11-07T22:34:12.028+0000] {logging_mixin.py:151} INFO - [2025-11-07T22:34:12.028+0000] {dagbag.py:539} INFO - Filling up the DagBag from /opt/airflow/dags/dbt_dag.py
[2025-11-07T22:34:12.051+0000] {processor.py:839} INFO - DAG(s) dict_keys(['dbt_transform']) retrieved from /opt/airflow/dags/dbt_dag.py
[2025-11-07T22:34:12.078+0000] {logging_mixin.py:151} INFO - [2025-11-07T22:34:12.078+0000] {dag.py:2915} INFO - Sync 1 DAGs
[2025-11-07T22:34:12.097+0000] {logging_mixin.py:151} INFO - [2025-11-07T22:34:12.097+0000] {dag.py:3696} INFO - Setting next_dagrun for dbt_transform to 2025-11-07T22:29:31.287022+00:00, run_after=2025-11-07T22:34:31.287022+00:00
[2025-11-07T22:34:12.120+0000] {processor.py:179} INFO - Processing /opt/airflow/dags/dbt_dag.py took 0.097 seconds
[2025-11-07T22:34:42.295+0000] {processor.py:157} INFO - Started process (PID=365) to work on /opt/airflow/dags/dbt_dag.py
[2025-11-07T22:34:42.297+0000] {processor.py:829} INFO - Processing file /opt/airflow/dags/dbt_dag.py for tasks to queue
[2025-11-07T22:34:42.305+0000] {logging_mixin.py:151} INFO - [2025-11-07T22:34:42.304+0000] {dagbag.py:539} INFO - Filling up the DagBag from /opt/airflow/dags/dbt_dag.py
[2025-11-07T22:34:42.361+0000] {processor.py:839} INFO - DAG(s) dict_keys(['dbt_transform']) retrieved from /opt/airflow/dags/dbt_dag.py
[2025-11-07T22:34:42.505+0000] {logging_mixin.py:151} INFO - [2025-11-07T22:34:42.505+0000] {dag.py:2915} INFO - Sync 1 DAGs
[2025-11-07T22:34:42.569+0000] {logging_mixin.py:151} INFO - [2025-11-07T22:34:42.569+0000] {dag.py:3696} INFO - Setting next_dagrun for dbt_transform to 2025-11-07T22:34:31.287022+00:00, run_after=2025-11-07T22:39:31.287022+00:00
[2025-11-07T22:34:42.592+0000] {processor.py:179} INFO - Processing /opt/airflow/dags/dbt_dag.py took 0.302 seconds
[2025-11-07T22:35:12.648+0000] {processor.py:157} INFO - Started process (PID=370) to work on /opt/airflow/dags/dbt_dag.py
[2025-11-07T22:35:12.649+0000] {processor.py:829} INFO - Processing file /opt/airflow/dags/dbt_dag.py for tasks to queue
[2025-11-07T22:35:12.650+0000] {logging_mixin.py:151} INFO - [2025-11-07T22:35:12.649+0000] {dagbag.py:539} INFO - Filling up the DagBag from /opt/airflow/dags/dbt_dag.py
[2025-11-07T22:35:12.669+0000] {processor.py:839} INFO - DAG(s) dict_keys(['dbt_transform']) retrieved from /opt/airflow/dags/dbt_dag.py
[2025-11-07T22:35:12.697+0000] {logging_mixin.py:151} INFO - [2025-11-07T22:35:12.697+0000] {dag.py:2915} INFO - Sync 1 DAGs
[2025-11-07T22:35:12.718+0000] {logging_mixin.py:151} INFO - [2025-11-07T22:35:12.718+0000] {dag.py:3696} INFO - Setting next_dagrun for dbt_transform to 2025-11-07T22:34:31.287022+00:00, run_after=2025-11-07T22:39:31.287022+00:00
[2025-11-07T22:35:12.740+0000] {processor.py:179} INFO - Processing /opt/airflow/dags/dbt_dag.py took 0.096 seconds
[2025-11-07T22:35:42.916+0000] {processor.py:157} INFO - Started process (PID=375) to work on /opt/airflow/dags/dbt_dag.py
[2025-11-07T22:35:42.917+0000] {processor.py:829} INFO - Processing file /opt/airflow/dags/dbt_dag.py for tasks to queue
[2025-11-07T22:35:42.918+0000] {logging_mixin.py:151} INFO - [2025-11-07T22:35:42.918+0000] {dagbag.py:539} INFO - Filling up the DagBag from /opt/airflow/dags/dbt_dag.py
[2025-11-07T22:35:42.937+0000] {processor.py:839} INFO - DAG(s) dict_keys(['dbt_transform']) retrieved from /opt/airflow/dags/dbt_dag.py
[2025-11-07T22:35:42.965+0000] {logging_mixin.py:151} INFO - [2025-11-07T22:35:42.965+0000] {dag.py:2915} INFO - Sync 1 DAGs
[2025-11-07T22:35:42.984+0000] {logging_mixin.py:151} INFO - [2025-11-07T22:35:42.984+0000] {dag.py:3696} INFO - Setting next_dagrun for dbt_transform to 2025-11-07T22:34:31.287022+00:00, run_after=2025-11-07T22:39:31.287022+00:00
[2025-11-07T22:35:43.007+0000] {processor.py:179} INFO - Processing /opt/airflow/dags/dbt_dag.py took 0.094 seconds
[2025-11-07T22:36:13.294+0000] {processor.py:157} INFO - Started process (PID=380) to work on /opt/airflow/dags/dbt_dag.py
[2025-11-07T22:36:13.294+0000] {processor.py:829} INFO - Processing file /opt/airflow/dags/dbt_dag.py for tasks to queue
[2025-11-07T22:36:13.295+0000] {logging_mixin.py:151} INFO - [2025-11-07T22:36:13.295+0000] {dagbag.py:539} INFO - Filling up the DagBag from /opt/airflow/dags/dbt_dag.py
[2025-11-07T22:36:13.315+0000] {processor.py:839} INFO - DAG(s) dict_keys(['dbt_transform']) retrieved from /opt/airflow/dags/dbt_dag.py
[2025-11-07T22:36:13.341+0000] {logging_mixin.py:151} INFO - [2025-11-07T22:36:13.341+0000] {dag.py:2915} INFO - Sync 1 DAGs
[2025-11-07T22:36:13.358+0000] {logging_mixin.py:151} INFO - [2025-11-07T22:36:13.358+0000] {dag.py:3696} INFO - Setting next_dagrun for dbt_transform to 2025-11-07T22:34:31.287022+00:00, run_after=2025-11-07T22:39:31.287022+00:00
[2025-11-07T22:36:13.377+0000] {processor.py:179} INFO - Processing /opt/airflow/dags/dbt_dag.py took 0.086 seconds
[2025-11-07T22:36:43.595+0000] {processor.py:157} INFO - Started process (PID=385) to work on /opt/airflow/dags/dbt_dag.py
[2025-11-07T22:36:43.596+0000] {processor.py:829} INFO - Processing file /opt/airflow/dags/dbt_dag.py for tasks to queue
[2025-11-07T22:36:43.597+0000] {logging_mixin.py:151} INFO - [2025-11-07T22:36:43.597+0000] {dagbag.py:539} INFO - Filling up the DagBag from /opt/airflow/dags/dbt_dag.py
[2025-11-07T22:36:43.617+0000] {processor.py:839} INFO - DAG(s) dict_keys(['dbt_transform']) retrieved from /opt/airflow/dags/dbt_dag.py
[2025-11-07T22:36:43.641+0000] {logging_mixin.py:151} INFO - [2025-11-07T22:36:43.641+0000] {dag.py:2915} INFO - Sync 1 DAGs
[2025-11-07T22:36:43.658+0000] {logging_mixin.py:151} INFO - [2025-11-07T22:36:43.658+0000] {dag.py:3696} INFO - Setting next_dagrun for dbt_transform to 2025-11-07T22:34:31.287022+00:00, run_after=2025-11-07T22:39:31.287022+00:00
[2025-11-07T22:36:43.679+0000] {processor.py:179} INFO - Processing /opt/airflow/dags/dbt_dag.py took 0.087 seconds
[2025-11-07T22:37:13.925+0000] {processor.py:157} INFO - Started process (PID=390) to work on /opt/airflow/dags/dbt_dag.py
[2025-11-07T22:37:13.926+0000] {processor.py:829} INFO - Processing file /opt/airflow/dags/dbt_dag.py for tasks to queue
[2025-11-07T22:37:13.927+0000] {logging_mixin.py:151} INFO - [2025-11-07T22:37:13.927+0000] {dagbag.py:539} INFO - Filling up the DagBag from /opt/airflow/dags/dbt_dag.py
[2025-11-07T22:37:13.948+0000] {processor.py:839} INFO - DAG(s) dict_keys(['dbt_transform']) retrieved from /opt/airflow/dags/dbt_dag.py
[2025-11-07T22:37:13.978+0000] {logging_mixin.py:151} INFO - [2025-11-07T22:37:13.978+0000] {dag.py:2915} INFO - Sync 1 DAGs
[2025-11-07T22:37:14.000+0000] {logging_mixin.py:151} INFO - [2025-11-07T22:37:14.000+0000] {dag.py:3696} INFO - Setting next_dagrun for dbt_transform to 2025-11-07T22:34:31.287022+00:00, run_after=2025-11-07T22:39:31.287022+00:00
[2025-11-07T22:37:14.019+0000] {processor.py:179} INFO - Processing /opt/airflow/dags/dbt_dag.py took 0.098 seconds
[2025-11-07T22:37:44.244+0000] {processor.py:157} INFO - Started process (PID=395) to work on /opt/airflow/dags/dbt_dag.py
[2025-11-07T22:37:44.245+0000] {processor.py:829} INFO - Processing file /opt/airflow/dags/dbt_dag.py for tasks to queue
[2025-11-07T22:37:44.246+0000] {logging_mixin.py:151} INFO - [2025-11-07T22:37:44.246+0000] {dagbag.py:539} INFO - Filling up the DagBag from /opt/airflow/dags/dbt_dag.py
[2025-11-07T22:37:44.265+0000] {processor.py:839} INFO - DAG(s) dict_keys(['dbt_transform']) retrieved from /opt/airflow/dags/dbt_dag.py
[2025-11-07T22:37:44.292+0000] {logging_mixin.py:151} INFO - [2025-11-07T22:37:44.292+0000] {dag.py:2915} INFO - Sync 1 DAGs
[2025-11-07T22:37:44.310+0000] {logging_mixin.py:151} INFO - [2025-11-07T22:37:44.309+0000] {dag.py:3696} INFO - Setting next_dagrun for dbt_transform to 2025-11-07T22:34:31.287022+00:00, run_after=2025-11-07T22:39:31.287022+00:00
[2025-11-07T22:37:44.330+0000] {processor.py:179} INFO - Processing /opt/airflow/dags/dbt_dag.py took 0.090 seconds
[2025-11-07T22:38:14.577+0000] {processor.py:157} INFO - Started process (PID=400) to work on /opt/airflow/dags/dbt_dag.py
[2025-11-07T22:38:14.578+0000] {processor.py:829} INFO - Processing file /opt/airflow/dags/dbt_dag.py for tasks to queue
[2025-11-07T22:38:14.580+0000] {logging_mixin.py:151} INFO - [2025-11-07T22:38:14.579+0000] {dagbag.py:539} INFO - Filling up the DagBag from /opt/airflow/dags/dbt_dag.py
[2025-11-07T22:38:14.598+0000] {processor.py:839} INFO - DAG(s) dict_keys(['dbt_transform']) retrieved from /opt/airflow/dags/dbt_dag.py
[2025-11-07T22:38:14.622+0000] {logging_mixin.py:151} INFO - [2025-11-07T22:38:14.622+0000] {dag.py:2915} INFO - Sync 1 DAGs
[2025-11-07T22:38:14.639+0000] {logging_mixin.py:151} INFO - [2025-11-07T22:38:14.639+0000] {dag.py:3696} INFO - Setting next_dagrun for dbt_transform to 2025-11-07T22:34:31.287022+00:00, run_after=2025-11-07T22:39:31.287022+00:00
[2025-11-07T22:38:14.659+0000] {processor.py:179} INFO - Processing /opt/airflow/dags/dbt_dag.py took 0.084 seconds
[2025-11-07T22:38:44.884+0000] {processor.py:157} INFO - Started process (PID=405) to work on /opt/airflow/dags/dbt_dag.py
[2025-11-07T22:38:44.884+0000] {processor.py:829} INFO - Processing file /opt/airflow/dags/dbt_dag.py for tasks to queue
[2025-11-07T22:38:44.885+0000] {logging_mixin.py:151} INFO - [2025-11-07T22:38:44.885+0000] {dagbag.py:539} INFO - Filling up the DagBag from /opt/airflow/dags/dbt_dag.py
[2025-11-07T22:38:44.905+0000] {processor.py:839} INFO - DAG(s) dict_keys(['dbt_transform']) retrieved from /opt/airflow/dags/dbt_dag.py
[2025-11-07T22:38:44.932+0000] {logging_mixin.py:151} INFO - [2025-11-07T22:38:44.932+0000] {dag.py:2915} INFO - Sync 1 DAGs
[2025-11-07T22:38:44.949+0000] {logging_mixin.py:151} INFO - [2025-11-07T22:38:44.948+0000] {dag.py:3696} INFO - Setting next_dagrun for dbt_transform to 2025-11-07T22:34:31.287022+00:00, run_after=2025-11-07T22:39:31.287022+00:00
[2025-11-07T22:38:44.967+0000] {processor.py:179} INFO - Processing /opt/airflow/dags/dbt_dag.py took 0.087 seconds
[2025-11-07T22:39:15.151+0000] {processor.py:157} INFO - Started process (PID=410) to work on /opt/airflow/dags/dbt_dag.py
[2025-11-07T22:39:15.151+0000] {processor.py:829} INFO - Processing file /opt/airflow/dags/dbt_dag.py for tasks to queue
[2025-11-07T22:39:15.153+0000] {logging_mixin.py:151} INFO - [2025-11-07T22:39:15.152+0000] {dagbag.py:539} INFO - Filling up the DagBag from /opt/airflow/dags/dbt_dag.py
[2025-11-07T22:39:15.174+0000] {processor.py:839} INFO - DAG(s) dict_keys(['dbt_transform']) retrieved from /opt/airflow/dags/dbt_dag.py
[2025-11-07T22:39:15.200+0000] {logging_mixin.py:151} INFO - [2025-11-07T22:39:15.200+0000] {dag.py:2915} INFO - Sync 1 DAGs
[2025-11-07T22:39:15.218+0000] {logging_mixin.py:151} INFO - [2025-11-07T22:39:15.218+0000] {dag.py:3696} INFO - Setting next_dagrun for dbt_transform to 2025-11-07T22:34:31.287022+00:00, run_after=2025-11-07T22:39:31.287022+00:00
[2025-11-07T22:39:15.238+0000] {processor.py:179} INFO - Processing /opt/airflow/dags/dbt_dag.py took 0.091 seconds
[2025-11-07T22:39:45.516+0000] {processor.py:157} INFO - Started process (PID=441) to work on /opt/airflow/dags/dbt_dag.py
[2025-11-07T22:39:45.517+0000] {processor.py:829} INFO - Processing file /opt/airflow/dags/dbt_dag.py for tasks to queue
[2025-11-07T22:39:45.517+0000] {logging_mixin.py:151} INFO - [2025-11-07T22:39:45.517+0000] {dagbag.py:539} INFO - Filling up the DagBag from /opt/airflow/dags/dbt_dag.py
[2025-11-07T22:39:45.534+0000] {processor.py:839} INFO - DAG(s) dict_keys(['dbt_transform']) retrieved from /opt/airflow/dags/dbt_dag.py
[2025-11-07T22:39:45.558+0000] {logging_mixin.py:151} INFO - [2025-11-07T22:39:45.558+0000] {dag.py:2915} INFO - Sync 1 DAGs
[2025-11-07T22:39:45.574+0000] {logging_mixin.py:151} INFO - [2025-11-07T22:39:45.574+0000] {dag.py:3696} INFO - Setting next_dagrun for dbt_transform to 2025-11-07T22:39:31.287022+00:00, run_after=2025-11-07T22:44:31.287022+00:00
[2025-11-07T22:39:45.593+0000] {processor.py:179} INFO - Processing /opt/airflow/dags/dbt_dag.py took 0.079 seconds
[2025-11-07T22:40:15.807+0000] {processor.py:157} INFO - Started process (PID=446) to work on /opt/airflow/dags/dbt_dag.py
[2025-11-07T22:40:15.808+0000] {processor.py:829} INFO - Processing file /opt/airflow/dags/dbt_dag.py for tasks to queue
[2025-11-07T22:40:15.809+0000] {logging_mixin.py:151} INFO - [2025-11-07T22:40:15.809+0000] {dagbag.py:539} INFO - Filling up the DagBag from /opt/airflow/dags/dbt_dag.py
[2025-11-07T22:40:15.827+0000] {processor.py:839} INFO - DAG(s) dict_keys(['dbt_transform']) retrieved from /opt/airflow/dags/dbt_dag.py
[2025-11-07T22:40:15.850+0000] {logging_mixin.py:151} INFO - [2025-11-07T22:40:15.850+0000] {dag.py:2915} INFO - Sync 1 DAGs
[2025-11-07T22:40:15.866+0000] {logging_mixin.py:151} INFO - [2025-11-07T22:40:15.866+0000] {dag.py:3696} INFO - Setting next_dagrun for dbt_transform to 2025-11-07T22:39:31.287022+00:00, run_after=2025-11-07T22:44:31.287022+00:00
[2025-11-07T22:40:15.884+0000] {processor.py:179} INFO - Processing /opt/airflow/dags/dbt_dag.py took 0.079 seconds
[2025-11-07T22:40:46.149+0000] {processor.py:157} INFO - Started process (PID=451) to work on /opt/airflow/dags/dbt_dag.py
[2025-11-07T22:40:46.150+0000] {processor.py:829} INFO - Processing file /opt/airflow/dags/dbt_dag.py for tasks to queue
[2025-11-07T22:40:46.151+0000] {logging_mixin.py:151} INFO - [2025-11-07T22:40:46.151+0000] {dagbag.py:539} INFO - Filling up the DagBag from /opt/airflow/dags/dbt_dag.py
[2025-11-07T22:40:46.170+0000] {processor.py:839} INFO - DAG(s) dict_keys(['dbt_transform']) retrieved from /opt/airflow/dags/dbt_dag.py
[2025-11-07T22:40:46.193+0000] {logging_mixin.py:151} INFO - [2025-11-07T22:40:46.193+0000] {dag.py:2915} INFO - Sync 1 DAGs
[2025-11-07T22:40:46.212+0000] {logging_mixin.py:151} INFO - [2025-11-07T22:40:46.212+0000] {dag.py:3696} INFO - Setting next_dagrun for dbt_transform to 2025-11-07T22:39:31.287022+00:00, run_after=2025-11-07T22:44:31.287022+00:00
[2025-11-07T22:40:46.232+0000] {processor.py:179} INFO - Processing /opt/airflow/dags/dbt_dag.py took 0.086 seconds
[2025-11-07T22:41:16.423+0000] {processor.py:157} INFO - Started process (PID=456) to work on /opt/airflow/dags/dbt_dag.py
[2025-11-07T22:41:16.424+0000] {processor.py:829} INFO - Processing file /opt/airflow/dags/dbt_dag.py for tasks to queue
[2025-11-07T22:41:16.425+0000] {logging_mixin.py:151} INFO - [2025-11-07T22:41:16.424+0000] {dagbag.py:539} INFO - Filling up the DagBag from /opt/airflow/dags/dbt_dag.py
[2025-11-07T22:41:16.449+0000] {processor.py:839} INFO - DAG(s) dict_keys(['dbt_transform']) retrieved from /opt/airflow/dags/dbt_dag.py
[2025-11-07T22:41:16.477+0000] {logging_mixin.py:151} INFO - [2025-11-07T22:41:16.477+0000] {dag.py:2915} INFO - Sync 1 DAGs
[2025-11-07T22:41:16.498+0000] {logging_mixin.py:151} INFO - [2025-11-07T22:41:16.497+0000] {dag.py:3696} INFO - Setting next_dagrun for dbt_transform to 2025-11-07T22:39:31.287022+00:00, run_after=2025-11-07T22:44:31.287022+00:00
[2025-11-07T22:41:16.523+0000] {processor.py:179} INFO - Processing /opt/airflow/dags/dbt_dag.py took 0.102 seconds
[2025-11-07T22:41:46.703+0000] {processor.py:157} INFO - Started process (PID=461) to work on /opt/airflow/dags/dbt_dag.py
[2025-11-07T22:41:46.704+0000] {processor.py:829} INFO - Processing file /opt/airflow/dags/dbt_dag.py for tasks to queue
[2025-11-07T22:41:46.705+0000] {logging_mixin.py:151} INFO - [2025-11-07T22:41:46.705+0000] {dagbag.py:539} INFO - Filling up the DagBag from /opt/airflow/dags/dbt_dag.py
[2025-11-07T22:41:46.723+0000] {processor.py:839} INFO - DAG(s) dict_keys(['dbt_transform']) retrieved from /opt/airflow/dags/dbt_dag.py
[2025-11-07T22:41:46.751+0000] {logging_mixin.py:151} INFO - [2025-11-07T22:41:46.751+0000] {dag.py:2915} INFO - Sync 1 DAGs
[2025-11-07T22:41:46.768+0000] {logging_mixin.py:151} INFO - [2025-11-07T22:41:46.768+0000] {dag.py:3696} INFO - Setting next_dagrun for dbt_transform to 2025-11-07T22:39:31.287022+00:00, run_after=2025-11-07T22:44:31.287022+00:00
[2025-11-07T22:41:46.788+0000] {processor.py:179} INFO - Processing /opt/airflow/dags/dbt_dag.py took 0.087 seconds
[2025-11-07T22:42:17.020+0000] {processor.py:157} INFO - Started process (PID=466) to work on /opt/airflow/dags/dbt_dag.py
[2025-11-07T22:42:17.020+0000] {processor.py:829} INFO - Processing file /opt/airflow/dags/dbt_dag.py for tasks to queue
[2025-11-07T22:42:17.021+0000] {logging_mixin.py:151} INFO - [2025-11-07T22:42:17.021+0000] {dagbag.py:539} INFO - Filling up the DagBag from /opt/airflow/dags/dbt_dag.py
[2025-11-07T22:42:17.041+0000] {processor.py:839} INFO - DAG(s) dict_keys(['dbt_transform']) retrieved from /opt/airflow/dags/dbt_dag.py
[2025-11-07T22:42:17.068+0000] {logging_mixin.py:151} INFO - [2025-11-07T22:42:17.068+0000] {dag.py:2915} INFO - Sync 1 DAGs
[2025-11-07T22:42:17.086+0000] {logging_mixin.py:151} INFO - [2025-11-07T22:42:17.086+0000] {dag.py:3696} INFO - Setting next_dagrun for dbt_transform to 2025-11-07T22:39:31.287022+00:00, run_after=2025-11-07T22:44:31.287022+00:00
[2025-11-07T22:42:17.110+0000] {processor.py:179} INFO - Processing /opt/airflow/dags/dbt_dag.py took 0.094 seconds
[2025-11-07T22:42:47.314+0000] {processor.py:157} INFO - Started process (PID=471) to work on /opt/airflow/dags/dbt_dag.py
[2025-11-07T22:42:47.315+0000] {processor.py:829} INFO - Processing file /opt/airflow/dags/dbt_dag.py for tasks to queue
[2025-11-07T22:42:47.316+0000] {logging_mixin.py:151} INFO - [2025-11-07T22:42:47.315+0000] {dagbag.py:539} INFO - Filling up the DagBag from /opt/airflow/dags/dbt_dag.py
[2025-11-07T22:42:47.335+0000] {processor.py:839} INFO - DAG(s) dict_keys(['dbt_transform']) retrieved from /opt/airflow/dags/dbt_dag.py
[2025-11-07T22:42:47.361+0000] {logging_mixin.py:151} INFO - [2025-11-07T22:42:47.361+0000] {dag.py:2915} INFO - Sync 1 DAGs
[2025-11-07T22:42:47.381+0000] {logging_mixin.py:151} INFO - [2025-11-07T22:42:47.381+0000] {dag.py:3696} INFO - Setting next_dagrun for dbt_transform to 2025-11-07T22:39:31.287022+00:00, run_after=2025-11-07T22:44:31.287022+00:00
[2025-11-07T22:42:47.402+0000] {processor.py:179} INFO - Processing /opt/airflow/dags/dbt_dag.py took 0.091 seconds
[2025-11-07T22:43:17.593+0000] {processor.py:157} INFO - Started process (PID=476) to work on /opt/airflow/dags/dbt_dag.py
[2025-11-07T22:43:17.594+0000] {processor.py:829} INFO - Processing file /opt/airflow/dags/dbt_dag.py for tasks to queue
[2025-11-07T22:43:17.595+0000] {logging_mixin.py:151} INFO - [2025-11-07T22:43:17.595+0000] {dagbag.py:539} INFO - Filling up the DagBag from /opt/airflow/dags/dbt_dag.py
[2025-11-07T22:43:17.613+0000] {processor.py:839} INFO - DAG(s) dict_keys(['dbt_transform']) retrieved from /opt/airflow/dags/dbt_dag.py
[2025-11-07T22:43:17.640+0000] {logging_mixin.py:151} INFO - [2025-11-07T22:43:17.640+0000] {dag.py:2915} INFO - Sync 1 DAGs
[2025-11-07T22:43:17.659+0000] {logging_mixin.py:151} INFO - [2025-11-07T22:43:17.659+0000] {dag.py:3696} INFO - Setting next_dagrun for dbt_transform to 2025-11-07T22:39:31.287022+00:00, run_after=2025-11-07T22:44:31.287022+00:00
[2025-11-07T22:43:17.678+0000] {processor.py:179} INFO - Processing /opt/airflow/dags/dbt_dag.py took 0.088 seconds
[2025-11-07T22:43:47.942+0000] {processor.py:157} INFO - Started process (PID=493) to work on /opt/airflow/dags/dbt_dag.py
[2025-11-07T22:43:47.944+0000] {processor.py:829} INFO - Processing file /opt/airflow/dags/dbt_dag.py for tasks to queue
[2025-11-07T22:43:47.947+0000] {logging_mixin.py:151} INFO - [2025-11-07T22:43:47.946+0000] {dagbag.py:539} INFO - Filling up the DagBag from /opt/airflow/dags/dbt_dag.py
[2025-11-07T22:43:48.047+0000] {processor.py:839} INFO - DAG(s) dict_keys(['dbt_transform']) retrieved from /opt/airflow/dags/dbt_dag.py
[2025-11-07T22:43:48.157+0000] {logging_mixin.py:151} INFO - [2025-11-07T22:43:48.156+0000] {dag.py:2915} INFO - Sync 1 DAGs
[2025-11-07T22:43:48.237+0000] {logging_mixin.py:151} INFO - [2025-11-07T22:43:48.236+0000] {dag.py:3696} INFO - Setting next_dagrun for dbt_transform to 2025-11-07T22:39:31.287022+00:00, run_after=2025-11-07T22:44:31.287022+00:00
[2025-11-07T22:43:48.275+0000] {processor.py:179} INFO - Processing /opt/airflow/dags/dbt_dag.py took 0.352 seconds
[2025-11-07T22:44:18.533+0000] {processor.py:157} INFO - Started process (PID=511) to work on /opt/airflow/dags/dbt_dag.py
[2025-11-07T22:44:18.534+0000] {processor.py:829} INFO - Processing file /opt/airflow/dags/dbt_dag.py for tasks to queue
[2025-11-07T22:44:18.535+0000] {logging_mixin.py:151} INFO - [2025-11-07T22:44:18.534+0000] {dagbag.py:539} INFO - Filling up the DagBag from /opt/airflow/dags/dbt_dag.py
[2025-11-07T22:44:18.557+0000] {processor.py:839} INFO - DAG(s) dict_keys(['dbt_transform']) retrieved from /opt/airflow/dags/dbt_dag.py
[2025-11-07T22:44:18.626+0000] {logging_mixin.py:151} INFO - [2025-11-07T22:44:18.625+0000] {dag.py:2915} INFO - Sync 1 DAGs
[2025-11-07T22:44:18.653+0000] {logging_mixin.py:151} INFO - [2025-11-07T22:44:18.652+0000] {dag.py:3696} INFO - Setting next_dagrun for dbt_transform to 2025-11-07T22:39:31.287022+00:00, run_after=2025-11-07T22:44:31.287022+00:00
[2025-11-07T22:44:18.682+0000] {processor.py:179} INFO - Processing /opt/airflow/dags/dbt_dag.py took 0.153 seconds
[2025-11-07T22:44:48.763+0000] {processor.py:157} INFO - Started process (PID=542) to work on /opt/airflow/dags/dbt_dag.py
[2025-11-07T22:44:48.763+0000] {processor.py:829} INFO - Processing file /opt/airflow/dags/dbt_dag.py for tasks to queue
[2025-11-07T22:44:48.764+0000] {logging_mixin.py:151} INFO - [2025-11-07T22:44:48.764+0000] {dagbag.py:539} INFO - Filling up the DagBag from /opt/airflow/dags/dbt_dag.py
[2025-11-07T22:44:48.781+0000] {processor.py:839} INFO - DAG(s) dict_keys(['dbt_transform']) retrieved from /opt/airflow/dags/dbt_dag.py
[2025-11-07T22:44:48.805+0000] {logging_mixin.py:151} INFO - [2025-11-07T22:44:48.804+0000] {dag.py:2915} INFO - Sync 1 DAGs
[2025-11-07T22:44:48.821+0000] {logging_mixin.py:151} INFO - [2025-11-07T22:44:48.821+0000] {dag.py:3696} INFO - Setting next_dagrun for dbt_transform to 2025-11-07T22:44:31.287022+00:00, run_after=2025-11-07T22:49:31.287022+00:00
[2025-11-07T22:44:48.842+0000] {processor.py:179} INFO - Processing /opt/airflow/dags/dbt_dag.py took 0.082 seconds
[2025-11-07T22:45:19.031+0000] {processor.py:157} INFO - Started process (PID=547) to work on /opt/airflow/dags/dbt_dag.py
[2025-11-07T22:45:19.032+0000] {processor.py:829} INFO - Processing file /opt/airflow/dags/dbt_dag.py for tasks to queue
[2025-11-07T22:45:19.033+0000] {logging_mixin.py:151} INFO - [2025-11-07T22:45:19.033+0000] {dagbag.py:539} INFO - Filling up the DagBag from /opt/airflow/dags/dbt_dag.py
[2025-11-07T22:45:19.054+0000] {processor.py:839} INFO - DAG(s) dict_keys(['dbt_transform']) retrieved from /opt/airflow/dags/dbt_dag.py
[2025-11-07T22:45:19.080+0000] {logging_mixin.py:151} INFO - [2025-11-07T22:45:19.080+0000] {dag.py:2915} INFO - Sync 1 DAGs
[2025-11-07T22:45:19.097+0000] {logging_mixin.py:151} INFO - [2025-11-07T22:45:19.097+0000] {dag.py:3696} INFO - Setting next_dagrun for dbt_transform to 2025-11-07T22:44:31.287022+00:00, run_after=2025-11-07T22:49:31.287022+00:00
[2025-11-07T22:45:19.116+0000] {processor.py:179} INFO - Processing /opt/airflow/dags/dbt_dag.py took 0.089 seconds
[2025-11-07T22:45:49.393+0000] {processor.py:157} INFO - Started process (PID=552) to work on /opt/airflow/dags/dbt_dag.py
[2025-11-07T22:45:49.394+0000] {processor.py:829} INFO - Processing file /opt/airflow/dags/dbt_dag.py for tasks to queue
[2025-11-07T22:45:49.395+0000] {logging_mixin.py:151} INFO - [2025-11-07T22:45:49.395+0000] {dagbag.py:539} INFO - Filling up the DagBag from /opt/airflow/dags/dbt_dag.py
[2025-11-07T22:45:49.418+0000] {processor.py:839} INFO - DAG(s) dict_keys(['dbt_transform']) retrieved from /opt/airflow/dags/dbt_dag.py
[2025-11-07T22:45:49.451+0000] {logging_mixin.py:151} INFO - [2025-11-07T22:45:49.450+0000] {dag.py:2915} INFO - Sync 1 DAGs
[2025-11-07T22:45:49.477+0000] {logging_mixin.py:151} INFO - [2025-11-07T22:45:49.476+0000] {dag.py:3696} INFO - Setting next_dagrun for dbt_transform to 2025-11-07T22:44:31.287022+00:00, run_after=2025-11-07T22:49:31.287022+00:00
[2025-11-07T22:45:49.501+0000] {processor.py:179} INFO - Processing /opt/airflow/dags/dbt_dag.py took 0.110 seconds
[2025-11-07T22:46:19.614+0000] {processor.py:157} INFO - Started process (PID=583) to work on /opt/airflow/dags/dbt_dag.py
[2025-11-07T22:46:19.615+0000] {processor.py:829} INFO - Processing file /opt/airflow/dags/dbt_dag.py for tasks to queue
[2025-11-07T22:46:19.616+0000] {logging_mixin.py:151} INFO - [2025-11-07T22:46:19.616+0000] {dagbag.py:539} INFO - Filling up the DagBag from /opt/airflow/dags/dbt_dag.py
[2025-11-07T22:46:19.639+0000] {processor.py:839} INFO - DAG(s) dict_keys(['dbt_transform']) retrieved from /opt/airflow/dags/dbt_dag.py
[2025-11-07T22:46:19.667+0000] {logging_mixin.py:151} INFO - [2025-11-07T22:46:19.667+0000] {dag.py:2915} INFO - Sync 1 DAGs
[2025-11-07T22:46:19.687+0000] {logging_mixin.py:151} INFO - [2025-11-07T22:46:19.687+0000] {dag.py:3696} INFO - Setting next_dagrun for dbt_transform to 2025-11-07T22:44:31.287022+00:00, run_after=2025-11-07T22:49:31.287022+00:00
[2025-11-07T22:46:19.710+0000] {processor.py:179} INFO - Processing /opt/airflow/dags/dbt_dag.py took 0.100 seconds
[2025-11-07T22:46:49.985+0000] {processor.py:157} INFO - Started process (PID=588) to work on /opt/airflow/dags/dbt_dag.py
[2025-11-07T22:46:49.986+0000] {processor.py:829} INFO - Processing file /opt/airflow/dags/dbt_dag.py for tasks to queue
[2025-11-07T22:46:49.986+0000] {logging_mixin.py:151} INFO - [2025-11-07T22:46:49.986+0000] {dagbag.py:539} INFO - Filling up the DagBag from /opt/airflow/dags/dbt_dag.py
[2025-11-07T22:46:50.004+0000] {processor.py:839} INFO - DAG(s) dict_keys(['dbt_transform']) retrieved from /opt/airflow/dags/dbt_dag.py
[2025-11-07T22:46:50.033+0000] {logging_mixin.py:151} INFO - [2025-11-07T22:46:50.033+0000] {dag.py:2915} INFO - Sync 1 DAGs
[2025-11-07T22:46:50.053+0000] {logging_mixin.py:151} INFO - [2025-11-07T22:46:50.053+0000] {dag.py:3696} INFO - Setting next_dagrun for dbt_transform to 2025-11-07T22:44:31.287022+00:00, run_after=2025-11-07T22:49:31.287022+00:00
[2025-11-07T22:46:50.075+0000] {processor.py:179} INFO - Processing /opt/airflow/dags/dbt_dag.py took 0.093 seconds
[2025-11-07T22:47:20.255+0000] {processor.py:157} INFO - Started process (PID=593) to work on /opt/airflow/dags/dbt_dag.py
[2025-11-07T22:47:20.256+0000] {processor.py:829} INFO - Processing file /opt/airflow/dags/dbt_dag.py for tasks to queue
[2025-11-07T22:47:20.257+0000] {logging_mixin.py:151} INFO - [2025-11-07T22:47:20.257+0000] {dagbag.py:539} INFO - Filling up the DagBag from /opt/airflow/dags/dbt_dag.py
[2025-11-07T22:47:20.277+0000] {processor.py:839} INFO - DAG(s) dict_keys(['dbt_transform']) retrieved from /opt/airflow/dags/dbt_dag.py
[2025-11-07T22:47:20.344+0000] {logging_mixin.py:151} INFO - [2025-11-07T22:47:20.344+0000] {dag.py:2915} INFO - Sync 1 DAGs
[2025-11-07T22:47:20.362+0000] {logging_mixin.py:151} INFO - [2025-11-07T22:47:20.362+0000] {dag.py:3696} INFO - Setting next_dagrun for dbt_transform to 2025-11-07T22:44:31.287022+00:00, run_after=2025-11-07T22:49:31.287022+00:00
[2025-11-07T22:47:20.427+0000] {processor.py:179} INFO - Processing /opt/airflow/dags/dbt_dag.py took 0.176 seconds
[2025-11-07T22:47:50.554+0000] {processor.py:157} INFO - Started process (PID=598) to work on /opt/airflow/dags/dbt_dag.py
[2025-11-07T22:47:50.555+0000] {processor.py:829} INFO - Processing file /opt/airflow/dags/dbt_dag.py for tasks to queue
[2025-11-07T22:47:50.556+0000] {logging_mixin.py:151} INFO - [2025-11-07T22:47:50.556+0000] {dagbag.py:539} INFO - Filling up the DagBag from /opt/airflow/dags/dbt_dag.py
[2025-11-07T22:47:50.574+0000] {processor.py:839} INFO - DAG(s) dict_keys(['dbt_transform']) retrieved from /opt/airflow/dags/dbt_dag.py
[2025-11-07T22:47:50.602+0000] {logging_mixin.py:151} INFO - [2025-11-07T22:47:50.602+0000] {dag.py:2915} INFO - Sync 1 DAGs
[2025-11-07T22:47:50.619+0000] {logging_mixin.py:151} INFO - [2025-11-07T22:47:50.619+0000] {dag.py:3696} INFO - Setting next_dagrun for dbt_transform to 2025-11-07T22:44:31.287022+00:00, run_after=2025-11-07T22:49:31.287022+00:00
[2025-11-07T22:47:50.636+0000] {processor.py:179} INFO - Processing /opt/airflow/dags/dbt_dag.py took 0.086 seconds
[2025-11-07T22:48:20.880+0000] {processor.py:157} INFO - Started process (PID=603) to work on /opt/airflow/dags/dbt_dag.py
[2025-11-07T22:48:20.880+0000] {processor.py:829} INFO - Processing file /opt/airflow/dags/dbt_dag.py for tasks to queue
[2025-11-07T22:48:20.881+0000] {logging_mixin.py:151} INFO - [2025-11-07T22:48:20.881+0000] {dagbag.py:539} INFO - Filling up the DagBag from /opt/airflow/dags/dbt_dag.py
[2025-11-07T22:48:20.899+0000] {processor.py:839} INFO - DAG(s) dict_keys(['dbt_transform']) retrieved from /opt/airflow/dags/dbt_dag.py
[2025-11-07T22:48:20.923+0000] {logging_mixin.py:151} INFO - [2025-11-07T22:48:20.923+0000] {dag.py:2915} INFO - Sync 1 DAGs
[2025-11-07T22:48:20.940+0000] {logging_mixin.py:151} INFO - [2025-11-07T22:48:20.940+0000] {dag.py:3696} INFO - Setting next_dagrun for dbt_transform to 2025-11-07T22:44:31.287022+00:00, run_after=2025-11-07T22:49:31.287022+00:00
[2025-11-07T22:48:20.959+0000] {processor.py:179} INFO - Processing /opt/airflow/dags/dbt_dag.py took 0.082 seconds
[2025-11-07T22:48:51.201+0000] {processor.py:157} INFO - Started process (PID=608) to work on /opt/airflow/dags/dbt_dag.py
[2025-11-07T22:48:51.201+0000] {processor.py:829} INFO - Processing file /opt/airflow/dags/dbt_dag.py for tasks to queue
[2025-11-07T22:48:51.202+0000] {logging_mixin.py:151} INFO - [2025-11-07T22:48:51.202+0000] {dagbag.py:539} INFO - Filling up the DagBag from /opt/airflow/dags/dbt_dag.py
[2025-11-07T22:48:51.219+0000] {processor.py:839} INFO - DAG(s) dict_keys(['dbt_transform']) retrieved from /opt/airflow/dags/dbt_dag.py
[2025-11-07T22:48:51.243+0000] {logging_mixin.py:151} INFO - [2025-11-07T22:48:51.243+0000] {dag.py:2915} INFO - Sync 1 DAGs
[2025-11-07T22:48:51.261+0000] {logging_mixin.py:151} INFO - [2025-11-07T22:48:51.261+0000] {dag.py:3696} INFO - Setting next_dagrun for dbt_transform to 2025-11-07T22:44:31.287022+00:00, run_after=2025-11-07T22:49:31.287022+00:00
[2025-11-07T22:48:51.280+0000] {processor.py:179} INFO - Processing /opt/airflow/dags/dbt_dag.py took 0.082 seconds
[2025-11-07T22:49:21.502+0000] {processor.py:157} INFO - Started process (PID=613) to work on /opt/airflow/dags/dbt_dag.py
[2025-11-07T22:49:21.503+0000] {processor.py:829} INFO - Processing file /opt/airflow/dags/dbt_dag.py for tasks to queue
[2025-11-07T22:49:21.503+0000] {logging_mixin.py:151} INFO - [2025-11-07T22:49:21.503+0000] {dagbag.py:539} INFO - Filling up the DagBag from /opt/airflow/dags/dbt_dag.py
[2025-11-07T22:49:21.521+0000] {processor.py:839} INFO - DAG(s) dict_keys(['dbt_transform']) retrieved from /opt/airflow/dags/dbt_dag.py
[2025-11-07T22:49:21.548+0000] {logging_mixin.py:151} INFO - [2025-11-07T22:49:21.547+0000] {dag.py:2915} INFO - Sync 1 DAGs
[2025-11-07T22:49:21.569+0000] {logging_mixin.py:151} INFO - [2025-11-07T22:49:21.569+0000] {dag.py:3696} INFO - Setting next_dagrun for dbt_transform to 2025-11-07T22:44:31.287022+00:00, run_after=2025-11-07T22:49:31.287022+00:00
[2025-11-07T22:49:21.590+0000] {processor.py:179} INFO - Processing /opt/airflow/dags/dbt_dag.py took 0.090 seconds
[2025-11-07T22:49:51.742+0000] {processor.py:157} INFO - Started process (PID=643) to work on /opt/airflow/dags/dbt_dag.py
[2025-11-07T22:49:51.743+0000] {processor.py:829} INFO - Processing file /opt/airflow/dags/dbt_dag.py for tasks to queue
[2025-11-07T22:49:51.744+0000] {logging_mixin.py:151} INFO - [2025-11-07T22:49:51.744+0000] {dagbag.py:539} INFO - Filling up the DagBag from /opt/airflow/dags/dbt_dag.py
[2025-11-07T22:49:51.761+0000] {processor.py:839} INFO - DAG(s) dict_keys(['dbt_transform']) retrieved from /opt/airflow/dags/dbt_dag.py
[2025-11-07T22:49:51.788+0000] {logging_mixin.py:151} INFO - [2025-11-07T22:49:51.788+0000] {dag.py:2915} INFO - Sync 1 DAGs
[2025-11-07T22:49:51.806+0000] {logging_mixin.py:151} INFO - [2025-11-07T22:49:51.805+0000] {dag.py:3696} INFO - Setting next_dagrun for dbt_transform to 2025-11-07T22:49:31.287022+00:00, run_after=2025-11-07T22:54:31.287022+00:00
[2025-11-07T22:49:51.825+0000] {processor.py:179} INFO - Processing /opt/airflow/dags/dbt_dag.py took 0.085 seconds
[2025-11-07T22:50:22.132+0000] {processor.py:157} INFO - Started process (PID=648) to work on /opt/airflow/dags/dbt_dag.py
[2025-11-07T22:50:22.132+0000] {processor.py:829} INFO - Processing file /opt/airflow/dags/dbt_dag.py for tasks to queue
[2025-11-07T22:50:22.133+0000] {logging_mixin.py:151} INFO - [2025-11-07T22:50:22.133+0000] {dagbag.py:539} INFO - Filling up the DagBag from /opt/airflow/dags/dbt_dag.py
[2025-11-07T22:50:22.150+0000] {processor.py:839} INFO - DAG(s) dict_keys(['dbt_transform']) retrieved from /opt/airflow/dags/dbt_dag.py
[2025-11-07T22:50:22.177+0000] {logging_mixin.py:151} INFO - [2025-11-07T22:50:22.177+0000] {dag.py:2915} INFO - Sync 1 DAGs
[2025-11-07T22:50:22.197+0000] {logging_mixin.py:151} INFO - [2025-11-07T22:50:22.197+0000] {dag.py:3696} INFO - Setting next_dagrun for dbt_transform to 2025-11-07T22:49:31.287022+00:00, run_after=2025-11-07T22:54:31.287022+00:00
[2025-11-07T22:50:22.218+0000] {processor.py:179} INFO - Processing /opt/airflow/dags/dbt_dag.py took 0.090 seconds
[2025-11-07T22:50:52.440+0000] {processor.py:157} INFO - Started process (PID=653) to work on /opt/airflow/dags/dbt_dag.py
[2025-11-07T22:50:52.441+0000] {processor.py:829} INFO - Processing file /opt/airflow/dags/dbt_dag.py for tasks to queue
[2025-11-07T22:50:52.443+0000] {logging_mixin.py:151} INFO - [2025-11-07T22:50:52.442+0000] {dagbag.py:539} INFO - Filling up the DagBag from /opt/airflow/dags/dbt_dag.py
[2025-11-07T22:50:52.462+0000] {processor.py:839} INFO - DAG(s) dict_keys(['dbt_transform']) retrieved from /opt/airflow/dags/dbt_dag.py
[2025-11-07T22:50:52.491+0000] {logging_mixin.py:151} INFO - [2025-11-07T22:50:52.491+0000] {dag.py:2915} INFO - Sync 1 DAGs
[2025-11-07T22:50:52.516+0000] {logging_mixin.py:151} INFO - [2025-11-07T22:50:52.516+0000] {dag.py:3696} INFO - Setting next_dagrun for dbt_transform to 2025-11-07T22:49:31.287022+00:00, run_after=2025-11-07T22:54:31.287022+00:00
[2025-11-07T22:50:52.539+0000] {processor.py:179} INFO - Processing /opt/airflow/dags/dbt_dag.py took 0.104 seconds
[2025-11-07T22:51:22.704+0000] {processor.py:157} INFO - Started process (PID=658) to work on /opt/airflow/dags/dbt_dag.py
[2025-11-07T22:51:22.704+0000] {processor.py:829} INFO - Processing file /opt/airflow/dags/dbt_dag.py for tasks to queue
[2025-11-07T22:51:22.705+0000] {logging_mixin.py:151} INFO - [2025-11-07T22:51:22.705+0000] {dagbag.py:539} INFO - Filling up the DagBag from /opt/airflow/dags/dbt_dag.py
[2025-11-07T22:51:22.724+0000] {processor.py:839} INFO - DAG(s) dict_keys(['dbt_transform']) retrieved from /opt/airflow/dags/dbt_dag.py
[2025-11-07T22:51:22.763+0000] {logging_mixin.py:151} INFO - [2025-11-07T22:51:22.762+0000] {dag.py:2915} INFO - Sync 1 DAGs
[2025-11-07T22:51:22.785+0000] {logging_mixin.py:151} INFO - [2025-11-07T22:51:22.785+0000] {dag.py:3696} INFO - Setting next_dagrun for dbt_transform to 2025-11-07T22:49:31.287022+00:00, run_after=2025-11-07T22:54:31.287022+00:00
[2025-11-07T22:51:22.802+0000] {processor.py:179} INFO - Processing /opt/airflow/dags/dbt_dag.py took 0.102 seconds
[2025-11-07T22:51:53.040+0000] {processor.py:157} INFO - Started process (PID=663) to work on /opt/airflow/dags/dbt_dag.py
[2025-11-07T22:51:53.040+0000] {processor.py:829} INFO - Processing file /opt/airflow/dags/dbt_dag.py for tasks to queue
[2025-11-07T22:51:53.041+0000] {logging_mixin.py:151} INFO - [2025-11-07T22:51:53.041+0000] {dagbag.py:539} INFO - Filling up the DagBag from /opt/airflow/dags/dbt_dag.py
[2025-11-07T22:51:53.064+0000] {processor.py:839} INFO - DAG(s) dict_keys(['dbt_transform']) retrieved from /opt/airflow/dags/dbt_dag.py
[2025-11-07T22:51:53.092+0000] {logging_mixin.py:151} INFO - [2025-11-07T22:51:53.092+0000] {dag.py:2915} INFO - Sync 1 DAGs
[2025-11-07T22:51:53.111+0000] {logging_mixin.py:151} INFO - [2025-11-07T22:51:53.111+0000] {dag.py:3696} INFO - Setting next_dagrun for dbt_transform to 2025-11-07T22:49:31.287022+00:00, run_after=2025-11-07T22:54:31.287022+00:00
[2025-11-07T22:51:53.133+0000] {processor.py:179} INFO - Processing /opt/airflow/dags/dbt_dag.py took 0.096 seconds
[2025-11-07T22:52:23.352+0000] {processor.py:157} INFO - Started process (PID=668) to work on /opt/airflow/dags/dbt_dag.py
[2025-11-07T22:52:23.352+0000] {processor.py:829} INFO - Processing file /opt/airflow/dags/dbt_dag.py for tasks to queue
[2025-11-07T22:52:23.354+0000] {logging_mixin.py:151} INFO - [2025-11-07T22:52:23.353+0000] {dagbag.py:539} INFO - Filling up the DagBag from /opt/airflow/dags/dbt_dag.py
[2025-11-07T22:52:23.375+0000] {processor.py:839} INFO - DAG(s) dict_keys(['dbt_transform']) retrieved from /opt/airflow/dags/dbt_dag.py
[2025-11-07T22:52:23.405+0000] {logging_mixin.py:151} INFO - [2025-11-07T22:52:23.405+0000] {dag.py:2915} INFO - Sync 1 DAGs
[2025-11-07T22:52:23.427+0000] {logging_mixin.py:151} INFO - [2025-11-07T22:52:23.426+0000] {dag.py:3696} INFO - Setting next_dagrun for dbt_transform to 2025-11-07T22:49:31.287022+00:00, run_after=2025-11-07T22:54:31.287022+00:00
[2025-11-07T22:52:23.453+0000] {processor.py:179} INFO - Processing /opt/airflow/dags/dbt_dag.py took 0.105 seconds
[2025-11-07T22:52:53.622+0000] {processor.py:157} INFO - Started process (PID=673) to work on /opt/airflow/dags/dbt_dag.py
[2025-11-07T22:52:53.622+0000] {processor.py:829} INFO - Processing file /opt/airflow/dags/dbt_dag.py for tasks to queue
[2025-11-07T22:52:53.623+0000] {logging_mixin.py:151} INFO - [2025-11-07T22:52:53.623+0000] {dagbag.py:539} INFO - Filling up the DagBag from /opt/airflow/dags/dbt_dag.py
[2025-11-07T22:52:53.644+0000] {processor.py:839} INFO - DAG(s) dict_keys(['dbt_transform']) retrieved from /opt/airflow/dags/dbt_dag.py
[2025-11-07T22:52:53.674+0000] {logging_mixin.py:151} INFO - [2025-11-07T22:52:53.674+0000] {dag.py:2915} INFO - Sync 1 DAGs
[2025-11-07T22:52:53.700+0000] {logging_mixin.py:151} INFO - [2025-11-07T22:52:53.700+0000] {dag.py:3696} INFO - Setting next_dagrun for dbt_transform to 2025-11-07T22:49:31.287022+00:00, run_after=2025-11-07T22:54:31.287022+00:00
[2025-11-07T22:52:53.724+0000] {processor.py:179} INFO - Processing /opt/airflow/dags/dbt_dag.py took 0.107 seconds
[2025-11-07T22:53:23.908+0000] {processor.py:157} INFO - Started process (PID=678) to work on /opt/airflow/dags/dbt_dag.py
[2025-11-07T22:53:23.909+0000] {processor.py:829} INFO - Processing file /opt/airflow/dags/dbt_dag.py for tasks to queue
[2025-11-07T22:53:23.910+0000] {logging_mixin.py:151} INFO - [2025-11-07T22:53:23.910+0000] {dagbag.py:539} INFO - Filling up the DagBag from /opt/airflow/dags/dbt_dag.py
[2025-11-07T22:53:23.929+0000] {processor.py:839} INFO - DAG(s) dict_keys(['dbt_transform']) retrieved from /opt/airflow/dags/dbt_dag.py
[2025-11-07T22:53:23.954+0000] {logging_mixin.py:151} INFO - [2025-11-07T22:53:23.954+0000] {dag.py:2915} INFO - Sync 1 DAGs
[2025-11-07T22:53:23.973+0000] {logging_mixin.py:151} INFO - [2025-11-07T22:53:23.973+0000] {dag.py:3696} INFO - Setting next_dagrun for dbt_transform to 2025-11-07T22:49:31.287022+00:00, run_after=2025-11-07T22:54:31.287022+00:00
[2025-11-07T22:53:23.992+0000] {processor.py:179} INFO - Processing /opt/airflow/dags/dbt_dag.py took 0.087 seconds
[2025-11-07T22:53:54.199+0000] {processor.py:157} INFO - Started process (PID=683) to work on /opt/airflow/dags/dbt_dag.py
[2025-11-07T22:53:54.200+0000] {processor.py:829} INFO - Processing file /opt/airflow/dags/dbt_dag.py for tasks to queue
[2025-11-07T22:53:54.201+0000] {logging_mixin.py:151} INFO - [2025-11-07T22:53:54.201+0000] {dagbag.py:539} INFO - Filling up the DagBag from /opt/airflow/dags/dbt_dag.py
[2025-11-07T22:53:54.234+0000] {processor.py:839} INFO - DAG(s) dict_keys(['dbt_transform']) retrieved from /opt/airflow/dags/dbt_dag.py
[2025-11-07T22:53:54.273+0000] {logging_mixin.py:151} INFO - [2025-11-07T22:53:54.273+0000] {dag.py:2915} INFO - Sync 1 DAGs
[2025-11-07T22:53:54.299+0000] {logging_mixin.py:151} INFO - [2025-11-07T22:53:54.299+0000] {dag.py:3696} INFO - Setting next_dagrun for dbt_transform to 2025-11-07T22:49:31.287022+00:00, run_after=2025-11-07T22:54:31.287022+00:00
[2025-11-07T22:53:54.321+0000] {processor.py:179} INFO - Processing /opt/airflow/dags/dbt_dag.py took 0.124 seconds
[2025-11-07T22:54:24.461+0000] {processor.py:157} INFO - Started process (PID=688) to work on /opt/airflow/dags/dbt_dag.py
[2025-11-07T22:54:24.462+0000] {processor.py:829} INFO - Processing file /opt/airflow/dags/dbt_dag.py for tasks to queue
[2025-11-07T22:54:24.462+0000] {logging_mixin.py:151} INFO - [2025-11-07T22:54:24.462+0000] {dagbag.py:539} INFO - Filling up the DagBag from /opt/airflow/dags/dbt_dag.py
[2025-11-07T22:54:24.483+0000] {processor.py:839} INFO - DAG(s) dict_keys(['dbt_transform']) retrieved from /opt/airflow/dags/dbt_dag.py
[2025-11-07T22:54:24.512+0000] {logging_mixin.py:151} INFO - [2025-11-07T22:54:24.512+0000] {dag.py:2915} INFO - Sync 1 DAGs
[2025-11-07T22:54:24.533+0000] {logging_mixin.py:151} INFO - [2025-11-07T22:54:24.533+0000] {dag.py:3696} INFO - Setting next_dagrun for dbt_transform to 2025-11-07T22:49:31.287022+00:00, run_after=2025-11-07T22:54:31.287022+00:00
[2025-11-07T22:54:24.553+0000] {processor.py:179} INFO - Processing /opt/airflow/dags/dbt_dag.py took 0.096 seconds
[2025-11-07T22:54:54.884+0000] {processor.py:157} INFO - Started process (PID=719) to work on /opt/airflow/dags/dbt_dag.py
[2025-11-07T22:54:54.885+0000] {processor.py:829} INFO - Processing file /opt/airflow/dags/dbt_dag.py for tasks to queue
[2025-11-07T22:54:54.885+0000] {logging_mixin.py:151} INFO - [2025-11-07T22:54:54.885+0000] {dagbag.py:539} INFO - Filling up the DagBag from /opt/airflow/dags/dbt_dag.py
[2025-11-07T22:54:54.902+0000] {processor.py:839} INFO - DAG(s) dict_keys(['dbt_transform']) retrieved from /opt/airflow/dags/dbt_dag.py
[2025-11-07T22:54:54.928+0000] {logging_mixin.py:151} INFO - [2025-11-07T22:54:54.928+0000] {dag.py:2915} INFO - Sync 1 DAGs
[2025-11-07T22:54:54.946+0000] {logging_mixin.py:151} INFO - [2025-11-07T22:54:54.946+0000] {dag.py:3696} INFO - Setting next_dagrun for dbt_transform to 2025-11-07T22:54:31.287022+00:00, run_after=2025-11-07T22:59:31.287022+00:00
[2025-11-07T22:54:54.967+0000] {processor.py:179} INFO - Processing /opt/airflow/dags/dbt_dag.py took 0.086 seconds
[2025-11-07T22:55:25.217+0000] {processor.py:157} INFO - Started process (PID=724) to work on /opt/airflow/dags/dbt_dag.py
[2025-11-07T22:55:25.217+0000] {processor.py:829} INFO - Processing file /opt/airflow/dags/dbt_dag.py for tasks to queue
[2025-11-07T22:55:25.218+0000] {logging_mixin.py:151} INFO - [2025-11-07T22:55:25.218+0000] {dagbag.py:539} INFO - Filling up the DagBag from /opt/airflow/dags/dbt_dag.py
[2025-11-07T22:55:25.234+0000] {processor.py:839} INFO - DAG(s) dict_keys(['dbt_transform']) retrieved from /opt/airflow/dags/dbt_dag.py
[2025-11-07T22:55:25.257+0000] {logging_mixin.py:151} INFO - [2025-11-07T22:55:25.257+0000] {dag.py:2915} INFO - Sync 1 DAGs
[2025-11-07T22:55:25.275+0000] {logging_mixin.py:151} INFO - [2025-11-07T22:55:25.275+0000] {dag.py:3696} INFO - Setting next_dagrun for dbt_transform to 2025-11-07T22:54:31.287022+00:00, run_after=2025-11-07T22:59:31.287022+00:00
[2025-11-07T22:55:25.295+0000] {processor.py:179} INFO - Processing /opt/airflow/dags/dbt_dag.py took 0.081 seconds
[2025-11-07T22:55:55.526+0000] {processor.py:157} INFO - Started process (PID=729) to work on /opt/airflow/dags/dbt_dag.py
[2025-11-07T22:55:55.528+0000] {processor.py:829} INFO - Processing file /opt/airflow/dags/dbt_dag.py for tasks to queue
[2025-11-07T22:55:55.529+0000] {logging_mixin.py:151} INFO - [2025-11-07T22:55:55.528+0000] {dagbag.py:539} INFO - Filling up the DagBag from /opt/airflow/dags/dbt_dag.py
[2025-11-07T22:55:55.553+0000] {processor.py:839} INFO - DAG(s) dict_keys(['dbt_transform']) retrieved from /opt/airflow/dags/dbt_dag.py
[2025-11-07T22:55:55.585+0000] {logging_mixin.py:151} INFO - [2025-11-07T22:55:55.584+0000] {dag.py:2915} INFO - Sync 1 DAGs
[2025-11-07T22:55:55.607+0000] {logging_mixin.py:151} INFO - [2025-11-07T22:55:55.606+0000] {dag.py:3696} INFO - Setting next_dagrun for dbt_transform to 2025-11-07T22:54:31.287022+00:00, run_after=2025-11-07T22:59:31.287022+00:00
[2025-11-07T22:55:55.631+0000] {processor.py:179} INFO - Processing /opt/airflow/dags/dbt_dag.py took 0.109 seconds
[2025-11-07T22:56:25.770+0000] {processor.py:157} INFO - Started process (PID=734) to work on /opt/airflow/dags/dbt_dag.py
[2025-11-07T22:56:25.771+0000] {processor.py:829} INFO - Processing file /opt/airflow/dags/dbt_dag.py for tasks to queue
[2025-11-07T22:56:25.772+0000] {logging_mixin.py:151} INFO - [2025-11-07T22:56:25.772+0000] {dagbag.py:539} INFO - Filling up the DagBag from /opt/airflow/dags/dbt_dag.py
[2025-11-07T22:56:25.796+0000] {processor.py:839} INFO - DAG(s) dict_keys(['dbt_transform']) retrieved from /opt/airflow/dags/dbt_dag.py
[2025-11-07T22:56:25.828+0000] {logging_mixin.py:151} INFO - [2025-11-07T22:56:25.828+0000] {dag.py:2915} INFO - Sync 1 DAGs
[2025-11-07T22:56:25.854+0000] {logging_mixin.py:151} INFO - [2025-11-07T22:56:25.854+0000] {dag.py:3696} INFO - Setting next_dagrun for dbt_transform to 2025-11-07T22:54:31.287022+00:00, run_after=2025-11-07T22:59:31.287022+00:00
[2025-11-07T22:56:25.879+0000] {processor.py:179} INFO - Processing /opt/airflow/dags/dbt_dag.py took 0.113 seconds
[2025-11-07T22:56:56.081+0000] {processor.py:157} INFO - Started process (PID=739) to work on /opt/airflow/dags/dbt_dag.py
[2025-11-07T22:56:56.082+0000] {processor.py:829} INFO - Processing file /opt/airflow/dags/dbt_dag.py for tasks to queue
[2025-11-07T22:56:56.083+0000] {logging_mixin.py:151} INFO - [2025-11-07T22:56:56.082+0000] {dagbag.py:539} INFO - Filling up the DagBag from /opt/airflow/dags/dbt_dag.py
[2025-11-07T22:56:56.102+0000] {processor.py:839} INFO - DAG(s) dict_keys(['dbt_transform']) retrieved from /opt/airflow/dags/dbt_dag.py
[2025-11-07T22:56:56.130+0000] {logging_mixin.py:151} INFO - [2025-11-07T22:56:56.130+0000] {dag.py:2915} INFO - Sync 1 DAGs
[2025-11-07T22:56:56.152+0000] {logging_mixin.py:151} INFO - [2025-11-07T22:56:56.152+0000] {dag.py:3696} INFO - Setting next_dagrun for dbt_transform to 2025-11-07T22:54:31.287022+00:00, run_after=2025-11-07T22:59:31.287022+00:00
[2025-11-07T22:56:56.173+0000] {processor.py:179} INFO - Processing /opt/airflow/dags/dbt_dag.py took 0.095 seconds
[2025-11-07T22:57:26.324+0000] {processor.py:157} INFO - Started process (PID=744) to work on /opt/airflow/dags/dbt_dag.py
[2025-11-07T22:57:26.325+0000] {processor.py:829} INFO - Processing file /opt/airflow/dags/dbt_dag.py for tasks to queue
[2025-11-07T22:57:26.326+0000] {logging_mixin.py:151} INFO - [2025-11-07T22:57:26.325+0000] {dagbag.py:539} INFO - Filling up the DagBag from /opt/airflow/dags/dbt_dag.py
[2025-11-07T22:57:26.342+0000] {processor.py:839} INFO - DAG(s) dict_keys(['dbt_transform']) retrieved from /opt/airflow/dags/dbt_dag.py
[2025-11-07T22:57:26.367+0000] {logging_mixin.py:151} INFO - [2025-11-07T22:57:26.367+0000] {dag.py:2915} INFO - Sync 1 DAGs
[2025-11-07T22:57:26.387+0000] {logging_mixin.py:151} INFO - [2025-11-07T22:57:26.387+0000] {dag.py:3696} INFO - Setting next_dagrun for dbt_transform to 2025-11-07T22:54:31.287022+00:00, run_after=2025-11-07T22:59:31.287022+00:00
[2025-11-07T22:57:26.408+0000] {processor.py:179} INFO - Processing /opt/airflow/dags/dbt_dag.py took 0.088 seconds
[2025-11-07T22:57:56.650+0000] {processor.py:157} INFO - Started process (PID=749) to work on /opt/airflow/dags/dbt_dag.py
[2025-11-07T22:57:56.651+0000] {processor.py:829} INFO - Processing file /opt/airflow/dags/dbt_dag.py for tasks to queue
[2025-11-07T22:57:56.652+0000] {logging_mixin.py:151} INFO - [2025-11-07T22:57:56.651+0000] {dagbag.py:539} INFO - Filling up the DagBag from /opt/airflow/dags/dbt_dag.py
[2025-11-07T22:57:56.669+0000] {processor.py:839} INFO - DAG(s) dict_keys(['dbt_transform']) retrieved from /opt/airflow/dags/dbt_dag.py
[2025-11-07T22:57:56.695+0000] {logging_mixin.py:151} INFO - [2025-11-07T22:57:56.694+0000] {dag.py:2915} INFO - Sync 1 DAGs
[2025-11-07T22:57:56.713+0000] {logging_mixin.py:151} INFO - [2025-11-07T22:57:56.713+0000] {dag.py:3696} INFO - Setting next_dagrun for dbt_transform to 2025-11-07T22:54:31.287022+00:00, run_after=2025-11-07T22:59:31.287022+00:00
[2025-11-07T22:57:56.733+0000] {processor.py:179} INFO - Processing /opt/airflow/dags/dbt_dag.py took 0.085 seconds
[2025-11-07T22:58:26.887+0000] {processor.py:157} INFO - Started process (PID=754) to work on /opt/airflow/dags/dbt_dag.py
[2025-11-07T22:58:26.888+0000] {processor.py:829} INFO - Processing file /opt/airflow/dags/dbt_dag.py for tasks to queue
[2025-11-07T22:58:26.889+0000] {logging_mixin.py:151} INFO - [2025-11-07T22:58:26.889+0000] {dagbag.py:539} INFO - Filling up the DagBag from /opt/airflow/dags/dbt_dag.py
[2025-11-07T22:58:26.920+0000] {processor.py:839} INFO - DAG(s) dict_keys(['dbt_transform']) retrieved from /opt/airflow/dags/dbt_dag.py
[2025-11-07T22:58:26.967+0000] {logging_mixin.py:151} INFO - [2025-11-07T22:58:26.966+0000] {dag.py:2915} INFO - Sync 1 DAGs
[2025-11-07T22:58:26.998+0000] {logging_mixin.py:151} INFO - [2025-11-07T22:58:26.997+0000] {dag.py:3696} INFO - Setting next_dagrun for dbt_transform to 2025-11-07T22:54:31.287022+00:00, run_after=2025-11-07T22:59:31.287022+00:00
[2025-11-07T22:58:27.022+0000] {processor.py:179} INFO - Processing /opt/airflow/dags/dbt_dag.py took 0.140 seconds
[2025-11-07T22:58:57.225+0000] {processor.py:157} INFO - Started process (PID=759) to work on /opt/airflow/dags/dbt_dag.py
[2025-11-07T22:58:57.226+0000] {processor.py:829} INFO - Processing file /opt/airflow/dags/dbt_dag.py for tasks to queue
[2025-11-07T22:58:57.227+0000] {logging_mixin.py:151} INFO - [2025-11-07T22:58:57.227+0000] {dagbag.py:539} INFO - Filling up the DagBag from /opt/airflow/dags/dbt_dag.py
[2025-11-07T22:58:57.249+0000] {processor.py:839} INFO - DAG(s) dict_keys(['dbt_transform']) retrieved from /opt/airflow/dags/dbt_dag.py
[2025-11-07T22:58:57.274+0000] {logging_mixin.py:151} INFO - [2025-11-07T22:58:57.274+0000] {dag.py:2915} INFO - Sync 1 DAGs
[2025-11-07T22:58:57.292+0000] {logging_mixin.py:151} INFO - [2025-11-07T22:58:57.291+0000] {dag.py:3696} INFO - Setting next_dagrun for dbt_transform to 2025-11-07T22:54:31.287022+00:00, run_after=2025-11-07T22:59:31.287022+00:00
[2025-11-07T22:58:57.311+0000] {processor.py:179} INFO - Processing /opt/airflow/dags/dbt_dag.py took 0.089 seconds
[2025-11-07T22:59:27.525+0000] {processor.py:157} INFO - Started process (PID=764) to work on /opt/airflow/dags/dbt_dag.py
[2025-11-07T22:59:27.526+0000] {processor.py:829} INFO - Processing file /opt/airflow/dags/dbt_dag.py for tasks to queue
[2025-11-07T22:59:27.528+0000] {logging_mixin.py:151} INFO - [2025-11-07T22:59:27.527+0000] {dagbag.py:539} INFO - Filling up the DagBag from /opt/airflow/dags/dbt_dag.py
[2025-11-07T22:59:27.547+0000] {processor.py:839} INFO - DAG(s) dict_keys(['dbt_transform']) retrieved from /opt/airflow/dags/dbt_dag.py
[2025-11-07T22:59:27.579+0000] {logging_mixin.py:151} INFO - [2025-11-07T22:59:27.579+0000] {dag.py:2915} INFO - Sync 1 DAGs
[2025-11-07T22:59:27.596+0000] {logging_mixin.py:151} INFO - [2025-11-07T22:59:27.596+0000] {dag.py:3696} INFO - Setting next_dagrun for dbt_transform to 2025-11-07T22:54:31.287022+00:00, run_after=2025-11-07T22:59:31.287022+00:00
[2025-11-07T22:59:27.619+0000] {processor.py:179} INFO - Processing /opt/airflow/dags/dbt_dag.py took 0.096 seconds
[2025-11-07T22:59:57.827+0000] {processor.py:157} INFO - Started process (PID=795) to work on /opt/airflow/dags/dbt_dag.py
[2025-11-07T22:59:57.829+0000] {processor.py:829} INFO - Processing file /opt/airflow/dags/dbt_dag.py for tasks to queue
[2025-11-07T22:59:57.832+0000] {logging_mixin.py:151} INFO - [2025-11-07T22:59:57.831+0000] {dagbag.py:539} INFO - Filling up the DagBag from /opt/airflow/dags/dbt_dag.py
[2025-11-07T22:59:57.884+0000] {processor.py:839} INFO - DAG(s) dict_keys(['dbt_transform']) retrieved from /opt/airflow/dags/dbt_dag.py
[2025-11-07T22:59:57.942+0000] {logging_mixin.py:151} INFO - [2025-11-07T22:59:57.942+0000] {dag.py:2915} INFO - Sync 1 DAGs
[2025-11-07T22:59:57.978+0000] {logging_mixin.py:151} INFO - [2025-11-07T22:59:57.977+0000] {dag.py:3696} INFO - Setting next_dagrun for dbt_transform to 2025-11-07T22:59:31.287022+00:00, run_after=2025-11-07T23:04:31.287022+00:00
[2025-11-07T22:59:58.005+0000] {processor.py:179} INFO - Processing /opt/airflow/dags/dbt_dag.py took 0.187 seconds
[2025-11-07T23:00:28.116+0000] {processor.py:157} INFO - Started process (PID=800) to work on /opt/airflow/dags/dbt_dag.py
[2025-11-07T23:00:28.117+0000] {processor.py:829} INFO - Processing file /opt/airflow/dags/dbt_dag.py for tasks to queue
[2025-11-07T23:00:28.118+0000] {logging_mixin.py:151} INFO - [2025-11-07T23:00:28.118+0000] {dagbag.py:539} INFO - Filling up the DagBag from /opt/airflow/dags/dbt_dag.py
[2025-11-07T23:00:28.143+0000] {processor.py:839} INFO - DAG(s) dict_keys(['dbt_transform']) retrieved from /opt/airflow/dags/dbt_dag.py
[2025-11-07T23:00:28.179+0000] {logging_mixin.py:151} INFO - [2025-11-07T23:00:28.179+0000] {dag.py:2915} INFO - Sync 1 DAGs
[2025-11-07T23:00:28.203+0000] {logging_mixin.py:151} INFO - [2025-11-07T23:00:28.202+0000] {dag.py:3696} INFO - Setting next_dagrun for dbt_transform to 2025-11-07T22:59:31.287022+00:00, run_after=2025-11-07T23:04:31.287022+00:00
[2025-11-07T23:00:28.229+0000] {processor.py:179} INFO - Processing /opt/airflow/dags/dbt_dag.py took 0.117 seconds
[2025-11-07T23:00:58.469+0000] {processor.py:157} INFO - Started process (PID=805) to work on /opt/airflow/dags/dbt_dag.py
[2025-11-07T23:00:58.470+0000] {processor.py:829} INFO - Processing file /opt/airflow/dags/dbt_dag.py for tasks to queue
[2025-11-07T23:00:58.472+0000] {logging_mixin.py:151} INFO - [2025-11-07T23:00:58.472+0000] {dagbag.py:539} INFO - Filling up the DagBag from /opt/airflow/dags/dbt_dag.py
[2025-11-07T23:00:58.506+0000] {processor.py:839} INFO - DAG(s) dict_keys(['dbt_transform']) retrieved from /opt/airflow/dags/dbt_dag.py
[2025-11-07T23:00:58.541+0000] {logging_mixin.py:151} INFO - [2025-11-07T23:00:58.541+0000] {dag.py:2915} INFO - Sync 1 DAGs
[2025-11-07T23:00:58.564+0000] {logging_mixin.py:151} INFO - [2025-11-07T23:00:58.563+0000] {dag.py:3696} INFO - Setting next_dagrun for dbt_transform to 2025-11-07T22:59:31.287022+00:00, run_after=2025-11-07T23:04:31.287022+00:00
[2025-11-07T23:00:58.586+0000] {processor.py:179} INFO - Processing /opt/airflow/dags/dbt_dag.py took 0.121 seconds
[2025-11-07T23:01:28.735+0000] {processor.py:157} INFO - Started process (PID=810) to work on /opt/airflow/dags/dbt_dag.py
[2025-11-07T23:01:28.736+0000] {processor.py:829} INFO - Processing file /opt/airflow/dags/dbt_dag.py for tasks to queue
[2025-11-07T23:01:28.738+0000] {logging_mixin.py:151} INFO - [2025-11-07T23:01:28.737+0000] {dagbag.py:539} INFO - Filling up the DagBag from /opt/airflow/dags/dbt_dag.py
[2025-11-07T23:01:28.761+0000] {processor.py:839} INFO - DAG(s) dict_keys(['dbt_transform']) retrieved from /opt/airflow/dags/dbt_dag.py
[2025-11-07T23:01:28.808+0000] {logging_mixin.py:151} INFO - [2025-11-07T23:01:28.807+0000] {dag.py:2915} INFO - Sync 1 DAGs
[2025-11-07T23:01:28.846+0000] {logging_mixin.py:151} INFO - [2025-11-07T23:01:28.846+0000] {dag.py:3696} INFO - Setting next_dagrun for dbt_transform to 2025-11-07T22:59:31.287022+00:00, run_after=2025-11-07T23:04:31.287022+00:00
[2025-11-07T23:01:28.870+0000] {processor.py:179} INFO - Processing /opt/airflow/dags/dbt_dag.py took 0.139 seconds
[2025-11-07T23:01:59.087+0000] {processor.py:157} INFO - Started process (PID=815) to work on /opt/airflow/dags/dbt_dag.py
[2025-11-07T23:01:59.088+0000] {processor.py:829} INFO - Processing file /opt/airflow/dags/dbt_dag.py for tasks to queue
[2025-11-07T23:01:59.089+0000] {logging_mixin.py:151} INFO - [2025-11-07T23:01:59.089+0000] {dagbag.py:539} INFO - Filling up the DagBag from /opt/airflow/dags/dbt_dag.py
[2025-11-07T23:01:59.108+0000] {processor.py:839} INFO - DAG(s) dict_keys(['dbt_transform']) retrieved from /opt/airflow/dags/dbt_dag.py
[2025-11-07T23:01:59.145+0000] {logging_mixin.py:151} INFO - [2025-11-07T23:01:59.145+0000] {dag.py:2915} INFO - Sync 1 DAGs
[2025-11-07T23:01:59.166+0000] {logging_mixin.py:151} INFO - [2025-11-07T23:01:59.166+0000] {dag.py:3696} INFO - Setting next_dagrun for dbt_transform to 2025-11-07T22:59:31.287022+00:00, run_after=2025-11-07T23:04:31.287022+00:00
[2025-11-07T23:01:59.185+0000] {processor.py:179} INFO - Processing /opt/airflow/dags/dbt_dag.py took 0.101 seconds
[2025-11-07T23:02:29.347+0000] {processor.py:157} INFO - Started process (PID=820) to work on /opt/airflow/dags/dbt_dag.py
[2025-11-07T23:02:29.348+0000] {processor.py:829} INFO - Processing file /opt/airflow/dags/dbt_dag.py for tasks to queue
[2025-11-07T23:02:29.349+0000] {logging_mixin.py:151} INFO - [2025-11-07T23:02:29.349+0000] {dagbag.py:539} INFO - Filling up the DagBag from /opt/airflow/dags/dbt_dag.py
[2025-11-07T23:02:29.371+0000] {processor.py:839} INFO - DAG(s) dict_keys(['dbt_transform']) retrieved from /opt/airflow/dags/dbt_dag.py
[2025-11-07T23:02:29.420+0000] {logging_mixin.py:151} INFO - [2025-11-07T23:02:29.420+0000] {dag.py:2915} INFO - Sync 1 DAGs
[2025-11-07T23:02:29.450+0000] {logging_mixin.py:151} INFO - [2025-11-07T23:02:29.450+0000] {dag.py:3696} INFO - Setting next_dagrun for dbt_transform to 2025-11-07T22:59:31.287022+00:00, run_after=2025-11-07T23:04:31.287022+00:00
[2025-11-07T23:02:29.475+0000] {processor.py:179} INFO - Processing /opt/airflow/dags/dbt_dag.py took 0.131 seconds
[2025-11-07T23:02:59.644+0000] {processor.py:157} INFO - Started process (PID=825) to work on /opt/airflow/dags/dbt_dag.py
[2025-11-07T23:02:59.645+0000] {processor.py:829} INFO - Processing file /opt/airflow/dags/dbt_dag.py for tasks to queue
[2025-11-07T23:02:59.646+0000] {logging_mixin.py:151} INFO - [2025-11-07T23:02:59.646+0000] {dagbag.py:539} INFO - Filling up the DagBag from /opt/airflow/dags/dbt_dag.py
[2025-11-07T23:02:59.664+0000] {processor.py:839} INFO - DAG(s) dict_keys(['dbt_transform']) retrieved from /opt/airflow/dags/dbt_dag.py
[2025-11-07T23:02:59.695+0000] {logging_mixin.py:151} INFO - [2025-11-07T23:02:59.694+0000] {dag.py:2915} INFO - Sync 1 DAGs
[2025-11-07T23:02:59.716+0000] {logging_mixin.py:151} INFO - [2025-11-07T23:02:59.716+0000] {dag.py:3696} INFO - Setting next_dagrun for dbt_transform to 2025-11-07T22:59:31.287022+00:00, run_after=2025-11-07T23:04:31.287022+00:00
[2025-11-07T23:02:59.735+0000] {processor.py:179} INFO - Processing /opt/airflow/dags/dbt_dag.py took 0.094 seconds
[2025-11-07T23:03:30.053+0000] {processor.py:157} INFO - Started process (PID=830) to work on /opt/airflow/dags/dbt_dag.py
[2025-11-07T23:03:30.053+0000] {processor.py:829} INFO - Processing file /opt/airflow/dags/dbt_dag.py for tasks to queue
[2025-11-07T23:03:30.054+0000] {logging_mixin.py:151} INFO - [2025-11-07T23:03:30.054+0000] {dagbag.py:539} INFO - Filling up the DagBag from /opt/airflow/dags/dbt_dag.py
[2025-11-07T23:03:30.096+0000] {processor.py:839} INFO - DAG(s) dict_keys(['dbt_transform']) retrieved from /opt/airflow/dags/dbt_dag.py
[2025-11-07T23:03:30.138+0000] {logging_mixin.py:151} INFO - [2025-11-07T23:03:30.138+0000] {dag.py:2915} INFO - Sync 1 DAGs
[2025-11-07T23:03:30.162+0000] {logging_mixin.py:151} INFO - [2025-11-07T23:03:30.162+0000] {dag.py:3696} INFO - Setting next_dagrun for dbt_transform to 2025-11-07T22:59:31.287022+00:00, run_after=2025-11-07T23:04:31.287022+00:00
[2025-11-07T23:03:30.205+0000] {processor.py:179} INFO - Processing /opt/airflow/dags/dbt_dag.py took 0.155 seconds
[2025-11-07T23:04:00.300+0000] {processor.py:157} INFO - Started process (PID=835) to work on /opt/airflow/dags/dbt_dag.py
[2025-11-07T23:04:00.301+0000] {processor.py:829} INFO - Processing file /opt/airflow/dags/dbt_dag.py for tasks to queue
[2025-11-07T23:04:00.306+0000] {logging_mixin.py:151} INFO - [2025-11-07T23:04:00.305+0000] {dagbag.py:539} INFO - Filling up the DagBag from /opt/airflow/dags/dbt_dag.py
[2025-11-07T23:04:00.349+0000] {processor.py:839} INFO - DAG(s) dict_keys(['dbt_transform']) retrieved from /opt/airflow/dags/dbt_dag.py
[2025-11-07T23:04:00.431+0000] {logging_mixin.py:151} INFO - [2025-11-07T23:04:00.430+0000] {dag.py:2915} INFO - Sync 1 DAGs
[2025-11-07T23:04:00.479+0000] {logging_mixin.py:151} INFO - [2025-11-07T23:04:00.479+0000] {dag.py:3696} INFO - Setting next_dagrun for dbt_transform to 2025-11-07T22:59:31.287022+00:00, run_after=2025-11-07T23:04:31.287022+00:00
[2025-11-07T23:04:00.505+0000] {processor.py:179} INFO - Processing /opt/airflow/dags/dbt_dag.py took 0.210 seconds
[2025-11-07T23:04:30.725+0000] {processor.py:157} INFO - Started process (PID=840) to work on /opt/airflow/dags/dbt_dag.py
[2025-11-07T23:04:30.726+0000] {processor.py:829} INFO - Processing file /opt/airflow/dags/dbt_dag.py for tasks to queue
[2025-11-07T23:04:30.727+0000] {logging_mixin.py:151} INFO - [2025-11-07T23:04:30.727+0000] {dagbag.py:539} INFO - Filling up the DagBag from /opt/airflow/dags/dbt_dag.py
[2025-11-07T23:04:30.752+0000] {processor.py:839} INFO - DAG(s) dict_keys(['dbt_transform']) retrieved from /opt/airflow/dags/dbt_dag.py
[2025-11-07T23:04:30.782+0000] {logging_mixin.py:151} INFO - [2025-11-07T23:04:30.782+0000] {dag.py:2915} INFO - Sync 1 DAGs
[2025-11-07T23:04:30.806+0000] {logging_mixin.py:151} INFO - [2025-11-07T23:04:30.806+0000] {dag.py:3696} INFO - Setting next_dagrun for dbt_transform to 2025-11-07T22:59:31.287022+00:00, run_after=2025-11-07T23:04:31.287022+00:00
[2025-11-07T23:04:30.830+0000] {processor.py:179} INFO - Processing /opt/airflow/dags/dbt_dag.py took 0.107 seconds
[2025-11-07T23:05:01.327+0000] {processor.py:157} INFO - Started process (PID=870) to work on /opt/airflow/dags/dbt_dag.py
[2025-11-07T23:05:01.329+0000] {processor.py:829} INFO - Processing file /opt/airflow/dags/dbt_dag.py for tasks to queue
[2025-11-07T23:05:01.335+0000] {logging_mixin.py:151} INFO - [2025-11-07T23:05:01.333+0000] {dagbag.py:539} INFO - Filling up the DagBag from /opt/airflow/dags/dbt_dag.py
[2025-11-07T23:05:01.461+0000] {processor.py:839} INFO - DAG(s) dict_keys(['dbt_transform']) retrieved from /opt/airflow/dags/dbt_dag.py
[2025-11-07T23:05:01.642+0000] {logging_mixin.py:151} INFO - [2025-11-07T23:05:01.641+0000] {dag.py:2915} INFO - Sync 1 DAGs
[2025-11-07T23:05:01.715+0000] {logging_mixin.py:151} INFO - [2025-11-07T23:05:01.715+0000] {dag.py:3696} INFO - Setting next_dagrun for dbt_transform to 2025-11-07T23:04:31.287022+00:00, run_after=2025-11-07T23:09:31.287022+00:00
[2025-11-07T23:05:01.756+0000] {processor.py:179} INFO - Processing /opt/airflow/dags/dbt_dag.py took 0.457 seconds
[2025-11-07T23:05:32.022+0000] {processor.py:157} INFO - Started process (PID=875) to work on /opt/airflow/dags/dbt_dag.py
[2025-11-07T23:05:32.023+0000] {processor.py:829} INFO - Processing file /opt/airflow/dags/dbt_dag.py for tasks to queue
[2025-11-07T23:05:32.024+0000] {logging_mixin.py:151} INFO - [2025-11-07T23:05:32.024+0000] {dagbag.py:539} INFO - Filling up the DagBag from /opt/airflow/dags/dbt_dag.py
[2025-11-07T23:05:32.052+0000] {processor.py:839} INFO - DAG(s) dict_keys(['dbt_transform']) retrieved from /opt/airflow/dags/dbt_dag.py
[2025-11-07T23:05:32.081+0000] {logging_mixin.py:151} INFO - [2025-11-07T23:05:32.081+0000] {dag.py:2915} INFO - Sync 1 DAGs
[2025-11-07T23:05:32.099+0000] {logging_mixin.py:151} INFO - [2025-11-07T23:05:32.099+0000] {dag.py:3696} INFO - Setting next_dagrun for dbt_transform to 2025-11-07T23:04:31.287022+00:00, run_after=2025-11-07T23:09:31.287022+00:00
[2025-11-07T23:05:32.121+0000] {processor.py:179} INFO - Processing /opt/airflow/dags/dbt_dag.py took 0.103 seconds
[2025-11-07T23:06:02.246+0000] {processor.py:157} INFO - Started process (PID=880) to work on /opt/airflow/dags/dbt_dag.py
[2025-11-07T23:06:02.247+0000] {processor.py:829} INFO - Processing file /opt/airflow/dags/dbt_dag.py for tasks to queue
[2025-11-07T23:06:02.248+0000] {logging_mixin.py:151} INFO - [2025-11-07T23:06:02.247+0000] {dagbag.py:539} INFO - Filling up the DagBag from /opt/airflow/dags/dbt_dag.py
[2025-11-07T23:06:02.269+0000] {processor.py:839} INFO - DAG(s) dict_keys(['dbt_transform']) retrieved from /opt/airflow/dags/dbt_dag.py
[2025-11-07T23:06:02.301+0000] {logging_mixin.py:151} INFO - [2025-11-07T23:06:02.301+0000] {dag.py:2915} INFO - Sync 1 DAGs
[2025-11-07T23:06:02.322+0000] {logging_mixin.py:151} INFO - [2025-11-07T23:06:02.322+0000] {dag.py:3696} INFO - Setting next_dagrun for dbt_transform to 2025-11-07T23:04:31.287022+00:00, run_after=2025-11-07T23:09:31.287022+00:00
[2025-11-07T23:06:02.344+0000] {processor.py:179} INFO - Processing /opt/airflow/dags/dbt_dag.py took 0.102 seconds
[2025-11-07T23:06:32.574+0000] {processor.py:157} INFO - Started process (PID=885) to work on /opt/airflow/dags/dbt_dag.py
[2025-11-07T23:06:32.575+0000] {processor.py:829} INFO - Processing file /opt/airflow/dags/dbt_dag.py for tasks to queue
[2025-11-07T23:06:32.577+0000] {logging_mixin.py:151} INFO - [2025-11-07T23:06:32.576+0000] {dagbag.py:539} INFO - Filling up the DagBag from /opt/airflow/dags/dbt_dag.py
[2025-11-07T23:06:32.610+0000] {processor.py:839} INFO - DAG(s) dict_keys(['dbt_transform']) retrieved from /opt/airflow/dags/dbt_dag.py
[2025-11-07T23:06:32.650+0000] {logging_mixin.py:151} INFO - [2025-11-07T23:06:32.650+0000] {dag.py:2915} INFO - Sync 1 DAGs
[2025-11-07T23:06:32.679+0000] {logging_mixin.py:151} INFO - [2025-11-07T23:06:32.679+0000] {dag.py:3696} INFO - Setting next_dagrun for dbt_transform to 2025-11-07T23:04:31.287022+00:00, run_after=2025-11-07T23:09:31.287022+00:00
[2025-11-07T23:06:32.706+0000] {processor.py:179} INFO - Processing /opt/airflow/dags/dbt_dag.py took 0.137 seconds
[2025-11-07T23:07:02.814+0000] {processor.py:157} INFO - Started process (PID=890) to work on /opt/airflow/dags/dbt_dag.py
[2025-11-07T23:07:02.815+0000] {processor.py:829} INFO - Processing file /opt/airflow/dags/dbt_dag.py for tasks to queue
[2025-11-07T23:07:02.816+0000] {logging_mixin.py:151} INFO - [2025-11-07T23:07:02.815+0000] {dagbag.py:539} INFO - Filling up the DagBag from /opt/airflow/dags/dbt_dag.py
[2025-11-07T23:07:02.837+0000] {processor.py:839} INFO - DAG(s) dict_keys(['dbt_transform']) retrieved from /opt/airflow/dags/dbt_dag.py
[2025-11-07T23:07:02.869+0000] {logging_mixin.py:151} INFO - [2025-11-07T23:07:02.869+0000] {dag.py:2915} INFO - Sync 1 DAGs
[2025-11-07T23:07:02.895+0000] {logging_mixin.py:151} INFO - [2025-11-07T23:07:02.895+0000] {dag.py:3696} INFO - Setting next_dagrun for dbt_transform to 2025-11-07T23:04:31.287022+00:00, run_after=2025-11-07T23:09:31.287022+00:00
[2025-11-07T23:07:02.916+0000] {processor.py:179} INFO - Processing /opt/airflow/dags/dbt_dag.py took 0.106 seconds
[2025-11-07T23:07:33.214+0000] {processor.py:157} INFO - Started process (PID=895) to work on /opt/airflow/dags/dbt_dag.py
[2025-11-07T23:07:33.214+0000] {processor.py:829} INFO - Processing file /opt/airflow/dags/dbt_dag.py for tasks to queue
[2025-11-07T23:07:33.215+0000] {logging_mixin.py:151} INFO - [2025-11-07T23:07:33.215+0000] {dagbag.py:539} INFO - Filling up the DagBag from /opt/airflow/dags/dbt_dag.py
[2025-11-07T23:07:33.236+0000] {processor.py:839} INFO - DAG(s) dict_keys(['dbt_transform']) retrieved from /opt/airflow/dags/dbt_dag.py
[2025-11-07T23:07:33.268+0000] {logging_mixin.py:151} INFO - [2025-11-07T23:07:33.267+0000] {dag.py:2915} INFO - Sync 1 DAGs
[2025-11-07T23:07:33.293+0000] {logging_mixin.py:151} INFO - [2025-11-07T23:07:33.293+0000] {dag.py:3696} INFO - Setting next_dagrun for dbt_transform to 2025-11-07T23:04:31.287022+00:00, run_after=2025-11-07T23:09:31.287022+00:00
[2025-11-07T23:07:33.344+0000] {processor.py:179} INFO - Processing /opt/airflow/dags/dbt_dag.py took 0.133 seconds
[2025-11-07T23:08:03.465+0000] {processor.py:157} INFO - Started process (PID=900) to work on /opt/airflow/dags/dbt_dag.py
[2025-11-07T23:08:03.466+0000] {processor.py:829} INFO - Processing file /opt/airflow/dags/dbt_dag.py for tasks to queue
[2025-11-07T23:08:03.467+0000] {logging_mixin.py:151} INFO - [2025-11-07T23:08:03.467+0000] {dagbag.py:539} INFO - Filling up the DagBag from /opt/airflow/dags/dbt_dag.py
[2025-11-07T23:08:03.483+0000] {processor.py:839} INFO - DAG(s) dict_keys(['dbt_transform']) retrieved from /opt/airflow/dags/dbt_dag.py
[2025-11-07T23:08:03.509+0000] {logging_mixin.py:151} INFO - [2025-11-07T23:08:03.509+0000] {dag.py:2915} INFO - Sync 1 DAGs
[2025-11-07T23:08:03.526+0000] {logging_mixin.py:151} INFO - [2025-11-07T23:08:03.526+0000] {dag.py:3696} INFO - Setting next_dagrun for dbt_transform to 2025-11-07T23:04:31.287022+00:00, run_after=2025-11-07T23:09:31.287022+00:00
[2025-11-07T23:08:03.547+0000] {processor.py:179} INFO - Processing /opt/airflow/dags/dbt_dag.py took 0.085 seconds
[2025-11-07T23:08:33.699+0000] {processor.py:157} INFO - Started process (PID=905) to work on /opt/airflow/dags/dbt_dag.py
[2025-11-07T23:08:33.700+0000] {processor.py:829} INFO - Processing file /opt/airflow/dags/dbt_dag.py for tasks to queue
[2025-11-07T23:08:33.701+0000] {logging_mixin.py:151} INFO - [2025-11-07T23:08:33.701+0000] {dagbag.py:539} INFO - Filling up the DagBag from /opt/airflow/dags/dbt_dag.py
[2025-11-07T23:08:33.718+0000] {processor.py:839} INFO - DAG(s) dict_keys(['dbt_transform']) retrieved from /opt/airflow/dags/dbt_dag.py
[2025-11-07T23:08:33.748+0000] {logging_mixin.py:151} INFO - [2025-11-07T23:08:33.748+0000] {dag.py:2915} INFO - Sync 1 DAGs
[2025-11-07T23:08:33.770+0000] {logging_mixin.py:151} INFO - [2025-11-07T23:08:33.770+0000] {dag.py:3696} INFO - Setting next_dagrun for dbt_transform to 2025-11-07T23:04:31.287022+00:00, run_after=2025-11-07T23:09:31.287022+00:00
[2025-11-07T23:08:33.792+0000] {processor.py:179} INFO - Processing /opt/airflow/dags/dbt_dag.py took 0.096 seconds
[2025-11-07T23:09:04.012+0000] {processor.py:157} INFO - Started process (PID=910) to work on /opt/airflow/dags/dbt_dag.py
[2025-11-07T23:09:04.013+0000] {processor.py:829} INFO - Processing file /opt/airflow/dags/dbt_dag.py for tasks to queue
[2025-11-07T23:09:04.013+0000] {logging_mixin.py:151} INFO - [2025-11-07T23:09:04.013+0000] {dagbag.py:539} INFO - Filling up the DagBag from /opt/airflow/dags/dbt_dag.py
[2025-11-07T23:09:04.034+0000] {processor.py:839} INFO - DAG(s) dict_keys(['dbt_transform']) retrieved from /opt/airflow/dags/dbt_dag.py
[2025-11-07T23:09:04.067+0000] {logging_mixin.py:151} INFO - [2025-11-07T23:09:04.067+0000] {dag.py:2915} INFO - Sync 1 DAGs
[2025-11-07T23:09:04.086+0000] {logging_mixin.py:151} INFO - [2025-11-07T23:09:04.086+0000] {dag.py:3696} INFO - Setting next_dagrun for dbt_transform to 2025-11-07T23:04:31.287022+00:00, run_after=2025-11-07T23:09:31.287022+00:00
[2025-11-07T23:09:04.107+0000] {processor.py:179} INFO - Processing /opt/airflow/dags/dbt_dag.py took 0.097 seconds
[2025-11-07T23:09:34.280+0000] {processor.py:157} INFO - Started process (PID=927) to work on /opt/airflow/dags/dbt_dag.py
[2025-11-07T23:09:34.281+0000] {processor.py:829} INFO - Processing file /opt/airflow/dags/dbt_dag.py for tasks to queue
[2025-11-07T23:09:34.282+0000] {logging_mixin.py:151} INFO - [2025-11-07T23:09:34.282+0000] {dagbag.py:539} INFO - Filling up the DagBag from /opt/airflow/dags/dbt_dag.py
[2025-11-07T23:09:34.306+0000] {processor.py:839} INFO - DAG(s) dict_keys(['dbt_transform']) retrieved from /opt/airflow/dags/dbt_dag.py
[2025-11-07T23:09:34.341+0000] {logging_mixin.py:151} INFO - [2025-11-07T23:09:34.341+0000] {dag.py:2915} INFO - Sync 1 DAGs
[2025-11-07T23:09:34.368+0000] {logging_mixin.py:151} INFO - [2025-11-07T23:09:34.367+0000] {dag.py:3696} INFO - Setting next_dagrun for dbt_transform to 2025-11-07T23:09:31.287022+00:00, run_after=2025-11-07T23:14:31.287022+00:00
[2025-11-07T23:09:34.391+0000] {processor.py:179} INFO - Processing /opt/airflow/dags/dbt_dag.py took 0.119 seconds
[2025-11-07T23:10:04.607+0000] {processor.py:157} INFO - Started process (PID=945) to work on /opt/airflow/dags/dbt_dag.py
[2025-11-07T23:10:04.607+0000] {processor.py:829} INFO - Processing file /opt/airflow/dags/dbt_dag.py for tasks to queue
[2025-11-07T23:10:04.608+0000] {logging_mixin.py:151} INFO - [2025-11-07T23:10:04.608+0000] {dagbag.py:539} INFO - Filling up the DagBag from /opt/airflow/dags/dbt_dag.py
[2025-11-07T23:10:04.627+0000] {processor.py:839} INFO - DAG(s) dict_keys(['dbt_transform']) retrieved from /opt/airflow/dags/dbt_dag.py
[2025-11-07T23:10:04.654+0000] {logging_mixin.py:151} INFO - [2025-11-07T23:10:04.654+0000] {dag.py:2915} INFO - Sync 1 DAGs
[2025-11-07T23:10:04.676+0000] {logging_mixin.py:151} INFO - [2025-11-07T23:10:04.676+0000] {dag.py:3696} INFO - Setting next_dagrun for dbt_transform to 2025-11-07T23:09:31.287022+00:00, run_after=2025-11-07T23:14:31.287022+00:00
[2025-11-07T23:10:04.695+0000] {processor.py:179} INFO - Processing /opt/airflow/dags/dbt_dag.py took 0.092 seconds
[2025-11-07T23:10:34.865+0000] {processor.py:157} INFO - Started process (PID=950) to work on /opt/airflow/dags/dbt_dag.py
[2025-11-07T23:10:34.866+0000] {processor.py:829} INFO - Processing file /opt/airflow/dags/dbt_dag.py for tasks to queue
[2025-11-07T23:10:34.867+0000] {logging_mixin.py:151} INFO - [2025-11-07T23:10:34.867+0000] {dagbag.py:539} INFO - Filling up the DagBag from /opt/airflow/dags/dbt_dag.py
[2025-11-07T23:10:34.890+0000] {processor.py:839} INFO - DAG(s) dict_keys(['dbt_transform']) retrieved from /opt/airflow/dags/dbt_dag.py
[2025-11-07T23:10:34.931+0000] {logging_mixin.py:151} INFO - [2025-11-07T23:10:34.930+0000] {dag.py:2915} INFO - Sync 1 DAGs
[2025-11-07T23:10:34.961+0000] {logging_mixin.py:151} INFO - [2025-11-07T23:10:34.961+0000] {dag.py:3696} INFO - Setting next_dagrun for dbt_transform to 2025-11-07T23:09:31.287022+00:00, run_after=2025-11-07T23:14:31.287022+00:00
[2025-11-07T23:10:34.986+0000] {processor.py:179} INFO - Processing /opt/airflow/dags/dbt_dag.py took 0.124 seconds
