[2025-11-08T06:34:39.649+0000] {taskinstance.py:1157} INFO - Dependencies all met for dep_context=non-requeueable deps ti=<TaskInstance: dbt_transform.dbt_run scheduled__2025-11-08T06:29:35.128224+00:00 [queued]>
[2025-11-08T06:34:39.658+0000] {taskinstance.py:1157} INFO - Dependencies all met for dep_context=requeueable deps ti=<TaskInstance: dbt_transform.dbt_run scheduled__2025-11-08T06:29:35.128224+00:00 [queued]>
[2025-11-08T06:34:39.658+0000] {taskinstance.py:1359} INFO - Starting attempt 1 of 2
[2025-11-08T06:34:39.674+0000] {taskinstance.py:1380} INFO - Executing <Task(BashOperator): dbt_run> on 2025-11-08 06:29:35.128224+00:00
[2025-11-08T06:34:39.682+0000] {standard_task_runner.py:57} INFO - Started process 170 to run task
[2025-11-08T06:34:39.693+0000] {standard_task_runner.py:84} INFO - Running: ['***', 'tasks', 'run', 'dbt_transform', 'dbt_run', 'scheduled__2025-11-08T06:29:35.128224+00:00', '--job-id', '43', '--raw', '--subdir', 'DAGS_FOLDER/dbt_dag.py', '--cfg-path', '/tmp/tmp4jh2reta']
[2025-11-08T06:34:39.711+0000] {standard_task_runner.py:85} INFO - Job 43: Subtask dbt_run
[2025-11-08T06:34:39.892+0000] {task_command.py:415} INFO - Running <TaskInstance: dbt_transform.dbt_run scheduled__2025-11-08T06:29:35.128224+00:00 [running]> on host a9b12bd32d5c
[2025-11-08T06:34:40.048+0000] {taskinstance.py:1660} INFO - Exporting env vars: AIRFLOW_CTX_DAG_OWNER='***' AIRFLOW_CTX_DAG_ID='dbt_transform' AIRFLOW_CTX_TASK_ID='dbt_run' AIRFLOW_CTX_EXECUTION_DATE='2025-11-08T06:29:35.128224+00:00' AIRFLOW_CTX_TRY_NUMBER='1' AIRFLOW_CTX_DAG_RUN_ID='scheduled__2025-11-08T06:29:35.128224+00:00'
[2025-11-08T06:34:40.053+0000] {subprocess.py:63} INFO - Tmp dir root location: /tmp
[2025-11-08T06:34:40.056+0000] {subprocess.py:75} INFO - Running command: ['/bin/bash', '-c', 'docker exec dbt_***_project-dbt-1 dbt run']
[2025-11-08T06:34:40.070+0000] {subprocess.py:86} INFO - Output:
[2025-11-08T06:34:43.717+0000] {subprocess.py:93} INFO - [0m06:34:43  Running with dbt=1.8.7
[2025-11-08T06:34:44.672+0000] {subprocess.py:93} INFO - [0m06:34:44  Registered adapter: sqlserver=1.8.7
[2025-11-08T06:34:46.714+0000] {subprocess.py:93} INFO - [0m06:34:46  Found 10 models, 18 data tests, 13 sources, 614 macros
[2025-11-08T06:34:46.718+0000] {subprocess.py:93} INFO - [0m06:34:46
[2025-11-08T06:34:47.249+0000] {subprocess.py:93} INFO - [0m06:34:47  Concurrency: 4 threads (target='dev')
[2025-11-08T06:34:47.250+0000] {subprocess.py:93} INFO - [0m06:34:47
[2025-11-08T06:34:47.258+0000] {subprocess.py:93} INFO - [0m06:34:47  1 of 10 START sql view model bronze.brnz_customers ............................. [RUN]
[2025-11-08T06:34:47.259+0000] {subprocess.py:93} INFO - [0m06:34:47  2 of 10 START sql view model bronze.brnz_example ............................... [RUN]
[2025-11-08T06:34:47.260+0000] {subprocess.py:93} INFO - [0m06:34:47  3 of 10 START sql view model bronze.brnz_products .............................. [RUN]
[2025-11-08T06:34:47.262+0000] {subprocess.py:93} INFO - [0m06:34:47  4 of 10 START sql view model bronze.brnz_sales_orders .......................... [RUN]
[2025-11-08T06:34:47.989+0000] {subprocess.py:93} INFO - [0m06:34:47  1 of 10 OK created sql view model bronze.brnz_customers ........................ [[32mOK[0m in 0.72s]
[2025-11-08T06:34:47.990+0000] {subprocess.py:93} INFO - [0m06:34:47  4 of 10 OK created sql view model bronze.brnz_sales_orders ..................... [[32mOK[0m in 0.72s]
[2025-11-08T06:34:47.992+0000] {subprocess.py:93} INFO - [0m06:34:47  2 of 10 OK created sql view model bronze.brnz_example .......................... [[32mOK[0m in 0.72s]
[2025-11-08T06:34:47.993+0000] {subprocess.py:93} INFO - [0m06:34:47  3 of 10 OK created sql view model bronze.brnz_products ......................... [[32mOK[0m in 0.72s]
[2025-11-08T06:34:48.008+0000] {subprocess.py:93} INFO - [0m06:34:48  5 of 10 START sql table model silver.slvr_customers ............................ [RUN]
[2025-11-08T06:34:48.009+0000] {subprocess.py:93} INFO - [0m06:34:48  6 of 10 START sql table model silver.slvr_sales_orders ......................... [RUN]
[2025-11-08T06:34:48.011+0000] {subprocess.py:93} INFO - [0m06:34:48  7 of 10 START sql table model silver.slvr_products ............................. [RUN]
[2025-11-08T06:34:48.588+0000] {subprocess.py:93} INFO - [0m06:34:48  7 of 10 OK created sql table model silver.slvr_products ........................ [[32mOK[0m in 0.57s]
[2025-11-08T06:34:49.920+0000] {subprocess.py:93} INFO - [0m06:34:49  5 of 10 OK created sql table model silver.slvr_customers ....................... [[32mOK[0m in 1.91s]
[2025-11-08T06:34:51.136+0000] {subprocess.py:93} INFO - [0m06:34:51  6 of 10 OK created sql table model silver.slvr_sales_orders .................... [[32mOK[0m in 3.12s]
[2025-11-08T06:34:51.142+0000] {subprocess.py:93} INFO - [0m06:34:51  8 of 10 START sql table model gold.gld_customer_metrics ........................ [RUN]
[2025-11-08T06:34:51.143+0000] {subprocess.py:93} INFO - [0m06:34:51  9 of 10 START sql table model gold.gld_product_performance ..................... [RUN]
[2025-11-08T06:34:51.145+0000] {subprocess.py:93} INFO - [0m06:34:51  10 of 10 START sql table model gold.gld_sales_summary .......................... [RUN]
[2025-11-08T06:34:52.077+0000] {subprocess.py:93} INFO - [0m06:34:52  10 of 10 OK created sql table model gold.gld_sales_summary ..................... [[32mOK[0m in 0.92s]
[2025-11-08T06:34:52.307+0000] {subprocess.py:93} INFO - [0m06:34:52  8 of 10 OK created sql table model gold.gld_customer_metrics ................... [[32mOK[0m in 1.16s]
[2025-11-08T06:34:52.626+0000] {subprocess.py:93} INFO - [0m06:34:52  9 of 10 OK created sql table model gold.gld_product_performance ................ [[32mOK[0m in 1.47s]
[2025-11-08T06:34:52.646+0000] {subprocess.py:93} INFO - [0m06:34:52
[2025-11-08T06:34:52.648+0000] {subprocess.py:93} INFO - [0m06:34:52  Finished running 4 view models, 6 table models in 0 hours 0 minutes and 5.92 seconds (5.92s).
[2025-11-08T06:34:52.755+0000] {subprocess.py:93} INFO - [0m06:34:52
[2025-11-08T06:34:52.756+0000] {subprocess.py:93} INFO - [0m06:34:52  [32mCompleted successfully[0m
[2025-11-08T06:34:52.758+0000] {subprocess.py:93} INFO - [0m06:34:52
[2025-11-08T06:34:52.759+0000] {subprocess.py:93} INFO - [0m06:34:52  Done. PASS=10 WARN=0 ERROR=0 SKIP=0 TOTAL=10
[2025-11-08T06:34:54.396+0000] {subprocess.py:97} INFO - Command exited with return code 0
[2025-11-08T06:34:54.429+0000] {taskinstance.py:1398} INFO - Marking task as SUCCESS. dag_id=dbt_transform, task_id=dbt_run, execution_date=20251108T062935, start_date=20251108T063439, end_date=20251108T063454
[2025-11-08T06:34:54.470+0000] {local_task_job_runner.py:228} INFO - Task exited with return code 0
[2025-11-08T06:34:54.494+0000] {taskinstance.py:2776} INFO - 1 downstream tasks scheduled from follow-on schedule check
