[2025-05-12T13:29:19.551+0000] {taskinstance.py:1157} INFO - Dependencies all met for dep_context=non-requeueable deps ti=<TaskInstance: dbt_transform.dbt_run scheduled__2025-05-11T13:29:16.575071+00:00 [queued]>
[2025-05-12T13:29:19.562+0000] {taskinstance.py:1157} INFO - Dependencies all met for dep_context=requeueable deps ti=<TaskInstance: dbt_transform.dbt_run scheduled__2025-05-11T13:29:16.575071+00:00 [queued]>
[2025-05-12T13:29:19.563+0000] {taskinstance.py:1359} INFO - Starting attempt 1 of 2
[2025-05-12T13:29:19.578+0000] {taskinstance.py:1380} INFO - Executing <Task(DockerOperator): dbt_run> on 2025-05-11 13:29:16.575071+00:00
[2025-05-12T13:29:19.582+0000] {standard_task_runner.py:57} INFO - Started process 174 to run task
[2025-05-12T13:29:19.585+0000] {standard_task_runner.py:84} INFO - Running: ['***', 'tasks', 'run', 'dbt_transform', 'dbt_run', 'scheduled__2025-05-11T13:29:16.575071+00:00', '--job-id', '48', '--raw', '--subdir', 'DAGS_FOLDER/dbt_dag.py', '--cfg-path', '/tmp/tmp2nv6jabi']
[2025-05-12T13:29:19.589+0000] {standard_task_runner.py:85} INFO - Job 48: Subtask dbt_run
[2025-05-12T13:29:19.645+0000] {task_command.py:415} INFO - Running <TaskInstance: dbt_transform.dbt_run scheduled__2025-05-11T13:29:16.575071+00:00 [running]> on host db6917ed49e2
[2025-05-12T13:29:19.738+0000] {taskinstance.py:1660} INFO - Exporting env vars: AIRFLOW_CTX_DAG_OWNER='***' AIRFLOW_CTX_DAG_ID='dbt_transform' AIRFLOW_CTX_TASK_ID='dbt_run' AIRFLOW_CTX_EXECUTION_DATE='2025-05-11T13:29:16.575071+00:00' AIRFLOW_CTX_TRY_NUMBER='1' AIRFLOW_CTX_DAG_RUN_ID='scheduled__2025-05-11T13:29:16.575071+00:00'
[2025-05-12T13:29:19.779+0000] {docker.py:333} INFO - Starting docker container from image dbt_***_project-dbt
[2025-05-12T13:29:23.016+0000] {docker.py:402} INFO - [0m13:29:23  Running with dbt=1.8.7
[2025-05-12T13:29:23.602+0000] {docker.py:402} INFO - [0m13:29:23  Registered adapter: sqlserver=1.8.7
[2025-05-12T13:29:25.769+0000] {docker.py:402} INFO - [0m13:29:25  [[33mWARNING[0m]: Configuration paths exist in your dbt_project.yml file which do not apply to any resources.
There are 2 unused configuration paths:
- models.dbt_sqlserver_project.intermediate
- models.dbt_sqlserver_project.marts
[2025-05-12T13:29:26.106+0000] {docker.py:402} INFO - [0m13:29:26  Found 4 models, 3 data tests, 13 sources, 614 macros
[2025-05-12T13:29:26.111+0000] {docker.py:402} INFO - [0m13:29:26
[2025-05-12T13:29:26.381+0000] {docker.py:402} INFO - [0m13:29:26  Concurrency: 4 threads (target='dev')
[2025-05-12T13:29:26.382+0000] {docker.py:402} INFO - [0m13:29:26
[2025-05-12T13:29:26.395+0000] {docker.py:402} INFO - [0m13:29:26  1 of 4 START sql view model dbo.stg_customers .................................. [RUN]
[2025-05-12T13:29:26.397+0000] {docker.py:402} INFO - [0m13:29:26  2 of 4 START sql view model dbo.stg_example .................................... [RUN]
[2025-05-12T13:29:26.399+0000] {docker.py:402} INFO - [0m13:29:26  3 of 4 START sql view model dbo.stg_products ................................... [RUN]
[2025-05-12T13:29:26.400+0000] {docker.py:402} INFO - [0m13:29:26  4 of 4 START sql view model dbo.stg_sales_orders ............................... [RUN]
[2025-05-12T13:29:27.191+0000] {docker.py:402} INFO - [0m13:29:27  3 of 4 OK created sql view model dbo.stg_products .............................. [[32mOK[0m in 0.77s]
[2025-05-12T13:29:27.195+0000] {docker.py:402} INFO - [0m13:29:27  2 of 4 OK created sql view model dbo.stg_example ............................... [[32mOK[0m in 0.78s]
[2025-05-12T13:29:27.202+0000] {docker.py:402} INFO - [0m13:29:27  1 of 4 OK created sql view model dbo.stg_customers ............................. [[32mOK[0m in 0.78s]
[2025-05-12T13:29:27.205+0000] {docker.py:402} INFO - [0m13:29:27  4 of 4 OK created sql view model dbo.stg_sales_orders .......................... [[32mOK[0m in 0.78s]
[2025-05-12T13:29:27.264+0000] {docker.py:402} INFO - [0m13:29:27
[2025-05-12T13:29:27.267+0000] {docker.py:402} INFO - [0m13:29:27  Finished running 4 view models in 0 hours 0 minutes and 1.15 seconds (1.15s).
[2025-05-12T13:29:27.452+0000] {docker.py:402} INFO - [0m13:29:27
[2025-05-12T13:29:27.456+0000] {docker.py:402} INFO - [0m13:29:27  [32mCompleted successfully[0m
[2025-05-12T13:29:27.464+0000] {docker.py:402} INFO - [0m13:29:27
[2025-05-12T13:29:27.467+0000] {docker.py:402} INFO - [0m13:29:27  Done. PASS=4 WARN=0 ERROR=0 SKIP=0 TOTAL=4
[2025-05-12T13:29:29.437+0000] {taskinstance.py:1398} INFO - Marking task as SUCCESS. dag_id=dbt_transform, task_id=dbt_run, execution_date=20250511T132916, start_date=20250512T132919, end_date=20250512T132929
[2025-05-12T13:29:29.476+0000] {local_task_job_runner.py:228} INFO - Task exited with return code 0
[2025-05-12T13:29:29.500+0000] {taskinstance.py:2776} INFO - 1 downstream tasks scheduled from follow-on schedule check
