[2025-11-07T23:09:33.407+0000] {taskinstance.py:1157} INFO - Dependencies all met for dep_context=non-requeueable deps ti=<TaskInstance: dbt_transform.dbt_run scheduled__2025-11-07T23:04:31.287022+00:00 [queued]>
[2025-11-07T23:09:33.417+0000] {taskinstance.py:1157} INFO - Dependencies all met for dep_context=requeueable deps ti=<TaskInstance: dbt_transform.dbt_run scheduled__2025-11-07T23:04:31.287022+00:00 [queued]>
[2025-11-07T23:09:33.417+0000] {taskinstance.py:1359} INFO - Starting attempt 1 of 2
[2025-11-07T23:09:33.428+0000] {taskinstance.py:1380} INFO - Executing <Task(BashOperator): dbt_run> on 2025-11-07 23:04:31.287022+00:00
[2025-11-07T23:09:33.433+0000] {standard_task_runner.py:57} INFO - Started process 916 to run task
[2025-11-07T23:09:33.436+0000] {standard_task_runner.py:84} INFO - Running: ['***', 'tasks', 'run', 'dbt_transform', 'dbt_run', 'scheduled__2025-11-07T23:04:31.287022+00:00', '--job-id', '40', '--raw', '--subdir', 'DAGS_FOLDER/dbt_dag.py', '--cfg-path', '/tmp/tmppza1ja6y']
[2025-11-07T23:09:33.438+0000] {standard_task_runner.py:85} INFO - Job 40: Subtask dbt_run
[2025-11-07T23:09:33.497+0000] {task_command.py:415} INFO - Running <TaskInstance: dbt_transform.dbt_run scheduled__2025-11-07T23:04:31.287022+00:00 [running]> on host a9b12bd32d5c
[2025-11-07T23:09:33.586+0000] {taskinstance.py:1660} INFO - Exporting env vars: AIRFLOW_CTX_DAG_OWNER='***' AIRFLOW_CTX_DAG_ID='dbt_transform' AIRFLOW_CTX_TASK_ID='dbt_run' AIRFLOW_CTX_EXECUTION_DATE='2025-11-07T23:04:31.287022+00:00' AIRFLOW_CTX_TRY_NUMBER='1' AIRFLOW_CTX_DAG_RUN_ID='scheduled__2025-11-07T23:04:31.287022+00:00'
[2025-11-07T23:09:33.589+0000] {subprocess.py:63} INFO - Tmp dir root location: /tmp
[2025-11-07T23:09:33.593+0000] {subprocess.py:75} INFO - Running command: ['/bin/bash', '-c', 'docker exec dbt_***_project-dbt-1 dbt run']
[2025-11-07T23:09:33.612+0000] {subprocess.py:86} INFO - Output:
[2025-11-07T23:09:35.427+0000] {subprocess.py:93} INFO - [0m23:09:35  Running with dbt=1.8.7
[2025-11-07T23:09:36.062+0000] {subprocess.py:93} INFO - [0m23:09:36  Registered adapter: sqlserver=1.8.7
[2025-11-07T23:09:37.431+0000] {subprocess.py:93} INFO - [0m23:09:37  Found 10 models, 18 data tests, 13 sources, 614 macros
[2025-11-07T23:09:37.435+0000] {subprocess.py:93} INFO - [0m23:09:37
[2025-11-07T23:09:37.605+0000] {subprocess.py:93} INFO - [0m23:09:37  Concurrency: 4 threads (target='dev')
[2025-11-07T23:09:37.605+0000] {subprocess.py:93} INFO - [0m23:09:37
[2025-11-07T23:09:37.612+0000] {subprocess.py:93} INFO - [0m23:09:37  1 of 10 START sql view model bronze.brnz_customers ............................. [RUN]
[2025-11-07T23:09:37.613+0000] {subprocess.py:93} INFO - [0m23:09:37  2 of 10 START sql view model bronze.brnz_example ............................... [RUN]
[2025-11-07T23:09:37.614+0000] {subprocess.py:93} INFO - [0m23:09:37  3 of 10 START sql view model bronze.brnz_products .............................. [RUN]
[2025-11-07T23:09:37.615+0000] {subprocess.py:93} INFO - [0m23:09:37  4 of 10 START sql view model bronze.brnz_sales_orders .......................... [RUN]
[2025-11-07T23:09:37.964+0000] {subprocess.py:93} INFO - [0m23:09:37  1 of 10 OK created sql view model bronze.brnz_customers ........................ [[32mOK[0m in 0.34s]
[2025-11-07T23:09:37.965+0000] {subprocess.py:93} INFO - [0m23:09:37  3 of 10 OK created sql view model bronze.brnz_products ......................... [[32mOK[0m in 0.34s]
[2025-11-07T23:09:37.966+0000] {subprocess.py:93} INFO - [0m23:09:37  4 of 10 OK created sql view model bronze.brnz_sales_orders ..................... [[32mOK[0m in 0.34s]
[2025-11-07T23:09:37.975+0000] {subprocess.py:93} INFO - [0m23:09:37  5 of 10 START sql table model silver.slvr_customers ............................ [RUN]
[2025-11-07T23:09:37.976+0000] {subprocess.py:93} INFO - [0m23:09:37  6 of 10 START sql table model silver.slvr_products ............................. [RUN]
[2025-11-07T23:09:37.977+0000] {subprocess.py:93} INFO - [0m23:09:37  7 of 10 START sql table model silver.slvr_sales_orders ......................... [RUN]
[2025-11-07T23:09:37.986+0000] {subprocess.py:93} INFO - [0m23:09:37  2 of 10 OK created sql view model bronze.brnz_example .......................... [[32mOK[0m in 0.36s]
[2025-11-07T23:09:38.366+0000] {subprocess.py:93} INFO - [0m23:09:38  6 of 10 OK created sql table model silver.slvr_products ........................ [[32mOK[0m in 0.38s]
[2025-11-07T23:09:38.609+0000] {subprocess.py:93} INFO - [0m23:09:38  5 of 10 OK created sql table model silver.slvr_customers ....................... [[32mOK[0m in 0.63s]
[2025-11-07T23:09:39.306+0000] {subprocess.py:93} INFO - [0m23:09:39  7 of 10 OK created sql table model silver.slvr_sales_orders .................... [[32mOK[0m in 1.32s]
[2025-11-07T23:09:39.311+0000] {subprocess.py:93} INFO - [0m23:09:39  8 of 10 START sql table model gold.gld_customer_metrics ........................ [RUN]
[2025-11-07T23:09:39.312+0000] {subprocess.py:93} INFO - [0m23:09:39  9 of 10 START sql table model gold.gld_product_performance ..................... [RUN]
[2025-11-07T23:09:39.313+0000] {subprocess.py:93} INFO - [0m23:09:39  10 of 10 START sql table model gold.gld_sales_summary .......................... [RUN]
[2025-11-07T23:09:39.792+0000] {subprocess.py:93} INFO - [0m23:09:39  10 of 10 OK created sql table model gold.gld_sales_summary ..................... [[32mOK[0m in 0.47s]
[2025-11-07T23:09:40.698+0000] {subprocess.py:93} INFO - [0m23:09:40  8 of 10 OK created sql table model gold.gld_customer_metrics ................... [[32mOK[0m in 1.38s]
[2025-11-07T23:09:40.755+0000] {subprocess.py:93} INFO - [0m23:09:40  9 of 10 OK created sql table model gold.gld_product_performance ................ [[32mOK[0m in 1.44s]
[2025-11-07T23:09:40.765+0000] {subprocess.py:93} INFO - [0m23:09:40
[2025-11-07T23:09:40.765+0000] {subprocess.py:93} INFO - [0m23:09:40  Finished running 4 view models, 6 table models in 0 hours 0 minutes and 3.33 seconds (3.33s).
[2025-11-07T23:09:40.842+0000] {subprocess.py:93} INFO - [0m23:09:40
[2025-11-07T23:09:40.843+0000] {subprocess.py:93} INFO - [0m23:09:40  [32mCompleted successfully[0m
[2025-11-07T23:09:40.844+0000] {subprocess.py:93} INFO - [0m23:09:40
[2025-11-07T23:09:40.845+0000] {subprocess.py:93} INFO - [0m23:09:40  Done. PASS=10 WARN=0 ERROR=0 SKIP=0 TOTAL=10
[2025-11-07T23:09:42.402+0000] {subprocess.py:97} INFO - Command exited with return code 0
[2025-11-07T23:09:42.424+0000] {taskinstance.py:1398} INFO - Marking task as SUCCESS. dag_id=dbt_transform, task_id=dbt_run, execution_date=20251107T230431, start_date=20251107T230933, end_date=20251107T230942
[2025-11-07T23:09:42.459+0000] {local_task_job_runner.py:228} INFO - Task exited with return code 0
[2025-11-07T23:09:42.473+0000] {taskinstance.py:2776} INFO - 1 downstream tasks scheduled from follow-on schedule check
