[2025-11-06T14:52:27.031+0000] {taskinstance.py:1157} INFO - Dependencies all met for dep_context=non-requeueable deps ti=<TaskInstance: dbt_transform.dbt_run manual__2025-11-06T14:52:25.290620+00:00 [queued]>
[2025-11-06T14:52:27.038+0000] {taskinstance.py:1157} INFO - Dependencies all met for dep_context=requeueable deps ti=<TaskInstance: dbt_transform.dbt_run manual__2025-11-06T14:52:25.290620+00:00 [queued]>
[2025-11-06T14:52:27.039+0000] {taskinstance.py:1359} INFO - Starting attempt 1 of 2
[2025-11-06T14:52:27.051+0000] {taskinstance.py:1380} INFO - Executing <Task(DockerOperator): dbt_run> on 2025-11-06 14:52:25.290620+00:00
[2025-11-06T14:52:27.057+0000] {standard_task_runner.py:57} INFO - Started process 234 to run task
[2025-11-06T14:52:27.062+0000] {standard_task_runner.py:84} INFO - Running: ['***', 'tasks', 'run', 'dbt_transform', 'dbt_run', 'manual__2025-11-06T14:52:25.290620+00:00', '--job-id', '5', '--raw', '--subdir', 'DAGS_FOLDER/dbt_dag.py', '--cfg-path', '/tmp/tmpvruseyke']
[2025-11-06T14:52:27.066+0000] {standard_task_runner.py:85} INFO - Job 5: Subtask dbt_run
[2025-11-06T14:52:27.118+0000] {task_command.py:415} INFO - Running <TaskInstance: dbt_transform.dbt_run manual__2025-11-06T14:52:25.290620+00:00 [running]> on host a9b12bd32d5c
[2025-11-06T14:52:27.192+0000] {taskinstance.py:1660} INFO - Exporting env vars: AIRFLOW_CTX_DAG_OWNER='***' AIRFLOW_CTX_DAG_ID='dbt_transform' AIRFLOW_CTX_TASK_ID='dbt_run' AIRFLOW_CTX_EXECUTION_DATE='2025-11-06T14:52:25.290620+00:00' AIRFLOW_CTX_TRY_NUMBER='1' AIRFLOW_CTX_DAG_RUN_ID='manual__2025-11-06T14:52:25.290620+00:00'
[2025-11-06T14:52:27.250+0000] {docker.py:333} INFO - Starting docker container from image dbt_***_project-dbt
[2025-11-06T14:52:30.495+0000] {docker.py:402} INFO - [0m14:52:30  Running with dbt=1.8.7
[2025-11-06T14:52:31.015+0000] {docker.py:402} INFO - [0m14:52:31  Registered adapter: sqlserver=1.8.7
[2025-11-06T14:52:32.154+0000] {docker.py:402} INFO - [0m14:52:32  [[33mWARNING[0m]: Configuration paths exist in your dbt_project.yml file which do not apply to any resources.
There are 2 unused configuration paths:
- models.dbt_sqlserver_project.intermediate
- models.dbt_sqlserver_project.marts
[2025-11-06T14:52:32.398+0000] {docker.py:402} INFO - [0m14:52:32  Found 4 models, 3 data tests, 13 sources, 614 macros
[2025-11-06T14:52:32.402+0000] {docker.py:402} INFO - [0m14:52:32
[2025-11-06T14:52:32.692+0000] {docker.py:402} INFO - [0m14:52:32  Concurrency: 4 threads (target='dev')
[2025-11-06T14:52:32.693+0000] {docker.py:402} INFO - [0m14:52:32
[2025-11-06T14:52:32.708+0000] {docker.py:402} INFO - [0m14:52:32  1 of 4 START sql view model dbo.stg_customers .................................. [RUN]
[2025-11-06T14:52:32.708+0000] {docker.py:402} INFO - [0m14:52:32  2 of 4 START sql view model dbo.stg_example .................................... [RUN]
[2025-11-06T14:52:32.710+0000] {docker.py:402} INFO - [0m14:52:32  3 of 4 START sql view model dbo.stg_products ................................... [RUN]
[2025-11-06T14:52:32.711+0000] {docker.py:402} INFO - [0m14:52:32  4 of 4 START sql view model dbo.stg_sales_orders ............................... [RUN]
[2025-11-06T14:52:33.486+0000] {docker.py:402} INFO - [0m14:52:33  1 of 4 OK created sql view model dbo.stg_customers ............................. [[32mOK[0m in 0.77s]
[2025-11-06T14:52:33.506+0000] {docker.py:402} INFO - [0m14:52:33  3 of 4 OK created sql view model dbo.stg_products .............................. [[32mOK[0m in 0.79s]
[2025-11-06T14:52:33.507+0000] {docker.py:402} INFO - [0m14:52:33  4 of 4 OK created sql view model dbo.stg_sales_orders .......................... [[32mOK[0m in 0.79s]
[2025-11-06T14:52:33.508+0000] {docker.py:402} INFO - [0m14:52:33  2 of 4 OK created sql view model dbo.stg_example ............................... [[32mOK[0m in 0.79s]
[2025-11-06T14:52:33.522+0000] {docker.py:402} INFO - [0m14:52:33
[2025-11-06T14:52:33.523+0000] {docker.py:402} INFO - [0m14:52:33  Finished running 4 view models in 0 hours 0 minutes and 1.12 seconds (1.12s).
[2025-11-06T14:52:33.611+0000] {docker.py:402} INFO - [0m14:52:33
[2025-11-06T14:52:33.612+0000] {docker.py:402} INFO - [0m14:52:33  [32mCompleted successfully[0m
[2025-11-06T14:52:33.613+0000] {docker.py:402} INFO - [0m14:52:33
[2025-11-06T14:52:33.615+0000] {docker.py:402} INFO - [0m14:52:33  Done. PASS=4 WARN=0 ERROR=0 SKIP=0 TOTAL=4
[2025-11-06T14:52:35.444+0000] {taskinstance.py:1398} INFO - Marking task as SUCCESS. dag_id=dbt_transform, task_id=dbt_run, execution_date=20251106T145225, start_date=20251106T145227, end_date=20251106T145235
[2025-11-06T14:52:35.477+0000] {local_task_job_runner.py:228} INFO - Task exited with return code 0
[2025-11-06T14:52:35.505+0000] {taskinstance.py:2776} INFO - 1 downstream tasks scheduled from follow-on schedule check
