[2025-04-17T05:49:45.782+0000] {taskinstance.py:1157} INFO - Dependencies all met for dep_context=non-requeueable deps ti=<TaskInstance: dbt_transform.dbt_run manual__2025-04-17T05:49:44.062845+00:00 [queued]>
[2025-04-17T05:49:45.789+0000] {taskinstance.py:1157} INFO - Dependencies all met for dep_context=requeueable deps ti=<TaskInstance: dbt_transform.dbt_run manual__2025-04-17T05:49:44.062845+00:00 [queued]>
[2025-04-17T05:49:45.789+0000] {taskinstance.py:1359} INFO - Starting attempt 1 of 2
[2025-04-17T05:49:45.801+0000] {taskinstance.py:1380} INFO - Executing <Task(DockerOperator): dbt_run> on 2025-04-17 05:49:44.062845+00:00
[2025-04-17T05:49:45.806+0000] {standard_task_runner.py:57} INFO - Started process 180 to run task
[2025-04-17T05:49:45.809+0000] {standard_task_runner.py:84} INFO - Running: ['***', 'tasks', 'run', 'dbt_transform', 'dbt_run', 'manual__2025-04-17T05:49:44.062845+00:00', '--job-id', '45', '--raw', '--subdir', 'DAGS_FOLDER/dbt_dag.py', '--cfg-path', '/tmp/tmpoaktv4n0']
[2025-04-17T05:49:45.812+0000] {standard_task_runner.py:85} INFO - Job 45: Subtask dbt_run
[2025-04-17T05:49:45.854+0000] {task_command.py:415} INFO - Running <TaskInstance: dbt_transform.dbt_run manual__2025-04-17T05:49:44.062845+00:00 [running]> on host db6917ed49e2
[2025-04-17T05:49:45.929+0000] {taskinstance.py:1660} INFO - Exporting env vars: AIRFLOW_CTX_DAG_OWNER='***' AIRFLOW_CTX_DAG_ID='dbt_transform' AIRFLOW_CTX_TASK_ID='dbt_run' AIRFLOW_CTX_EXECUTION_DATE='2025-04-17T05:49:44.062845+00:00' AIRFLOW_CTX_TRY_NUMBER='1' AIRFLOW_CTX_DAG_RUN_ID='manual__2025-04-17T05:49:44.062845+00:00'
[2025-04-17T05:49:45.958+0000] {docker.py:333} INFO - Starting docker container from image dbt_***_project-dbt
[2025-04-17T05:49:48.109+0000] {docker.py:402} INFO - [0m05:49:48  Running with dbt=1.8.7
[2025-04-17T05:49:48.592+0000] {docker.py:402} INFO - [0m05:49:48  Registered adapter: sqlserver=1.8.7
[2025-04-17T05:49:49.919+0000] {docker.py:402} INFO - [0m05:49:49  [[33mWARNING[0m]: Configuration paths exist in your dbt_project.yml file which do not apply to any resources.
There are 2 unused configuration paths:
- models.dbt_sqlserver_project.intermediate
- models.dbt_sqlserver_project.marts
[2025-04-17T05:49:50.196+0000] {docker.py:402} INFO - [0m05:49:50  Found 4 models, 3 data tests, 13 sources, 614 macros
[2025-04-17T05:49:50.199+0000] {docker.py:402} INFO - [0m05:49:50
[2025-04-17T05:49:50.406+0000] {docker.py:402} INFO - [0m05:49:50  Concurrency: 4 threads (target='dev')
[2025-04-17T05:49:50.407+0000] {docker.py:402} INFO - [0m05:49:50
[2025-04-17T05:49:50.420+0000] {docker.py:402} INFO - [0m05:49:50  1 of 4 START sql view model dbo.stg_customers .................................. [RUN]
[2025-04-17T05:49:50.420+0000] {docker.py:402} INFO - [0m05:49:50  2 of 4 START sql view model dbo.stg_example .................................... [RUN]
[2025-04-17T05:49:50.422+0000] {docker.py:402} INFO - [0m05:49:50  3 of 4 START sql view model dbo.stg_products ................................... [RUN]
[2025-04-17T05:49:50.423+0000] {docker.py:402} INFO - [0m05:49:50  4 of 4 START sql view model dbo.stg_sales_orders ............................... [RUN]
[2025-04-17T05:49:51.011+0000] {docker.py:402} INFO - [0m05:49:51  4 of 4 OK created sql view model dbo.stg_sales_orders .......................... [[32mOK[0m in 0.58s]
[2025-04-17T05:49:51.015+0000] {docker.py:402} INFO - [0m05:49:51  1 of 4 OK created sql view model dbo.stg_customers ............................. [[32mOK[0m in 0.58s]
[2025-04-17T05:49:51.026+0000] {docker.py:402} INFO - [0m05:49:51  2 of 4 OK created sql view model dbo.stg_example ............................... [[32mOK[0m in 0.60s]
[2025-04-17T05:49:51.027+0000] {docker.py:402} INFO - [0m05:49:51  3 of 4 OK created sql view model dbo.stg_products .............................. [[32mOK[0m in 0.60s]
[2025-04-17T05:49:51.039+0000] {docker.py:402} INFO - [0m05:49:51
[2025-04-17T05:49:51.039+0000] {docker.py:402} INFO - [0m05:49:51  Finished running 4 view models in 0 hours 0 minutes and 0.84 seconds (0.84s).
[2025-04-17T05:49:51.114+0000] {docker.py:402} INFO - [0m05:49:51
[2025-04-17T05:49:51.116+0000] {docker.py:402} INFO - [0m05:49:51  [32mCompleted successfully[0m
[2025-04-17T05:49:51.117+0000] {docker.py:402} INFO - [0m05:49:51
[2025-04-17T05:49:51.119+0000] {docker.py:402} INFO - [0m05:49:51  Done. PASS=4 WARN=0 ERROR=0 SKIP=0 TOTAL=4
[2025-04-17T05:49:53.064+0000] {taskinstance.py:1398} INFO - Marking task as SUCCESS. dag_id=dbt_transform, task_id=dbt_run, execution_date=20250417T054944, start_date=20250417T054945, end_date=20250417T054953
[2025-04-17T05:49:53.110+0000] {local_task_job_runner.py:228} INFO - Task exited with return code 0
[2025-04-17T05:49:53.128+0000] {taskinstance.py:2776} INFO - 1 downstream tasks scheduled from follow-on schedule check
