[2025-11-07T22:49:32.615+0000] {taskinstance.py:1157} INFO - Dependencies all met for dep_context=non-requeueable deps ti=<TaskInstance: dbt_transform.dbt_run scheduled__2025-11-07T22:44:31.287022+00:00 [queued]>
[2025-11-07T22:49:32.623+0000] {taskinstance.py:1157} INFO - Dependencies all met for dep_context=requeueable deps ti=<TaskInstance: dbt_transform.dbt_run scheduled__2025-11-07T22:44:31.287022+00:00 [queued]>
[2025-11-07T22:49:32.624+0000] {taskinstance.py:1359} INFO - Starting attempt 1 of 2
[2025-11-07T22:49:32.633+0000] {taskinstance.py:1380} INFO - Executing <Task(BashOperator): dbt_run> on 2025-11-07 22:44:31.287022+00:00
[2025-11-07T22:49:32.638+0000] {standard_task_runner.py:57} INFO - Started process 619 to run task
[2025-11-07T22:49:32.641+0000] {standard_task_runner.py:84} INFO - Running: ['***', 'tasks', 'run', 'dbt_transform', 'dbt_run', 'scheduled__2025-11-07T22:44:31.287022+00:00', '--job-id', '32', '--raw', '--subdir', 'DAGS_FOLDER/dbt_dag.py', '--cfg-path', '/tmp/tmpworeq983']
[2025-11-07T22:49:32.644+0000] {standard_task_runner.py:85} INFO - Job 32: Subtask dbt_run
[2025-11-07T22:49:32.689+0000] {task_command.py:415} INFO - Running <TaskInstance: dbt_transform.dbt_run scheduled__2025-11-07T22:44:31.287022+00:00 [running]> on host a9b12bd32d5c
[2025-11-07T22:49:32.757+0000] {taskinstance.py:1660} INFO - Exporting env vars: AIRFLOW_CTX_DAG_OWNER='***' AIRFLOW_CTX_DAG_ID='dbt_transform' AIRFLOW_CTX_TASK_ID='dbt_run' AIRFLOW_CTX_EXECUTION_DATE='2025-11-07T22:44:31.287022+00:00' AIRFLOW_CTX_TRY_NUMBER='1' AIRFLOW_CTX_DAG_RUN_ID='scheduled__2025-11-07T22:44:31.287022+00:00'
[2025-11-07T22:49:32.759+0000] {subprocess.py:63} INFO - Tmp dir root location: /tmp
[2025-11-07T22:49:32.760+0000] {subprocess.py:75} INFO - Running command: ['/bin/bash', '-c', 'docker exec dbt_***_project-dbt-1 dbt run']
[2025-11-07T22:49:32.768+0000] {subprocess.py:86} INFO - Output:
[2025-11-07T22:49:34.038+0000] {subprocess.py:93} INFO - [0m22:49:34  Running with dbt=1.8.7
[2025-11-07T22:49:34.347+0000] {subprocess.py:93} INFO - [0m22:49:34  Registered adapter: sqlserver=1.8.7
[2025-11-07T22:49:35.394+0000] {subprocess.py:93} INFO - [0m22:49:35  [[33mWARNING[0m]: Configuration paths exist in your dbt_project.yml file which do not apply to any resources.
[2025-11-07T22:49:35.395+0000] {subprocess.py:93} INFO - There are 2 unused configuration paths:
[2025-11-07T22:49:35.395+0000] {subprocess.py:93} INFO - - models.dbt_sqlserver_project.silver
[2025-11-07T22:49:35.395+0000] {subprocess.py:93} INFO - - models.dbt_sqlserver_project.gold
[2025-11-07T22:49:35.631+0000] {subprocess.py:93} INFO - [0m22:49:35  Found 4 models, 3 data tests, 13 sources, 614 macros
[2025-11-07T22:49:35.634+0000] {subprocess.py:93} INFO - [0m22:49:35
[2025-11-07T22:49:35.716+0000] {subprocess.py:93} INFO - [0m22:49:35  Concurrency: 4 threads (target='dev')
[2025-11-07T22:49:35.717+0000] {subprocess.py:93} INFO - [0m22:49:35
[2025-11-07T22:49:35.723+0000] {subprocess.py:93} INFO - [0m22:49:35  1 of 4 START sql view model bronze.brnz_customers .............................. [RUN]
[2025-11-07T22:49:35.724+0000] {subprocess.py:93} INFO - [0m22:49:35  2 of 4 START sql view model bronze.brnz_example ................................ [RUN]
[2025-11-07T22:49:35.725+0000] {subprocess.py:93} INFO - [0m22:49:35  3 of 4 START sql view model bronze.brnz_products ............................... [RUN]
[2025-11-07T22:49:35.726+0000] {subprocess.py:93} INFO - [0m22:49:35  4 of 4 START sql view model bronze.brnz_sales_orders ........................... [RUN]
[2025-11-07T22:49:36.053+0000] {subprocess.py:93} INFO - [0m22:49:36  2 of 4 OK created sql view model bronze.brnz_example ........................... [[32mOK[0m in 0.32s]
[2025-11-07T22:49:36.064+0000] {subprocess.py:93} INFO - [0m22:49:36  1 of 4 OK created sql view model bronze.brnz_customers ......................... [[32mOK[0m in 0.33s]
[2025-11-07T22:49:36.069+0000] {subprocess.py:93} INFO - [0m22:49:36  3 of 4 OK created sql view model bronze.brnz_products .......................... [[32mOK[0m in 0.34s]
[2025-11-07T22:49:36.074+0000] {subprocess.py:93} INFO - [0m22:49:36  4 of 4 OK created sql view model bronze.brnz_sales_orders ...................... [[32mOK[0m in 0.34s]
[2025-11-07T22:49:36.082+0000] {subprocess.py:93} INFO - [0m22:49:36
[2025-11-07T22:49:36.083+0000] {subprocess.py:93} INFO - [0m22:49:36  Finished running 4 view models in 0 hours 0 minutes and 0.45 seconds (0.45s).
[2025-11-07T22:49:36.152+0000] {subprocess.py:93} INFO - [0m22:49:36
[2025-11-07T22:49:36.153+0000] {subprocess.py:93} INFO - [0m22:49:36  [32mCompleted successfully[0m
[2025-11-07T22:49:36.154+0000] {subprocess.py:93} INFO - [0m22:49:36
[2025-11-07T22:49:36.155+0000] {subprocess.py:93} INFO - [0m22:49:36  Done. PASS=4 WARN=0 ERROR=0 SKIP=0 TOTAL=4
[2025-11-07T22:49:37.548+0000] {subprocess.py:97} INFO - Command exited with return code 0
[2025-11-07T22:49:37.578+0000] {taskinstance.py:1398} INFO - Marking task as SUCCESS. dag_id=dbt_transform, task_id=dbt_run, execution_date=20251107T224431, start_date=20251107T224932, end_date=20251107T224937
[2025-11-07T22:49:37.601+0000] {local_task_job_runner.py:228} INFO - Task exited with return code 0
[2025-11-07T22:49:37.619+0000] {taskinstance.py:2776} INFO - 1 downstream tasks scheduled from follow-on schedule check
