[2025-11-07T22:59:33.247+0000] {taskinstance.py:1157} INFO - Dependencies all met for dep_context=non-requeueable deps ti=<TaskInstance: dbt_transform.dbt_run scheduled__2025-11-07T22:54:31.287022+00:00 [queued]>
[2025-11-07T22:59:33.255+0000] {taskinstance.py:1157} INFO - Dependencies all met for dep_context=requeueable deps ti=<TaskInstance: dbt_transform.dbt_run scheduled__2025-11-07T22:54:31.287022+00:00 [queued]>
[2025-11-07T22:59:33.256+0000] {taskinstance.py:1359} INFO - Starting attempt 1 of 2
[2025-11-07T22:59:33.266+0000] {taskinstance.py:1380} INFO - Executing <Task(BashOperator): dbt_run> on 2025-11-07 22:54:31.287022+00:00
[2025-11-07T22:59:33.273+0000] {standard_task_runner.py:57} INFO - Started process 770 to run task
[2025-11-07T22:59:33.277+0000] {standard_task_runner.py:84} INFO - Running: ['***', 'tasks', 'run', 'dbt_transform', 'dbt_run', 'scheduled__2025-11-07T22:54:31.287022+00:00', '--job-id', '36', '--raw', '--subdir', 'DAGS_FOLDER/dbt_dag.py', '--cfg-path', '/tmp/tmpvcg0xzqr']
[2025-11-07T22:59:33.280+0000] {standard_task_runner.py:85} INFO - Job 36: Subtask dbt_run
[2025-11-07T22:59:33.331+0000] {task_command.py:415} INFO - Running <TaskInstance: dbt_transform.dbt_run scheduled__2025-11-07T22:54:31.287022+00:00 [running]> on host a9b12bd32d5c
[2025-11-07T22:59:33.429+0000] {taskinstance.py:1660} INFO - Exporting env vars: AIRFLOW_CTX_DAG_OWNER='***' AIRFLOW_CTX_DAG_ID='dbt_transform' AIRFLOW_CTX_TASK_ID='dbt_run' AIRFLOW_CTX_EXECUTION_DATE='2025-11-07T22:54:31.287022+00:00' AIRFLOW_CTX_TRY_NUMBER='1' AIRFLOW_CTX_DAG_RUN_ID='scheduled__2025-11-07T22:54:31.287022+00:00'
[2025-11-07T22:59:33.432+0000] {subprocess.py:63} INFO - Tmp dir root location: /tmp
[2025-11-07T22:59:33.438+0000] {subprocess.py:75} INFO - Running command: ['/bin/bash', '-c', 'docker exec dbt_***_project-dbt-1 dbt run']
[2025-11-07T22:59:33.455+0000] {subprocess.py:86} INFO - Output:
[2025-11-07T22:59:35.732+0000] {subprocess.py:93} INFO - [0m22:59:35  Running with dbt=1.8.7
[2025-11-07T22:59:36.252+0000] {subprocess.py:93} INFO - [0m22:59:36  Registered adapter: sqlserver=1.8.7
[2025-11-07T22:59:37.785+0000] {subprocess.py:93} INFO - [0m22:59:37  [[33mWARNING[0m]: Configuration paths exist in your dbt_project.yml file which do not apply to any resources.
[2025-11-07T22:59:37.786+0000] {subprocess.py:93} INFO - There are 2 unused configuration paths:
[2025-11-07T22:59:37.786+0000] {subprocess.py:93} INFO - - models.dbt_sqlserver_project.silver
[2025-11-07T22:59:37.787+0000] {subprocess.py:93} INFO - - models.dbt_sqlserver_project.gold
[2025-11-07T22:59:38.045+0000] {subprocess.py:93} INFO - [0m22:59:38  Found 4 models, 3 data tests, 13 sources, 614 macros
[2025-11-07T22:59:38.049+0000] {subprocess.py:93} INFO - [0m22:59:38
[2025-11-07T22:59:38.368+0000] {subprocess.py:93} INFO - [0m22:59:38  Concurrency: 4 threads (target='dev')
[2025-11-07T22:59:38.369+0000] {subprocess.py:93} INFO - [0m22:59:38
[2025-11-07T22:59:38.378+0000] {subprocess.py:93} INFO - [0m22:59:38  1 of 4 START sql view model bronze.brnz_customers .............................. [RUN]
[2025-11-07T22:59:38.379+0000] {subprocess.py:93} INFO - [0m22:59:38  2 of 4 START sql view model bronze.brnz_example ................................ [RUN]
[2025-11-07T22:59:38.380+0000] {subprocess.py:93} INFO - [0m22:59:38  3 of 4 START sql view model bronze.brnz_products ............................... [RUN]
[2025-11-07T22:59:38.381+0000] {subprocess.py:93} INFO - [0m22:59:38  4 of 4 START sql view model bronze.brnz_sales_orders ........................... [RUN]
[2025-11-07T22:59:38.840+0000] {subprocess.py:93} INFO - [0m22:59:38  1 of 4 OK created sql view model bronze.brnz_customers ......................... [[32mOK[0m in 0.45s]
[2025-11-07T22:59:38.847+0000] {subprocess.py:93} INFO - [0m22:59:38  2 of 4 OK created sql view model bronze.brnz_example ........................... [[32mOK[0m in 0.46s]
[2025-11-07T22:59:38.848+0000] {subprocess.py:93} INFO - [0m22:59:38  3 of 4 OK created sql view model bronze.brnz_products .......................... [[32mOK[0m in 0.46s]
[2025-11-07T22:59:38.850+0000] {subprocess.py:93} INFO - [0m22:59:38  4 of 4 OK created sql view model bronze.brnz_sales_orders ...................... [[32mOK[0m in 0.46s]
[2025-11-07T22:59:38.862+0000] {subprocess.py:93} INFO - [0m22:59:38
[2025-11-07T22:59:38.863+0000] {subprocess.py:93} INFO - [0m22:59:38  Finished running 4 view models in 0 hours 0 minutes and 0.81 seconds (0.81s).
[2025-11-07T22:59:38.982+0000] {subprocess.py:93} INFO - [0m22:59:38
[2025-11-07T22:59:38.983+0000] {subprocess.py:93} INFO - [0m22:59:38  [32mCompleted successfully[0m
[2025-11-07T22:59:38.989+0000] {subprocess.py:93} INFO - [0m22:59:38
[2025-11-07T22:59:38.990+0000] {subprocess.py:93} INFO - [0m22:59:38  Done. PASS=4 WARN=0 ERROR=0 SKIP=0 TOTAL=4
[2025-11-07T22:59:40.576+0000] {subprocess.py:97} INFO - Command exited with return code 0
[2025-11-07T22:59:40.631+0000] {taskinstance.py:1398} INFO - Marking task as SUCCESS. dag_id=dbt_transform, task_id=dbt_run, execution_date=20251107T225431, start_date=20251107T225933, end_date=20251107T225940
[2025-11-07T22:59:40.668+0000] {local_task_job_runner.py:228} INFO - Task exited with return code 0
[2025-11-07T22:59:40.713+0000] {taskinstance.py:2776} INFO - 1 downstream tasks scheduled from follow-on schedule check
