[2025-11-06T14:52:39.373+0000] {taskinstance.py:1157} INFO - Dependencies all met for dep_context=non-requeueable deps ti=<TaskInstance: dbt_transform.dbt_run scheduled__2025-11-05T14:47:12.210399+00:00 [queued]>
[2025-11-06T14:52:39.386+0000] {taskinstance.py:1157} INFO - Dependencies all met for dep_context=requeueable deps ti=<TaskInstance: dbt_transform.dbt_run scheduled__2025-11-05T14:47:12.210399+00:00 [queued]>
[2025-11-06T14:52:39.387+0000] {taskinstance.py:1359} INFO - Starting attempt 2 of 2
[2025-11-06T14:52:39.405+0000] {taskinstance.py:1380} INFO - Executing <Task(DockerOperator): dbt_run> on 2025-11-05 14:47:12.210399+00:00
[2025-11-06T14:52:39.417+0000] {standard_task_runner.py:57} INFO - Started process 245 to run task
[2025-11-06T14:52:39.435+0000] {standard_task_runner.py:84} INFO - Running: ['***', 'tasks', 'run', 'dbt_transform', 'dbt_run', 'scheduled__2025-11-05T14:47:12.210399+00:00', '--job-id', '8', '--raw', '--subdir', 'DAGS_FOLDER/dbt_dag.py', '--cfg-path', '/tmp/tmpps59jiv1']
[2025-11-06T14:52:39.455+0000] {standard_task_runner.py:85} INFO - Job 8: Subtask dbt_run
[2025-11-06T14:52:39.696+0000] {task_command.py:415} INFO - Running <TaskInstance: dbt_transform.dbt_run scheduled__2025-11-05T14:47:12.210399+00:00 [running]> on host a9b12bd32d5c
[2025-11-06T14:52:39.920+0000] {taskinstance.py:1660} INFO - Exporting env vars: AIRFLOW_CTX_DAG_OWNER='***' AIRFLOW_CTX_DAG_ID='dbt_transform' AIRFLOW_CTX_TASK_ID='dbt_run' AIRFLOW_CTX_EXECUTION_DATE='2025-11-05T14:47:12.210399+00:00' AIRFLOW_CTX_TRY_NUMBER='2' AIRFLOW_CTX_DAG_RUN_ID='scheduled__2025-11-05T14:47:12.210399+00:00'
[2025-11-06T14:52:40.030+0000] {docker.py:333} INFO - Starting docker container from image dbt_***_project-dbt
[2025-11-06T14:52:44.618+0000] {docker.py:402} INFO - [0m14:52:44  Running with dbt=1.8.7
[2025-11-06T14:52:45.415+0000] {docker.py:402} INFO - [0m14:52:45  Registered adapter: sqlserver=1.8.7
[2025-11-06T14:52:46.850+0000] {docker.py:402} INFO - [0m14:52:46  [[33mWARNING[0m]: Configuration paths exist in your dbt_project.yml file which do not apply to any resources.
There are 2 unused configuration paths:
- models.dbt_sqlserver_project.intermediate
- models.dbt_sqlserver_project.marts
[2025-11-06T14:52:47.506+0000] {docker.py:402} INFO - [0m14:52:47  Found 4 models, 3 data tests, 13 sources, 614 macros
[2025-11-06T14:52:47.521+0000] {docker.py:402} INFO - [0m14:52:47
[2025-11-06T14:52:47.855+0000] {docker.py:402} INFO - [0m14:52:47  Concurrency: 4 threads (target='dev')
[2025-11-06T14:52:47.864+0000] {docker.py:402} INFO - [0m14:52:47
[2025-11-06T14:52:47.919+0000] {docker.py:402} INFO - [0m14:52:47  1 of 4 START sql view model dbo.stg_customers .................................. [RUN]
[2025-11-06T14:52:47.926+0000] {docker.py:402} INFO - [0m14:52:47  2 of 4 START sql view model dbo.stg_example .................................... [RUN]
[2025-11-06T14:52:47.928+0000] {docker.py:402} INFO - [0m14:52:47  3 of 4 START sql view model dbo.stg_products ................................... [RUN]
[2025-11-06T14:52:47.935+0000] {docker.py:402} INFO - [0m14:52:47  4 of 4 START sql view model dbo.stg_sales_orders ............................... [RUN]
[2025-11-06T14:52:48.825+0000] {docker.py:402} INFO - [0m14:52:48  1 of 4 OK created sql view model dbo.stg_customers ............................. [[32mOK[0m in 0.86s]
[2025-11-06T14:52:48.855+0000] {docker.py:402} INFO - [0m14:52:48  3 of 4 OK created sql view model dbo.stg_products .............................. [[32mOK[0m in 0.90s]
[2025-11-06T14:52:48.864+0000] {docker.py:402} INFO - [0m14:52:48  2 of 4 OK created sql view model dbo.stg_example ............................... [[32mOK[0m in 0.91s]
[2025-11-06T14:52:48.867+0000] {docker.py:402} INFO - [0m14:52:48  4 of 4 OK created sql view model dbo.stg_sales_orders .......................... [[32mOK[0m in 0.92s]
[2025-11-06T14:52:48.888+0000] {docker.py:402} INFO - [0m14:52:48
[2025-11-06T14:52:48.889+0000] {docker.py:402} INFO - [0m14:52:48  Finished running 4 view models in 0 hours 0 minutes and 1.36 seconds (1.36s).
[2025-11-06T14:52:49.008+0000] {docker.py:402} INFO - [0m14:52:49
[2025-11-06T14:52:49.009+0000] {docker.py:402} INFO - [0m14:52:49  [32mCompleted successfully[0m
[2025-11-06T14:52:49.011+0000] {docker.py:402} INFO - [0m14:52:49
[2025-11-06T14:52:49.012+0000] {docker.py:402} INFO - [0m14:52:49  Done. PASS=4 WARN=0 ERROR=0 SKIP=0 TOTAL=4
[2025-11-06T14:52:51.199+0000] {taskinstance.py:1398} INFO - Marking task as SUCCESS. dag_id=dbt_transform, task_id=dbt_run, execution_date=20251105T144712, start_date=20251106T145239, end_date=20251106T145251
[2025-11-06T14:52:51.264+0000] {local_task_job_runner.py:228} INFO - Task exited with return code 0
[2025-11-06T14:52:51.326+0000] {taskinstance.py:2776} INFO - 1 downstream tasks scheduled from follow-on schedule check
