[2025-11-07T22:33:33.543+0000] {taskinstance.py:1157} INFO - Dependencies all met for dep_context=non-requeueable deps ti=<TaskInstance: dbt_transform.dbt_run manual__2025-11-07T22:33:32.356261+00:00 [queued]>
[2025-11-07T22:33:33.562+0000] {taskinstance.py:1157} INFO - Dependencies all met for dep_context=requeueable deps ti=<TaskInstance: dbt_transform.dbt_run manual__2025-11-07T22:33:32.356261+00:00 [queued]>
[2025-11-07T22:33:33.563+0000] {taskinstance.py:1359} INFO - Starting attempt 1 of 2
[2025-11-07T22:33:33.577+0000] {taskinstance.py:1380} INFO - Executing <Task(BashOperator): dbt_run> on 2025-11-07 22:33:32.356261+00:00
[2025-11-07T22:33:33.583+0000] {standard_task_runner.py:57} INFO - Started process 305 to run task
[2025-11-07T22:33:33.588+0000] {standard_task_runner.py:84} INFO - Running: ['***', 'tasks', 'run', 'dbt_transform', 'dbt_run', 'manual__2025-11-07T22:33:32.356261+00:00', '--job-id', '20', '--raw', '--subdir', 'DAGS_FOLDER/dbt_dag.py', '--cfg-path', '/tmp/tmp0f1fv_bi']
[2025-11-07T22:33:33.596+0000] {standard_task_runner.py:85} INFO - Job 20: Subtask dbt_run
[2025-11-07T22:33:33.687+0000] {task_command.py:415} INFO - Running <TaskInstance: dbt_transform.dbt_run manual__2025-11-07T22:33:32.356261+00:00 [running]> on host a9b12bd32d5c
[2025-11-07T22:33:33.810+0000] {taskinstance.py:1660} INFO - Exporting env vars: AIRFLOW_CTX_DAG_OWNER='***' AIRFLOW_CTX_DAG_ID='dbt_transform' AIRFLOW_CTX_TASK_ID='dbt_run' AIRFLOW_CTX_EXECUTION_DATE='2025-11-07T22:33:32.356261+00:00' AIRFLOW_CTX_TRY_NUMBER='1' AIRFLOW_CTX_DAG_RUN_ID='manual__2025-11-07T22:33:32.356261+00:00'
[2025-11-07T22:33:33.811+0000] {subprocess.py:63} INFO - Tmp dir root location: /tmp
[2025-11-07T22:33:33.815+0000] {subprocess.py:75} INFO - Running command: ['/bin/bash', '-c', 'docker exec dbt_***_project-dbt-1 dbt run']
[2025-11-07T22:33:33.832+0000] {subprocess.py:86} INFO - Output:
[2025-11-07T22:33:35.669+0000] {subprocess.py:93} INFO - [0m22:33:35  Running with dbt=1.8.7
[2025-11-07T22:33:36.196+0000] {subprocess.py:93} INFO - [0m22:33:36  Registered adapter: sqlserver=1.8.7
[2025-11-07T22:33:36.548+0000] {subprocess.py:93} INFO - [0m22:33:36  Unable to do partial parsing because a project config has changed
[2025-11-07T22:33:38.568+0000] {subprocess.py:93} INFO - [0m22:33:38  [[33mWARNING[0m]: Deprecated functionality
[2025-11-07T22:33:38.569+0000] {subprocess.py:93} INFO - The `tests` config has been renamed to `data_tests`. Please see
[2025-11-07T22:33:38.569+0000] {subprocess.py:93} INFO - https://docs.getdbt.com/docs/build/data-tests#new-data_tests-syntax for more
[2025-11-07T22:33:38.570+0000] {subprocess.py:93} INFO - information.
[2025-11-07T22:33:38.863+0000] {subprocess.py:93} INFO - [0m22:33:38  [[33mWARNING[0m]: Configuration paths exist in your dbt_project.yml file which do not apply to any resources.
[2025-11-07T22:33:38.863+0000] {subprocess.py:93} INFO - There are 2 unused configuration paths:
[2025-11-07T22:33:38.863+0000] {subprocess.py:93} INFO - - models.dbt_sqlserver_project.silver
[2025-11-07T22:33:38.864+0000] {subprocess.py:93} INFO - - models.dbt_sqlserver_project.gold
[2025-11-07T22:33:39.019+0000] {subprocess.py:93} INFO - [0m22:33:39  Found 4 models, 3 data tests, 13 sources, 614 macros
[2025-11-07T22:33:39.023+0000] {subprocess.py:93} INFO - [0m22:33:39
[2025-11-07T22:33:39.151+0000] {subprocess.py:93} INFO - [0m22:33:39  Concurrency: 4 threads (target='dev')
[2025-11-07T22:33:39.151+0000] {subprocess.py:93} INFO - [0m22:33:39
[2025-11-07T22:33:39.159+0000] {subprocess.py:93} INFO - [0m22:33:39  1 of 4 START sql view model dbo.stg_customers .................................. [RUN]
[2025-11-07T22:33:39.160+0000] {subprocess.py:93} INFO - [0m22:33:39  2 of 4 START sql view model dbo.stg_example .................................... [RUN]
[2025-11-07T22:33:39.161+0000] {subprocess.py:93} INFO - [0m22:33:39  3 of 4 START sql view model dbo.stg_products ................................... [RUN]
[2025-11-07T22:33:39.162+0000] {subprocess.py:93} INFO - [0m22:33:39  4 of 4 START sql view model dbo.stg_sales_orders ............................... [RUN]
[2025-11-07T22:33:39.482+0000] {subprocess.py:93} INFO - [0m22:33:39  2 of 4 OK created sql view model dbo.stg_example ............................... [[32mOK[0m in 0.31s]
[2025-11-07T22:33:39.500+0000] {subprocess.py:93} INFO - [0m22:33:39  4 of 4 OK created sql view model dbo.stg_sales_orders .......................... [[32mOK[0m in 0.33s]
[2025-11-07T22:33:39.501+0000] {subprocess.py:93} INFO - [0m22:33:39  1 of 4 OK created sql view model dbo.stg_customers ............................. [[32mOK[0m in 0.33s]
[2025-11-07T22:33:39.502+0000] {subprocess.py:93} INFO - [0m22:33:39  3 of 4 OK created sql view model dbo.stg_products .............................. [[32mOK[0m in 0.33s]
[2025-11-07T22:33:39.513+0000] {subprocess.py:93} INFO - [0m22:33:39
[2025-11-07T22:33:39.514+0000] {subprocess.py:93} INFO - [0m22:33:39  Finished running 4 view models in 0 hours 0 minutes and 0.49 seconds (0.49s).
[2025-11-07T22:33:39.596+0000] {subprocess.py:93} INFO - [0m22:33:39
[2025-11-07T22:33:39.597+0000] {subprocess.py:93} INFO - [0m22:33:39  [32mCompleted successfully[0m
[2025-11-07T22:33:39.598+0000] {subprocess.py:93} INFO - [0m22:33:39
[2025-11-07T22:33:39.599+0000] {subprocess.py:93} INFO - [0m22:33:39  Done. PASS=4 WARN=0 ERROR=0 SKIP=0 TOTAL=4
[2025-11-07T22:33:41.154+0000] {subprocess.py:97} INFO - Command exited with return code 0
[2025-11-07T22:33:41.176+0000] {taskinstance.py:1398} INFO - Marking task as SUCCESS. dag_id=dbt_transform, task_id=dbt_run, execution_date=20251107T223332, start_date=20251107T223333, end_date=20251107T223341
[2025-11-07T22:33:41.230+0000] {local_task_job_runner.py:228} INFO - Task exited with return code 0
[2025-11-07T22:33:41.247+0000] {taskinstance.py:2776} INFO - 1 downstream tasks scheduled from follow-on schedule check
