[2025-11-07T22:46:10.821+0000] {taskinstance.py:1157} INFO - Dependencies all met for dep_context=non-requeueable deps ti=<TaskInstance: dbt_transform.dbt_run manual__2025-11-07T22:46:09.706907+00:00 [queued]>
[2025-11-07T22:46:10.828+0000] {taskinstance.py:1157} INFO - Dependencies all met for dep_context=requeueable deps ti=<TaskInstance: dbt_transform.dbt_run manual__2025-11-07T22:46:09.706907+00:00 [queued]>
[2025-11-07T22:46:10.829+0000] {taskinstance.py:1359} INFO - Starting attempt 1 of 2
[2025-11-07T22:46:10.841+0000] {taskinstance.py:1380} INFO - Executing <Task(BashOperator): dbt_run> on 2025-11-07 22:46:09.706907+00:00
[2025-11-07T22:46:10.845+0000] {standard_task_runner.py:57} INFO - Started process 558 to run task
[2025-11-07T22:46:10.849+0000] {standard_task_runner.py:84} INFO - Running: ['***', 'tasks', 'run', 'dbt_transform', 'dbt_run', 'manual__2025-11-07T22:46:09.706907+00:00', '--job-id', '30', '--raw', '--subdir', 'DAGS_FOLDER/dbt_dag.py', '--cfg-path', '/tmp/tmp6oip2w2c']
[2025-11-07T22:46:10.853+0000] {standard_task_runner.py:85} INFO - Job 30: Subtask dbt_run
[2025-11-07T22:46:10.903+0000] {task_command.py:415} INFO - Running <TaskInstance: dbt_transform.dbt_run manual__2025-11-07T22:46:09.706907+00:00 [running]> on host a9b12bd32d5c
[2025-11-07T22:46:10.976+0000] {taskinstance.py:1660} INFO - Exporting env vars: AIRFLOW_CTX_DAG_OWNER='***' AIRFLOW_CTX_DAG_ID='dbt_transform' AIRFLOW_CTX_TASK_ID='dbt_run' AIRFLOW_CTX_EXECUTION_DATE='2025-11-07T22:46:09.706907+00:00' AIRFLOW_CTX_TRY_NUMBER='1' AIRFLOW_CTX_DAG_RUN_ID='manual__2025-11-07T22:46:09.706907+00:00'
[2025-11-07T22:46:10.978+0000] {subprocess.py:63} INFO - Tmp dir root location: /tmp
[2025-11-07T22:46:10.979+0000] {subprocess.py:75} INFO - Running command: ['/bin/bash', '-c', 'docker exec dbt_***_project-dbt-1 dbt run']
[2025-11-07T22:46:10.988+0000] {subprocess.py:86} INFO - Output:
[2025-11-07T22:46:12.124+0000] {subprocess.py:93} INFO - [0m22:46:12  Running with dbt=1.8.7
[2025-11-07T22:46:12.513+0000] {subprocess.py:93} INFO - [0m22:46:12  Registered adapter: sqlserver=1.8.7
[2025-11-07T22:46:12.755+0000] {subprocess.py:93} INFO - [0m22:46:12  Unable to do partial parsing because a project config has changed
[2025-11-07T22:46:15.178+0000] {subprocess.py:93} INFO - [0m22:46:15  [[33mWARNING[0m]: Deprecated functionality
[2025-11-07T22:46:15.179+0000] {subprocess.py:93} INFO - The `tests` config has been renamed to `data_tests`. Please see
[2025-11-07T22:46:15.179+0000] {subprocess.py:93} INFO - https://docs.getdbt.com/docs/build/data-tests#new-data_tests-syntax for more
[2025-11-07T22:46:15.180+0000] {subprocess.py:93} INFO - information.
[2025-11-07T22:46:15.381+0000] {subprocess.py:93} INFO - [0m22:46:15  [[33mWARNING[0m]: Configuration paths exist in your dbt_project.yml file which do not apply to any resources.
[2025-11-07T22:46:15.382+0000] {subprocess.py:93} INFO - There are 2 unused configuration paths:
[2025-11-07T22:46:15.382+0000] {subprocess.py:93} INFO - - models.dbt_sqlserver_project.gold
[2025-11-07T22:46:15.382+0000] {subprocess.py:93} INFO - - models.dbt_sqlserver_project.silver
[2025-11-07T22:46:15.537+0000] {subprocess.py:93} INFO - [0m22:46:15  Found 4 models, 3 data tests, 13 sources, 614 macros
[2025-11-07T22:46:15.540+0000] {subprocess.py:93} INFO - [0m22:46:15
[2025-11-07T22:46:15.687+0000] {subprocess.py:93} INFO - [0m22:46:15  Concurrency: 4 threads (target='dev')
[2025-11-07T22:46:15.688+0000] {subprocess.py:93} INFO - [0m22:46:15
[2025-11-07T22:46:15.694+0000] {subprocess.py:93} INFO - [0m22:46:15  1 of 4 START sql view model bronze.brnz_customers .............................. [RUN]
[2025-11-07T22:46:15.696+0000] {subprocess.py:93} INFO - [0m22:46:15  2 of 4 START sql view model bronze.brnz_example ................................ [RUN]
[2025-11-07T22:46:15.697+0000] {subprocess.py:93} INFO - [0m22:46:15  3 of 4 START sql view model bronze.brnz_products ............................... [RUN]
[2025-11-07T22:46:15.698+0000] {subprocess.py:93} INFO - [0m22:46:15  4 of 4 START sql view model bronze.brnz_sales_orders ........................... [RUN]
[2025-11-07T22:46:15.993+0000] {subprocess.py:93} INFO - [0m22:46:15  2 of 4 OK created sql view model bronze.brnz_example ........................... [[32mOK[0m in 0.28s]
[2025-11-07T22:46:16.000+0000] {subprocess.py:93} INFO - [0m22:46:15  4 of 4 OK created sql view model bronze.brnz_sales_orders ...................... [[32mOK[0m in 0.29s]
[2025-11-07T22:46:16.014+0000] {subprocess.py:93} INFO - [0m22:46:16  1 of 4 OK created sql view model bronze.brnz_customers ......................... [[32mOK[0m in 0.31s]
[2025-11-07T22:46:16.015+0000] {subprocess.py:93} INFO - [0m22:46:16  3 of 4 OK created sql view model bronze.brnz_products .......................... [[32mOK[0m in 0.31s]
[2025-11-07T22:46:16.026+0000] {subprocess.py:93} INFO - [0m22:46:16
[2025-11-07T22:46:16.026+0000] {subprocess.py:93} INFO - [0m22:46:16  Finished running 4 view models in 0 hours 0 minutes and 0.48 seconds (0.48s).
[2025-11-07T22:46:16.105+0000] {subprocess.py:93} INFO - [0m22:46:16
[2025-11-07T22:46:16.106+0000] {subprocess.py:93} INFO - [0m22:46:16  [32mCompleted successfully[0m
[2025-11-07T22:46:16.108+0000] {subprocess.py:93} INFO - [0m22:46:16
[2025-11-07T22:46:16.109+0000] {subprocess.py:93} INFO - [0m22:46:16  Done. PASS=4 WARN=0 ERROR=0 SKIP=0 TOTAL=4
[2025-11-07T22:46:17.646+0000] {subprocess.py:97} INFO - Command exited with return code 0
[2025-11-07T22:46:17.669+0000] {taskinstance.py:1398} INFO - Marking task as SUCCESS. dag_id=dbt_transform, task_id=dbt_run, execution_date=20251107T224609, start_date=20251107T224610, end_date=20251107T224617
[2025-11-07T22:46:17.691+0000] {local_task_job_runner.py:228} INFO - Task exited with return code 0
[2025-11-07T22:46:17.707+0000] {taskinstance.py:2776} INFO - 1 downstream tasks scheduled from follow-on schedule check
