[2025-11-07T22:43:45.747+0000] {taskinstance.py:1157} INFO - Dependencies all met for dep_context=non-requeueable deps ti=<TaskInstance: dbt_transform.dbt_run manual__2025-11-07T22:43:44.505600+00:00 [queued]>
[2025-11-07T22:43:45.755+0000] {taskinstance.py:1157} INFO - Dependencies all met for dep_context=requeueable deps ti=<TaskInstance: dbt_transform.dbt_run manual__2025-11-07T22:43:44.505600+00:00 [queued]>
[2025-11-07T22:43:45.756+0000] {taskinstance.py:1359} INFO - Starting attempt 1 of 2
[2025-11-07T22:43:45.769+0000] {taskinstance.py:1380} INFO - Executing <Task(BashOperator): dbt_run> on 2025-11-07 22:43:44.505600+00:00
[2025-11-07T22:43:45.775+0000] {standard_task_runner.py:57} INFO - Started process 482 to run task
[2025-11-07T22:43:45.778+0000] {standard_task_runner.py:84} INFO - Running: ['***', 'tasks', 'run', 'dbt_transform', 'dbt_run', 'manual__2025-11-07T22:43:44.505600+00:00', '--job-id', '26', '--raw', '--subdir', 'DAGS_FOLDER/dbt_dag.py', '--cfg-path', '/tmp/tmpra89fiw0']
[2025-11-07T22:43:45.782+0000] {standard_task_runner.py:85} INFO - Job 26: Subtask dbt_run
[2025-11-07T22:43:45.833+0000] {task_command.py:415} INFO - Running <TaskInstance: dbt_transform.dbt_run manual__2025-11-07T22:43:44.505600+00:00 [running]> on host a9b12bd32d5c
[2025-11-07T22:43:45.911+0000] {taskinstance.py:1660} INFO - Exporting env vars: AIRFLOW_CTX_DAG_OWNER='***' AIRFLOW_CTX_DAG_ID='dbt_transform' AIRFLOW_CTX_TASK_ID='dbt_run' AIRFLOW_CTX_EXECUTION_DATE='2025-11-07T22:43:44.505600+00:00' AIRFLOW_CTX_TRY_NUMBER='1' AIRFLOW_CTX_DAG_RUN_ID='manual__2025-11-07T22:43:44.505600+00:00'
[2025-11-07T22:43:45.913+0000] {subprocess.py:63} INFO - Tmp dir root location: /tmp
[2025-11-07T22:43:45.914+0000] {subprocess.py:75} INFO - Running command: ['/bin/bash', '-c', 'docker exec dbt_***_project-dbt-1 dbt run']
[2025-11-07T22:43:45.924+0000] {subprocess.py:86} INFO - Output:
[2025-11-07T22:43:47.195+0000] {subprocess.py:93} INFO - [0m22:43:47  Running with dbt=1.8.7
[2025-11-07T22:43:47.682+0000] {subprocess.py:93} INFO - [0m22:43:47  Registered adapter: sqlserver=1.8.7
[2025-11-07T22:43:49.072+0000] {subprocess.py:93} INFO - [0m22:43:49  [[33mWARNING[0m]: Deprecated functionality
[2025-11-07T22:43:49.073+0000] {subprocess.py:93} INFO - The `tests` config has been renamed to `data_tests`. Please see
[2025-11-07T22:43:49.073+0000] {subprocess.py:93} INFO - https://docs.getdbt.com/docs/build/data-tests#new-data_tests-syntax for more
[2025-11-07T22:43:49.074+0000] {subprocess.py:93} INFO - information.
[2025-11-07T22:43:49.234+0000] {subprocess.py:93} INFO - [0m22:43:49  [[33mWARNING[0m]: Configuration paths exist in your dbt_project.yml file which do not apply to any resources.
[2025-11-07T22:43:49.234+0000] {subprocess.py:93} INFO - There are 2 unused configuration paths:
[2025-11-07T22:43:49.235+0000] {subprocess.py:93} INFO - - models.dbt_sqlserver_project.gold
[2025-11-07T22:43:49.235+0000] {subprocess.py:93} INFO - - models.dbt_sqlserver_project.silver
[2025-11-07T22:43:49.386+0000] {subprocess.py:93} INFO - [0m22:43:49  Found 4 models, 3 data tests, 13 sources, 614 macros
[2025-11-07T22:43:49.390+0000] {subprocess.py:93} INFO - [0m22:43:49
[2025-11-07T22:43:49.474+0000] {subprocess.py:93} INFO - [0m22:43:49  Concurrency: 4 threads (target='dev')
[2025-11-07T22:43:49.475+0000] {subprocess.py:93} INFO - [0m22:43:49
[2025-11-07T22:43:49.481+0000] {subprocess.py:93} INFO - [0m22:43:49  1 of 4 START sql view model dbo.brnz_customers ................................. [RUN]
[2025-11-07T22:43:49.482+0000] {subprocess.py:93} INFO - [0m22:43:49  2 of 4 START sql view model dbo.brnz_example ................................... [RUN]
[2025-11-07T22:43:49.483+0000] {subprocess.py:93} INFO - [0m22:43:49  3 of 4 START sql view model dbo.brnz_products .................................. [RUN]
[2025-11-07T22:43:49.484+0000] {subprocess.py:93} INFO - [0m22:43:49  4 of 4 START sql view model dbo.brnz_sales_orders .............................. [RUN]
[2025-11-07T22:43:49.781+0000] {subprocess.py:93} INFO - [0m22:43:49  1 of 4 OK created sql view model dbo.brnz_customers ............................ [[32mOK[0m in 0.29s]
[2025-11-07T22:43:49.784+0000] {subprocess.py:93} INFO - [0m22:43:49  2 of 4 OK created sql view model dbo.brnz_example .............................. [[32mOK[0m in 0.29s]
[2025-11-07T22:43:49.786+0000] {subprocess.py:93} INFO - [0m22:43:49  3 of 4 OK created sql view model dbo.brnz_products ............................. [[32mOK[0m in 0.29s]
[2025-11-07T22:43:49.787+0000] {subprocess.py:93} INFO - [0m22:43:49  4 of 4 OK created sql view model dbo.brnz_sales_orders ......................... [[32mOK[0m in 0.29s]
[2025-11-07T22:43:49.799+0000] {subprocess.py:93} INFO - [0m22:43:49
[2025-11-07T22:43:49.799+0000] {subprocess.py:93} INFO - [0m22:43:49  Finished running 4 view models in 0 hours 0 minutes and 0.41 seconds (0.41s).
[2025-11-07T22:43:49.856+0000] {subprocess.py:93} INFO - [0m22:43:49
[2025-11-07T22:43:49.857+0000] {subprocess.py:93} INFO - [0m22:43:49  [32mCompleted successfully[0m
[2025-11-07T22:43:49.858+0000] {subprocess.py:93} INFO - [0m22:43:49
[2025-11-07T22:43:49.859+0000] {subprocess.py:93} INFO - [0m22:43:49  Done. PASS=4 WARN=0 ERROR=0 SKIP=0 TOTAL=4
[2025-11-07T22:43:51.492+0000] {subprocess.py:97} INFO - Command exited with return code 0
[2025-11-07T22:43:51.517+0000] {taskinstance.py:1398} INFO - Marking task as SUCCESS. dag_id=dbt_transform, task_id=dbt_run, execution_date=20251107T224344, start_date=20251107T224345, end_date=20251107T224351
[2025-11-07T22:43:51.574+0000] {local_task_job_runner.py:228} INFO - Task exited with return code 0
[2025-11-07T22:43:51.592+0000] {taskinstance.py:2776} INFO - 0 downstream tasks scheduled from follow-on schedule check
