[2025-05-12T14:02:24.255+0000] {taskinstance.py:1157} INFO - Dependencies all met for dep_context=non-requeueable deps ti=<TaskInstance: dbt_transform.dbt_run manual__2025-05-12T14:02:18.374503+00:00 [queued]>
[2025-05-12T14:02:24.268+0000] {taskinstance.py:1157} INFO - Dependencies all met for dep_context=requeueable deps ti=<TaskInstance: dbt_transform.dbt_run manual__2025-05-12T14:02:18.374503+00:00 [queued]>
[2025-05-12T14:02:24.268+0000] {taskinstance.py:1359} INFO - Starting attempt 1 of 2
[2025-05-12T14:02:24.289+0000] {taskinstance.py:1380} INFO - Executing <Task(DockerOperator): dbt_run> on 2025-05-12 14:02:18.374503+00:00
[2025-05-12T14:02:24.294+0000] {standard_task_runner.py:57} INFO - Started process 493 to run task
[2025-05-12T14:02:24.296+0000] {standard_task_runner.py:84} INFO - Running: ['***', 'tasks', 'run', 'dbt_transform', 'dbt_run', 'manual__2025-05-12T14:02:18.374503+00:00', '--job-id', '50', '--raw', '--subdir', 'DAGS_FOLDER/dbt_dag.py', '--cfg-path', '/tmp/tmp8z63b3af']
[2025-05-12T14:02:24.300+0000] {standard_task_runner.py:85} INFO - Job 50: Subtask dbt_run
[2025-05-12T14:02:24.362+0000] {task_command.py:415} INFO - Running <TaskInstance: dbt_transform.dbt_run manual__2025-05-12T14:02:18.374503+00:00 [running]> on host db6917ed49e2
[2025-05-12T14:02:24.467+0000] {taskinstance.py:1660} INFO - Exporting env vars: AIRFLOW_CTX_DAG_OWNER='***' AIRFLOW_CTX_DAG_ID='dbt_transform' AIRFLOW_CTX_TASK_ID='dbt_run' AIRFLOW_CTX_EXECUTION_DATE='2025-05-12T14:02:18.374503+00:00' AIRFLOW_CTX_TRY_NUMBER='1' AIRFLOW_CTX_DAG_RUN_ID='manual__2025-05-12T14:02:18.374503+00:00'
[2025-05-12T14:02:24.501+0000] {docker.py:333} INFO - Starting docker container from image dbt_***_project-dbt
[2025-05-12T14:02:27.799+0000] {docker.py:402} INFO - [0m14:02:27  Running with dbt=1.8.7
[2025-05-12T14:02:28.528+0000] {docker.py:402} INFO - [0m14:02:28  Registered adapter: sqlserver=1.8.7
[2025-05-12T14:02:30.602+0000] {docker.py:402} INFO - [0m14:02:30  [[33mWARNING[0m]: Configuration paths exist in your dbt_project.yml file which do not apply to any resources.
There are 2 unused configuration paths:
- models.dbt_sqlserver_project.marts
- models.dbt_sqlserver_project.intermediate
[2025-05-12T14:02:31.248+0000] {docker.py:402} INFO - [0m14:02:31  Found 4 models, 3 data tests, 13 sources, 614 macros
[2025-05-12T14:02:31.254+0000] {docker.py:402} INFO - [0m14:02:31
[2025-05-12T14:02:31.556+0000] {docker.py:402} INFO - [0m14:02:31  Concurrency: 4 threads (target='dev')
[2025-05-12T14:02:31.558+0000] {docker.py:402} INFO - [0m14:02:31
[2025-05-12T14:02:31.590+0000] {docker.py:402} INFO - [0m14:02:31  1 of 4 START sql view model dbo.stg_customers .................................. [RUN]
[2025-05-12T14:02:31.593+0000] {docker.py:402} INFO - [0m14:02:31  2 of 4 START sql view model dbo.stg_example .................................... [RUN]
[2025-05-12T14:02:31.595+0000] {docker.py:402} INFO - [0m14:02:31  3 of 4 START sql view model dbo.stg_products ................................... [RUN]
[2025-05-12T14:02:31.599+0000] {docker.py:402} INFO - [0m14:02:31  4 of 4 START sql view model dbo.stg_sales_orders ............................... [RUN]
[2025-05-12T14:02:33.032+0000] {docker.py:402} INFO - [0m14:02:33  4 of 4 OK created sql view model dbo.stg_sales_orders .......................... [[32mOK[0m in 1.41s]
[2025-05-12T14:02:33.036+0000] {docker.py:402} INFO - [0m14:02:33  1 of 4 OK created sql view model dbo.stg_customers ............................. [[32mOK[0m in 1.43s]
[2025-05-12T14:02:33.038+0000] {docker.py:402} INFO - [0m14:02:33  2 of 4 OK created sql view model dbo.stg_example ............................... [[32mOK[0m in 1.43s]
[2025-05-12T14:02:33.046+0000] {docker.py:402} INFO - [0m14:02:33  3 of 4 OK created sql view model dbo.stg_products .............................. [[32mOK[0m in 1.43s]
[2025-05-12T14:02:33.076+0000] {docker.py:402} INFO - [0m14:02:33
[2025-05-12T14:02:33.079+0000] {docker.py:402} INFO - [0m14:02:33  Finished running 4 view models in 0 hours 0 minutes and 1.82 seconds (1.82s).
[2025-05-12T14:02:33.397+0000] {docker.py:402} INFO - [0m14:02:33
[2025-05-12T14:02:33.400+0000] {docker.py:402} INFO - [0m14:02:33  [32mCompleted successfully[0m
[2025-05-12T14:02:33.402+0000] {docker.py:402} INFO - [0m14:02:33
[2025-05-12T14:02:33.405+0000] {docker.py:402} INFO - [0m14:02:33  Done. PASS=4 WARN=0 ERROR=0 SKIP=0 TOTAL=4
[2025-05-12T14:02:35.914+0000] {taskinstance.py:1398} INFO - Marking task as SUCCESS. dag_id=dbt_transform, task_id=dbt_run, execution_date=20250512T140218, start_date=20250512T140224, end_date=20250512T140235
[2025-05-12T14:02:35.999+0000] {local_task_job_runner.py:228} INFO - Task exited with return code 0
[2025-05-12T14:02:36.054+0000] {taskinstance.py:2776} INFO - 1 downstream tasks scheduled from follow-on schedule check
