[2025-04-13T07:22:20.915+0000] {taskinstance.py:1157} INFO - Dependencies all met for dep_context=non-requeueable deps ti=<TaskInstance: dbt_transform.dbt_run manual__2025-04-13T07:22:18+00:00 [queued]>
[2025-04-13T07:22:20.924+0000] {taskinstance.py:1157} INFO - Dependencies all met for dep_context=requeueable deps ti=<TaskInstance: dbt_transform.dbt_run manual__2025-04-13T07:22:18+00:00 [queued]>
[2025-04-13T07:22:20.925+0000] {taskinstance.py:1359} INFO - Starting attempt 1 of 2
[2025-04-13T07:22:20.939+0000] {taskinstance.py:1380} INFO - Executing <Task(DockerOperator): dbt_run> on 2025-04-13 07:22:18+00:00
[2025-04-13T07:22:20.944+0000] {standard_task_runner.py:57} INFO - Started process 174 to run task
[2025-04-13T07:22:20.948+0000] {standard_task_runner.py:84} INFO - Running: ['***', 'tasks', 'run', 'dbt_transform', 'dbt_run', 'manual__2025-04-13T07:22:18+00:00', '--job-id', '29', '--raw', '--subdir', 'DAGS_FOLDER/dbt_dag.py', '--cfg-path', '/tmp/tmp2xg3y0g0']
[2025-04-13T07:22:20.953+0000] {standard_task_runner.py:85} INFO - Job 29: Subtask dbt_run
[2025-04-13T07:22:21.009+0000] {task_command.py:415} INFO - Running <TaskInstance: dbt_transform.dbt_run manual__2025-04-13T07:22:18+00:00 [running]> on host db6917ed49e2
[2025-04-13T07:22:21.104+0000] {taskinstance.py:1660} INFO - Exporting env vars: AIRFLOW_CTX_DAG_OWNER='***' AIRFLOW_CTX_DAG_ID='dbt_transform' AIRFLOW_CTX_TASK_ID='dbt_run' AIRFLOW_CTX_EXECUTION_DATE='2025-04-13T07:22:18+00:00' AIRFLOW_CTX_TRY_NUMBER='1' AIRFLOW_CTX_DAG_RUN_ID='manual__2025-04-13T07:22:18+00:00'
[2025-04-13T07:22:21.140+0000] {docker.py:333} INFO - Starting docker container from image dbt_***_project-dbt
[2025-04-13T07:22:23.209+0000] {docker.py:402} INFO - [0m07:22:23  Running with dbt=1.8.7
[2025-04-13T07:22:23.661+0000] {docker.py:402} INFO - [0m07:22:23  Registered adapter: sqlserver=1.8.7
[2025-04-13T07:22:24.488+0000] {docker.py:402} INFO - [0m07:22:24  [[33mWARNING[0m]: Deprecated functionality
The `tests` config has been renamed to `data_tests`. Please see
https://docs.getdbt.com/docs/build/data-tests#new-data_tests-syntax for more
information.
[2025-04-13T07:22:24.750+0000] {docker.py:402} INFO - [0m07:22:24  [[33mWARNING[0m]: Configuration paths exist in your dbt_project.yml file which do not apply to any resources.
There are 2 unused configuration paths:
- models.dbt_sqlserver_project.intermediate
- models.dbt_sqlserver_project.marts
[2025-04-13T07:22:24.981+0000] {docker.py:402} INFO - [0m07:22:24  Found 4 models, 3 data tests, 13 sources, 500 macros
[2025-04-13T07:22:24.985+0000] {docker.py:402} INFO - [0m07:22:24
[2025-04-13T07:22:25.141+0000] {docker.py:402} INFO - [0m07:22:25  Concurrency: 4 threads (target='dev')
[2025-04-13T07:22:25.142+0000] {docker.py:402} INFO - [0m07:22:25
[2025-04-13T07:22:25.156+0000] {docker.py:402} INFO - [0m07:22:25  1 of 4 START sql view model dbo.stg_customers .................................. [RUN]
[2025-04-13T07:22:25.157+0000] {docker.py:402} INFO - [0m07:22:25  2 of 4 START sql view model dbo.stg_example .................................... [RUN]
[2025-04-13T07:22:25.158+0000] {docker.py:402} INFO - [0m07:22:25  3 of 4 START sql view model dbo.stg_products ................................... [RUN]
[2025-04-13T07:22:25.160+0000] {docker.py:402} INFO - [0m07:22:25  4 of 4 START sql view model dbo.stg_sales_orders ............................... [RUN]
[2025-04-13T07:22:25.788+0000] {docker.py:402} INFO - [0m07:22:25  2 of 4 OK created sql view model dbo.stg_example ............................... [[32mOK[0m in 0.62s]
[2025-04-13T07:22:25.790+0000] {docker.py:402} INFO - [0m07:22:25  1 of 4 OK created sql view model dbo.stg_customers ............................. [[32mOK[0m in 0.62s]
[2025-04-13T07:22:25.791+0000] {docker.py:402} INFO - [0m07:22:25  3 of 4 OK created sql view model dbo.stg_products .............................. [[32mOK[0m in 0.62s]
[2025-04-13T07:22:25.793+0000] {docker.py:402} INFO - [0m07:22:25  4 of 4 OK created sql view model dbo.stg_sales_orders .......................... [[32mOK[0m in 0.62s]
[2025-04-13T07:22:25.809+0000] {docker.py:402} INFO - [0m07:22:25
[2025-04-13T07:22:25.810+0000] {docker.py:402} INFO - [0m07:22:25  Finished running 4 view models in 0 hours 0 minutes and 0.82 seconds (0.82s).
[2025-04-13T07:22:25.889+0000] {docker.py:402} INFO - [0m07:22:25
[2025-04-13T07:22:25.890+0000] {docker.py:402} INFO - [0m07:22:25  [32mCompleted successfully[0m
[2025-04-13T07:22:25.891+0000] {docker.py:402} INFO - [0m07:22:25
[2025-04-13T07:22:25.893+0000] {docker.py:402} INFO - [0m07:22:25  Done. PASS=4 WARN=0 ERROR=0 SKIP=0 TOTAL=4
[2025-04-13T07:22:27.551+0000] {taskinstance.py:1398} INFO - Marking task as SUCCESS. dag_id=dbt_transform, task_id=dbt_run, execution_date=20250413T072218, start_date=20250413T072220, end_date=20250413T072227
[2025-04-13T07:22:27.584+0000] {local_task_job_runner.py:228} INFO - Task exited with return code 0
[2025-04-13T07:22:27.602+0000] {taskinstance.py:2776} INFO - 1 downstream tasks scheduled from follow-on schedule check
