[2025-04-16T09:37:32.526+0000] {taskinstance.py:1157} INFO - Dependencies all met for dep_context=non-requeueable deps ti=<TaskInstance: dbt_transform.dbt_run manual__2025-04-16T09:37:30.674357+00:00 [queued]>
[2025-04-16T09:37:32.538+0000] {taskinstance.py:1157} INFO - Dependencies all met for dep_context=requeueable deps ti=<TaskInstance: dbt_transform.dbt_run manual__2025-04-16T09:37:30.674357+00:00 [queued]>
[2025-04-16T09:37:32.538+0000] {taskinstance.py:1359} INFO - Starting attempt 1 of 2
[2025-04-16T09:37:32.556+0000] {taskinstance.py:1380} INFO - Executing <Task(DockerOperator): dbt_run> on 2025-04-16 09:37:30.674357+00:00
[2025-04-16T09:37:32.564+0000] {standard_task_runner.py:57} INFO - Started process 188 to run task
[2025-04-16T09:37:32.574+0000] {standard_task_runner.py:84} INFO - Running: ['***', 'tasks', 'run', 'dbt_transform', 'dbt_run', 'manual__2025-04-16T09:37:30.674357+00:00', '--job-id', '42', '--raw', '--subdir', 'DAGS_FOLDER/dbt_dag.py', '--cfg-path', '/tmp/tmpxx0lsfjg']
[2025-04-16T09:37:32.580+0000] {standard_task_runner.py:85} INFO - Job 42: Subtask dbt_run
[2025-04-16T09:37:32.658+0000] {task_command.py:415} INFO - Running <TaskInstance: dbt_transform.dbt_run manual__2025-04-16T09:37:30.674357+00:00 [running]> on host db6917ed49e2
[2025-04-16T09:37:32.783+0000] {taskinstance.py:1660} INFO - Exporting env vars: AIRFLOW_CTX_DAG_OWNER='***' AIRFLOW_CTX_DAG_ID='dbt_transform' AIRFLOW_CTX_TASK_ID='dbt_run' AIRFLOW_CTX_EXECUTION_DATE='2025-04-16T09:37:30.674357+00:00' AIRFLOW_CTX_TRY_NUMBER='1' AIRFLOW_CTX_DAG_RUN_ID='manual__2025-04-16T09:37:30.674357+00:00'
[2025-04-16T09:37:32.825+0000] {docker.py:333} INFO - Starting docker container from image dbt_***_project-dbt
[2025-04-16T09:37:35.500+0000] {docker.py:402} INFO - [0m09:37:35  Running with dbt=1.8.7
[2025-04-16T09:37:36.101+0000] {docker.py:402} INFO - [0m09:37:36  Registered adapter: sqlserver=1.8.7
[2025-04-16T09:37:37.559+0000] {docker.py:402} INFO - [0m09:37:37  [[33mWARNING[0m]: Configuration paths exist in your dbt_project.yml file which do not apply to any resources.
There are 2 unused configuration paths:
- models.dbt_sqlserver_project.marts
- models.dbt_sqlserver_project.intermediate
[2025-04-16T09:37:37.905+0000] {docker.py:402} INFO - [0m09:37:37  Found 4 models, 3 data tests, 13 sources, 614 macros
[2025-04-16T09:37:37.909+0000] {docker.py:402} INFO - [0m09:37:37
[2025-04-16T09:37:38.123+0000] {docker.py:402} INFO - [0m09:37:38  Concurrency: 4 threads (target='dev')
[2025-04-16T09:37:38.124+0000] {docker.py:402} INFO - [0m09:37:38
[2025-04-16T09:37:38.137+0000] {docker.py:402} INFO - [0m09:37:38  1 of 4 START sql view model dbo.stg_customers .................................. [RUN]
[2025-04-16T09:37:38.138+0000] {docker.py:402} INFO - [0m09:37:38  2 of 4 START sql view model dbo.stg_example .................................... [RUN]
[2025-04-16T09:37:38.140+0000] {docker.py:402} INFO - [0m09:37:38  3 of 4 START sql view model dbo.stg_products ................................... [RUN]
[2025-04-16T09:37:38.141+0000] {docker.py:402} INFO - [0m09:37:38  4 of 4 START sql view model dbo.stg_sales_orders ............................... [RUN]
[2025-04-16T09:37:38.909+0000] {docker.py:402} INFO - [0m09:37:38  2 of 4 OK created sql view model dbo.stg_example ............................... [[32mOK[0m in 0.75s]
[2025-04-16T09:37:38.911+0000] {docker.py:402} INFO - [0m09:37:38  1 of 4 OK created sql view model dbo.stg_customers ............................. [[32mOK[0m in 0.76s]
[2025-04-16T09:37:38.913+0000] {docker.py:402} INFO - [0m09:37:38  4 of 4 OK created sql view model dbo.stg_sales_orders .......................... [[32mOK[0m in 0.75s]
[2025-04-16T09:37:38.915+0000] {docker.py:402} INFO - [0m09:37:38  3 of 4 OK created sql view model dbo.stg_products .............................. [[32mOK[0m in 0.76s]
[2025-04-16T09:37:38.939+0000] {docker.py:402} INFO - [0m09:37:38
[2025-04-16T09:37:38.941+0000] {docker.py:402} INFO - [0m09:37:38  Finished running 4 view models in 0 hours 0 minutes and 1.02 seconds (1.02s).
[2025-04-16T09:37:39.035+0000] {docker.py:402} INFO - [0m09:37:39
[2025-04-16T09:37:39.037+0000] {docker.py:402} INFO - [0m09:37:39  [32mCompleted successfully[0m
[2025-04-16T09:37:39.038+0000] {docker.py:402} INFO - [0m09:37:39
[2025-04-16T09:37:39.039+0000] {docker.py:402} INFO - [0m09:37:39  Done. PASS=4 WARN=0 ERROR=0 SKIP=0 TOTAL=4
[2025-04-16T09:37:41.213+0000] {taskinstance.py:1398} INFO - Marking task as SUCCESS. dag_id=dbt_transform, task_id=dbt_run, execution_date=20250416T093730, start_date=20250416T093732, end_date=20250416T093741
[2025-04-16T09:37:41.279+0000] {local_task_job_runner.py:228} INFO - Task exited with return code 0
[2025-04-16T09:37:41.373+0000] {taskinstance.py:2776} INFO - 1 downstream tasks scheduled from follow-on schedule check
