[2025-11-08T06:34:37.079+0000] {processor.py:157} INFO - Started process (PID=163) to work on /opt/airflow/dags/dbt_dag.py
[2025-11-08T06:34:37.080+0000] {processor.py:829} INFO - Processing file /opt/airflow/dags/dbt_dag.py for tasks to queue
[2025-11-08T06:34:37.083+0000] {logging_mixin.py:151} INFO - [2025-11-08T06:34:37.082+0000] {dagbag.py:539} INFO - Filling up the DagBag from /opt/airflow/dags/dbt_dag.py
[2025-11-08T06:34:37.151+0000] {processor.py:839} INFO - DAG(s) dict_keys(['dbt_transform']) retrieved from /opt/airflow/dags/dbt_dag.py
[2025-11-08T06:34:37.234+0000] {logging_mixin.py:151} INFO - [2025-11-08T06:34:37.234+0000] {dag.py:2915} INFO - Sync 1 DAGs
[2025-11-08T06:34:37.287+0000] {logging_mixin.py:151} INFO - [2025-11-08T06:34:37.287+0000] {dag.py:3696} INFO - Setting next_dagrun for dbt_transform to 2025-11-08T06:34:35.128224+00:00, run_after=2025-11-08T06:39:35.128224+00:00
[2025-11-08T06:34:37.320+0000] {processor.py:179} INFO - Processing /opt/airflow/dags/dbt_dag.py took 0.260 seconds
[2025-11-08T06:35:07.505+0000] {processor.py:157} INFO - Started process (PID=195) to work on /opt/airflow/dags/dbt_dag.py
[2025-11-08T06:35:07.507+0000] {processor.py:829} INFO - Processing file /opt/airflow/dags/dbt_dag.py for tasks to queue
[2025-11-08T06:35:07.514+0000] {logging_mixin.py:151} INFO - [2025-11-08T06:35:07.513+0000] {dagbag.py:539} INFO - Filling up the DagBag from /opt/airflow/dags/dbt_dag.py
[2025-11-08T06:35:07.581+0000] {processor.py:839} INFO - DAG(s) dict_keys(['dbt_transform']) retrieved from /opt/airflow/dags/dbt_dag.py
[2025-11-08T06:35:07.668+0000] {logging_mixin.py:151} INFO - [2025-11-08T06:35:07.668+0000] {dag.py:2915} INFO - Sync 1 DAGs
[2025-11-08T06:35:07.713+0000] {logging_mixin.py:151} INFO - [2025-11-08T06:35:07.713+0000] {dag.py:3696} INFO - Setting next_dagrun for dbt_transform to 2025-11-08T06:34:35.128224+00:00, run_after=2025-11-08T06:39:35.128224+00:00
[2025-11-08T06:35:07.740+0000] {processor.py:179} INFO - Processing /opt/airflow/dags/dbt_dag.py took 0.247 seconds
[2025-11-08T06:35:38.034+0000] {processor.py:157} INFO - Started process (PID=200) to work on /opt/airflow/dags/dbt_dag.py
[2025-11-08T06:35:38.035+0000] {processor.py:829} INFO - Processing file /opt/airflow/dags/dbt_dag.py for tasks to queue
[2025-11-08T06:35:38.036+0000] {logging_mixin.py:151} INFO - [2025-11-08T06:35:38.036+0000] {dagbag.py:539} INFO - Filling up the DagBag from /opt/airflow/dags/dbt_dag.py
[2025-11-08T06:35:38.068+0000] {processor.py:839} INFO - DAG(s) dict_keys(['dbt_transform']) retrieved from /opt/airflow/dags/dbt_dag.py
[2025-11-08T06:35:38.100+0000] {logging_mixin.py:151} INFO - [2025-11-08T06:35:38.100+0000] {dag.py:2915} INFO - Sync 1 DAGs
[2025-11-08T06:35:38.125+0000] {logging_mixin.py:151} INFO - [2025-11-08T06:35:38.125+0000] {dag.py:3696} INFO - Setting next_dagrun for dbt_transform to 2025-11-08T06:34:35.128224+00:00, run_after=2025-11-08T06:39:35.128224+00:00
[2025-11-08T06:35:38.752+0000] {processor.py:179} INFO - Processing /opt/airflow/dags/dbt_dag.py took 0.723 seconds
[2025-11-08T06:36:09.072+0000] {processor.py:157} INFO - Started process (PID=205) to work on /opt/airflow/dags/dbt_dag.py
[2025-11-08T06:36:09.072+0000] {processor.py:829} INFO - Processing file /opt/airflow/dags/dbt_dag.py for tasks to queue
[2025-11-08T06:36:09.073+0000] {logging_mixin.py:151} INFO - [2025-11-08T06:36:09.073+0000] {dagbag.py:539} INFO - Filling up the DagBag from /opt/airflow/dags/dbt_dag.py
[2025-11-08T06:36:09.096+0000] {processor.py:839} INFO - DAG(s) dict_keys(['dbt_transform']) retrieved from /opt/airflow/dags/dbt_dag.py
[2025-11-08T06:36:09.126+0000] {logging_mixin.py:151} INFO - [2025-11-08T06:36:09.126+0000] {dag.py:2915} INFO - Sync 1 DAGs
[2025-11-08T06:36:09.304+0000] {logging_mixin.py:151} INFO - [2025-11-08T06:36:09.304+0000] {dag.py:3696} INFO - Setting next_dagrun for dbt_transform to 2025-11-08T06:34:35.128224+00:00, run_after=2025-11-08T06:39:35.128224+00:00
[2025-11-08T06:36:09.323+0000] {processor.py:179} INFO - Processing /opt/airflow/dags/dbt_dag.py took 0.254 seconds
[2025-11-08T06:36:39.505+0000] {processor.py:157} INFO - Started process (PID=210) to work on /opt/airflow/dags/dbt_dag.py
[2025-11-08T06:36:39.506+0000] {processor.py:829} INFO - Processing file /opt/airflow/dags/dbt_dag.py for tasks to queue
[2025-11-08T06:36:39.507+0000] {logging_mixin.py:151} INFO - [2025-11-08T06:36:39.506+0000] {dagbag.py:539} INFO - Filling up the DagBag from /opt/airflow/dags/dbt_dag.py
[2025-11-08T06:36:39.522+0000] {processor.py:839} INFO - DAG(s) dict_keys(['dbt_transform']) retrieved from /opt/airflow/dags/dbt_dag.py
[2025-11-08T06:36:39.548+0000] {logging_mixin.py:151} INFO - [2025-11-08T06:36:39.548+0000] {dag.py:2915} INFO - Sync 1 DAGs
[2025-11-08T06:36:39.690+0000] {logging_mixin.py:151} INFO - [2025-11-08T06:36:39.690+0000] {dag.py:3696} INFO - Setting next_dagrun for dbt_transform to 2025-11-08T06:34:35.128224+00:00, run_after=2025-11-08T06:39:35.128224+00:00
[2025-11-08T06:36:39.710+0000] {processor.py:179} INFO - Processing /opt/airflow/dags/dbt_dag.py took 0.208 seconds
[2025-11-08T06:37:09.825+0000] {processor.py:157} INFO - Started process (PID=240) to work on /opt/airflow/dags/dbt_dag.py
[2025-11-08T06:37:09.826+0000] {processor.py:829} INFO - Processing file /opt/airflow/dags/dbt_dag.py for tasks to queue
[2025-11-08T06:37:09.827+0000] {logging_mixin.py:151} INFO - [2025-11-08T06:37:09.826+0000] {dagbag.py:539} INFO - Filling up the DagBag from /opt/airflow/dags/dbt_dag.py
[2025-11-08T06:37:09.850+0000] {processor.py:839} INFO - DAG(s) dict_keys(['dbt_transform']) retrieved from /opt/airflow/dags/dbt_dag.py
[2025-11-08T06:37:10.004+0000] {logging_mixin.py:151} INFO - [2025-11-08T06:37:10.004+0000] {dag.py:2915} INFO - Sync 1 DAGs
[2025-11-08T06:37:10.019+0000] {logging_mixin.py:151} INFO - [2025-11-08T06:37:10.018+0000] {dag.py:3696} INFO - Setting next_dagrun for dbt_transform to 2025-11-08T06:34:35.128224+00:00, run_after=2025-11-08T06:39:35.128224+00:00
[2025-11-08T06:37:10.041+0000] {processor.py:179} INFO - Processing /opt/airflow/dags/dbt_dag.py took 0.218 seconds
[2025-11-08T06:37:40.181+0000] {processor.py:157} INFO - Started process (PID=245) to work on /opt/airflow/dags/dbt_dag.py
[2025-11-08T06:37:40.182+0000] {processor.py:829} INFO - Processing file /opt/airflow/dags/dbt_dag.py for tasks to queue
[2025-11-08T06:37:40.183+0000] {logging_mixin.py:151} INFO - [2025-11-08T06:37:40.183+0000] {dagbag.py:539} INFO - Filling up the DagBag from /opt/airflow/dags/dbt_dag.py
[2025-11-08T06:37:40.387+0000] {processor.py:839} INFO - DAG(s) dict_keys(['dbt_transform']) retrieved from /opt/airflow/dags/dbt_dag.py
[2025-11-08T06:37:40.409+0000] {logging_mixin.py:151} INFO - [2025-11-08T06:37:40.409+0000] {dag.py:2915} INFO - Sync 1 DAGs
[2025-11-08T06:37:40.424+0000] {logging_mixin.py:151} INFO - [2025-11-08T06:37:40.423+0000] {dag.py:3696} INFO - Setting next_dagrun for dbt_transform to 2025-11-08T06:34:35.128224+00:00, run_after=2025-11-08T06:39:35.128224+00:00
[2025-11-08T06:37:40.453+0000] {processor.py:179} INFO - Processing /opt/airflow/dags/dbt_dag.py took 0.274 seconds
[2025-11-08T06:38:10.669+0000] {processor.py:157} INFO - Started process (PID=250) to work on /opt/airflow/dags/dbt_dag.py
[2025-11-08T06:38:10.670+0000] {processor.py:829} INFO - Processing file /opt/airflow/dags/dbt_dag.py for tasks to queue
[2025-11-08T06:38:10.671+0000] {logging_mixin.py:151} INFO - [2025-11-08T06:38:10.670+0000] {dagbag.py:539} INFO - Filling up the DagBag from /opt/airflow/dags/dbt_dag.py
[2025-11-08T06:38:10.686+0000] {processor.py:839} INFO - DAG(s) dict_keys(['dbt_transform']) retrieved from /opt/airflow/dags/dbt_dag.py
[2025-11-08T06:38:10.719+0000] {logging_mixin.py:151} INFO - [2025-11-08T06:38:10.719+0000] {dag.py:2915} INFO - Sync 1 DAGs
[2025-11-08T06:38:10.737+0000] {logging_mixin.py:151} INFO - [2025-11-08T06:38:10.737+0000] {dag.py:3696} INFO - Setting next_dagrun for dbt_transform to 2025-11-08T06:34:35.128224+00:00, run_after=2025-11-08T06:39:35.128224+00:00
[2025-11-08T06:38:10.757+0000] {processor.py:179} INFO - Processing /opt/airflow/dags/dbt_dag.py took 0.091 seconds
[2025-11-08T06:38:41.016+0000] {processor.py:157} INFO - Started process (PID=255) to work on /opt/airflow/dags/dbt_dag.py
[2025-11-08T06:38:41.017+0000] {processor.py:829} INFO - Processing file /opt/airflow/dags/dbt_dag.py for tasks to queue
[2025-11-08T06:38:41.018+0000] {logging_mixin.py:151} INFO - [2025-11-08T06:38:41.018+0000] {dagbag.py:539} INFO - Filling up the DagBag from /opt/airflow/dags/dbt_dag.py
[2025-11-08T06:38:41.039+0000] {processor.py:839} INFO - DAG(s) dict_keys(['dbt_transform']) retrieved from /opt/airflow/dags/dbt_dag.py
[2025-11-08T06:38:41.072+0000] {logging_mixin.py:151} INFO - [2025-11-08T06:38:41.072+0000] {dag.py:2915} INFO - Sync 1 DAGs
[2025-11-08T06:38:41.094+0000] {logging_mixin.py:151} INFO - [2025-11-08T06:38:41.093+0000] {dag.py:3696} INFO - Setting next_dagrun for dbt_transform to 2025-11-08T06:34:35.128224+00:00, run_after=2025-11-08T06:39:35.128224+00:00
[2025-11-08T06:38:41.120+0000] {processor.py:179} INFO - Processing /opt/airflow/dags/dbt_dag.py took 0.107 seconds
[2025-11-08T06:39:11.283+0000] {processor.py:157} INFO - Started process (PID=260) to work on /opt/airflow/dags/dbt_dag.py
[2025-11-08T06:39:11.284+0000] {processor.py:829} INFO - Processing file /opt/airflow/dags/dbt_dag.py for tasks to queue
[2025-11-08T06:39:11.285+0000] {logging_mixin.py:151} INFO - [2025-11-08T06:39:11.284+0000] {dagbag.py:539} INFO - Filling up the DagBag from /opt/airflow/dags/dbt_dag.py
[2025-11-08T06:39:11.302+0000] {processor.py:839} INFO - DAG(s) dict_keys(['dbt_transform']) retrieved from /opt/airflow/dags/dbt_dag.py
[2025-11-08T06:39:11.329+0000] {logging_mixin.py:151} INFO - [2025-11-08T06:39:11.329+0000] {dag.py:2915} INFO - Sync 1 DAGs
[2025-11-08T06:39:11.347+0000] {logging_mixin.py:151} INFO - [2025-11-08T06:39:11.347+0000] {dag.py:3696} INFO - Setting next_dagrun for dbt_transform to 2025-11-08T06:34:35.128224+00:00, run_after=2025-11-08T06:39:35.128224+00:00
[2025-11-08T06:39:11.366+0000] {processor.py:179} INFO - Processing /opt/airflow/dags/dbt_dag.py took 0.087 seconds
[2025-11-08T06:39:41.740+0000] {processor.py:157} INFO - Started process (PID=277) to work on /opt/airflow/dags/dbt_dag.py
[2025-11-08T06:39:41.742+0000] {processor.py:829} INFO - Processing file /opt/airflow/dags/dbt_dag.py for tasks to queue
[2025-11-08T06:39:41.748+0000] {logging_mixin.py:151} INFO - [2025-11-08T06:39:41.745+0000] {dagbag.py:539} INFO - Filling up the DagBag from /opt/airflow/dags/dbt_dag.py
[2025-11-08T06:39:41.825+0000] {processor.py:839} INFO - DAG(s) dict_keys(['dbt_transform']) retrieved from /opt/airflow/dags/dbt_dag.py
[2025-11-08T06:39:42.015+0000] {logging_mixin.py:151} INFO - [2025-11-08T06:39:42.014+0000] {dag.py:2915} INFO - Sync 1 DAGs
[2025-11-08T06:39:42.074+0000] {logging_mixin.py:151} INFO - [2025-11-08T06:39:42.073+0000] {dag.py:3696} INFO - Setting next_dagrun for dbt_transform to 2025-11-08T06:39:35.128224+00:00, run_after=2025-11-08T06:44:35.128224+00:00
[2025-11-08T06:39:42.114+0000] {processor.py:179} INFO - Processing /opt/airflow/dags/dbt_dag.py took 0.411 seconds
[2025-11-08T06:40:12.378+0000] {processor.py:157} INFO - Started process (PID=295) to work on /opt/airflow/dags/dbt_dag.py
[2025-11-08T06:40:12.379+0000] {processor.py:829} INFO - Processing file /opt/airflow/dags/dbt_dag.py for tasks to queue
[2025-11-08T06:40:12.379+0000] {logging_mixin.py:151} INFO - [2025-11-08T06:40:12.379+0000] {dagbag.py:539} INFO - Filling up the DagBag from /opt/airflow/dags/dbt_dag.py
[2025-11-08T06:40:12.396+0000] {processor.py:839} INFO - DAG(s) dict_keys(['dbt_transform']) retrieved from /opt/airflow/dags/dbt_dag.py
[2025-11-08T06:40:12.419+0000] {logging_mixin.py:151} INFO - [2025-11-08T06:40:12.418+0000] {dag.py:2915} INFO - Sync 1 DAGs
[2025-11-08T06:40:12.435+0000] {logging_mixin.py:151} INFO - [2025-11-08T06:40:12.435+0000] {dag.py:3696} INFO - Setting next_dagrun for dbt_transform to 2025-11-08T06:39:35.128224+00:00, run_after=2025-11-08T06:44:35.128224+00:00
[2025-11-08T06:40:12.454+0000] {processor.py:179} INFO - Processing /opt/airflow/dags/dbt_dag.py took 0.080 seconds
[2025-11-08T06:40:42.731+0000] {processor.py:157} INFO - Started process (PID=300) to work on /opt/airflow/dags/dbt_dag.py
[2025-11-08T06:40:42.732+0000] {processor.py:829} INFO - Processing file /opt/airflow/dags/dbt_dag.py for tasks to queue
[2025-11-08T06:40:42.733+0000] {logging_mixin.py:151} INFO - [2025-11-08T06:40:42.733+0000] {dagbag.py:539} INFO - Filling up the DagBag from /opt/airflow/dags/dbt_dag.py
[2025-11-08T06:40:42.756+0000] {processor.py:839} INFO - DAG(s) dict_keys(['dbt_transform']) retrieved from /opt/airflow/dags/dbt_dag.py
[2025-11-08T06:40:42.789+0000] {logging_mixin.py:151} INFO - [2025-11-08T06:40:42.789+0000] {dag.py:2915} INFO - Sync 1 DAGs
[2025-11-08T06:40:42.815+0000] {logging_mixin.py:151} INFO - [2025-11-08T06:40:42.814+0000] {dag.py:3696} INFO - Setting next_dagrun for dbt_transform to 2025-11-08T06:39:35.128224+00:00, run_after=2025-11-08T06:44:35.128224+00:00
[2025-11-08T06:40:42.835+0000] {processor.py:179} INFO - Processing /opt/airflow/dags/dbt_dag.py took 0.108 seconds
[2025-11-08T06:41:13.034+0000] {processor.py:157} INFO - Started process (PID=305) to work on /opt/airflow/dags/dbt_dag.py
[2025-11-08T06:41:13.034+0000] {processor.py:829} INFO - Processing file /opt/airflow/dags/dbt_dag.py for tasks to queue
[2025-11-08T06:41:13.035+0000] {logging_mixin.py:151} INFO - [2025-11-08T06:41:13.035+0000] {dagbag.py:539} INFO - Filling up the DagBag from /opt/airflow/dags/dbt_dag.py
[2025-11-08T06:41:13.052+0000] {processor.py:839} INFO - DAG(s) dict_keys(['dbt_transform']) retrieved from /opt/airflow/dags/dbt_dag.py
[2025-11-08T06:41:13.077+0000] {logging_mixin.py:151} INFO - [2025-11-08T06:41:13.077+0000] {dag.py:2915} INFO - Sync 1 DAGs
[2025-11-08T06:41:13.094+0000] {logging_mixin.py:151} INFO - [2025-11-08T06:41:13.094+0000] {dag.py:3696} INFO - Setting next_dagrun for dbt_transform to 2025-11-08T06:39:35.128224+00:00, run_after=2025-11-08T06:44:35.128224+00:00
[2025-11-08T06:41:13.117+0000] {processor.py:179} INFO - Processing /opt/airflow/dags/dbt_dag.py took 0.086 seconds
[2025-11-08T06:41:43.346+0000] {processor.py:157} INFO - Started process (PID=310) to work on /opt/airflow/dags/dbt_dag.py
[2025-11-08T06:41:43.346+0000] {processor.py:829} INFO - Processing file /opt/airflow/dags/dbt_dag.py for tasks to queue
[2025-11-08T06:41:43.347+0000] {logging_mixin.py:151} INFO - [2025-11-08T06:41:43.347+0000] {dagbag.py:539} INFO - Filling up the DagBag from /opt/airflow/dags/dbt_dag.py
[2025-11-08T06:41:43.363+0000] {processor.py:839} INFO - DAG(s) dict_keys(['dbt_transform']) retrieved from /opt/airflow/dags/dbt_dag.py
[2025-11-08T06:41:43.387+0000] {logging_mixin.py:151} INFO - [2025-11-08T06:41:43.387+0000] {dag.py:2915} INFO - Sync 1 DAGs
[2025-11-08T06:41:43.405+0000] {logging_mixin.py:151} INFO - [2025-11-08T06:41:43.404+0000] {dag.py:3696} INFO - Setting next_dagrun for dbt_transform to 2025-11-08T06:39:35.128224+00:00, run_after=2025-11-08T06:44:35.128224+00:00
[2025-11-08T06:41:43.424+0000] {processor.py:179} INFO - Processing /opt/airflow/dags/dbt_dag.py took 0.081 seconds
[2025-11-08T06:42:13.634+0000] {processor.py:157} INFO - Started process (PID=315) to work on /opt/airflow/dags/dbt_dag.py
[2025-11-08T06:42:13.635+0000] {processor.py:829} INFO - Processing file /opt/airflow/dags/dbt_dag.py for tasks to queue
[2025-11-08T06:42:13.636+0000] {logging_mixin.py:151} INFO - [2025-11-08T06:42:13.636+0000] {dagbag.py:539} INFO - Filling up the DagBag from /opt/airflow/dags/dbt_dag.py
[2025-11-08T06:42:13.652+0000] {processor.py:839} INFO - DAG(s) dict_keys(['dbt_transform']) retrieved from /opt/airflow/dags/dbt_dag.py
[2025-11-08T06:42:13.679+0000] {logging_mixin.py:151} INFO - [2025-11-08T06:42:13.678+0000] {dag.py:2915} INFO - Sync 1 DAGs
[2025-11-08T06:42:13.697+0000] {logging_mixin.py:151} INFO - [2025-11-08T06:42:13.696+0000] {dag.py:3696} INFO - Setting next_dagrun for dbt_transform to 2025-11-08T06:39:35.128224+00:00, run_after=2025-11-08T06:44:35.128224+00:00
[2025-11-08T06:42:13.717+0000] {processor.py:179} INFO - Processing /opt/airflow/dags/dbt_dag.py took 0.086 seconds
[2025-11-08T06:42:43.975+0000] {processor.py:157} INFO - Started process (PID=320) to work on /opt/airflow/dags/dbt_dag.py
[2025-11-08T06:42:43.976+0000] {processor.py:829} INFO - Processing file /opt/airflow/dags/dbt_dag.py for tasks to queue
[2025-11-08T06:42:43.977+0000] {logging_mixin.py:151} INFO - [2025-11-08T06:42:43.977+0000] {dagbag.py:539} INFO - Filling up the DagBag from /opt/airflow/dags/dbt_dag.py
[2025-11-08T06:42:43.998+0000] {processor.py:839} INFO - DAG(s) dict_keys(['dbt_transform']) retrieved from /opt/airflow/dags/dbt_dag.py
[2025-11-08T06:42:44.022+0000] {logging_mixin.py:151} INFO - [2025-11-08T06:42:44.021+0000] {dag.py:2915} INFO - Sync 1 DAGs
[2025-11-08T06:42:44.039+0000] {logging_mixin.py:151} INFO - [2025-11-08T06:42:44.038+0000] {dag.py:3696} INFO - Setting next_dagrun for dbt_transform to 2025-11-08T06:39:35.128224+00:00, run_after=2025-11-08T06:44:35.128224+00:00
[2025-11-08T06:42:44.057+0000] {processor.py:179} INFO - Processing /opt/airflow/dags/dbt_dag.py took 0.086 seconds
[2025-11-08T06:43:14.262+0000] {processor.py:157} INFO - Started process (PID=325) to work on /opt/airflow/dags/dbt_dag.py
[2025-11-08T06:43:14.263+0000] {processor.py:829} INFO - Processing file /opt/airflow/dags/dbt_dag.py for tasks to queue
[2025-11-08T06:43:14.263+0000] {logging_mixin.py:151} INFO - [2025-11-08T06:43:14.263+0000] {dagbag.py:539} INFO - Filling up the DagBag from /opt/airflow/dags/dbt_dag.py
[2025-11-08T06:43:14.282+0000] {processor.py:839} INFO - DAG(s) dict_keys(['dbt_transform']) retrieved from /opt/airflow/dags/dbt_dag.py
[2025-11-08T06:43:14.316+0000] {logging_mixin.py:151} INFO - [2025-11-08T06:43:14.315+0000] {dag.py:2915} INFO - Sync 1 DAGs
[2025-11-08T06:43:14.341+0000] {logging_mixin.py:151} INFO - [2025-11-08T06:43:14.340+0000] {dag.py:3696} INFO - Setting next_dagrun for dbt_transform to 2025-11-08T06:39:35.128224+00:00, run_after=2025-11-08T06:44:35.128224+00:00
[2025-11-08T06:43:14.368+0000] {processor.py:179} INFO - Processing /opt/airflow/dags/dbt_dag.py took 0.109 seconds
[2025-11-08T06:43:44.658+0000] {processor.py:157} INFO - Started process (PID=330) to work on /opt/airflow/dags/dbt_dag.py
[2025-11-08T06:43:44.658+0000] {processor.py:829} INFO - Processing file /opt/airflow/dags/dbt_dag.py for tasks to queue
[2025-11-08T06:43:44.659+0000] {logging_mixin.py:151} INFO - [2025-11-08T06:43:44.659+0000] {dagbag.py:539} INFO - Filling up the DagBag from /opt/airflow/dags/dbt_dag.py
[2025-11-08T06:43:44.675+0000] {processor.py:839} INFO - DAG(s) dict_keys(['dbt_transform']) retrieved from /opt/airflow/dags/dbt_dag.py
[2025-11-08T06:43:44.700+0000] {logging_mixin.py:151} INFO - [2025-11-08T06:43:44.700+0000] {dag.py:2915} INFO - Sync 1 DAGs
[2025-11-08T06:43:44.717+0000] {logging_mixin.py:151} INFO - [2025-11-08T06:43:44.717+0000] {dag.py:3696} INFO - Setting next_dagrun for dbt_transform to 2025-11-08T06:39:35.128224+00:00, run_after=2025-11-08T06:44:35.128224+00:00
[2025-11-08T06:43:44.737+0000] {processor.py:179} INFO - Processing /opt/airflow/dags/dbt_dag.py took 0.082 seconds
[2025-11-08T06:44:14.965+0000] {processor.py:157} INFO - Started process (PID=335) to work on /opt/airflow/dags/dbt_dag.py
[2025-11-08T06:44:14.968+0000] {processor.py:829} INFO - Processing file /opt/airflow/dags/dbt_dag.py for tasks to queue
[2025-11-08T06:44:14.970+0000] {logging_mixin.py:151} INFO - [2025-11-08T06:44:14.969+0000] {dagbag.py:539} INFO - Filling up the DagBag from /opt/airflow/dags/dbt_dag.py
[2025-11-08T06:44:15.002+0000] {processor.py:839} INFO - DAG(s) dict_keys(['dbt_transform']) retrieved from /opt/airflow/dags/dbt_dag.py
[2025-11-08T06:44:15.041+0000] {logging_mixin.py:151} INFO - [2025-11-08T06:44:15.040+0000] {dag.py:2915} INFO - Sync 1 DAGs
[2025-11-08T06:44:15.062+0000] {logging_mixin.py:151} INFO - [2025-11-08T06:44:15.061+0000] {dag.py:3696} INFO - Setting next_dagrun for dbt_transform to 2025-11-08T06:39:35.128224+00:00, run_after=2025-11-08T06:44:35.128224+00:00
[2025-11-08T06:44:15.080+0000] {processor.py:179} INFO - Processing /opt/airflow/dags/dbt_dag.py took 0.120 seconds
[2025-11-08T06:44:45.288+0000] {processor.py:157} INFO - Started process (PID=366) to work on /opt/airflow/dags/dbt_dag.py
[2025-11-08T06:44:45.289+0000] {processor.py:829} INFO - Processing file /opt/airflow/dags/dbt_dag.py for tasks to queue
[2025-11-08T06:44:45.290+0000] {logging_mixin.py:151} INFO - [2025-11-08T06:44:45.289+0000] {dagbag.py:539} INFO - Filling up the DagBag from /opt/airflow/dags/dbt_dag.py
[2025-11-08T06:44:45.311+0000] {processor.py:839} INFO - DAG(s) dict_keys(['dbt_transform']) retrieved from /opt/airflow/dags/dbt_dag.py
[2025-11-08T06:44:45.337+0000] {logging_mixin.py:151} INFO - [2025-11-08T06:44:45.337+0000] {dag.py:2915} INFO - Sync 1 DAGs
[2025-11-08T06:44:45.355+0000] {logging_mixin.py:151} INFO - [2025-11-08T06:44:45.355+0000] {dag.py:3696} INFO - Setting next_dagrun for dbt_transform to 2025-11-08T06:44:35.128224+00:00, run_after=2025-11-08T06:49:35.128224+00:00
[2025-11-08T06:44:45.377+0000] {processor.py:179} INFO - Processing /opt/airflow/dags/dbt_dag.py took 0.093 seconds
[2025-11-08T06:45:15.591+0000] {processor.py:157} INFO - Started process (PID=371) to work on /opt/airflow/dags/dbt_dag.py
[2025-11-08T06:45:15.592+0000] {processor.py:829} INFO - Processing file /opt/airflow/dags/dbt_dag.py for tasks to queue
[2025-11-08T06:45:15.593+0000] {logging_mixin.py:151} INFO - [2025-11-08T06:45:15.593+0000] {dagbag.py:539} INFO - Filling up the DagBag from /opt/airflow/dags/dbt_dag.py
[2025-11-08T06:45:15.612+0000] {processor.py:839} INFO - DAG(s) dict_keys(['dbt_transform']) retrieved from /opt/airflow/dags/dbt_dag.py
[2025-11-08T06:45:15.636+0000] {logging_mixin.py:151} INFO - [2025-11-08T06:45:15.636+0000] {dag.py:2915} INFO - Sync 1 DAGs
[2025-11-08T06:45:15.653+0000] {logging_mixin.py:151} INFO - [2025-11-08T06:45:15.653+0000] {dag.py:3696} INFO - Setting next_dagrun for dbt_transform to 2025-11-08T06:44:35.128224+00:00, run_after=2025-11-08T06:49:35.128224+00:00
[2025-11-08T06:45:15.672+0000] {processor.py:179} INFO - Processing /opt/airflow/dags/dbt_dag.py took 0.084 seconds
[2025-11-08T06:45:45.861+0000] {processor.py:157} INFO - Started process (PID=376) to work on /opt/airflow/dags/dbt_dag.py
[2025-11-08T06:45:45.861+0000] {processor.py:829} INFO - Processing file /opt/airflow/dags/dbt_dag.py for tasks to queue
[2025-11-08T06:45:45.862+0000] {logging_mixin.py:151} INFO - [2025-11-08T06:45:45.862+0000] {dagbag.py:539} INFO - Filling up the DagBag from /opt/airflow/dags/dbt_dag.py
[2025-11-08T06:45:45.880+0000] {processor.py:839} INFO - DAG(s) dict_keys(['dbt_transform']) retrieved from /opt/airflow/dags/dbt_dag.py
[2025-11-08T06:45:45.909+0000] {logging_mixin.py:151} INFO - [2025-11-08T06:45:45.909+0000] {dag.py:2915} INFO - Sync 1 DAGs
[2025-11-08T06:45:45.928+0000] {logging_mixin.py:151} INFO - [2025-11-08T06:45:45.928+0000] {dag.py:3696} INFO - Setting next_dagrun for dbt_transform to 2025-11-08T06:44:35.128224+00:00, run_after=2025-11-08T06:49:35.128224+00:00
[2025-11-08T06:45:45.948+0000] {processor.py:179} INFO - Processing /opt/airflow/dags/dbt_dag.py took 0.090 seconds
[2025-11-08T06:46:16.235+0000] {processor.py:157} INFO - Started process (PID=381) to work on /opt/airflow/dags/dbt_dag.py
[2025-11-08T06:46:16.236+0000] {processor.py:829} INFO - Processing file /opt/airflow/dags/dbt_dag.py for tasks to queue
[2025-11-08T06:46:16.237+0000] {logging_mixin.py:151} INFO - [2025-11-08T06:46:16.236+0000] {dagbag.py:539} INFO - Filling up the DagBag from /opt/airflow/dags/dbt_dag.py
[2025-11-08T06:46:16.258+0000] {processor.py:839} INFO - DAG(s) dict_keys(['dbt_transform']) retrieved from /opt/airflow/dags/dbt_dag.py
[2025-11-08T06:46:16.283+0000] {logging_mixin.py:151} INFO - [2025-11-08T06:46:16.283+0000] {dag.py:2915} INFO - Sync 1 DAGs
[2025-11-08T06:46:16.300+0000] {logging_mixin.py:151} INFO - [2025-11-08T06:46:16.300+0000] {dag.py:3696} INFO - Setting next_dagrun for dbt_transform to 2025-11-08T06:44:35.128224+00:00, run_after=2025-11-08T06:49:35.128224+00:00
[2025-11-08T06:46:16.320+0000] {processor.py:179} INFO - Processing /opt/airflow/dags/dbt_dag.py took 0.088 seconds
[2025-11-08T06:46:46.521+0000] {processor.py:157} INFO - Started process (PID=386) to work on /opt/airflow/dags/dbt_dag.py
[2025-11-08T06:46:46.522+0000] {processor.py:829} INFO - Processing file /opt/airflow/dags/dbt_dag.py for tasks to queue
[2025-11-08T06:46:46.523+0000] {logging_mixin.py:151} INFO - [2025-11-08T06:46:46.522+0000] {dagbag.py:539} INFO - Filling up the DagBag from /opt/airflow/dags/dbt_dag.py
[2025-11-08T06:46:46.541+0000] {processor.py:839} INFO - DAG(s) dict_keys(['dbt_transform']) retrieved from /opt/airflow/dags/dbt_dag.py
[2025-11-08T06:46:46.566+0000] {logging_mixin.py:151} INFO - [2025-11-08T06:46:46.566+0000] {dag.py:2915} INFO - Sync 1 DAGs
[2025-11-08T06:46:46.588+0000] {logging_mixin.py:151} INFO - [2025-11-08T06:46:46.588+0000] {dag.py:3696} INFO - Setting next_dagrun for dbt_transform to 2025-11-08T06:44:35.128224+00:00, run_after=2025-11-08T06:49:35.128224+00:00
[2025-11-08T06:46:46.608+0000] {processor.py:179} INFO - Processing /opt/airflow/dags/dbt_dag.py took 0.090 seconds
[2025-11-08T06:47:16.813+0000] {processor.py:157} INFO - Started process (PID=391) to work on /opt/airflow/dags/dbt_dag.py
[2025-11-08T06:47:16.814+0000] {processor.py:829} INFO - Processing file /opt/airflow/dags/dbt_dag.py for tasks to queue
[2025-11-08T06:47:16.816+0000] {logging_mixin.py:151} INFO - [2025-11-08T06:47:16.815+0000] {dagbag.py:539} INFO - Filling up the DagBag from /opt/airflow/dags/dbt_dag.py
[2025-11-08T06:47:16.844+0000] {processor.py:839} INFO - DAG(s) dict_keys(['dbt_transform']) retrieved from /opt/airflow/dags/dbt_dag.py
[2025-11-08T06:47:16.888+0000] {logging_mixin.py:151} INFO - [2025-11-08T06:47:16.887+0000] {dag.py:2915} INFO - Sync 1 DAGs
[2025-11-08T06:47:16.914+0000] {logging_mixin.py:151} INFO - [2025-11-08T06:47:16.914+0000] {dag.py:3696} INFO - Setting next_dagrun for dbt_transform to 2025-11-08T06:44:35.128224+00:00, run_after=2025-11-08T06:49:35.128224+00:00
[2025-11-08T06:47:16.969+0000] {processor.py:179} INFO - Processing /opt/airflow/dags/dbt_dag.py took 0.161 seconds
[2025-11-08T06:47:47.106+0000] {processor.py:157} INFO - Started process (PID=396) to work on /opt/airflow/dags/dbt_dag.py
[2025-11-08T06:47:47.107+0000] {processor.py:829} INFO - Processing file /opt/airflow/dags/dbt_dag.py for tasks to queue
[2025-11-08T06:47:47.108+0000] {logging_mixin.py:151} INFO - [2025-11-08T06:47:47.108+0000] {dagbag.py:539} INFO - Filling up the DagBag from /opt/airflow/dags/dbt_dag.py
[2025-11-08T06:47:47.127+0000] {processor.py:839} INFO - DAG(s) dict_keys(['dbt_transform']) retrieved from /opt/airflow/dags/dbt_dag.py
[2025-11-08T06:47:47.154+0000] {logging_mixin.py:151} INFO - [2025-11-08T06:47:47.154+0000] {dag.py:2915} INFO - Sync 1 DAGs
[2025-11-08T06:47:47.172+0000] {logging_mixin.py:151} INFO - [2025-11-08T06:47:47.171+0000] {dag.py:3696} INFO - Setting next_dagrun for dbt_transform to 2025-11-08T06:44:35.128224+00:00, run_after=2025-11-08T06:49:35.128224+00:00
[2025-11-08T06:47:47.192+0000] {processor.py:179} INFO - Processing /opt/airflow/dags/dbt_dag.py took 0.089 seconds
[2025-11-08T06:48:17.346+0000] {processor.py:157} INFO - Started process (PID=401) to work on /opt/airflow/dags/dbt_dag.py
[2025-11-08T06:48:17.347+0000] {processor.py:829} INFO - Processing file /opt/airflow/dags/dbt_dag.py for tasks to queue
[2025-11-08T06:48:17.348+0000] {logging_mixin.py:151} INFO - [2025-11-08T06:48:17.347+0000] {dagbag.py:539} INFO - Filling up the DagBag from /opt/airflow/dags/dbt_dag.py
[2025-11-08T06:48:17.384+0000] {processor.py:839} INFO - DAG(s) dict_keys(['dbt_transform']) retrieved from /opt/airflow/dags/dbt_dag.py
[2025-11-08T06:48:17.443+0000] {logging_mixin.py:151} INFO - [2025-11-08T06:48:17.442+0000] {dag.py:2915} INFO - Sync 1 DAGs
[2025-11-08T06:48:17.487+0000] {logging_mixin.py:151} INFO - [2025-11-08T06:48:17.486+0000] {dag.py:3696} INFO - Setting next_dagrun for dbt_transform to 2025-11-08T06:44:35.128224+00:00, run_after=2025-11-08T06:49:35.128224+00:00
[2025-11-08T06:48:17.515+0000] {processor.py:179} INFO - Processing /opt/airflow/dags/dbt_dag.py took 0.173 seconds
[2025-11-08T06:48:47.718+0000] {processor.py:157} INFO - Started process (PID=406) to work on /opt/airflow/dags/dbt_dag.py
[2025-11-08T06:48:47.719+0000] {processor.py:829} INFO - Processing file /opt/airflow/dags/dbt_dag.py for tasks to queue
[2025-11-08T06:48:47.720+0000] {logging_mixin.py:151} INFO - [2025-11-08T06:48:47.720+0000] {dagbag.py:539} INFO - Filling up the DagBag from /opt/airflow/dags/dbt_dag.py
[2025-11-08T06:48:47.738+0000] {processor.py:839} INFO - DAG(s) dict_keys(['dbt_transform']) retrieved from /opt/airflow/dags/dbt_dag.py
[2025-11-08T06:48:47.767+0000] {logging_mixin.py:151} INFO - [2025-11-08T06:48:47.767+0000] {dag.py:2915} INFO - Sync 1 DAGs
[2025-11-08T06:48:47.784+0000] {logging_mixin.py:151} INFO - [2025-11-08T06:48:47.783+0000] {dag.py:3696} INFO - Setting next_dagrun for dbt_transform to 2025-11-08T06:44:35.128224+00:00, run_after=2025-11-08T06:49:35.128224+00:00
[2025-11-08T06:48:47.802+0000] {processor.py:179} INFO - Processing /opt/airflow/dags/dbt_dag.py took 0.087 seconds
