[2025-04-13T06:44:28.869+0000] {taskinstance.py:1157} INFO - Dependencies all met for dep_context=non-requeueable deps ti=<TaskInstance: dbt_transform.dbt_run scheduled__2025-04-12T06:44:22.384069+00:00 [queued]>
[2025-04-13T06:44:28.878+0000] {taskinstance.py:1157} INFO - Dependencies all met for dep_context=requeueable deps ti=<TaskInstance: dbt_transform.dbt_run scheduled__2025-04-12T06:44:22.384069+00:00 [queued]>
[2025-04-13T06:44:28.878+0000] {taskinstance.py:1359} INFO - Starting attempt 1 of 2
[2025-04-13T06:44:28.896+0000] {taskinstance.py:1380} INFO - Executing <Task(BashOperator): dbt_run> on 2025-04-12 06:44:22.384069+00:00
[2025-04-13T06:44:28.901+0000] {standard_task_runner.py:57} INFO - Started process 184 to run task
[2025-04-13T06:44:28.905+0000] {standard_task_runner.py:84} INFO - Running: ['***', 'tasks', 'run', 'dbt_transform', 'dbt_run', 'scheduled__2025-04-12T06:44:22.384069+00:00', '--job-id', '4', '--raw', '--subdir', 'DAGS_FOLDER/dbt_dag.py', '--cfg-path', '/tmp/tmp45nehrms']
[2025-04-13T06:44:28.909+0000] {standard_task_runner.py:85} INFO - Job 4: Subtask dbt_run
[2025-04-13T06:44:28.972+0000] {task_command.py:415} INFO - Running <TaskInstance: dbt_transform.dbt_run scheduled__2025-04-12T06:44:22.384069+00:00 [running]> on host 1fb01928c71f
[2025-04-13T06:44:29.061+0000] {taskinstance.py:1660} INFO - Exporting env vars: AIRFLOW_CTX_DAG_OWNER='***' AIRFLOW_CTX_DAG_ID='dbt_transform' AIRFLOW_CTX_TASK_ID='dbt_run' AIRFLOW_CTX_EXECUTION_DATE='2025-04-12T06:44:22.384069+00:00' AIRFLOW_CTX_TRY_NUMBER='1' AIRFLOW_CTX_DAG_RUN_ID='scheduled__2025-04-12T06:44:22.384069+00:00'
[2025-04-13T06:44:29.063+0000] {subprocess.py:63} INFO - Tmp dir root location: /tmp
[2025-04-13T06:44:29.063+0000] {subprocess.py:75} INFO - Running command: ['/bin/bash', '-c', 'cd /usr/app/dbt && dbt run']
[2025-04-13T06:44:29.072+0000] {subprocess.py:86} INFO - Output:
[2025-04-13T06:44:29.074+0000] {subprocess.py:93} INFO - /bin/bash: line 1: cd: /usr/app/dbt: No such file or directory
[2025-04-13T06:44:29.075+0000] {subprocess.py:97} INFO - Command exited with return code 1
[2025-04-13T06:44:29.084+0000] {taskinstance.py:1935} ERROR - Task failed with exception
Traceback (most recent call last):
  File "/home/airflow/.local/lib/python3.9/site-packages/airflow/operators/bash.py", line 210, in execute
    raise AirflowException(
airflow.exceptions.AirflowException: Bash command failed. The command returned a non-zero exit code 1.
[2025-04-13T06:44:29.088+0000] {taskinstance.py:1398} INFO - Marking task as UP_FOR_RETRY. dag_id=dbt_transform, task_id=dbt_run, execution_date=20250412T064422, start_date=20250413T064428, end_date=20250413T064429
[2025-04-13T06:44:29.100+0000] {standard_task_runner.py:104} ERROR - Failed to execute job 4 for task dbt_run (Bash command failed. The command returned a non-zero exit code 1.; 184)
[2025-04-13T06:44:29.118+0000] {local_task_job_runner.py:228} INFO - Task exited with return code 1
[2025-04-13T06:44:29.140+0000] {taskinstance.py:2776} INFO - 0 downstream tasks scheduled from follow-on schedule check
