[2025-11-06T14:46:41.768+0000] {processor.py:157} INFO - Started process (PID=164) to work on /opt/airflow/dags/dbt_dag.py
[2025-11-06T14:46:41.770+0000] {processor.py:829} INFO - Processing file /opt/airflow/dags/dbt_dag.py for tasks to queue
[2025-11-06T14:46:41.773+0000] {logging_mixin.py:151} INFO - [2025-11-06T14:46:41.772+0000] {dagbag.py:539} INFO - Filling up the DagBag from /opt/airflow/dags/dbt_dag.py
[2025-11-06T14:46:41.811+0000] {processor.py:839} INFO - DAG(s) dict_keys(['dbt_transform']) retrieved from /opt/airflow/dags/dbt_dag.py
[2025-11-06T14:46:41.861+0000] {logging_mixin.py:151} INFO - [2025-11-06T14:46:41.855+0000] {dag.py:2915} INFO - Sync 1 DAGs
[2025-11-06T14:46:41.920+0000] {logging_mixin.py:151} INFO - [2025-11-06T14:46:41.920+0000] {dag.py:3696} INFO - Setting next_dagrun for dbt_transform to 2025-11-05T14:46:41.919889+00:00, run_after=2025-11-06T14:46:41.919889+00:00
[2025-11-06T14:46:41.987+0000] {processor.py:179} INFO - Processing /opt/airflow/dags/dbt_dag.py took 0.231 seconds
[2025-11-06T14:47:12.045+0000] {processor.py:157} INFO - Started process (PID=169) to work on /opt/airflow/dags/dbt_dag.py
[2025-11-06T14:47:12.046+0000] {processor.py:829} INFO - Processing file /opt/airflow/dags/dbt_dag.py for tasks to queue
[2025-11-06T14:47:12.047+0000] {logging_mixin.py:151} INFO - [2025-11-06T14:47:12.046+0000] {dagbag.py:539} INFO - Filling up the DagBag from /opt/airflow/dags/dbt_dag.py
[2025-11-06T14:47:12.093+0000] {processor.py:839} INFO - DAG(s) dict_keys(['dbt_transform']) retrieved from /opt/airflow/dags/dbt_dag.py
[2025-11-06T14:47:12.176+0000] {logging_mixin.py:151} INFO - [2025-11-06T14:47:12.175+0000] {dag.py:2915} INFO - Sync 1 DAGs
[2025-11-06T14:47:12.211+0000] {logging_mixin.py:151} INFO - [2025-11-06T14:47:12.211+0000] {dag.py:3696} INFO - Setting next_dagrun for dbt_transform to 2025-11-05T14:47:12.210399+00:00, run_after=2025-11-06T14:47:12.210399+00:00
[2025-11-06T14:47:12.251+0000] {processor.py:179} INFO - Processing /opt/airflow/dags/dbt_dag.py took 0.210 seconds
[2025-11-06T14:47:42.426+0000] {processor.py:157} INFO - Started process (PID=178) to work on /opt/airflow/dags/dbt_dag.py
[2025-11-06T14:47:42.428+0000] {processor.py:829} INFO - Processing file /opt/airflow/dags/dbt_dag.py for tasks to queue
[2025-11-06T14:47:42.429+0000] {logging_mixin.py:151} INFO - [2025-11-06T14:47:42.429+0000] {dagbag.py:539} INFO - Filling up the DagBag from /opt/airflow/dags/dbt_dag.py
[2025-11-06T14:47:42.451+0000] {processor.py:839} INFO - DAG(s) dict_keys(['dbt_transform']) retrieved from /opt/airflow/dags/dbt_dag.py
[2025-11-06T14:47:42.483+0000] {logging_mixin.py:151} INFO - [2025-11-06T14:47:42.482+0000] {dag.py:2915} INFO - Sync 1 DAGs
[2025-11-06T14:47:42.501+0000] {logging_mixin.py:151} INFO - [2025-11-06T14:47:42.501+0000] {dag.py:3696} INFO - Setting next_dagrun for dbt_transform to 2025-11-06T14:47:12.210399+00:00, run_after=2025-11-07T14:47:12.210399+00:00
[2025-11-06T14:47:42.521+0000] {processor.py:179} INFO - Processing /opt/airflow/dags/dbt_dag.py took 0.099 seconds
[2025-11-06T14:48:12.695+0000] {processor.py:157} INFO - Started process (PID=183) to work on /opt/airflow/dags/dbt_dag.py
[2025-11-06T14:48:12.696+0000] {processor.py:829} INFO - Processing file /opt/airflow/dags/dbt_dag.py for tasks to queue
[2025-11-06T14:48:12.697+0000] {logging_mixin.py:151} INFO - [2025-11-06T14:48:12.697+0000] {dagbag.py:539} INFO - Filling up the DagBag from /opt/airflow/dags/dbt_dag.py
[2025-11-06T14:48:12.716+0000] {processor.py:839} INFO - DAG(s) dict_keys(['dbt_transform']) retrieved from /opt/airflow/dags/dbt_dag.py
[2025-11-06T14:48:12.741+0000] {logging_mixin.py:151} INFO - [2025-11-06T14:48:12.741+0000] {dag.py:2915} INFO - Sync 1 DAGs
[2025-11-06T14:48:12.760+0000] {logging_mixin.py:151} INFO - [2025-11-06T14:48:12.760+0000] {dag.py:3696} INFO - Setting next_dagrun for dbt_transform to 2025-11-06T14:47:12.210399+00:00, run_after=2025-11-07T14:47:12.210399+00:00
[2025-11-06T14:48:12.780+0000] {processor.py:179} INFO - Processing /opt/airflow/dags/dbt_dag.py took 0.089 seconds
[2025-11-06T14:48:42.999+0000] {processor.py:157} INFO - Started process (PID=188) to work on /opt/airflow/dags/dbt_dag.py
[2025-11-06T14:48:43.000+0000] {processor.py:829} INFO - Processing file /opt/airflow/dags/dbt_dag.py for tasks to queue
[2025-11-06T14:48:43.001+0000] {logging_mixin.py:151} INFO - [2025-11-06T14:48:43.000+0000] {dagbag.py:539} INFO - Filling up the DagBag from /opt/airflow/dags/dbt_dag.py
[2025-11-06T14:48:43.017+0000] {processor.py:839} INFO - DAG(s) dict_keys(['dbt_transform']) retrieved from /opt/airflow/dags/dbt_dag.py
[2025-11-06T14:48:43.042+0000] {logging_mixin.py:151} INFO - [2025-11-06T14:48:43.041+0000] {dag.py:2915} INFO - Sync 1 DAGs
[2025-11-06T14:48:43.059+0000] {logging_mixin.py:151} INFO - [2025-11-06T14:48:43.059+0000] {dag.py:3696} INFO - Setting next_dagrun for dbt_transform to 2025-11-06T14:47:12.210399+00:00, run_after=2025-11-07T14:47:12.210399+00:00
[2025-11-06T14:48:43.078+0000] {processor.py:179} INFO - Processing /opt/airflow/dags/dbt_dag.py took 0.082 seconds
[2025-11-06T14:49:13.235+0000] {processor.py:157} INFO - Started process (PID=193) to work on /opt/airflow/dags/dbt_dag.py
[2025-11-06T14:49:13.236+0000] {processor.py:829} INFO - Processing file /opt/airflow/dags/dbt_dag.py for tasks to queue
[2025-11-06T14:49:13.237+0000] {logging_mixin.py:151} INFO - [2025-11-06T14:49:13.237+0000] {dagbag.py:539} INFO - Filling up the DagBag from /opt/airflow/dags/dbt_dag.py
[2025-11-06T14:49:13.254+0000] {processor.py:839} INFO - DAG(s) dict_keys(['dbt_transform']) retrieved from /opt/airflow/dags/dbt_dag.py
[2025-11-06T14:49:13.284+0000] {logging_mixin.py:151} INFO - [2025-11-06T14:49:13.284+0000] {dag.py:2915} INFO - Sync 1 DAGs
[2025-11-06T14:49:13.302+0000] {logging_mixin.py:151} INFO - [2025-11-06T14:49:13.301+0000] {dag.py:3696} INFO - Setting next_dagrun for dbt_transform to 2025-11-06T14:47:12.210399+00:00, run_after=2025-11-07T14:47:12.210399+00:00
[2025-11-06T14:49:13.322+0000] {processor.py:179} INFO - Processing /opt/airflow/dags/dbt_dag.py took 0.091 seconds
[2025-11-06T14:49:43.597+0000] {processor.py:157} INFO - Started process (PID=198) to work on /opt/airflow/dags/dbt_dag.py
[2025-11-06T14:49:43.598+0000] {processor.py:829} INFO - Processing file /opt/airflow/dags/dbt_dag.py for tasks to queue
[2025-11-06T14:49:43.599+0000] {logging_mixin.py:151} INFO - [2025-11-06T14:49:43.599+0000] {dagbag.py:539} INFO - Filling up the DagBag from /opt/airflow/dags/dbt_dag.py
[2025-11-06T14:49:43.617+0000] {processor.py:839} INFO - DAG(s) dict_keys(['dbt_transform']) retrieved from /opt/airflow/dags/dbt_dag.py
[2025-11-06T14:49:43.641+0000] {logging_mixin.py:151} INFO - [2025-11-06T14:49:43.641+0000] {dag.py:2915} INFO - Sync 1 DAGs
[2025-11-06T14:49:43.658+0000] {logging_mixin.py:151} INFO - [2025-11-06T14:49:43.658+0000] {dag.py:3696} INFO - Setting next_dagrun for dbt_transform to 2025-11-06T14:47:12.210399+00:00, run_after=2025-11-07T14:47:12.210399+00:00
[2025-11-06T14:49:43.677+0000] {processor.py:179} INFO - Processing /opt/airflow/dags/dbt_dag.py took 0.082 seconds
[2025-11-06T14:50:13.858+0000] {processor.py:157} INFO - Started process (PID=203) to work on /opt/airflow/dags/dbt_dag.py
[2025-11-06T14:50:13.859+0000] {processor.py:829} INFO - Processing file /opt/airflow/dags/dbt_dag.py for tasks to queue
[2025-11-06T14:50:13.860+0000] {logging_mixin.py:151} INFO - [2025-11-06T14:50:13.859+0000] {dagbag.py:539} INFO - Filling up the DagBag from /opt/airflow/dags/dbt_dag.py
[2025-11-06T14:50:13.877+0000] {processor.py:839} INFO - DAG(s) dict_keys(['dbt_transform']) retrieved from /opt/airflow/dags/dbt_dag.py
[2025-11-06T14:50:13.903+0000] {logging_mixin.py:151} INFO - [2025-11-06T14:50:13.903+0000] {dag.py:2915} INFO - Sync 1 DAGs
[2025-11-06T14:50:13.923+0000] {logging_mixin.py:151} INFO - [2025-11-06T14:50:13.923+0000] {dag.py:3696} INFO - Setting next_dagrun for dbt_transform to 2025-11-06T14:47:12.210399+00:00, run_after=2025-11-07T14:47:12.210399+00:00
[2025-11-06T14:50:13.945+0000] {processor.py:179} INFO - Processing /opt/airflow/dags/dbt_dag.py took 0.090 seconds
[2025-11-06T14:50:44.188+0000] {processor.py:157} INFO - Started process (PID=208) to work on /opt/airflow/dags/dbt_dag.py
[2025-11-06T14:50:44.188+0000] {processor.py:829} INFO - Processing file /opt/airflow/dags/dbt_dag.py for tasks to queue
[2025-11-06T14:50:44.189+0000] {logging_mixin.py:151} INFO - [2025-11-06T14:50:44.189+0000] {dagbag.py:539} INFO - Filling up the DagBag from /opt/airflow/dags/dbt_dag.py
[2025-11-06T14:50:44.206+0000] {processor.py:839} INFO - DAG(s) dict_keys(['dbt_transform']) retrieved from /opt/airflow/dags/dbt_dag.py
[2025-11-06T14:50:44.229+0000] {logging_mixin.py:151} INFO - [2025-11-06T14:50:44.229+0000] {dag.py:2915} INFO - Sync 1 DAGs
[2025-11-06T14:50:44.247+0000] {logging_mixin.py:151} INFO - [2025-11-06T14:50:44.247+0000] {dag.py:3696} INFO - Setting next_dagrun for dbt_transform to 2025-11-06T14:47:12.210399+00:00, run_after=2025-11-07T14:47:12.210399+00:00
[2025-11-06T14:50:44.284+0000] {processor.py:179} INFO - Processing /opt/airflow/dags/dbt_dag.py took 0.099 seconds
[2025-11-06T14:51:14.456+0000] {processor.py:157} INFO - Started process (PID=213) to work on /opt/airflow/dags/dbt_dag.py
[2025-11-06T14:51:14.456+0000] {processor.py:829} INFO - Processing file /opt/airflow/dags/dbt_dag.py for tasks to queue
[2025-11-06T14:51:14.457+0000] {logging_mixin.py:151} INFO - [2025-11-06T14:51:14.457+0000] {dagbag.py:539} INFO - Filling up the DagBag from /opt/airflow/dags/dbt_dag.py
[2025-11-06T14:51:14.475+0000] {processor.py:839} INFO - DAG(s) dict_keys(['dbt_transform']) retrieved from /opt/airflow/dags/dbt_dag.py
[2025-11-06T14:51:14.503+0000] {logging_mixin.py:151} INFO - [2025-11-06T14:51:14.502+0000] {dag.py:2915} INFO - Sync 1 DAGs
[2025-11-06T14:51:14.522+0000] {logging_mixin.py:151} INFO - [2025-11-06T14:51:14.521+0000] {dag.py:3696} INFO - Setting next_dagrun for dbt_transform to 2025-11-06T14:47:12.210399+00:00, run_after=2025-11-07T14:47:12.210399+00:00
[2025-11-06T14:51:14.541+0000] {processor.py:179} INFO - Processing /opt/airflow/dags/dbt_dag.py took 0.089 seconds
[2025-11-06T14:51:44.861+0000] {processor.py:157} INFO - Started process (PID=218) to work on /opt/airflow/dags/dbt_dag.py
[2025-11-06T14:51:44.862+0000] {processor.py:829} INFO - Processing file /opt/airflow/dags/dbt_dag.py for tasks to queue
[2025-11-06T14:51:44.863+0000] {logging_mixin.py:151} INFO - [2025-11-06T14:51:44.863+0000] {dagbag.py:539} INFO - Filling up the DagBag from /opt/airflow/dags/dbt_dag.py
[2025-11-06T14:51:44.887+0000] {processor.py:839} INFO - DAG(s) dict_keys(['dbt_transform']) retrieved from /opt/airflow/dags/dbt_dag.py
[2025-11-06T14:51:44.918+0000] {logging_mixin.py:151} INFO - [2025-11-06T14:51:44.917+0000] {dag.py:2915} INFO - Sync 1 DAGs
[2025-11-06T14:51:44.938+0000] {logging_mixin.py:151} INFO - [2025-11-06T14:51:44.938+0000] {dag.py:3696} INFO - Setting next_dagrun for dbt_transform to 2025-11-06T14:47:12.210399+00:00, run_after=2025-11-07T14:47:12.210399+00:00
[2025-11-06T14:51:44.958+0000] {processor.py:179} INFO - Processing /opt/airflow/dags/dbt_dag.py took 0.100 seconds
[2025-11-06T14:51:45.883+0000] {processor.py:157} INFO - Started process (PID=223) to work on /opt/airflow/dags/dbt_dag.py
[2025-11-06T14:51:45.884+0000] {processor.py:829} INFO - Processing file /opt/airflow/dags/dbt_dag.py for tasks to queue
[2025-11-06T14:51:45.885+0000] {logging_mixin.py:151} INFO - [2025-11-06T14:51:45.884+0000] {dagbag.py:539} INFO - Filling up the DagBag from /opt/airflow/dags/dbt_dag.py
[2025-11-06T14:51:45.916+0000] {processor.py:839} INFO - DAG(s) dict_keys(['dbt_transform']) retrieved from /opt/airflow/dags/dbt_dag.py
[2025-11-06T14:51:45.942+0000] {logging_mixin.py:151} INFO - [2025-11-06T14:51:45.941+0000] {dag.py:2915} INFO - Sync 1 DAGs
[2025-11-06T14:51:45.960+0000] {logging_mixin.py:151} INFO - [2025-11-06T14:51:45.959+0000] {dag.py:3696} INFO - Setting next_dagrun for dbt_transform to 2025-11-06T14:47:12.210399+00:00, run_after=2025-11-07T14:47:12.210399+00:00
[2025-11-06T14:51:45.983+0000] {processor.py:179} INFO - Processing /opt/airflow/dags/dbt_dag.py took 0.105 seconds
[2025-11-06T14:52:00.101+0000] {processor.py:157} INFO - Started process (PID=228) to work on /opt/airflow/dags/dbt_dag.py
[2025-11-06T14:52:00.102+0000] {processor.py:829} INFO - Processing file /opt/airflow/dags/dbt_dag.py for tasks to queue
[2025-11-06T14:52:00.103+0000] {logging_mixin.py:151} INFO - [2025-11-06T14:52:00.102+0000] {dagbag.py:539} INFO - Filling up the DagBag from /opt/airflow/dags/dbt_dag.py
[2025-11-06T14:52:00.133+0000] {processor.py:839} INFO - DAG(s) dict_keys(['dbt_transform']) retrieved from /opt/airflow/dags/dbt_dag.py
[2025-11-06T14:52:00.164+0000] {logging_mixin.py:151} INFO - [2025-11-06T14:52:00.163+0000] {dag.py:2915} INFO - Sync 1 DAGs
[2025-11-06T14:52:00.185+0000] {logging_mixin.py:151} INFO - [2025-11-06T14:52:00.185+0000] {dag.py:3696} INFO - Setting next_dagrun for dbt_transform to 2025-11-06T14:47:12.210399+00:00, run_after=2025-11-07T14:47:12.210399+00:00
[2025-11-06T14:52:00.209+0000] {processor.py:179} INFO - Processing /opt/airflow/dags/dbt_dag.py took 0.111 seconds
[2025-11-06T14:52:30.381+0000] {processor.py:157} INFO - Started process (PID=235) to work on /opt/airflow/dags/dbt_dag.py
[2025-11-06T14:52:30.382+0000] {processor.py:829} INFO - Processing file /opt/airflow/dags/dbt_dag.py for tasks to queue
[2025-11-06T14:52:30.385+0000] {logging_mixin.py:151} INFO - [2025-11-06T14:52:30.383+0000] {dagbag.py:539} INFO - Filling up the DagBag from /opt/airflow/dags/dbt_dag.py
[2025-11-06T14:52:30.432+0000] {processor.py:839} INFO - DAG(s) dict_keys(['dbt_transform']) retrieved from /opt/airflow/dags/dbt_dag.py
[2025-11-06T14:52:30.530+0000] {logging_mixin.py:151} INFO - [2025-11-06T14:52:30.530+0000] {dag.py:2915} INFO - Sync 1 DAGs
[2025-11-06T14:52:30.580+0000] {logging_mixin.py:151} INFO - [2025-11-06T14:52:30.580+0000] {dag.py:3696} INFO - Setting next_dagrun for dbt_transform to 2025-11-06T14:47:12.210399+00:00, run_after=2025-11-07T14:47:12.210399+00:00
[2025-11-06T14:52:30.614+0000] {processor.py:179} INFO - Processing /opt/airflow/dags/dbt_dag.py took 0.258 seconds
[2025-11-06T14:53:00.718+0000] {processor.py:157} INFO - Started process (PID=248) to work on /opt/airflow/dags/dbt_dag.py
[2025-11-06T14:53:00.720+0000] {processor.py:829} INFO - Processing file /opt/airflow/dags/dbt_dag.py for tasks to queue
[2025-11-06T14:53:00.723+0000] {logging_mixin.py:151} INFO - [2025-11-06T14:53:00.722+0000] {dagbag.py:539} INFO - Filling up the DagBag from /opt/airflow/dags/dbt_dag.py
[2025-11-06T14:53:00.773+0000] {processor.py:839} INFO - DAG(s) dict_keys(['dbt_transform']) retrieved from /opt/airflow/dags/dbt_dag.py
[2025-11-06T14:53:00.836+0000] {logging_mixin.py:151} INFO - [2025-11-06T14:53:00.835+0000] {dag.py:2915} INFO - Sync 1 DAGs
[2025-11-06T14:53:00.867+0000] {logging_mixin.py:151} INFO - [2025-11-06T14:53:00.867+0000] {dag.py:3696} INFO - Setting next_dagrun for dbt_transform to 2025-11-06T14:47:12.210399+00:00, run_after=2025-11-07T14:47:12.210399+00:00
[2025-11-06T14:53:00.895+0000] {processor.py:179} INFO - Processing /opt/airflow/dags/dbt_dag.py took 0.190 seconds
[2025-11-06T14:53:31.116+0000] {processor.py:157} INFO - Started process (PID=253) to work on /opt/airflow/dags/dbt_dag.py
[2025-11-06T14:53:31.117+0000] {processor.py:829} INFO - Processing file /opt/airflow/dags/dbt_dag.py for tasks to queue
[2025-11-06T14:53:31.118+0000] {logging_mixin.py:151} INFO - [2025-11-06T14:53:31.118+0000] {dagbag.py:539} INFO - Filling up the DagBag from /opt/airflow/dags/dbt_dag.py
[2025-11-06T14:53:31.136+0000] {processor.py:839} INFO - DAG(s) dict_keys(['dbt_transform']) retrieved from /opt/airflow/dags/dbt_dag.py
[2025-11-06T14:53:31.163+0000] {logging_mixin.py:151} INFO - [2025-11-06T14:53:31.163+0000] {dag.py:2915} INFO - Sync 1 DAGs
[2025-11-06T14:53:31.181+0000] {logging_mixin.py:151} INFO - [2025-11-06T14:53:31.181+0000] {dag.py:3696} INFO - Setting next_dagrun for dbt_transform to 2025-11-06T14:47:12.210399+00:00, run_after=2025-11-07T14:47:12.210399+00:00
[2025-11-06T14:53:31.206+0000] {processor.py:179} INFO - Processing /opt/airflow/dags/dbt_dag.py took 0.093 seconds
[2025-11-06T14:54:01.399+0000] {processor.py:157} INFO - Started process (PID=258) to work on /opt/airflow/dags/dbt_dag.py
[2025-11-06T14:54:01.400+0000] {processor.py:829} INFO - Processing file /opt/airflow/dags/dbt_dag.py for tasks to queue
[2025-11-06T14:54:01.401+0000] {logging_mixin.py:151} INFO - [2025-11-06T14:54:01.401+0000] {dagbag.py:539} INFO - Filling up the DagBag from /opt/airflow/dags/dbt_dag.py
[2025-11-06T14:54:01.420+0000] {processor.py:839} INFO - DAG(s) dict_keys(['dbt_transform']) retrieved from /opt/airflow/dags/dbt_dag.py
[2025-11-06T14:54:01.445+0000] {logging_mixin.py:151} INFO - [2025-11-06T14:54:01.444+0000] {dag.py:2915} INFO - Sync 1 DAGs
[2025-11-06T14:54:01.463+0000] {logging_mixin.py:151} INFO - [2025-11-06T14:54:01.463+0000] {dag.py:3696} INFO - Setting next_dagrun for dbt_transform to 2025-11-06T14:47:12.210399+00:00, run_after=2025-11-07T14:47:12.210399+00:00
[2025-11-06T14:54:01.485+0000] {processor.py:179} INFO - Processing /opt/airflow/dags/dbt_dag.py took 0.090 seconds
[2025-11-06T14:54:31.669+0000] {processor.py:157} INFO - Started process (PID=263) to work on /opt/airflow/dags/dbt_dag.py
[2025-11-06T14:54:31.670+0000] {processor.py:829} INFO - Processing file /opt/airflow/dags/dbt_dag.py for tasks to queue
[2025-11-06T14:54:31.671+0000] {logging_mixin.py:151} INFO - [2025-11-06T14:54:31.671+0000] {dagbag.py:539} INFO - Filling up the DagBag from /opt/airflow/dags/dbt_dag.py
[2025-11-06T14:54:31.691+0000] {processor.py:839} INFO - DAG(s) dict_keys(['dbt_transform']) retrieved from /opt/airflow/dags/dbt_dag.py
[2025-11-06T14:54:31.724+0000] {logging_mixin.py:151} INFO - [2025-11-06T14:54:31.724+0000] {dag.py:2915} INFO - Sync 1 DAGs
[2025-11-06T14:54:31.746+0000] {logging_mixin.py:151} INFO - [2025-11-06T14:54:31.746+0000] {dag.py:3696} INFO - Setting next_dagrun for dbt_transform to 2025-11-06T14:47:12.210399+00:00, run_after=2025-11-07T14:47:12.210399+00:00
[2025-11-06T14:54:31.767+0000] {processor.py:179} INFO - Processing /opt/airflow/dags/dbt_dag.py took 0.102 seconds
[2025-11-06T14:55:00.003+0000] {processor.py:157} INFO - Started process (PID=268) to work on /opt/airflow/dags/dbt_dag.py
[2025-11-06T14:55:00.006+0000] {processor.py:829} INFO - Processing file /opt/airflow/dags/dbt_dag.py for tasks to queue
[2025-11-06T14:55:00.008+0000] {logging_mixin.py:151} INFO - [2025-11-06T14:55:00.007+0000] {dagbag.py:539} INFO - Filling up the DagBag from /opt/airflow/dags/dbt_dag.py
[2025-11-06T14:55:00.041+0000] {processor.py:839} INFO - DAG(s) dict_keys(['dbt_transform']) retrieved from /opt/airflow/dags/dbt_dag.py
[2025-11-06T14:55:00.065+0000] {logging_mixin.py:151} INFO - [2025-11-06T14:55:00.065+0000] {dag.py:2915} INFO - Sync 1 DAGs
[2025-11-06T14:55:00.087+0000] {logging_mixin.py:151} INFO - [2025-11-06T14:55:00.086+0000] {dag.py:3696} INFO - Setting next_dagrun for dbt_transform to 2025-11-06T14:47:12.210399+00:00, run_after=2025-11-07T14:47:12.210399+00:00
[2025-11-06T14:55:00.110+0000] {processor.py:179} INFO - Processing /opt/airflow/dags/dbt_dag.py took 0.110 seconds
[2025-11-06T14:55:30.300+0000] {processor.py:157} INFO - Started process (PID=275) to work on /opt/airflow/dags/dbt_dag.py
[2025-11-06T14:55:30.301+0000] {processor.py:829} INFO - Processing file /opt/airflow/dags/dbt_dag.py for tasks to queue
[2025-11-06T14:55:30.301+0000] {logging_mixin.py:151} INFO - [2025-11-06T14:55:30.301+0000] {dagbag.py:539} INFO - Filling up the DagBag from /opt/airflow/dags/dbt_dag.py
[2025-11-06T14:55:30.318+0000] {processor.py:839} INFO - DAG(s) dict_keys(['dbt_transform']) retrieved from /opt/airflow/dags/dbt_dag.py
[2025-11-06T14:55:30.343+0000] {logging_mixin.py:151} INFO - [2025-11-06T14:55:30.342+0000] {dag.py:2915} INFO - Sync 1 DAGs
[2025-11-06T14:55:30.361+0000] {logging_mixin.py:151} INFO - [2025-11-06T14:55:30.361+0000] {dag.py:3696} INFO - Setting next_dagrun for dbt_transform to 2025-11-06T14:47:12.210399+00:00, run_after=2025-11-07T14:47:12.210399+00:00
[2025-11-06T14:55:30.381+0000] {processor.py:179} INFO - Processing /opt/airflow/dags/dbt_dag.py took 0.084 seconds
[2025-11-06T14:56:00.602+0000] {processor.py:157} INFO - Started process (PID=280) to work on /opt/airflow/dags/dbt_dag.py
[2025-11-06T14:56:00.602+0000] {processor.py:829} INFO - Processing file /opt/airflow/dags/dbt_dag.py for tasks to queue
[2025-11-06T14:56:00.603+0000] {logging_mixin.py:151} INFO - [2025-11-06T14:56:00.603+0000] {dagbag.py:539} INFO - Filling up the DagBag from /opt/airflow/dags/dbt_dag.py
[2025-11-06T14:56:00.620+0000] {processor.py:839} INFO - DAG(s) dict_keys(['dbt_transform']) retrieved from /opt/airflow/dags/dbt_dag.py
[2025-11-06T14:56:00.647+0000] {logging_mixin.py:151} INFO - [2025-11-06T14:56:00.646+0000] {dag.py:2915} INFO - Sync 1 DAGs
[2025-11-06T14:56:00.670+0000] {logging_mixin.py:151} INFO - [2025-11-06T14:56:00.670+0000] {dag.py:3696} INFO - Setting next_dagrun for dbt_transform to 2025-11-06T14:47:12.210399+00:00, run_after=2025-11-07T14:47:12.210399+00:00
[2025-11-06T14:56:00.694+0000] {processor.py:179} INFO - Processing /opt/airflow/dags/dbt_dag.py took 0.095 seconds
[2025-11-06T14:56:30.864+0000] {processor.py:157} INFO - Started process (PID=285) to work on /opt/airflow/dags/dbt_dag.py
[2025-11-06T14:56:30.865+0000] {processor.py:829} INFO - Processing file /opt/airflow/dags/dbt_dag.py for tasks to queue
[2025-11-06T14:56:30.866+0000] {logging_mixin.py:151} INFO - [2025-11-06T14:56:30.866+0000] {dagbag.py:539} INFO - Filling up the DagBag from /opt/airflow/dags/dbt_dag.py
[2025-11-06T14:56:30.883+0000] {processor.py:839} INFO - DAG(s) dict_keys(['dbt_transform']) retrieved from /opt/airflow/dags/dbt_dag.py
[2025-11-06T14:56:30.911+0000] {logging_mixin.py:151} INFO - [2025-11-06T14:56:30.910+0000] {dag.py:2915} INFO - Sync 1 DAGs
[2025-11-06T14:56:30.929+0000] {logging_mixin.py:151} INFO - [2025-11-06T14:56:30.929+0000] {dag.py:3696} INFO - Setting next_dagrun for dbt_transform to 2025-11-06T14:47:12.210399+00:00, run_after=2025-11-07T14:47:12.210399+00:00
[2025-11-06T14:56:30.949+0000] {processor.py:179} INFO - Processing /opt/airflow/dags/dbt_dag.py took 0.088 seconds
[2025-11-06T14:57:01.188+0000] {processor.py:157} INFO - Started process (PID=290) to work on /opt/airflow/dags/dbt_dag.py
[2025-11-06T14:57:01.189+0000] {processor.py:829} INFO - Processing file /opt/airflow/dags/dbt_dag.py for tasks to queue
[2025-11-06T14:57:01.190+0000] {logging_mixin.py:151} INFO - [2025-11-06T14:57:01.190+0000] {dagbag.py:539} INFO - Filling up the DagBag from /opt/airflow/dags/dbt_dag.py
[2025-11-06T14:57:01.210+0000] {processor.py:839} INFO - DAG(s) dict_keys(['dbt_transform']) retrieved from /opt/airflow/dags/dbt_dag.py
[2025-11-06T14:57:01.237+0000] {logging_mixin.py:151} INFO - [2025-11-06T14:57:01.237+0000] {dag.py:2915} INFO - Sync 1 DAGs
[2025-11-06T14:57:01.256+0000] {logging_mixin.py:151} INFO - [2025-11-06T14:57:01.256+0000] {dag.py:3696} INFO - Setting next_dagrun for dbt_transform to 2025-11-06T14:47:12.210399+00:00, run_after=2025-11-07T14:47:12.210399+00:00
[2025-11-06T14:57:01.279+0000] {processor.py:179} INFO - Processing /opt/airflow/dags/dbt_dag.py took 0.094 seconds
[2025-11-06T14:57:31.420+0000] {processor.py:157} INFO - Started process (PID=295) to work on /opt/airflow/dags/dbt_dag.py
[2025-11-06T14:57:31.420+0000] {processor.py:829} INFO - Processing file /opt/airflow/dags/dbt_dag.py for tasks to queue
[2025-11-06T14:57:31.422+0000] {logging_mixin.py:151} INFO - [2025-11-06T14:57:31.421+0000] {dagbag.py:539} INFO - Filling up the DagBag from /opt/airflow/dags/dbt_dag.py
[2025-11-06T14:57:31.440+0000] {processor.py:839} INFO - DAG(s) dict_keys(['dbt_transform']) retrieved from /opt/airflow/dags/dbt_dag.py
[2025-11-06T14:57:31.468+0000] {logging_mixin.py:151} INFO - [2025-11-06T14:57:31.468+0000] {dag.py:2915} INFO - Sync 1 DAGs
[2025-11-06T14:57:31.488+0000] {logging_mixin.py:151} INFO - [2025-11-06T14:57:31.488+0000] {dag.py:3696} INFO - Setting next_dagrun for dbt_transform to 2025-11-06T14:47:12.210399+00:00, run_after=2025-11-07T14:47:12.210399+00:00
[2025-11-06T14:57:31.511+0000] {processor.py:179} INFO - Processing /opt/airflow/dags/dbt_dag.py took 0.096 seconds
[2025-11-06T14:58:01.714+0000] {processor.py:157} INFO - Started process (PID=300) to work on /opt/airflow/dags/dbt_dag.py
[2025-11-06T14:58:01.716+0000] {processor.py:829} INFO - Processing file /opt/airflow/dags/dbt_dag.py for tasks to queue
[2025-11-06T14:58:01.718+0000] {logging_mixin.py:151} INFO - [2025-11-06T14:58:01.718+0000] {dagbag.py:539} INFO - Filling up the DagBag from /opt/airflow/dags/dbt_dag.py
[2025-11-06T14:58:01.738+0000] {processor.py:839} INFO - DAG(s) dict_keys(['dbt_transform']) retrieved from /opt/airflow/dags/dbt_dag.py
[2025-11-06T14:58:01.766+0000] {logging_mixin.py:151} INFO - [2025-11-06T14:58:01.765+0000] {dag.py:2915} INFO - Sync 1 DAGs
[2025-11-06T14:58:01.787+0000] {logging_mixin.py:151} INFO - [2025-11-06T14:58:01.787+0000] {dag.py:3696} INFO - Setting next_dagrun for dbt_transform to 2025-11-06T14:47:12.210399+00:00, run_after=2025-11-07T14:47:12.210399+00:00
[2025-11-06T14:58:01.812+0000] {processor.py:179} INFO - Processing /opt/airflow/dags/dbt_dag.py took 0.102 seconds
[2025-11-06T14:58:31.952+0000] {processor.py:157} INFO - Started process (PID=305) to work on /opt/airflow/dags/dbt_dag.py
[2025-11-06T14:58:31.953+0000] {processor.py:829} INFO - Processing file /opt/airflow/dags/dbt_dag.py for tasks to queue
[2025-11-06T14:58:31.954+0000] {logging_mixin.py:151} INFO - [2025-11-06T14:58:31.953+0000] {dagbag.py:539} INFO - Filling up the DagBag from /opt/airflow/dags/dbt_dag.py
[2025-11-06T14:58:31.970+0000] {processor.py:839} INFO - DAG(s) dict_keys(['dbt_transform']) retrieved from /opt/airflow/dags/dbt_dag.py
[2025-11-06T14:58:31.995+0000] {logging_mixin.py:151} INFO - [2025-11-06T14:58:31.995+0000] {dag.py:2915} INFO - Sync 1 DAGs
[2025-11-06T14:58:32.014+0000] {logging_mixin.py:151} INFO - [2025-11-06T14:58:32.014+0000] {dag.py:3696} INFO - Setting next_dagrun for dbt_transform to 2025-11-06T14:47:12.210399+00:00, run_after=2025-11-07T14:47:12.210399+00:00
[2025-11-06T14:58:32.033+0000] {processor.py:179} INFO - Processing /opt/airflow/dags/dbt_dag.py took 0.085 seconds
[2025-11-06T14:59:02.275+0000] {processor.py:157} INFO - Started process (PID=310) to work on /opt/airflow/dags/dbt_dag.py
[2025-11-06T14:59:02.275+0000] {processor.py:829} INFO - Processing file /opt/airflow/dags/dbt_dag.py for tasks to queue
[2025-11-06T14:59:02.276+0000] {logging_mixin.py:151} INFO - [2025-11-06T14:59:02.276+0000] {dagbag.py:539} INFO - Filling up the DagBag from /opt/airflow/dags/dbt_dag.py
[2025-11-06T14:59:02.295+0000] {processor.py:839} INFO - DAG(s) dict_keys(['dbt_transform']) retrieved from /opt/airflow/dags/dbt_dag.py
[2025-11-06T14:59:02.322+0000] {logging_mixin.py:151} INFO - [2025-11-06T14:59:02.321+0000] {dag.py:2915} INFO - Sync 1 DAGs
[2025-11-06T14:59:02.341+0000] {logging_mixin.py:151} INFO - [2025-11-06T14:59:02.341+0000] {dag.py:3696} INFO - Setting next_dagrun for dbt_transform to 2025-11-06T14:47:12.210399+00:00, run_after=2025-11-07T14:47:12.210399+00:00
[2025-11-06T14:59:02.360+0000] {processor.py:179} INFO - Processing /opt/airflow/dags/dbt_dag.py took 0.088 seconds
[2025-11-06T14:59:07.335+0000] {processor.py:157} INFO - Started process (PID=315) to work on /opt/airflow/dags/dbt_dag.py
[2025-11-06T14:59:07.336+0000] {processor.py:829} INFO - Processing file /opt/airflow/dags/dbt_dag.py for tasks to queue
[2025-11-06T14:59:07.337+0000] {logging_mixin.py:151} INFO - [2025-11-06T14:59:07.337+0000] {dagbag.py:539} INFO - Filling up the DagBag from /opt/airflow/dags/dbt_dag.py
[2025-11-06T14:59:07.371+0000] {processor.py:839} INFO - DAG(s) dict_keys(['dbt_transform']) retrieved from /opt/airflow/dags/dbt_dag.py
[2025-11-06T14:59:08.550+0000] {logging_mixin.py:151} INFO - [2025-11-06T14:59:08.550+0000] {security.py:708} INFO - Not syncing DAG-level permissions for DAG 'DAG:dbt_transform' as access control is unset.
[2025-11-06T14:59:08.551+0000] {logging_mixin.py:151} INFO - [2025-11-06T14:59:08.551+0000] {dag.py:2915} INFO - Sync 1 DAGs
[2025-11-06T14:59:08.568+0000] {logging_mixin.py:151} INFO - [2025-11-06T14:59:08.568+0000] {dag.py:3696} INFO - Setting next_dagrun for dbt_transform to 2025-11-06T14:47:12.210399+00:00, run_after=2025-11-07T14:47:12.210399+00:00
[2025-11-06T14:59:08.594+0000] {processor.py:179} INFO - Processing /opt/airflow/dags/dbt_dag.py took 1.264 seconds
[2025-11-06T14:59:38.631+0000] {processor.py:157} INFO - Started process (PID=320) to work on /opt/airflow/dags/dbt_dag.py
[2025-11-06T14:59:38.631+0000] {processor.py:829} INFO - Processing file /opt/airflow/dags/dbt_dag.py for tasks to queue
[2025-11-06T14:59:38.632+0000] {logging_mixin.py:151} INFO - [2025-11-06T14:59:38.632+0000] {dagbag.py:539} INFO - Filling up the DagBag from /opt/airflow/dags/dbt_dag.py
[2025-11-06T14:59:38.647+0000] {processor.py:839} INFO - DAG(s) dict_keys(['dbt_transform']) retrieved from /opt/airflow/dags/dbt_dag.py
[2025-11-06T14:59:38.673+0000] {logging_mixin.py:151} INFO - [2025-11-06T14:59:38.673+0000] {dag.py:2915} INFO - Sync 1 DAGs
[2025-11-06T14:59:38.692+0000] {logging_mixin.py:151} INFO - [2025-11-06T14:59:38.692+0000] {dag.py:3696} INFO - Setting next_dagrun for dbt_transform to 2025-11-06T14:47:12.210399+00:00, run_after=2025-11-07T14:47:12.210399+00:00
[2025-11-06T14:59:38.710+0000] {processor.py:179} INFO - Processing /opt/airflow/dags/dbt_dag.py took 0.082 seconds
[2025-11-06T15:00:08.879+0000] {processor.py:157} INFO - Started process (PID=325) to work on /opt/airflow/dags/dbt_dag.py
[2025-11-06T15:00:08.879+0000] {processor.py:829} INFO - Processing file /opt/airflow/dags/dbt_dag.py for tasks to queue
[2025-11-06T15:00:08.880+0000] {logging_mixin.py:151} INFO - [2025-11-06T15:00:08.880+0000] {dagbag.py:539} INFO - Filling up the DagBag from /opt/airflow/dags/dbt_dag.py
[2025-11-06T15:00:08.898+0000] {processor.py:839} INFO - DAG(s) dict_keys(['dbt_transform']) retrieved from /opt/airflow/dags/dbt_dag.py
[2025-11-06T15:00:08.925+0000] {logging_mixin.py:151} INFO - [2025-11-06T15:00:08.925+0000] {dag.py:2915} INFO - Sync 1 DAGs
[2025-11-06T15:00:08.944+0000] {logging_mixin.py:151} INFO - [2025-11-06T15:00:08.944+0000] {dag.py:3696} INFO - Setting next_dagrun for dbt_transform to 2025-11-06T14:47:12.210399+00:00, run_after=2025-11-07T14:47:12.210399+00:00
[2025-11-06T15:00:08.964+0000] {processor.py:179} INFO - Processing /opt/airflow/dags/dbt_dag.py took 0.089 seconds
[2025-11-06T15:00:39.186+0000] {processor.py:157} INFO - Started process (PID=355) to work on /opt/airflow/dags/dbt_dag.py
[2025-11-06T15:00:39.187+0000] {processor.py:829} INFO - Processing file /opt/airflow/dags/dbt_dag.py for tasks to queue
[2025-11-06T15:00:39.188+0000] {logging_mixin.py:151} INFO - [2025-11-06T15:00:39.187+0000] {dagbag.py:539} INFO - Filling up the DagBag from /opt/airflow/dags/dbt_dag.py
[2025-11-06T15:00:39.202+0000] {processor.py:839} INFO - DAG(s) dict_keys(['dbt_transform']) retrieved from /opt/airflow/dags/dbt_dag.py
[2025-11-06T15:00:39.223+0000] {logging_mixin.py:151} INFO - [2025-11-06T15:00:39.223+0000] {dag.py:2915} INFO - Sync 1 DAGs
[2025-11-06T15:00:39.238+0000] {logging_mixin.py:151} INFO - [2025-11-06T15:00:39.238+0000] {dag.py:3696} INFO - Setting next_dagrun for dbt_transform to 2025-11-06T14:47:12.210399+00:00, run_after=2025-11-07T14:47:12.210399+00:00
[2025-11-06T15:00:39.257+0000] {processor.py:179} INFO - Processing /opt/airflow/dags/dbt_dag.py took 0.073 seconds
[2025-11-06T15:01:09.491+0000] {processor.py:157} INFO - Started process (PID=360) to work on /opt/airflow/dags/dbt_dag.py
[2025-11-06T15:01:09.491+0000] {processor.py:829} INFO - Processing file /opt/airflow/dags/dbt_dag.py for tasks to queue
[2025-11-06T15:01:09.493+0000] {logging_mixin.py:151} INFO - [2025-11-06T15:01:09.492+0000] {dagbag.py:539} INFO - Filling up the DagBag from /opt/airflow/dags/dbt_dag.py
[2025-11-06T15:01:09.511+0000] {processor.py:839} INFO - DAG(s) dict_keys(['dbt_transform']) retrieved from /opt/airflow/dags/dbt_dag.py
[2025-11-06T15:01:09.541+0000] {logging_mixin.py:151} INFO - [2025-11-06T15:01:09.541+0000] {dag.py:2915} INFO - Sync 1 DAGs
[2025-11-06T15:01:09.559+0000] {logging_mixin.py:151} INFO - [2025-11-06T15:01:09.559+0000] {dag.py:3696} INFO - Setting next_dagrun for dbt_transform to 2025-11-06T14:47:12.210399+00:00, run_after=2025-11-07T14:47:12.210399+00:00
[2025-11-06T15:01:09.580+0000] {processor.py:179} INFO - Processing /opt/airflow/dags/dbt_dag.py took 0.093 seconds
[2025-11-06T15:01:39.754+0000] {processor.py:157} INFO - Started process (PID=365) to work on /opt/airflow/dags/dbt_dag.py
[2025-11-06T15:01:39.755+0000] {processor.py:829} INFO - Processing file /opt/airflow/dags/dbt_dag.py for tasks to queue
[2025-11-06T15:01:39.756+0000] {logging_mixin.py:151} INFO - [2025-11-06T15:01:39.756+0000] {dagbag.py:539} INFO - Filling up the DagBag from /opt/airflow/dags/dbt_dag.py
[2025-11-06T15:01:39.771+0000] {processor.py:839} INFO - DAG(s) dict_keys(['dbt_transform']) retrieved from /opt/airflow/dags/dbt_dag.py
[2025-11-06T15:01:39.793+0000] {logging_mixin.py:151} INFO - [2025-11-06T15:01:39.792+0000] {dag.py:2915} INFO - Sync 1 DAGs
[2025-11-06T15:01:39.809+0000] {logging_mixin.py:151} INFO - [2025-11-06T15:01:39.809+0000] {dag.py:3696} INFO - Setting next_dagrun for dbt_transform to 2025-11-06T14:47:12.210399+00:00, run_after=2025-11-07T14:47:12.210399+00:00
[2025-11-06T15:01:39.828+0000] {processor.py:179} INFO - Processing /opt/airflow/dags/dbt_dag.py took 0.077 seconds
[2025-11-06T15:02:10.051+0000] {processor.py:157} INFO - Started process (PID=395) to work on /opt/airflow/dags/dbt_dag.py
[2025-11-06T15:02:10.051+0000] {processor.py:829} INFO - Processing file /opt/airflow/dags/dbt_dag.py for tasks to queue
[2025-11-06T15:02:10.053+0000] {logging_mixin.py:151} INFO - [2025-11-06T15:02:10.052+0000] {dagbag.py:539} INFO - Filling up the DagBag from /opt/airflow/dags/dbt_dag.py
[2025-11-06T15:02:10.072+0000] {processor.py:839} INFO - DAG(s) dict_keys(['dbt_transform']) retrieved from /opt/airflow/dags/dbt_dag.py
[2025-11-06T15:02:10.100+0000] {logging_mixin.py:151} INFO - [2025-11-06T15:02:10.100+0000] {dag.py:2915} INFO - Sync 1 DAGs
[2025-11-06T15:02:10.121+0000] {logging_mixin.py:151} INFO - [2025-11-06T15:02:10.121+0000] {dag.py:3696} INFO - Setting next_dagrun for dbt_transform to 2025-11-06T14:47:12.210399+00:00, run_after=2025-11-07T14:47:12.210399+00:00
[2025-11-06T15:02:10.147+0000] {processor.py:179} INFO - Processing /opt/airflow/dags/dbt_dag.py took 0.100 seconds
[2025-11-06T15:02:40.275+0000] {processor.py:157} INFO - Started process (PID=400) to work on /opt/airflow/dags/dbt_dag.py
[2025-11-06T15:02:40.276+0000] {processor.py:829} INFO - Processing file /opt/airflow/dags/dbt_dag.py for tasks to queue
[2025-11-06T15:02:40.277+0000] {logging_mixin.py:151} INFO - [2025-11-06T15:02:40.276+0000] {dagbag.py:539} INFO - Filling up the DagBag from /opt/airflow/dags/dbt_dag.py
[2025-11-06T15:02:40.294+0000] {processor.py:839} INFO - DAG(s) dict_keys(['dbt_transform']) retrieved from /opt/airflow/dags/dbt_dag.py
[2025-11-06T15:02:40.320+0000] {logging_mixin.py:151} INFO - [2025-11-06T15:02:40.320+0000] {dag.py:2915} INFO - Sync 1 DAGs
[2025-11-06T15:02:40.340+0000] {logging_mixin.py:151} INFO - [2025-11-06T15:02:40.339+0000] {dag.py:3696} INFO - Setting next_dagrun for dbt_transform to 2025-11-06T14:47:12.210399+00:00, run_after=2025-11-07T14:47:12.210399+00:00
[2025-11-06T15:02:40.359+0000] {processor.py:179} INFO - Processing /opt/airflow/dags/dbt_dag.py took 0.087 seconds
[2025-11-06T15:03:10.630+0000] {processor.py:157} INFO - Started process (PID=405) to work on /opt/airflow/dags/dbt_dag.py
[2025-11-06T15:03:10.630+0000] {processor.py:829} INFO - Processing file /opt/airflow/dags/dbt_dag.py for tasks to queue
[2025-11-06T15:03:10.631+0000] {logging_mixin.py:151} INFO - [2025-11-06T15:03:10.631+0000] {dagbag.py:539} INFO - Filling up the DagBag from /opt/airflow/dags/dbt_dag.py
[2025-11-06T15:03:10.646+0000] {processor.py:839} INFO - DAG(s) dict_keys(['dbt_transform']) retrieved from /opt/airflow/dags/dbt_dag.py
[2025-11-06T15:03:10.668+0000] {logging_mixin.py:151} INFO - [2025-11-06T15:03:10.668+0000] {dag.py:2915} INFO - Sync 1 DAGs
[2025-11-06T15:03:10.686+0000] {logging_mixin.py:151} INFO - [2025-11-06T15:03:10.686+0000] {dag.py:3696} INFO - Setting next_dagrun for dbt_transform to 2025-11-06T14:47:12.210399+00:00, run_after=2025-11-07T14:47:12.210399+00:00
[2025-11-06T15:03:10.706+0000] {processor.py:179} INFO - Processing /opt/airflow/dags/dbt_dag.py took 0.079 seconds
[2025-11-06T15:03:40.868+0000] {processor.py:157} INFO - Started process (PID=410) to work on /opt/airflow/dags/dbt_dag.py
[2025-11-06T15:03:40.869+0000] {processor.py:829} INFO - Processing file /opt/airflow/dags/dbt_dag.py for tasks to queue
[2025-11-06T15:03:40.870+0000] {logging_mixin.py:151} INFO - [2025-11-06T15:03:40.870+0000] {dagbag.py:539} INFO - Filling up the DagBag from /opt/airflow/dags/dbt_dag.py
[2025-11-06T15:03:40.895+0000] {processor.py:839} INFO - DAG(s) dict_keys(['dbt_transform']) retrieved from /opt/airflow/dags/dbt_dag.py
[2025-11-06T15:03:40.926+0000] {logging_mixin.py:151} INFO - [2025-11-06T15:03:40.926+0000] {dag.py:2915} INFO - Sync 1 DAGs
[2025-11-06T15:03:40.950+0000] {logging_mixin.py:151} INFO - [2025-11-06T15:03:40.950+0000] {dag.py:3696} INFO - Setting next_dagrun for dbt_transform to 2025-11-06T14:47:12.210399+00:00, run_after=2025-11-07T14:47:12.210399+00:00
[2025-11-06T15:03:40.972+0000] {processor.py:179} INFO - Processing /opt/airflow/dags/dbt_dag.py took 0.109 seconds
[2025-11-06T15:04:11.145+0000] {processor.py:157} INFO - Started process (PID=415) to work on /opt/airflow/dags/dbt_dag.py
[2025-11-06T15:04:11.146+0000] {processor.py:829} INFO - Processing file /opt/airflow/dags/dbt_dag.py for tasks to queue
[2025-11-06T15:04:11.147+0000] {logging_mixin.py:151} INFO - [2025-11-06T15:04:11.147+0000] {dagbag.py:539} INFO - Filling up the DagBag from /opt/airflow/dags/dbt_dag.py
[2025-11-06T15:04:11.164+0000] {processor.py:839} INFO - DAG(s) dict_keys(['dbt_transform']) retrieved from /opt/airflow/dags/dbt_dag.py
[2025-11-06T15:04:11.190+0000] {logging_mixin.py:151} INFO - [2025-11-06T15:04:11.190+0000] {dag.py:2915} INFO - Sync 1 DAGs
[2025-11-06T15:04:11.209+0000] {logging_mixin.py:151} INFO - [2025-11-06T15:04:11.209+0000] {dag.py:3696} INFO - Setting next_dagrun for dbt_transform to 2025-11-06T14:47:12.210399+00:00, run_after=2025-11-07T14:47:12.210399+00:00
[2025-11-06T15:04:11.229+0000] {processor.py:179} INFO - Processing /opt/airflow/dags/dbt_dag.py took 0.087 seconds
[2025-11-06T15:04:41.399+0000] {processor.py:157} INFO - Started process (PID=420) to work on /opt/airflow/dags/dbt_dag.py
[2025-11-06T15:04:41.400+0000] {processor.py:829} INFO - Processing file /opt/airflow/dags/dbt_dag.py for tasks to queue
[2025-11-06T15:04:41.401+0000] {logging_mixin.py:151} INFO - [2025-11-06T15:04:41.401+0000] {dagbag.py:539} INFO - Filling up the DagBag from /opt/airflow/dags/dbt_dag.py
[2025-11-06T15:04:41.419+0000] {processor.py:839} INFO - DAG(s) dict_keys(['dbt_transform']) retrieved from /opt/airflow/dags/dbt_dag.py
[2025-11-06T15:04:41.444+0000] {logging_mixin.py:151} INFO - [2025-11-06T15:04:41.444+0000] {dag.py:2915} INFO - Sync 1 DAGs
[2025-11-06T15:04:41.462+0000] {logging_mixin.py:151} INFO - [2025-11-06T15:04:41.462+0000] {dag.py:3696} INFO - Setting next_dagrun for dbt_transform to 2025-11-06T14:47:12.210399+00:00, run_after=2025-11-07T14:47:12.210399+00:00
[2025-11-06T15:04:41.482+0000] {processor.py:179} INFO - Processing /opt/airflow/dags/dbt_dag.py took 0.086 seconds
[2025-11-06T15:05:11.696+0000] {processor.py:157} INFO - Started process (PID=425) to work on /opt/airflow/dags/dbt_dag.py
[2025-11-06T15:05:11.697+0000] {processor.py:829} INFO - Processing file /opt/airflow/dags/dbt_dag.py for tasks to queue
[2025-11-06T15:05:11.699+0000] {logging_mixin.py:151} INFO - [2025-11-06T15:05:11.699+0000] {dagbag.py:539} INFO - Filling up the DagBag from /opt/airflow/dags/dbt_dag.py
[2025-11-06T15:05:11.728+0000] {processor.py:839} INFO - DAG(s) dict_keys(['dbt_transform']) retrieved from /opt/airflow/dags/dbt_dag.py
[2025-11-06T15:05:11.762+0000] {logging_mixin.py:151} INFO - [2025-11-06T15:05:11.762+0000] {dag.py:2915} INFO - Sync 1 DAGs
[2025-11-06T15:05:11.783+0000] {logging_mixin.py:151} INFO - [2025-11-06T15:05:11.782+0000] {dag.py:3696} INFO - Setting next_dagrun for dbt_transform to 2025-11-06T14:47:12.210399+00:00, run_after=2025-11-07T14:47:12.210399+00:00
[2025-11-06T15:05:11.805+0000] {processor.py:179} INFO - Processing /opt/airflow/dags/dbt_dag.py took 0.113 seconds
[2025-11-06T15:05:41.933+0000] {processor.py:157} INFO - Started process (PID=430) to work on /opt/airflow/dags/dbt_dag.py
[2025-11-06T15:05:41.934+0000] {processor.py:829} INFO - Processing file /opt/airflow/dags/dbt_dag.py for tasks to queue
[2025-11-06T15:05:41.935+0000] {logging_mixin.py:151} INFO - [2025-11-06T15:05:41.934+0000] {dagbag.py:539} INFO - Filling up the DagBag from /opt/airflow/dags/dbt_dag.py
[2025-11-06T15:05:41.953+0000] {processor.py:839} INFO - DAG(s) dict_keys(['dbt_transform']) retrieved from /opt/airflow/dags/dbt_dag.py
[2025-11-06T15:05:41.982+0000] {logging_mixin.py:151} INFO - [2025-11-06T15:05:41.981+0000] {dag.py:2915} INFO - Sync 1 DAGs
[2025-11-06T15:05:42.005+0000] {logging_mixin.py:151} INFO - [2025-11-06T15:05:42.004+0000] {dag.py:3696} INFO - Setting next_dagrun for dbt_transform to 2025-11-06T14:47:12.210399+00:00, run_after=2025-11-07T14:47:12.210399+00:00
[2025-11-06T15:05:42.024+0000] {processor.py:179} INFO - Processing /opt/airflow/dags/dbt_dag.py took 0.094 seconds
[2025-11-06T15:06:12.244+0000] {processor.py:157} INFO - Started process (PID=435) to work on /opt/airflow/dags/dbt_dag.py
[2025-11-06T15:06:12.244+0000] {processor.py:829} INFO - Processing file /opt/airflow/dags/dbt_dag.py for tasks to queue
[2025-11-06T15:06:12.245+0000] {logging_mixin.py:151} INFO - [2025-11-06T15:06:12.245+0000] {dagbag.py:539} INFO - Filling up the DagBag from /opt/airflow/dags/dbt_dag.py
[2025-11-06T15:06:12.263+0000] {processor.py:839} INFO - DAG(s) dict_keys(['dbt_transform']) retrieved from /opt/airflow/dags/dbt_dag.py
[2025-11-06T15:06:12.290+0000] {logging_mixin.py:151} INFO - [2025-11-06T15:06:12.290+0000] {dag.py:2915} INFO - Sync 1 DAGs
[2025-11-06T15:06:12.312+0000] {logging_mixin.py:151} INFO - [2025-11-06T15:06:12.312+0000] {dag.py:3696} INFO - Setting next_dagrun for dbt_transform to 2025-11-06T14:47:12.210399+00:00, run_after=2025-11-07T14:47:12.210399+00:00
[2025-11-06T15:06:12.332+0000] {processor.py:179} INFO - Processing /opt/airflow/dags/dbt_dag.py took 0.092 seconds
[2025-11-06T15:06:42.508+0000] {processor.py:157} INFO - Started process (PID=440) to work on /opt/airflow/dags/dbt_dag.py
[2025-11-06T15:06:42.508+0000] {processor.py:829} INFO - Processing file /opt/airflow/dags/dbt_dag.py for tasks to queue
[2025-11-06T15:06:42.509+0000] {logging_mixin.py:151} INFO - [2025-11-06T15:06:42.509+0000] {dagbag.py:539} INFO - Filling up the DagBag from /opt/airflow/dags/dbt_dag.py
[2025-11-06T15:06:42.526+0000] {processor.py:839} INFO - DAG(s) dict_keys(['dbt_transform']) retrieved from /opt/airflow/dags/dbt_dag.py
[2025-11-06T15:06:42.555+0000] {logging_mixin.py:151} INFO - [2025-11-06T15:06:42.555+0000] {dag.py:2915} INFO - Sync 1 DAGs
[2025-11-06T15:06:42.576+0000] {logging_mixin.py:151} INFO - [2025-11-06T15:06:42.576+0000] {dag.py:3696} INFO - Setting next_dagrun for dbt_transform to 2025-11-06T14:47:12.210399+00:00, run_after=2025-11-07T14:47:12.210399+00:00
[2025-11-06T15:06:42.596+0000] {processor.py:179} INFO - Processing /opt/airflow/dags/dbt_dag.py took 0.091 seconds
[2025-11-06T15:07:12.803+0000] {processor.py:157} INFO - Started process (PID=445) to work on /opt/airflow/dags/dbt_dag.py
[2025-11-06T15:07:12.804+0000] {processor.py:829} INFO - Processing file /opt/airflow/dags/dbt_dag.py for tasks to queue
[2025-11-06T15:07:12.805+0000] {logging_mixin.py:151} INFO - [2025-11-06T15:07:12.805+0000] {dagbag.py:539} INFO - Filling up the DagBag from /opt/airflow/dags/dbt_dag.py
[2025-11-06T15:07:12.821+0000] {processor.py:839} INFO - DAG(s) dict_keys(['dbt_transform']) retrieved from /opt/airflow/dags/dbt_dag.py
[2025-11-06T15:07:12.846+0000] {logging_mixin.py:151} INFO - [2025-11-06T15:07:12.846+0000] {dag.py:2915} INFO - Sync 1 DAGs
[2025-11-06T15:07:12.867+0000] {logging_mixin.py:151} INFO - [2025-11-06T15:07:12.867+0000] {dag.py:3696} INFO - Setting next_dagrun for dbt_transform to 2025-11-06T14:47:12.210399+00:00, run_after=2025-11-07T14:47:12.210399+00:00
[2025-11-06T15:07:12.887+0000] {processor.py:179} INFO - Processing /opt/airflow/dags/dbt_dag.py took 0.086 seconds
[2025-11-06T15:07:43.058+0000] {processor.py:157} INFO - Started process (PID=450) to work on /opt/airflow/dags/dbt_dag.py
[2025-11-06T15:07:43.059+0000] {processor.py:829} INFO - Processing file /opt/airflow/dags/dbt_dag.py for tasks to queue
[2025-11-06T15:07:43.060+0000] {logging_mixin.py:151} INFO - [2025-11-06T15:07:43.060+0000] {dagbag.py:539} INFO - Filling up the DagBag from /opt/airflow/dags/dbt_dag.py
[2025-11-06T15:07:43.082+0000] {processor.py:839} INFO - DAG(s) dict_keys(['dbt_transform']) retrieved from /opt/airflow/dags/dbt_dag.py
[2025-11-06T15:07:43.112+0000] {logging_mixin.py:151} INFO - [2025-11-06T15:07:43.112+0000] {dag.py:2915} INFO - Sync 1 DAGs
[2025-11-06T15:07:43.134+0000] {logging_mixin.py:151} INFO - [2025-11-06T15:07:43.134+0000] {dag.py:3696} INFO - Setting next_dagrun for dbt_transform to 2025-11-06T14:47:12.210399+00:00, run_after=2025-11-07T14:47:12.210399+00:00
[2025-11-06T15:07:43.156+0000] {processor.py:179} INFO - Processing /opt/airflow/dags/dbt_dag.py took 0.102 seconds
[2025-11-06T15:08:13.332+0000] {processor.py:157} INFO - Started process (PID=455) to work on /opt/airflow/dags/dbt_dag.py
[2025-11-06T15:08:13.333+0000] {processor.py:829} INFO - Processing file /opt/airflow/dags/dbt_dag.py for tasks to queue
[2025-11-06T15:08:13.334+0000] {logging_mixin.py:151} INFO - [2025-11-06T15:08:13.333+0000] {dagbag.py:539} INFO - Filling up the DagBag from /opt/airflow/dags/dbt_dag.py
[2025-11-06T15:08:13.354+0000] {processor.py:839} INFO - DAG(s) dict_keys(['dbt_transform']) retrieved from /opt/airflow/dags/dbt_dag.py
[2025-11-06T15:08:13.381+0000] {logging_mixin.py:151} INFO - [2025-11-06T15:08:13.381+0000] {dag.py:2915} INFO - Sync 1 DAGs
[2025-11-06T15:08:13.399+0000] {logging_mixin.py:151} INFO - [2025-11-06T15:08:13.399+0000] {dag.py:3696} INFO - Setting next_dagrun for dbt_transform to 2025-11-06T14:47:12.210399+00:00, run_after=2025-11-07T14:47:12.210399+00:00
[2025-11-06T15:08:13.421+0000] {processor.py:179} INFO - Processing /opt/airflow/dags/dbt_dag.py took 0.092 seconds
[2025-11-06T15:08:43.579+0000] {processor.py:157} INFO - Started process (PID=460) to work on /opt/airflow/dags/dbt_dag.py
[2025-11-06T15:08:43.579+0000] {processor.py:829} INFO - Processing file /opt/airflow/dags/dbt_dag.py for tasks to queue
[2025-11-06T15:08:43.580+0000] {logging_mixin.py:151} INFO - [2025-11-06T15:08:43.580+0000] {dagbag.py:539} INFO - Filling up the DagBag from /opt/airflow/dags/dbt_dag.py
[2025-11-06T15:08:43.595+0000] {processor.py:839} INFO - DAG(s) dict_keys(['dbt_transform']) retrieved from /opt/airflow/dags/dbt_dag.py
[2025-11-06T15:08:43.621+0000] {logging_mixin.py:151} INFO - [2025-11-06T15:08:43.621+0000] {dag.py:2915} INFO - Sync 1 DAGs
[2025-11-06T15:08:43.640+0000] {logging_mixin.py:151} INFO - [2025-11-06T15:08:43.640+0000] {dag.py:3696} INFO - Setting next_dagrun for dbt_transform to 2025-11-06T14:47:12.210399+00:00, run_after=2025-11-07T14:47:12.210399+00:00
[2025-11-06T15:08:43.660+0000] {processor.py:179} INFO - Processing /opt/airflow/dags/dbt_dag.py took 0.085 seconds
[2025-11-06T15:09:13.961+0000] {processor.py:157} INFO - Started process (PID=465) to work on /opt/airflow/dags/dbt_dag.py
[2025-11-06T15:09:13.964+0000] {processor.py:829} INFO - Processing file /opt/airflow/dags/dbt_dag.py for tasks to queue
[2025-11-06T15:09:13.966+0000] {logging_mixin.py:151} INFO - [2025-11-06T15:09:13.966+0000] {dagbag.py:539} INFO - Filling up the DagBag from /opt/airflow/dags/dbt_dag.py
[2025-11-06T15:09:14.071+0000] {processor.py:839} INFO - DAG(s) dict_keys(['dbt_transform']) retrieved from /opt/airflow/dags/dbt_dag.py
[2025-11-06T15:09:14.234+0000] {logging_mixin.py:151} INFO - [2025-11-06T15:09:14.233+0000] {dag.py:2915} INFO - Sync 1 DAGs
[2025-11-06T15:09:14.330+0000] {logging_mixin.py:151} INFO - [2025-11-06T15:09:14.330+0000] {dag.py:3696} INFO - Setting next_dagrun for dbt_transform to 2025-11-06T14:47:12.210399+00:00, run_after=2025-11-07T14:47:12.210399+00:00
[2025-11-06T15:09:14.405+0000] {processor.py:179} INFO - Processing /opt/airflow/dags/dbt_dag.py took 0.469 seconds
[2025-11-06T15:09:44.567+0000] {processor.py:157} INFO - Started process (PID=470) to work on /opt/airflow/dags/dbt_dag.py
[2025-11-06T15:09:44.569+0000] {processor.py:829} INFO - Processing file /opt/airflow/dags/dbt_dag.py for tasks to queue
[2025-11-06T15:09:44.570+0000] {logging_mixin.py:151} INFO - [2025-11-06T15:09:44.569+0000] {dagbag.py:539} INFO - Filling up the DagBag from /opt/airflow/dags/dbt_dag.py
[2025-11-06T15:09:44.590+0000] {processor.py:839} INFO - DAG(s) dict_keys(['dbt_transform']) retrieved from /opt/airflow/dags/dbt_dag.py
[2025-11-06T15:09:44.623+0000] {logging_mixin.py:151} INFO - [2025-11-06T15:09:44.623+0000] {dag.py:2915} INFO - Sync 1 DAGs
[2025-11-06T15:09:44.646+0000] {logging_mixin.py:151} INFO - [2025-11-06T15:09:44.646+0000] {dag.py:3696} INFO - Setting next_dagrun for dbt_transform to 2025-11-06T14:47:12.210399+00:00, run_after=2025-11-07T14:47:12.210399+00:00
[2025-11-06T15:09:44.670+0000] {processor.py:179} INFO - Processing /opt/airflow/dags/dbt_dag.py took 0.107 seconds
[2025-11-06T15:10:14.787+0000] {processor.py:157} INFO - Started process (PID=475) to work on /opt/airflow/dags/dbt_dag.py
[2025-11-06T15:10:14.788+0000] {processor.py:829} INFO - Processing file /opt/airflow/dags/dbt_dag.py for tasks to queue
[2025-11-06T15:10:14.788+0000] {logging_mixin.py:151} INFO - [2025-11-06T15:10:14.788+0000] {dagbag.py:539} INFO - Filling up the DagBag from /opt/airflow/dags/dbt_dag.py
[2025-11-06T15:10:14.806+0000] {processor.py:839} INFO - DAG(s) dict_keys(['dbt_transform']) retrieved from /opt/airflow/dags/dbt_dag.py
[2025-11-06T15:10:14.835+0000] {logging_mixin.py:151} INFO - [2025-11-06T15:10:14.835+0000] {dag.py:2915} INFO - Sync 1 DAGs
[2025-11-06T15:10:14.855+0000] {logging_mixin.py:151} INFO - [2025-11-06T15:10:14.855+0000] {dag.py:3696} INFO - Setting next_dagrun for dbt_transform to 2025-11-06T14:47:12.210399+00:00, run_after=2025-11-07T14:47:12.210399+00:00
[2025-11-06T15:10:14.878+0000] {processor.py:179} INFO - Processing /opt/airflow/dags/dbt_dag.py took 0.094 seconds
[2025-11-06T15:10:45.160+0000] {processor.py:157} INFO - Started process (PID=480) to work on /opt/airflow/dags/dbt_dag.py
[2025-11-06T15:10:45.161+0000] {processor.py:829} INFO - Processing file /opt/airflow/dags/dbt_dag.py for tasks to queue
[2025-11-06T15:10:45.162+0000] {logging_mixin.py:151} INFO - [2025-11-06T15:10:45.162+0000] {dagbag.py:539} INFO - Filling up the DagBag from /opt/airflow/dags/dbt_dag.py
[2025-11-06T15:10:45.179+0000] {processor.py:839} INFO - DAG(s) dict_keys(['dbt_transform']) retrieved from /opt/airflow/dags/dbt_dag.py
[2025-11-06T15:10:45.205+0000] {logging_mixin.py:151} INFO - [2025-11-06T15:10:45.205+0000] {dag.py:2915} INFO - Sync 1 DAGs
[2025-11-06T15:10:45.226+0000] {logging_mixin.py:151} INFO - [2025-11-06T15:10:45.226+0000] {dag.py:3696} INFO - Setting next_dagrun for dbt_transform to 2025-11-06T14:47:12.210399+00:00, run_after=2025-11-07T14:47:12.210399+00:00
[2025-11-06T15:10:45.246+0000] {processor.py:179} INFO - Processing /opt/airflow/dags/dbt_dag.py took 0.088 seconds
[2025-11-06T15:11:15.607+0000] {processor.py:157} INFO - Started process (PID=485) to work on /opt/airflow/dags/dbt_dag.py
[2025-11-06T15:11:15.608+0000] {processor.py:829} INFO - Processing file /opt/airflow/dags/dbt_dag.py for tasks to queue
[2025-11-06T15:11:15.610+0000] {logging_mixin.py:151} INFO - [2025-11-06T15:11:15.609+0000] {dagbag.py:539} INFO - Filling up the DagBag from /opt/airflow/dags/dbt_dag.py
[2025-11-06T15:11:15.660+0000] {processor.py:839} INFO - DAG(s) dict_keys(['dbt_transform']) retrieved from /opt/airflow/dags/dbt_dag.py
[2025-11-06T15:11:15.731+0000] {logging_mixin.py:151} INFO - [2025-11-06T15:11:15.730+0000] {dag.py:2915} INFO - Sync 1 DAGs
[2025-11-06T15:11:15.759+0000] {logging_mixin.py:151} INFO - [2025-11-06T15:11:15.759+0000] {dag.py:3696} INFO - Setting next_dagrun for dbt_transform to 2025-11-06T14:47:12.210399+00:00, run_after=2025-11-07T14:47:12.210399+00:00
[2025-11-06T15:11:15.783+0000] {processor.py:179} INFO - Processing /opt/airflow/dags/dbt_dag.py took 0.187 seconds
[2025-11-06T15:11:45.901+0000] {processor.py:157} INFO - Started process (PID=490) to work on /opt/airflow/dags/dbt_dag.py
[2025-11-06T15:11:45.901+0000] {processor.py:829} INFO - Processing file /opt/airflow/dags/dbt_dag.py for tasks to queue
[2025-11-06T15:11:45.902+0000] {logging_mixin.py:151} INFO - [2025-11-06T15:11:45.902+0000] {dagbag.py:539} INFO - Filling up the DagBag from /opt/airflow/dags/dbt_dag.py
[2025-11-06T15:11:45.921+0000] {processor.py:839} INFO - DAG(s) dict_keys(['dbt_transform']) retrieved from /opt/airflow/dags/dbt_dag.py
[2025-11-06T15:11:45.953+0000] {logging_mixin.py:151} INFO - [2025-11-06T15:11:45.952+0000] {dag.py:2915} INFO - Sync 1 DAGs
[2025-11-06T15:11:45.976+0000] {logging_mixin.py:151} INFO - [2025-11-06T15:11:45.976+0000] {dag.py:3696} INFO - Setting next_dagrun for dbt_transform to 2025-11-06T14:47:12.210399+00:00, run_after=2025-11-07T14:47:12.210399+00:00
[2025-11-06T15:11:45.997+0000] {processor.py:179} INFO - Processing /opt/airflow/dags/dbt_dag.py took 0.100 seconds
[2025-11-06T15:12:16.218+0000] {processor.py:157} INFO - Started process (PID=495) to work on /opt/airflow/dags/dbt_dag.py
[2025-11-06T15:12:16.219+0000] {processor.py:829} INFO - Processing file /opt/airflow/dags/dbt_dag.py for tasks to queue
[2025-11-06T15:12:16.220+0000] {logging_mixin.py:151} INFO - [2025-11-06T15:12:16.220+0000] {dagbag.py:539} INFO - Filling up the DagBag from /opt/airflow/dags/dbt_dag.py
[2025-11-06T15:12:16.240+0000] {processor.py:839} INFO - DAG(s) dict_keys(['dbt_transform']) retrieved from /opt/airflow/dags/dbt_dag.py
[2025-11-06T15:12:16.270+0000] {logging_mixin.py:151} INFO - [2025-11-06T15:12:16.270+0000] {dag.py:2915} INFO - Sync 1 DAGs
[2025-11-06T15:12:16.289+0000] {logging_mixin.py:151} INFO - [2025-11-06T15:12:16.289+0000] {dag.py:3696} INFO - Setting next_dagrun for dbt_transform to 2025-11-06T14:47:12.210399+00:00, run_after=2025-11-07T14:47:12.210399+00:00
[2025-11-06T15:12:16.308+0000] {processor.py:179} INFO - Processing /opt/airflow/dags/dbt_dag.py took 0.094 seconds
[2025-11-06T15:12:46.480+0000] {processor.py:157} INFO - Started process (PID=500) to work on /opt/airflow/dags/dbt_dag.py
[2025-11-06T15:12:46.481+0000] {processor.py:829} INFO - Processing file /opt/airflow/dags/dbt_dag.py for tasks to queue
[2025-11-06T15:12:46.482+0000] {logging_mixin.py:151} INFO - [2025-11-06T15:12:46.482+0000] {dagbag.py:539} INFO - Filling up the DagBag from /opt/airflow/dags/dbt_dag.py
[2025-11-06T15:12:46.503+0000] {processor.py:839} INFO - DAG(s) dict_keys(['dbt_transform']) retrieved from /opt/airflow/dags/dbt_dag.py
[2025-11-06T15:12:46.531+0000] {logging_mixin.py:151} INFO - [2025-11-06T15:12:46.531+0000] {dag.py:2915} INFO - Sync 1 DAGs
[2025-11-06T15:12:46.550+0000] {logging_mixin.py:151} INFO - [2025-11-06T15:12:46.550+0000] {dag.py:3696} INFO - Setting next_dagrun for dbt_transform to 2025-11-06T14:47:12.210399+00:00, run_after=2025-11-07T14:47:12.210399+00:00
[2025-11-06T15:12:46.572+0000] {processor.py:179} INFO - Processing /opt/airflow/dags/dbt_dag.py took 0.096 seconds
[2025-11-06T15:13:16.767+0000] {processor.py:157} INFO - Started process (PID=505) to work on /opt/airflow/dags/dbt_dag.py
[2025-11-06T15:13:16.768+0000] {processor.py:829} INFO - Processing file /opt/airflow/dags/dbt_dag.py for tasks to queue
[2025-11-06T15:13:16.768+0000] {logging_mixin.py:151} INFO - [2025-11-06T15:13:16.768+0000] {dagbag.py:539} INFO - Filling up the DagBag from /opt/airflow/dags/dbt_dag.py
[2025-11-06T15:13:16.788+0000] {processor.py:839} INFO - DAG(s) dict_keys(['dbt_transform']) retrieved from /opt/airflow/dags/dbt_dag.py
[2025-11-06T15:13:16.816+0000] {logging_mixin.py:151} INFO - [2025-11-06T15:13:16.816+0000] {dag.py:2915} INFO - Sync 1 DAGs
[2025-11-06T15:13:16.835+0000] {logging_mixin.py:151} INFO - [2025-11-06T15:13:16.835+0000] {dag.py:3696} INFO - Setting next_dagrun for dbt_transform to 2025-11-06T14:47:12.210399+00:00, run_after=2025-11-07T14:47:12.210399+00:00
[2025-11-06T15:13:16.855+0000] {processor.py:179} INFO - Processing /opt/airflow/dags/dbt_dag.py took 0.091 seconds
[2025-11-06T15:13:46.999+0000] {processor.py:157} INFO - Started process (PID=510) to work on /opt/airflow/dags/dbt_dag.py
[2025-11-06T15:13:47.000+0000] {processor.py:829} INFO - Processing file /opt/airflow/dags/dbt_dag.py for tasks to queue
[2025-11-06T15:13:47.001+0000] {logging_mixin.py:151} INFO - [2025-11-06T15:13:47.001+0000] {dagbag.py:539} INFO - Filling up the DagBag from /opt/airflow/dags/dbt_dag.py
[2025-11-06T15:13:47.027+0000] {processor.py:839} INFO - DAG(s) dict_keys(['dbt_transform']) retrieved from /opt/airflow/dags/dbt_dag.py
[2025-11-06T15:13:47.075+0000] {logging_mixin.py:151} INFO - [2025-11-06T15:13:47.074+0000] {dag.py:2915} INFO - Sync 1 DAGs
[2025-11-06T15:13:47.105+0000] {logging_mixin.py:151} INFO - [2025-11-06T15:13:47.105+0000] {dag.py:3696} INFO - Setting next_dagrun for dbt_transform to 2025-11-06T14:47:12.210399+00:00, run_after=2025-11-07T14:47:12.210399+00:00
[2025-11-06T15:13:47.129+0000] {processor.py:179} INFO - Processing /opt/airflow/dags/dbt_dag.py took 0.135 seconds
[2025-11-06T15:14:17.487+0000] {processor.py:157} INFO - Started process (PID=515) to work on /opt/airflow/dags/dbt_dag.py
[2025-11-06T15:14:17.492+0000] {processor.py:829} INFO - Processing file /opt/airflow/dags/dbt_dag.py for tasks to queue
[2025-11-06T15:14:17.496+0000] {logging_mixin.py:151} INFO - [2025-11-06T15:14:17.495+0000] {dagbag.py:539} INFO - Filling up the DagBag from /opt/airflow/dags/dbt_dag.py
[2025-11-06T15:14:17.530+0000] {processor.py:839} INFO - DAG(s) dict_keys(['dbt_transform']) retrieved from /opt/airflow/dags/dbt_dag.py
[2025-11-06T15:14:17.618+0000] {logging_mixin.py:151} INFO - [2025-11-06T15:14:17.617+0000] {dag.py:2915} INFO - Sync 1 DAGs
[2025-11-06T15:14:17.700+0000] {logging_mixin.py:151} INFO - [2025-11-06T15:14:17.699+0000] {dag.py:3696} INFO - Setting next_dagrun for dbt_transform to 2025-11-06T14:47:12.210399+00:00, run_after=2025-11-07T14:47:12.210399+00:00
[2025-11-06T15:14:17.731+0000] {processor.py:179} INFO - Processing /opt/airflow/dags/dbt_dag.py took 0.250 seconds
[2025-11-06T15:14:47.968+0000] {processor.py:157} INFO - Started process (PID=520) to work on /opt/airflow/dags/dbt_dag.py
[2025-11-06T15:14:47.969+0000] {processor.py:829} INFO - Processing file /opt/airflow/dags/dbt_dag.py for tasks to queue
[2025-11-06T15:14:47.970+0000] {logging_mixin.py:151} INFO - [2025-11-06T15:14:47.970+0000] {dagbag.py:539} INFO - Filling up the DagBag from /opt/airflow/dags/dbt_dag.py
[2025-11-06T15:14:47.988+0000] {processor.py:839} INFO - DAG(s) dict_keys(['dbt_transform']) retrieved from /opt/airflow/dags/dbt_dag.py
[2025-11-06T15:14:48.019+0000] {logging_mixin.py:151} INFO - [2025-11-06T15:14:48.019+0000] {dag.py:2915} INFO - Sync 1 DAGs
[2025-11-06T15:14:48.038+0000] {logging_mixin.py:151} INFO - [2025-11-06T15:14:48.038+0000] {dag.py:3696} INFO - Setting next_dagrun for dbt_transform to 2025-11-06T14:47:12.210399+00:00, run_after=2025-11-07T14:47:12.210399+00:00
[2025-11-06T15:14:48.058+0000] {processor.py:179} INFO - Processing /opt/airflow/dags/dbt_dag.py took 0.094 seconds
[2025-11-06T15:15:18.204+0000] {processor.py:157} INFO - Started process (PID=525) to work on /opt/airflow/dags/dbt_dag.py
[2025-11-06T15:15:18.205+0000] {processor.py:829} INFO - Processing file /opt/airflow/dags/dbt_dag.py for tasks to queue
[2025-11-06T15:15:18.206+0000] {logging_mixin.py:151} INFO - [2025-11-06T15:15:18.205+0000] {dagbag.py:539} INFO - Filling up the DagBag from /opt/airflow/dags/dbt_dag.py
[2025-11-06T15:15:18.239+0000] {processor.py:839} INFO - DAG(s) dict_keys(['dbt_transform']) retrieved from /opt/airflow/dags/dbt_dag.py
[2025-11-06T15:15:18.287+0000] {logging_mixin.py:151} INFO - [2025-11-06T15:15:18.287+0000] {dag.py:2915} INFO - Sync 1 DAGs
[2025-11-06T15:15:18.310+0000] {logging_mixin.py:151} INFO - [2025-11-06T15:15:18.309+0000] {dag.py:3696} INFO - Setting next_dagrun for dbt_transform to 2025-11-06T14:47:12.210399+00:00, run_after=2025-11-07T14:47:12.210399+00:00
[2025-11-06T15:15:18.334+0000] {processor.py:179} INFO - Processing /opt/airflow/dags/dbt_dag.py took 0.133 seconds
[2025-11-06T15:15:48.531+0000] {processor.py:157} INFO - Started process (PID=530) to work on /opt/airflow/dags/dbt_dag.py
[2025-11-06T15:15:48.532+0000] {processor.py:829} INFO - Processing file /opt/airflow/dags/dbt_dag.py for tasks to queue
[2025-11-06T15:15:48.532+0000] {logging_mixin.py:151} INFO - [2025-11-06T15:15:48.532+0000] {dagbag.py:539} INFO - Filling up the DagBag from /opt/airflow/dags/dbt_dag.py
[2025-11-06T15:15:48.557+0000] {processor.py:839} INFO - DAG(s) dict_keys(['dbt_transform']) retrieved from /opt/airflow/dags/dbt_dag.py
[2025-11-06T15:15:48.594+0000] {logging_mixin.py:151} INFO - [2025-11-06T15:15:48.593+0000] {dag.py:2915} INFO - Sync 1 DAGs
[2025-11-06T15:15:48.614+0000] {logging_mixin.py:151} INFO - [2025-11-06T15:15:48.613+0000] {dag.py:3696} INFO - Setting next_dagrun for dbt_transform to 2025-11-06T14:47:12.210399+00:00, run_after=2025-11-07T14:47:12.210399+00:00
[2025-11-06T15:15:48.635+0000] {processor.py:179} INFO - Processing /opt/airflow/dags/dbt_dag.py took 0.107 seconds
[2025-11-06T15:16:18.777+0000] {processor.py:157} INFO - Started process (PID=535) to work on /opt/airflow/dags/dbt_dag.py
[2025-11-06T15:16:18.778+0000] {processor.py:829} INFO - Processing file /opt/airflow/dags/dbt_dag.py for tasks to queue
[2025-11-06T15:16:18.779+0000] {logging_mixin.py:151} INFO - [2025-11-06T15:16:18.778+0000] {dagbag.py:539} INFO - Filling up the DagBag from /opt/airflow/dags/dbt_dag.py
[2025-11-06T15:16:18.796+0000] {processor.py:839} INFO - DAG(s) dict_keys(['dbt_transform']) retrieved from /opt/airflow/dags/dbt_dag.py
[2025-11-06T15:16:18.828+0000] {logging_mixin.py:151} INFO - [2025-11-06T15:16:18.828+0000] {dag.py:2915} INFO - Sync 1 DAGs
[2025-11-06T15:16:18.850+0000] {logging_mixin.py:151} INFO - [2025-11-06T15:16:18.850+0000] {dag.py:3696} INFO - Setting next_dagrun for dbt_transform to 2025-11-06T14:47:12.210399+00:00, run_after=2025-11-07T14:47:12.210399+00:00
[2025-11-06T15:16:18.870+0000] {processor.py:179} INFO - Processing /opt/airflow/dags/dbt_dag.py took 0.096 seconds
[2025-11-06T15:16:49.136+0000] {processor.py:157} INFO - Started process (PID=540) to work on /opt/airflow/dags/dbt_dag.py
[2025-11-06T15:16:49.136+0000] {processor.py:829} INFO - Processing file /opt/airflow/dags/dbt_dag.py for tasks to queue
[2025-11-06T15:16:49.137+0000] {logging_mixin.py:151} INFO - [2025-11-06T15:16:49.137+0000] {dagbag.py:539} INFO - Filling up the DagBag from /opt/airflow/dags/dbt_dag.py
[2025-11-06T15:16:49.154+0000] {processor.py:839} INFO - DAG(s) dict_keys(['dbt_transform']) retrieved from /opt/airflow/dags/dbt_dag.py
[2025-11-06T15:16:49.182+0000] {logging_mixin.py:151} INFO - [2025-11-06T15:16:49.182+0000] {dag.py:2915} INFO - Sync 1 DAGs
[2025-11-06T15:16:49.200+0000] {logging_mixin.py:151} INFO - [2025-11-06T15:16:49.200+0000] {dag.py:3696} INFO - Setting next_dagrun for dbt_transform to 2025-11-06T14:47:12.210399+00:00, run_after=2025-11-07T14:47:12.210399+00:00
[2025-11-06T15:16:49.219+0000] {processor.py:179} INFO - Processing /opt/airflow/dags/dbt_dag.py took 0.088 seconds
[2025-11-06T15:17:19.427+0000] {processor.py:157} INFO - Started process (PID=545) to work on /opt/airflow/dags/dbt_dag.py
[2025-11-06T15:17:19.428+0000] {processor.py:829} INFO - Processing file /opt/airflow/dags/dbt_dag.py for tasks to queue
[2025-11-06T15:17:19.429+0000] {logging_mixin.py:151} INFO - [2025-11-06T15:17:19.428+0000] {dagbag.py:539} INFO - Filling up the DagBag from /opt/airflow/dags/dbt_dag.py
[2025-11-06T15:17:19.452+0000] {processor.py:839} INFO - DAG(s) dict_keys(['dbt_transform']) retrieved from /opt/airflow/dags/dbt_dag.py
[2025-11-06T15:17:19.481+0000] {logging_mixin.py:151} INFO - [2025-11-06T15:17:19.481+0000] {dag.py:2915} INFO - Sync 1 DAGs
[2025-11-06T15:17:19.500+0000] {logging_mixin.py:151} INFO - [2025-11-06T15:17:19.500+0000] {dag.py:3696} INFO - Setting next_dagrun for dbt_transform to 2025-11-06T14:47:12.210399+00:00, run_after=2025-11-07T14:47:12.210399+00:00
[2025-11-06T15:17:19.521+0000] {processor.py:179} INFO - Processing /opt/airflow/dags/dbt_dag.py took 0.097 seconds
[2025-11-06T15:17:49.701+0000] {processor.py:157} INFO - Started process (PID=550) to work on /opt/airflow/dags/dbt_dag.py
[2025-11-06T15:17:49.702+0000] {processor.py:829} INFO - Processing file /opt/airflow/dags/dbt_dag.py for tasks to queue
[2025-11-06T15:17:49.703+0000] {logging_mixin.py:151} INFO - [2025-11-06T15:17:49.703+0000] {dagbag.py:539} INFO - Filling up the DagBag from /opt/airflow/dags/dbt_dag.py
[2025-11-06T15:17:49.720+0000] {processor.py:839} INFO - DAG(s) dict_keys(['dbt_transform']) retrieved from /opt/airflow/dags/dbt_dag.py
[2025-11-06T15:17:49.743+0000] {logging_mixin.py:151} INFO - [2025-11-06T15:17:49.743+0000] {dag.py:2915} INFO - Sync 1 DAGs
[2025-11-06T15:17:49.762+0000] {logging_mixin.py:151} INFO - [2025-11-06T15:17:49.761+0000] {dag.py:3696} INFO - Setting next_dagrun for dbt_transform to 2025-11-06T14:47:12.210399+00:00, run_after=2025-11-07T14:47:12.210399+00:00
[2025-11-06T15:17:49.782+0000] {processor.py:179} INFO - Processing /opt/airflow/dags/dbt_dag.py took 0.083 seconds
[2025-11-06T15:18:19.976+0000] {processor.py:157} INFO - Started process (PID=555) to work on /opt/airflow/dags/dbt_dag.py
[2025-11-06T15:18:19.977+0000] {processor.py:829} INFO - Processing file /opt/airflow/dags/dbt_dag.py for tasks to queue
[2025-11-06T15:18:19.978+0000] {logging_mixin.py:151} INFO - [2025-11-06T15:18:19.978+0000] {dagbag.py:539} INFO - Filling up the DagBag from /opt/airflow/dags/dbt_dag.py
[2025-11-06T15:18:20.002+0000] {processor.py:839} INFO - DAG(s) dict_keys(['dbt_transform']) retrieved from /opt/airflow/dags/dbt_dag.py
[2025-11-06T15:18:20.040+0000] {logging_mixin.py:151} INFO - [2025-11-06T15:18:20.040+0000] {dag.py:2915} INFO - Sync 1 DAGs
[2025-11-06T15:18:20.065+0000] {logging_mixin.py:151} INFO - [2025-11-06T15:18:20.065+0000] {dag.py:3696} INFO - Setting next_dagrun for dbt_transform to 2025-11-06T14:47:12.210399+00:00, run_after=2025-11-07T14:47:12.210399+00:00
[2025-11-06T15:18:20.093+0000] {processor.py:179} INFO - Processing /opt/airflow/dags/dbt_dag.py took 0.120 seconds
[2025-11-06T15:18:50.205+0000] {processor.py:157} INFO - Started process (PID=560) to work on /opt/airflow/dags/dbt_dag.py
[2025-11-06T15:18:50.206+0000] {processor.py:829} INFO - Processing file /opt/airflow/dags/dbt_dag.py for tasks to queue
[2025-11-06T15:18:50.206+0000] {logging_mixin.py:151} INFO - [2025-11-06T15:18:50.206+0000] {dagbag.py:539} INFO - Filling up the DagBag from /opt/airflow/dags/dbt_dag.py
[2025-11-06T15:18:50.224+0000] {processor.py:839} INFO - DAG(s) dict_keys(['dbt_transform']) retrieved from /opt/airflow/dags/dbt_dag.py
[2025-11-06T15:18:50.252+0000] {logging_mixin.py:151} INFO - [2025-11-06T15:18:50.252+0000] {dag.py:2915} INFO - Sync 1 DAGs
[2025-11-06T15:18:50.271+0000] {logging_mixin.py:151} INFO - [2025-11-06T15:18:50.271+0000] {dag.py:3696} INFO - Setting next_dagrun for dbt_transform to 2025-11-06T14:47:12.210399+00:00, run_after=2025-11-07T14:47:12.210399+00:00
[2025-11-06T15:18:50.291+0000] {processor.py:179} INFO - Processing /opt/airflow/dags/dbt_dag.py took 0.089 seconds
[2025-11-06T15:19:20.407+0000] {processor.py:157} INFO - Started process (PID=565) to work on /opt/airflow/dags/dbt_dag.py
[2025-11-06T15:19:20.408+0000] {processor.py:829} INFO - Processing file /opt/airflow/dags/dbt_dag.py for tasks to queue
[2025-11-06T15:19:20.410+0000] {logging_mixin.py:151} INFO - [2025-11-06T15:19:20.409+0000] {dagbag.py:539} INFO - Filling up the DagBag from /opt/airflow/dags/dbt_dag.py
[2025-11-06T15:19:20.428+0000] {processor.py:839} INFO - DAG(s) dict_keys(['dbt_transform']) retrieved from /opt/airflow/dags/dbt_dag.py
[2025-11-06T15:19:20.463+0000] {logging_mixin.py:151} INFO - [2025-11-06T15:19:20.463+0000] {dag.py:2915} INFO - Sync 1 DAGs
[2025-11-06T15:19:20.485+0000] {logging_mixin.py:151} INFO - [2025-11-06T15:19:20.484+0000] {dag.py:3696} INFO - Setting next_dagrun for dbt_transform to 2025-11-06T14:47:12.210399+00:00, run_after=2025-11-07T14:47:12.210399+00:00
[2025-11-06T15:19:20.504+0000] {processor.py:179} INFO - Processing /opt/airflow/dags/dbt_dag.py took 0.100 seconds
[2025-11-06T15:19:50.738+0000] {processor.py:157} INFO - Started process (PID=570) to work on /opt/airflow/dags/dbt_dag.py
[2025-11-06T15:19:50.739+0000] {processor.py:829} INFO - Processing file /opt/airflow/dags/dbt_dag.py for tasks to queue
[2025-11-06T15:19:50.740+0000] {logging_mixin.py:151} INFO - [2025-11-06T15:19:50.739+0000] {dagbag.py:539} INFO - Filling up the DagBag from /opt/airflow/dags/dbt_dag.py
[2025-11-06T15:19:50.762+0000] {processor.py:839} INFO - DAG(s) dict_keys(['dbt_transform']) retrieved from /opt/airflow/dags/dbt_dag.py
[2025-11-06T15:19:50.789+0000] {logging_mixin.py:151} INFO - [2025-11-06T15:19:50.789+0000] {dag.py:2915} INFO - Sync 1 DAGs
[2025-11-06T15:19:50.807+0000] {logging_mixin.py:151} INFO - [2025-11-06T15:19:50.806+0000] {dag.py:3696} INFO - Setting next_dagrun for dbt_transform to 2025-11-06T14:47:12.210399+00:00, run_after=2025-11-07T14:47:12.210399+00:00
[2025-11-06T15:19:50.828+0000] {processor.py:179} INFO - Processing /opt/airflow/dags/dbt_dag.py took 0.094 seconds
[2025-11-06T15:20:20.975+0000] {processor.py:157} INFO - Started process (PID=575) to work on /opt/airflow/dags/dbt_dag.py
[2025-11-06T15:20:20.976+0000] {processor.py:829} INFO - Processing file /opt/airflow/dags/dbt_dag.py for tasks to queue
[2025-11-06T15:20:20.977+0000] {logging_mixin.py:151} INFO - [2025-11-06T15:20:20.977+0000] {dagbag.py:539} INFO - Filling up the DagBag from /opt/airflow/dags/dbt_dag.py
[2025-11-06T15:20:21.017+0000] {processor.py:839} INFO - DAG(s) dict_keys(['dbt_transform']) retrieved from /opt/airflow/dags/dbt_dag.py
[2025-11-06T15:20:21.083+0000] {logging_mixin.py:151} INFO - [2025-11-06T15:20:21.083+0000] {dag.py:2915} INFO - Sync 1 DAGs
[2025-11-06T15:20:21.109+0000] {logging_mixin.py:151} INFO - [2025-11-06T15:20:21.109+0000] {dag.py:3696} INFO - Setting next_dagrun for dbt_transform to 2025-11-06T14:47:12.210399+00:00, run_after=2025-11-07T14:47:12.210399+00:00
[2025-11-06T15:20:21.135+0000] {processor.py:179} INFO - Processing /opt/airflow/dags/dbt_dag.py took 0.170 seconds
[2025-11-06T15:20:51.273+0000] {processor.py:157} INFO - Started process (PID=580) to work on /opt/airflow/dags/dbt_dag.py
[2025-11-06T15:20:51.275+0000] {processor.py:829} INFO - Processing file /opt/airflow/dags/dbt_dag.py for tasks to queue
[2025-11-06T15:20:51.277+0000] {logging_mixin.py:151} INFO - [2025-11-06T15:20:51.276+0000] {dagbag.py:539} INFO - Filling up the DagBag from /opt/airflow/dags/dbt_dag.py
[2025-11-06T15:20:51.304+0000] {processor.py:839} INFO - DAG(s) dict_keys(['dbt_transform']) retrieved from /opt/airflow/dags/dbt_dag.py
[2025-11-06T15:20:51.355+0000] {logging_mixin.py:151} INFO - [2025-11-06T15:20:51.354+0000] {dag.py:2915} INFO - Sync 1 DAGs
[2025-11-06T15:20:51.382+0000] {logging_mixin.py:151} INFO - [2025-11-06T15:20:51.382+0000] {dag.py:3696} INFO - Setting next_dagrun for dbt_transform to 2025-11-06T14:47:12.210399+00:00, run_after=2025-11-07T14:47:12.210399+00:00
[2025-11-06T15:20:51.404+0000] {processor.py:179} INFO - Processing /opt/airflow/dags/dbt_dag.py took 0.138 seconds
[2025-11-06T15:21:21.584+0000] {processor.py:157} INFO - Started process (PID=585) to work on /opt/airflow/dags/dbt_dag.py
[2025-11-06T15:21:21.585+0000] {processor.py:829} INFO - Processing file /opt/airflow/dags/dbt_dag.py for tasks to queue
[2025-11-06T15:21:21.585+0000] {logging_mixin.py:151} INFO - [2025-11-06T15:21:21.585+0000] {dagbag.py:539} INFO - Filling up the DagBag from /opt/airflow/dags/dbt_dag.py
[2025-11-06T15:21:21.600+0000] {processor.py:839} INFO - DAG(s) dict_keys(['dbt_transform']) retrieved from /opt/airflow/dags/dbt_dag.py
[2025-11-06T15:21:21.638+0000] {logging_mixin.py:151} INFO - [2025-11-06T15:21:21.638+0000] {dag.py:2915} INFO - Sync 1 DAGs
[2025-11-06T15:21:21.660+0000] {logging_mixin.py:151} INFO - [2025-11-06T15:21:21.660+0000] {dag.py:3696} INFO - Setting next_dagrun for dbt_transform to 2025-11-06T14:47:12.210399+00:00, run_after=2025-11-07T14:47:12.210399+00:00
[2025-11-06T15:21:21.685+0000] {processor.py:179} INFO - Processing /opt/airflow/dags/dbt_dag.py took 0.104 seconds
[2025-11-06T15:21:51.840+0000] {processor.py:157} INFO - Started process (PID=590) to work on /opt/airflow/dags/dbt_dag.py
[2025-11-06T15:21:51.841+0000] {processor.py:829} INFO - Processing file /opt/airflow/dags/dbt_dag.py for tasks to queue
[2025-11-06T15:21:51.842+0000] {logging_mixin.py:151} INFO - [2025-11-06T15:21:51.841+0000] {dagbag.py:539} INFO - Filling up the DagBag from /opt/airflow/dags/dbt_dag.py
[2025-11-06T15:21:51.860+0000] {processor.py:839} INFO - DAG(s) dict_keys(['dbt_transform']) retrieved from /opt/airflow/dags/dbt_dag.py
[2025-11-06T15:21:51.893+0000] {logging_mixin.py:151} INFO - [2025-11-06T15:21:51.893+0000] {dag.py:2915} INFO - Sync 1 DAGs
[2025-11-06T15:21:51.917+0000] {logging_mixin.py:151} INFO - [2025-11-06T15:21:51.917+0000] {dag.py:3696} INFO - Setting next_dagrun for dbt_transform to 2025-11-06T14:47:12.210399+00:00, run_after=2025-11-07T14:47:12.210399+00:00
[2025-11-06T15:21:51.938+0000] {processor.py:179} INFO - Processing /opt/airflow/dags/dbt_dag.py took 0.101 seconds
[2025-11-06T15:22:22.091+0000] {processor.py:157} INFO - Started process (PID=595) to work on /opt/airflow/dags/dbt_dag.py
[2025-11-06T15:22:22.092+0000] {processor.py:829} INFO - Processing file /opt/airflow/dags/dbt_dag.py for tasks to queue
[2025-11-06T15:22:22.093+0000] {logging_mixin.py:151} INFO - [2025-11-06T15:22:22.093+0000] {dagbag.py:539} INFO - Filling up the DagBag from /opt/airflow/dags/dbt_dag.py
[2025-11-06T15:22:22.118+0000] {processor.py:839} INFO - DAG(s) dict_keys(['dbt_transform']) retrieved from /opt/airflow/dags/dbt_dag.py
[2025-11-06T15:22:22.164+0000] {logging_mixin.py:151} INFO - [2025-11-06T15:22:22.163+0000] {dag.py:2915} INFO - Sync 1 DAGs
[2025-11-06T15:22:22.184+0000] {logging_mixin.py:151} INFO - [2025-11-06T15:22:22.184+0000] {dag.py:3696} INFO - Setting next_dagrun for dbt_transform to 2025-11-06T14:47:12.210399+00:00, run_after=2025-11-07T14:47:12.210399+00:00
[2025-11-06T15:22:22.206+0000] {processor.py:179} INFO - Processing /opt/airflow/dags/dbt_dag.py took 0.121 seconds
[2025-11-06T15:22:52.388+0000] {processor.py:157} INFO - Started process (PID=600) to work on /opt/airflow/dags/dbt_dag.py
[2025-11-06T15:22:52.389+0000] {processor.py:829} INFO - Processing file /opt/airflow/dags/dbt_dag.py for tasks to queue
[2025-11-06T15:22:52.390+0000] {logging_mixin.py:151} INFO - [2025-11-06T15:22:52.390+0000] {dagbag.py:539} INFO - Filling up the DagBag from /opt/airflow/dags/dbt_dag.py
[2025-11-06T15:22:52.418+0000] {processor.py:839} INFO - DAG(s) dict_keys(['dbt_transform']) retrieved from /opt/airflow/dags/dbt_dag.py
[2025-11-06T15:22:52.465+0000] {logging_mixin.py:151} INFO - [2025-11-06T15:22:52.465+0000] {dag.py:2915} INFO - Sync 1 DAGs
[2025-11-06T15:22:52.490+0000] {logging_mixin.py:151} INFO - [2025-11-06T15:22:52.490+0000] {dag.py:3696} INFO - Setting next_dagrun for dbt_transform to 2025-11-06T14:47:12.210399+00:00, run_after=2025-11-07T14:47:12.210399+00:00
[2025-11-06T15:22:52.521+0000] {processor.py:179} INFO - Processing /opt/airflow/dags/dbt_dag.py took 0.136 seconds
[2025-11-06T15:23:22.633+0000] {processor.py:157} INFO - Started process (PID=605) to work on /opt/airflow/dags/dbt_dag.py
[2025-11-06T15:23:22.634+0000] {processor.py:829} INFO - Processing file /opt/airflow/dags/dbt_dag.py for tasks to queue
[2025-11-06T15:23:22.635+0000] {logging_mixin.py:151} INFO - [2025-11-06T15:23:22.634+0000] {dagbag.py:539} INFO - Filling up the DagBag from /opt/airflow/dags/dbt_dag.py
[2025-11-06T15:23:22.658+0000] {processor.py:839} INFO - DAG(s) dict_keys(['dbt_transform']) retrieved from /opt/airflow/dags/dbt_dag.py
[2025-11-06T15:23:22.704+0000] {logging_mixin.py:151} INFO - [2025-11-06T15:23:22.703+0000] {dag.py:2915} INFO - Sync 1 DAGs
[2025-11-06T15:23:22.730+0000] {logging_mixin.py:151} INFO - [2025-11-06T15:23:22.730+0000] {dag.py:3696} INFO - Setting next_dagrun for dbt_transform to 2025-11-06T14:47:12.210399+00:00, run_after=2025-11-07T14:47:12.210399+00:00
[2025-11-06T15:23:22.754+0000] {processor.py:179} INFO - Processing /opt/airflow/dags/dbt_dag.py took 0.127 seconds
[2025-11-06T15:23:52.963+0000] {processor.py:157} INFO - Started process (PID=610) to work on /opt/airflow/dags/dbt_dag.py
[2025-11-06T15:23:52.963+0000] {processor.py:829} INFO - Processing file /opt/airflow/dags/dbt_dag.py for tasks to queue
[2025-11-06T15:23:52.965+0000] {logging_mixin.py:151} INFO - [2025-11-06T15:23:52.964+0000] {dagbag.py:539} INFO - Filling up the DagBag from /opt/airflow/dags/dbt_dag.py
[2025-11-06T15:23:52.986+0000] {processor.py:839} INFO - DAG(s) dict_keys(['dbt_transform']) retrieved from /opt/airflow/dags/dbt_dag.py
[2025-11-06T15:23:53.014+0000] {logging_mixin.py:151} INFO - [2025-11-06T15:23:53.014+0000] {dag.py:2915} INFO - Sync 1 DAGs
[2025-11-06T15:23:53.038+0000] {logging_mixin.py:151} INFO - [2025-11-06T15:23:53.037+0000] {dag.py:3696} INFO - Setting next_dagrun for dbt_transform to 2025-11-06T14:47:12.210399+00:00, run_after=2025-11-07T14:47:12.210399+00:00
[2025-11-06T15:23:53.059+0000] {processor.py:179} INFO - Processing /opt/airflow/dags/dbt_dag.py took 0.099 seconds
[2025-11-06T15:24:23.230+0000] {processor.py:157} INFO - Started process (PID=615) to work on /opt/airflow/dags/dbt_dag.py
[2025-11-06T15:24:23.231+0000] {processor.py:829} INFO - Processing file /opt/airflow/dags/dbt_dag.py for tasks to queue
[2025-11-06T15:24:23.232+0000] {logging_mixin.py:151} INFO - [2025-11-06T15:24:23.231+0000] {dagbag.py:539} INFO - Filling up the DagBag from /opt/airflow/dags/dbt_dag.py
[2025-11-06T15:24:23.253+0000] {processor.py:839} INFO - DAG(s) dict_keys(['dbt_transform']) retrieved from /opt/airflow/dags/dbt_dag.py
[2025-11-06T15:24:23.282+0000] {logging_mixin.py:151} INFO - [2025-11-06T15:24:23.282+0000] {dag.py:2915} INFO - Sync 1 DAGs
[2025-11-06T15:24:23.302+0000] {logging_mixin.py:151} INFO - [2025-11-06T15:24:23.302+0000] {dag.py:3696} INFO - Setting next_dagrun for dbt_transform to 2025-11-06T14:47:12.210399+00:00, run_after=2025-11-07T14:47:12.210399+00:00
[2025-11-06T15:24:23.323+0000] {processor.py:179} INFO - Processing /opt/airflow/dags/dbt_dag.py took 0.098 seconds
[2025-11-06T15:24:53.511+0000] {processor.py:157} INFO - Started process (PID=620) to work on /opt/airflow/dags/dbt_dag.py
[2025-11-06T15:24:53.512+0000] {processor.py:829} INFO - Processing file /opt/airflow/dags/dbt_dag.py for tasks to queue
[2025-11-06T15:24:53.513+0000] {logging_mixin.py:151} INFO - [2025-11-06T15:24:53.513+0000] {dagbag.py:539} INFO - Filling up the DagBag from /opt/airflow/dags/dbt_dag.py
[2025-11-06T15:24:53.533+0000] {processor.py:839} INFO - DAG(s) dict_keys(['dbt_transform']) retrieved from /opt/airflow/dags/dbt_dag.py
[2025-11-06T15:24:53.568+0000] {logging_mixin.py:151} INFO - [2025-11-06T15:24:53.567+0000] {dag.py:2915} INFO - Sync 1 DAGs
[2025-11-06T15:24:53.586+0000] {logging_mixin.py:151} INFO - [2025-11-06T15:24:53.586+0000] {dag.py:3696} INFO - Setting next_dagrun for dbt_transform to 2025-11-06T14:47:12.210399+00:00, run_after=2025-11-07T14:47:12.210399+00:00
[2025-11-06T15:24:53.611+0000] {processor.py:179} INFO - Processing /opt/airflow/dags/dbt_dag.py took 0.103 seconds
[2025-11-06T15:25:23.778+0000] {processor.py:157} INFO - Started process (PID=625) to work on /opt/airflow/dags/dbt_dag.py
[2025-11-06T15:25:23.779+0000] {processor.py:829} INFO - Processing file /opt/airflow/dags/dbt_dag.py for tasks to queue
[2025-11-06T15:25:23.780+0000] {logging_mixin.py:151} INFO - [2025-11-06T15:25:23.780+0000] {dagbag.py:539} INFO - Filling up the DagBag from /opt/airflow/dags/dbt_dag.py
[2025-11-06T15:25:23.798+0000] {processor.py:839} INFO - DAG(s) dict_keys(['dbt_transform']) retrieved from /opt/airflow/dags/dbt_dag.py
[2025-11-06T15:25:23.828+0000] {logging_mixin.py:151} INFO - [2025-11-06T15:25:23.828+0000] {dag.py:2915} INFO - Sync 1 DAGs
[2025-11-06T15:25:23.847+0000] {logging_mixin.py:151} INFO - [2025-11-06T15:25:23.846+0000] {dag.py:3696} INFO - Setting next_dagrun for dbt_transform to 2025-11-06T14:47:12.210399+00:00, run_after=2025-11-07T14:47:12.210399+00:00
[2025-11-06T15:25:23.868+0000] {processor.py:179} INFO - Processing /opt/airflow/dags/dbt_dag.py took 0.092 seconds
[2025-11-06T15:25:54.087+0000] {processor.py:157} INFO - Started process (PID=630) to work on /opt/airflow/dags/dbt_dag.py
[2025-11-06T15:25:54.087+0000] {processor.py:829} INFO - Processing file /opt/airflow/dags/dbt_dag.py for tasks to queue
[2025-11-06T15:25:54.088+0000] {logging_mixin.py:151} INFO - [2025-11-06T15:25:54.088+0000] {dagbag.py:539} INFO - Filling up the DagBag from /opt/airflow/dags/dbt_dag.py
[2025-11-06T15:25:54.105+0000] {processor.py:839} INFO - DAG(s) dict_keys(['dbt_transform']) retrieved from /opt/airflow/dags/dbt_dag.py
[2025-11-06T15:25:54.133+0000] {logging_mixin.py:151} INFO - [2025-11-06T15:25:54.133+0000] {dag.py:2915} INFO - Sync 1 DAGs
[2025-11-06T15:25:54.153+0000] {logging_mixin.py:151} INFO - [2025-11-06T15:25:54.152+0000] {dag.py:3696} INFO - Setting next_dagrun for dbt_transform to 2025-11-06T14:47:12.210399+00:00, run_after=2025-11-07T14:47:12.210399+00:00
[2025-11-06T15:25:54.174+0000] {processor.py:179} INFO - Processing /opt/airflow/dags/dbt_dag.py took 0.091 seconds
[2025-11-06T15:26:24.331+0000] {processor.py:157} INFO - Started process (PID=635) to work on /opt/airflow/dags/dbt_dag.py
[2025-11-06T15:26:24.332+0000] {processor.py:829} INFO - Processing file /opt/airflow/dags/dbt_dag.py for tasks to queue
[2025-11-06T15:26:24.333+0000] {logging_mixin.py:151} INFO - [2025-11-06T15:26:24.333+0000] {dagbag.py:539} INFO - Filling up the DagBag from /opt/airflow/dags/dbt_dag.py
[2025-11-06T15:26:24.350+0000] {processor.py:839} INFO - DAG(s) dict_keys(['dbt_transform']) retrieved from /opt/airflow/dags/dbt_dag.py
[2025-11-06T15:26:24.379+0000] {logging_mixin.py:151} INFO - [2025-11-06T15:26:24.379+0000] {dag.py:2915} INFO - Sync 1 DAGs
[2025-11-06T15:26:24.397+0000] {logging_mixin.py:151} INFO - [2025-11-06T15:26:24.397+0000] {dag.py:3696} INFO - Setting next_dagrun for dbt_transform to 2025-11-06T14:47:12.210399+00:00, run_after=2025-11-07T14:47:12.210399+00:00
[2025-11-06T15:26:24.423+0000] {processor.py:179} INFO - Processing /opt/airflow/dags/dbt_dag.py took 0.095 seconds
[2025-11-06T15:26:54.668+0000] {processor.py:157} INFO - Started process (PID=640) to work on /opt/airflow/dags/dbt_dag.py
[2025-11-06T15:26:54.669+0000] {processor.py:829} INFO - Processing file /opt/airflow/dags/dbt_dag.py for tasks to queue
[2025-11-06T15:26:54.670+0000] {logging_mixin.py:151} INFO - [2025-11-06T15:26:54.669+0000] {dagbag.py:539} INFO - Filling up the DagBag from /opt/airflow/dags/dbt_dag.py
[2025-11-06T15:26:54.689+0000] {processor.py:839} INFO - DAG(s) dict_keys(['dbt_transform']) retrieved from /opt/airflow/dags/dbt_dag.py
[2025-11-06T15:26:54.716+0000] {logging_mixin.py:151} INFO - [2025-11-06T15:26:54.716+0000] {dag.py:2915} INFO - Sync 1 DAGs
[2025-11-06T15:26:54.736+0000] {logging_mixin.py:151} INFO - [2025-11-06T15:26:54.736+0000] {dag.py:3696} INFO - Setting next_dagrun for dbt_transform to 2025-11-06T14:47:12.210399+00:00, run_after=2025-11-07T14:47:12.210399+00:00
[2025-11-06T15:26:54.756+0000] {processor.py:179} INFO - Processing /opt/airflow/dags/dbt_dag.py took 0.091 seconds
[2025-11-06T15:27:24.920+0000] {processor.py:157} INFO - Started process (PID=645) to work on /opt/airflow/dags/dbt_dag.py
[2025-11-06T15:27:24.920+0000] {processor.py:829} INFO - Processing file /opt/airflow/dags/dbt_dag.py for tasks to queue
[2025-11-06T15:27:24.921+0000] {logging_mixin.py:151} INFO - [2025-11-06T15:27:24.921+0000] {dagbag.py:539} INFO - Filling up the DagBag from /opt/airflow/dags/dbt_dag.py
[2025-11-06T15:27:24.939+0000] {processor.py:839} INFO - DAG(s) dict_keys(['dbt_transform']) retrieved from /opt/airflow/dags/dbt_dag.py
[2025-11-06T15:27:24.967+0000] {logging_mixin.py:151} INFO - [2025-11-06T15:27:24.967+0000] {dag.py:2915} INFO - Sync 1 DAGs
[2025-11-06T15:27:24.987+0000] {logging_mixin.py:151} INFO - [2025-11-06T15:27:24.987+0000] {dag.py:3696} INFO - Setting next_dagrun for dbt_transform to 2025-11-06T14:47:12.210399+00:00, run_after=2025-11-07T14:47:12.210399+00:00
[2025-11-06T15:27:25.010+0000] {processor.py:179} INFO - Processing /opt/airflow/dags/dbt_dag.py took 0.093 seconds
[2025-11-06T15:27:55.215+0000] {processor.py:157} INFO - Started process (PID=650) to work on /opt/airflow/dags/dbt_dag.py
[2025-11-06T15:27:55.215+0000] {processor.py:829} INFO - Processing file /opt/airflow/dags/dbt_dag.py for tasks to queue
[2025-11-06T15:27:55.217+0000] {logging_mixin.py:151} INFO - [2025-11-06T15:27:55.216+0000] {dagbag.py:539} INFO - Filling up the DagBag from /opt/airflow/dags/dbt_dag.py
[2025-11-06T15:27:55.233+0000] {processor.py:839} INFO - DAG(s) dict_keys(['dbt_transform']) retrieved from /opt/airflow/dags/dbt_dag.py
[2025-11-06T15:27:55.261+0000] {logging_mixin.py:151} INFO - [2025-11-06T15:27:55.261+0000] {dag.py:2915} INFO - Sync 1 DAGs
[2025-11-06T15:27:55.279+0000] {logging_mixin.py:151} INFO - [2025-11-06T15:27:55.279+0000] {dag.py:3696} INFO - Setting next_dagrun for dbt_transform to 2025-11-06T14:47:12.210399+00:00, run_after=2025-11-07T14:47:12.210399+00:00
[2025-11-06T15:27:55.299+0000] {processor.py:179} INFO - Processing /opt/airflow/dags/dbt_dag.py took 0.087 seconds
[2025-11-06T15:28:25.505+0000] {processor.py:157} INFO - Started process (PID=655) to work on /opt/airflow/dags/dbt_dag.py
[2025-11-06T15:28:25.506+0000] {processor.py:829} INFO - Processing file /opt/airflow/dags/dbt_dag.py for tasks to queue
[2025-11-06T15:28:25.507+0000] {logging_mixin.py:151} INFO - [2025-11-06T15:28:25.507+0000] {dagbag.py:539} INFO - Filling up the DagBag from /opt/airflow/dags/dbt_dag.py
[2025-11-06T15:28:25.527+0000] {processor.py:839} INFO - DAG(s) dict_keys(['dbt_transform']) retrieved from /opt/airflow/dags/dbt_dag.py
[2025-11-06T15:28:25.557+0000] {logging_mixin.py:151} INFO - [2025-11-06T15:28:25.557+0000] {dag.py:2915} INFO - Sync 1 DAGs
[2025-11-06T15:28:25.580+0000] {logging_mixin.py:151} INFO - [2025-11-06T15:28:25.579+0000] {dag.py:3696} INFO - Setting next_dagrun for dbt_transform to 2025-11-06T14:47:12.210399+00:00, run_after=2025-11-07T14:47:12.210399+00:00
[2025-11-06T15:28:25.601+0000] {processor.py:179} INFO - Processing /opt/airflow/dags/dbt_dag.py took 0.099 seconds
[2025-11-06T15:28:55.749+0000] {processor.py:157} INFO - Started process (PID=660) to work on /opt/airflow/dags/dbt_dag.py
[2025-11-06T15:28:55.750+0000] {processor.py:829} INFO - Processing file /opt/airflow/dags/dbt_dag.py for tasks to queue
[2025-11-06T15:28:55.751+0000] {logging_mixin.py:151} INFO - [2025-11-06T15:28:55.750+0000] {dagbag.py:539} INFO - Filling up the DagBag from /opt/airflow/dags/dbt_dag.py
[2025-11-06T15:28:55.769+0000] {processor.py:839} INFO - DAG(s) dict_keys(['dbt_transform']) retrieved from /opt/airflow/dags/dbt_dag.py
[2025-11-06T15:28:55.797+0000] {logging_mixin.py:151} INFO - [2025-11-06T15:28:55.797+0000] {dag.py:2915} INFO - Sync 1 DAGs
[2025-11-06T15:28:55.816+0000] {logging_mixin.py:151} INFO - [2025-11-06T15:28:55.816+0000] {dag.py:3696} INFO - Setting next_dagrun for dbt_transform to 2025-11-06T14:47:12.210399+00:00, run_after=2025-11-07T14:47:12.210399+00:00
[2025-11-06T15:28:55.837+0000] {processor.py:179} INFO - Processing /opt/airflow/dags/dbt_dag.py took 0.092 seconds
[2025-11-06T15:29:26.045+0000] {processor.py:157} INFO - Started process (PID=665) to work on /opt/airflow/dags/dbt_dag.py
[2025-11-06T15:29:26.047+0000] {processor.py:829} INFO - Processing file /opt/airflow/dags/dbt_dag.py for tasks to queue
[2025-11-06T15:29:26.048+0000] {logging_mixin.py:151} INFO - [2025-11-06T15:29:26.048+0000] {dagbag.py:539} INFO - Filling up the DagBag from /opt/airflow/dags/dbt_dag.py
[2025-11-06T15:29:26.067+0000] {processor.py:839} INFO - DAG(s) dict_keys(['dbt_transform']) retrieved from /opt/airflow/dags/dbt_dag.py
[2025-11-06T15:29:26.096+0000] {logging_mixin.py:151} INFO - [2025-11-06T15:29:26.095+0000] {dag.py:2915} INFO - Sync 1 DAGs
[2025-11-06T15:29:26.118+0000] {logging_mixin.py:151} INFO - [2025-11-06T15:29:26.117+0000] {dag.py:3696} INFO - Setting next_dagrun for dbt_transform to 2025-11-06T14:47:12.210399+00:00, run_after=2025-11-07T14:47:12.210399+00:00
[2025-11-06T15:29:26.142+0000] {processor.py:179} INFO - Processing /opt/airflow/dags/dbt_dag.py took 0.101 seconds
[2025-11-06T15:29:56.243+0000] {processor.py:157} INFO - Started process (PID=670) to work on /opt/airflow/dags/dbt_dag.py
[2025-11-06T15:29:56.244+0000] {processor.py:829} INFO - Processing file /opt/airflow/dags/dbt_dag.py for tasks to queue
[2025-11-06T15:29:56.245+0000] {logging_mixin.py:151} INFO - [2025-11-06T15:29:56.244+0000] {dagbag.py:539} INFO - Filling up the DagBag from /opt/airflow/dags/dbt_dag.py
[2025-11-06T15:29:56.262+0000] {processor.py:839} INFO - DAG(s) dict_keys(['dbt_transform']) retrieved from /opt/airflow/dags/dbt_dag.py
[2025-11-06T15:29:56.293+0000] {logging_mixin.py:151} INFO - [2025-11-06T15:29:56.293+0000] {dag.py:2915} INFO - Sync 1 DAGs
[2025-11-06T15:29:56.315+0000] {logging_mixin.py:151} INFO - [2025-11-06T15:29:56.315+0000] {dag.py:3696} INFO - Setting next_dagrun for dbt_transform to 2025-11-06T14:47:12.210399+00:00, run_after=2025-11-07T14:47:12.210399+00:00
[2025-11-06T15:29:56.336+0000] {processor.py:179} INFO - Processing /opt/airflow/dags/dbt_dag.py took 0.099 seconds
[2025-11-06T15:30:26.530+0000] {processor.py:157} INFO - Started process (PID=675) to work on /opt/airflow/dags/dbt_dag.py
[2025-11-06T15:30:26.531+0000] {processor.py:829} INFO - Processing file /opt/airflow/dags/dbt_dag.py for tasks to queue
[2025-11-06T15:30:26.532+0000] {logging_mixin.py:151} INFO - [2025-11-06T15:30:26.532+0000] {dagbag.py:539} INFO - Filling up the DagBag from /opt/airflow/dags/dbt_dag.py
[2025-11-06T15:30:26.555+0000] {processor.py:839} INFO - DAG(s) dict_keys(['dbt_transform']) retrieved from /opt/airflow/dags/dbt_dag.py
[2025-11-06T15:30:26.582+0000] {logging_mixin.py:151} INFO - [2025-11-06T15:30:26.582+0000] {dag.py:2915} INFO - Sync 1 DAGs
[2025-11-06T15:30:26.605+0000] {logging_mixin.py:151} INFO - [2025-11-06T15:30:26.605+0000] {dag.py:3696} INFO - Setting next_dagrun for dbt_transform to 2025-11-06T14:47:12.210399+00:00, run_after=2025-11-07T14:47:12.210399+00:00
[2025-11-06T15:30:26.628+0000] {processor.py:179} INFO - Processing /opt/airflow/dags/dbt_dag.py took 0.100 seconds
