[2025-04-15T06:36:28.482+0000] {taskinstance.py:1157} INFO - Dependencies all met for dep_context=non-requeueable deps ti=<TaskInstance: dbt_transform.dbt_run scheduled__2025-04-14T06:36:26.403750+00:00 [queued]>
[2025-04-15T06:36:28.491+0000] {taskinstance.py:1157} INFO - Dependencies all met for dep_context=requeueable deps ti=<TaskInstance: dbt_transform.dbt_run scheduled__2025-04-14T06:36:26.403750+00:00 [queued]>
[2025-04-15T06:36:28.491+0000] {taskinstance.py:1359} INFO - Starting attempt 1 of 2
[2025-04-15T06:36:28.504+0000] {taskinstance.py:1380} INFO - Executing <Task(DockerOperator): dbt_run> on 2025-04-14 06:36:26.403750+00:00
[2025-04-15T06:36:28.508+0000] {standard_task_runner.py:57} INFO - Started process 174 to run task
[2025-04-15T06:36:28.512+0000] {standard_task_runner.py:84} INFO - Running: ['***', 'tasks', 'run', 'dbt_transform', 'dbt_run', 'scheduled__2025-04-14T06:36:26.403750+00:00', '--job-id', '35', '--raw', '--subdir', 'DAGS_FOLDER/dbt_dag.py', '--cfg-path', '/tmp/tmpvm3qm7kq']
[2025-04-15T06:36:28.516+0000] {standard_task_runner.py:85} INFO - Job 35: Subtask dbt_run
[2025-04-15T06:36:28.564+0000] {task_command.py:415} INFO - Running <TaskInstance: dbt_transform.dbt_run scheduled__2025-04-14T06:36:26.403750+00:00 [running]> on host db6917ed49e2
[2025-04-15T06:36:28.650+0000] {taskinstance.py:1660} INFO - Exporting env vars: AIRFLOW_CTX_DAG_OWNER='***' AIRFLOW_CTX_DAG_ID='dbt_transform' AIRFLOW_CTX_TASK_ID='dbt_run' AIRFLOW_CTX_EXECUTION_DATE='2025-04-14T06:36:26.403750+00:00' AIRFLOW_CTX_TRY_NUMBER='1' AIRFLOW_CTX_DAG_RUN_ID='scheduled__2025-04-14T06:36:26.403750+00:00'
[2025-04-15T06:36:28.677+0000] {docker.py:333} INFO - Starting docker container from image dbt_***_project-dbt
[2025-04-15T06:36:31.370+0000] {docker.py:402} INFO - [0m06:36:31  Running with dbt=1.8.7
[2025-04-15T06:36:31.911+0000] {docker.py:402} INFO - [0m06:36:31  Registered adapter: sqlserver=1.8.7
[2025-04-15T06:36:33.752+0000] {docker.py:402} INFO - [0m06:36:33  [[33mWARNING[0m]: Configuration paths exist in your dbt_project.yml file which do not apply to any resources.
There are 2 unused configuration paths:
- models.dbt_sqlserver_project.intermediate
- models.dbt_sqlserver_project.marts
[2025-04-15T06:36:34.117+0000] {docker.py:402} INFO - [0m06:36:34  Found 4 models, 3 data tests, 13 sources, 614 macros
[2025-04-15T06:36:34.122+0000] {docker.py:402} INFO - [0m06:36:34
[2025-04-15T06:36:34.313+0000] {docker.py:402} INFO - [0m06:36:34  Concurrency: 4 threads (target='dev')
[2025-04-15T06:36:34.314+0000] {docker.py:402} INFO - [0m06:36:34
[2025-04-15T06:36:34.328+0000] {docker.py:402} INFO - [0m06:36:34  1 of 4 START sql view model dbo.stg_customers .................................. [RUN]
[2025-04-15T06:36:34.330+0000] {docker.py:402} INFO - [0m06:36:34  2 of 4 START sql view model dbo.stg_example .................................... [RUN]
[2025-04-15T06:36:34.331+0000] {docker.py:402} INFO - [0m06:36:34  3 of 4 START sql view model dbo.stg_products ................................... [RUN]
[2025-04-15T06:36:34.333+0000] {docker.py:402} INFO - [0m06:36:34  4 of 4 START sql view model dbo.stg_sales_orders ............................... [RUN]
[2025-04-15T06:36:34.991+0000] {docker.py:402} INFO - [0m06:36:34  4 of 4 OK created sql view model dbo.stg_sales_orders .......................... [[32mOK[0m in 0.62s]
[2025-04-15T06:36:34.994+0000] {docker.py:402} INFO - [0m06:36:34  2 of 4 OK created sql view model dbo.stg_example ............................... [[32mOK[0m in 0.63s]
[2025-04-15T06:36:34.997+0000] {docker.py:402} INFO - [0m06:36:34  1 of 4 OK created sql view model dbo.stg_customers ............................. [[32mOK[0m in 0.64s]
[2025-04-15T06:36:35.000+0000] {docker.py:402} INFO - [0m06:36:34  3 of 4 OK created sql view model dbo.stg_products .............................. [[32mOK[0m in 0.65s]
[2025-04-15T06:36:35.021+0000] {docker.py:402} INFO - [0m06:36:35
[2025-04-15T06:36:35.023+0000] {docker.py:402} INFO - [0m06:36:35  Finished running 4 view models in 0 hours 0 minutes and 0.90 seconds (0.90s).
[2025-04-15T06:36:35.122+0000] {docker.py:402} INFO - [0m06:36:35
[2025-04-15T06:36:35.123+0000] {docker.py:402} INFO - [0m06:36:35  [32mCompleted successfully[0m
[2025-04-15T06:36:35.125+0000] {docker.py:402} INFO - [0m06:36:35
[2025-04-15T06:36:35.126+0000] {docker.py:402} INFO - [0m06:36:35  Done. PASS=4 WARN=0 ERROR=0 SKIP=0 TOTAL=4
[2025-04-15T06:36:37.010+0000] {taskinstance.py:1398} INFO - Marking task as SUCCESS. dag_id=dbt_transform, task_id=dbt_run, execution_date=20250414T063626, start_date=20250415T063628, end_date=20250415T063637
[2025-04-15T06:36:37.070+0000] {local_task_job_runner.py:228} INFO - Task exited with return code 0
[2025-04-15T06:36:37.103+0000] {taskinstance.py:2776} INFO - 1 downstream tasks scheduled from follow-on schedule check
