[2025-04-13T06:44:33.880+0000] {taskinstance.py:1157} INFO - Dependencies all met for dep_context=non-requeueable deps ti=<TaskInstance: dbt_transform.dbt_run manual__2025-04-13T06:44:32+00:00 [queued]>
[2025-04-13T06:44:33.887+0000] {taskinstance.py:1157} INFO - Dependencies all met for dep_context=requeueable deps ti=<TaskInstance: dbt_transform.dbt_run manual__2025-04-13T06:44:32+00:00 [queued]>
[2025-04-13T06:44:33.888+0000] {taskinstance.py:1359} INFO - Starting attempt 1 of 2
[2025-04-13T06:44:33.901+0000] {taskinstance.py:1380} INFO - Executing <Task(BashOperator): dbt_run> on 2025-04-13 06:44:32+00:00
[2025-04-13T06:44:33.905+0000] {standard_task_runner.py:57} INFO - Started process 187 to run task
[2025-04-13T06:44:33.907+0000] {standard_task_runner.py:84} INFO - Running: ['***', 'tasks', 'run', 'dbt_transform', 'dbt_run', 'manual__2025-04-13T06:44:32+00:00', '--job-id', '5', '--raw', '--subdir', 'DAGS_FOLDER/dbt_dag.py', '--cfg-path', '/tmp/tmpu9jmocfi']
[2025-04-13T06:44:33.910+0000] {standard_task_runner.py:85} INFO - Job 5: Subtask dbt_run
[2025-04-13T06:44:33.952+0000] {task_command.py:415} INFO - Running <TaskInstance: dbt_transform.dbt_run manual__2025-04-13T06:44:32+00:00 [running]> on host 1fb01928c71f
[2025-04-13T06:44:34.021+0000] {taskinstance.py:1660} INFO - Exporting env vars: AIRFLOW_CTX_DAG_OWNER='***' AIRFLOW_CTX_DAG_ID='dbt_transform' AIRFLOW_CTX_TASK_ID='dbt_run' AIRFLOW_CTX_EXECUTION_DATE='2025-04-13T06:44:32+00:00' AIRFLOW_CTX_TRY_NUMBER='1' AIRFLOW_CTX_DAG_RUN_ID='manual__2025-04-13T06:44:32+00:00'
[2025-04-13T06:44:34.023+0000] {subprocess.py:63} INFO - Tmp dir root location: /tmp
[2025-04-13T06:44:34.024+0000] {subprocess.py:75} INFO - Running command: ['/bin/bash', '-c', 'cd /usr/app/dbt && dbt run']
[2025-04-13T06:44:34.031+0000] {subprocess.py:86} INFO - Output:
[2025-04-13T06:44:34.032+0000] {subprocess.py:93} INFO - /bin/bash: line 1: cd: /usr/app/dbt: No such file or directory
[2025-04-13T06:44:34.033+0000] {subprocess.py:97} INFO - Command exited with return code 1
[2025-04-13T06:44:34.042+0000] {taskinstance.py:1935} ERROR - Task failed with exception
Traceback (most recent call last):
  File "/home/airflow/.local/lib/python3.9/site-packages/airflow/operators/bash.py", line 210, in execute
    raise AirflowException(
airflow.exceptions.AirflowException: Bash command failed. The command returned a non-zero exit code 1.
[2025-04-13T06:44:34.045+0000] {taskinstance.py:1398} INFO - Marking task as UP_FOR_RETRY. dag_id=dbt_transform, task_id=dbt_run, execution_date=20250413T064432, start_date=20250413T064433, end_date=20250413T064434
[2025-04-13T06:44:34.057+0000] {standard_task_runner.py:104} ERROR - Failed to execute job 5 for task dbt_run (Bash command failed. The command returned a non-zero exit code 1.; 187)
[2025-04-13T06:44:34.080+0000] {local_task_job_runner.py:228} INFO - Task exited with return code 1
[2025-04-13T06:44:34.099+0000] {taskinstance.py:2776} INFO - 0 downstream tasks scheduled from follow-on schedule check
