[2025-11-07T23:04:36.191+0000] {taskinstance.py:1157} INFO - Dependencies all met for dep_context=non-requeueable deps ti=<TaskInstance: dbt_transform.dbt_run scheduled__2025-11-07T22:59:31.287022+00:00 [queued]>
[2025-11-07T23:04:36.202+0000] {taskinstance.py:1157} INFO - Dependencies all met for dep_context=requeueable deps ti=<TaskInstance: dbt_transform.dbt_run scheduled__2025-11-07T22:59:31.287022+00:00 [queued]>
[2025-11-07T23:04:36.205+0000] {taskinstance.py:1359} INFO - Starting attempt 1 of 2
[2025-11-07T23:04:36.222+0000] {taskinstance.py:1380} INFO - Executing <Task(BashOperator): dbt_run> on 2025-11-07 22:59:31.287022+00:00
[2025-11-07T23:04:36.235+0000] {standard_task_runner.py:57} INFO - Started process 846 to run task
[2025-11-07T23:04:36.242+0000] {standard_task_runner.py:84} INFO - Running: ['***', 'tasks', 'run', 'dbt_transform', 'dbt_run', 'scheduled__2025-11-07T22:59:31.287022+00:00', '--job-id', '38', '--raw', '--subdir', 'DAGS_FOLDER/dbt_dag.py', '--cfg-path', '/tmp/tmpgr562mhv']
[2025-11-07T23:04:36.245+0000] {standard_task_runner.py:85} INFO - Job 38: Subtask dbt_run
[2025-11-07T23:04:36.311+0000] {task_command.py:415} INFO - Running <TaskInstance: dbt_transform.dbt_run scheduled__2025-11-07T22:59:31.287022+00:00 [running]> on host a9b12bd32d5c
[2025-11-07T23:04:36.418+0000] {taskinstance.py:1660} INFO - Exporting env vars: AIRFLOW_CTX_DAG_OWNER='***' AIRFLOW_CTX_DAG_ID='dbt_transform' AIRFLOW_CTX_TASK_ID='dbt_run' AIRFLOW_CTX_EXECUTION_DATE='2025-11-07T22:59:31.287022+00:00' AIRFLOW_CTX_TRY_NUMBER='1' AIRFLOW_CTX_DAG_RUN_ID='scheduled__2025-11-07T22:59:31.287022+00:00'
[2025-11-07T23:04:36.422+0000] {subprocess.py:63} INFO - Tmp dir root location: /tmp
[2025-11-07T23:04:36.434+0000] {subprocess.py:75} INFO - Running command: ['/bin/bash', '-c', 'docker exec dbt_***_project-dbt-1 dbt run']
[2025-11-07T23:04:36.460+0000] {subprocess.py:86} INFO - Output:
[2025-11-07T23:04:39.779+0000] {subprocess.py:93} INFO - [0m23:04:39  Running with dbt=1.8.7
[2025-11-07T23:04:40.268+0000] {subprocess.py:93} INFO - [0m23:04:40  Registered adapter: sqlserver=1.8.7
[2025-11-07T23:04:42.670+0000] {subprocess.py:93} INFO - [0m23:04:42  [[33mWARNING[0m]: Deprecated functionality
[2025-11-07T23:04:42.671+0000] {subprocess.py:93} INFO - The `tests` config has been renamed to `data_tests`. Please see
[2025-11-07T23:04:42.672+0000] {subprocess.py:93} INFO - https://docs.getdbt.com/docs/build/data-tests#new-data_tests-syntax for more
[2025-11-07T23:04:42.673+0000] {subprocess.py:93} INFO - information.
[2025-11-07T23:04:43.721+0000] {subprocess.py:93} INFO - [0m23:04:43  Found 10 models, 18 data tests, 13 sources, 614 macros
[2025-11-07T23:04:43.727+0000] {subprocess.py:93} INFO - [0m23:04:43
[2025-11-07T23:04:45.113+0000] {subprocess.py:93} INFO - [0m23:04:45  Concurrency: 4 threads (target='dev')
[2025-11-07T23:04:45.114+0000] {subprocess.py:93} INFO - [0m23:04:45
[2025-11-07T23:04:45.128+0000] {subprocess.py:93} INFO - [0m23:04:45  1 of 10 START sql view model bronze.brnz_customers ............................. [RUN]
[2025-11-07T23:04:45.131+0000] {subprocess.py:93} INFO - [0m23:04:45  2 of 10 START sql view model bronze.brnz_example ............................... [RUN]
[2025-11-07T23:04:45.134+0000] {subprocess.py:93} INFO - [0m23:04:45  3 of 10 START sql view model bronze.brnz_products .............................. [RUN]
[2025-11-07T23:04:45.139+0000] {subprocess.py:93} INFO - [0m23:04:45  4 of 10 START sql view model bronze.brnz_sales_orders .......................... [RUN]
[2025-11-07T23:04:45.942+0000] {subprocess.py:93} INFO - [0m23:04:45  2 of 10 OK created sql view model bronze.brnz_example .......................... [[32mOK[0m in 0.79s]
[2025-11-07T23:04:45.945+0000] {subprocess.py:93} INFO - [0m23:04:45  1 of 10 OK created sql view model bronze.brnz_customers ........................ [[32mOK[0m in 0.80s]
[2025-11-07T23:04:45.951+0000] {subprocess.py:93} INFO - [0m23:04:45  3 of 10 OK created sql view model bronze.brnz_products ......................... [[32mOK[0m in 0.79s]
[2025-11-07T23:04:45.972+0000] {subprocess.py:93} INFO - [0m23:04:45  5 of 10 START sql table model silver.slvr_customers ............................ [RUN]
[2025-11-07T23:04:45.974+0000] {subprocess.py:93} INFO - [0m23:04:45  6 of 10 START sql table model silver.slvr_products ............................. [RUN]
[2025-11-07T23:04:45.989+0000] {subprocess.py:93} INFO - [0m23:04:45  4 of 10 OK created sql view model bronze.brnz_sales_orders ..................... [[32mOK[0m in 0.83s]
[2025-11-07T23:04:46.020+0000] {subprocess.py:93} INFO - [0m23:04:46  7 of 10 START sql table model silver.slvr_sales_orders ......................... [RUN]
[2025-11-07T23:04:48.169+0000] {subprocess.py:93} INFO - [0m23:04:48  6 of 10 OK created sql table model silver.slvr_products ........................ [[32mOK[0m in 2.18s]
[2025-11-07T23:04:48.525+0000] {subprocess.py:93} INFO - [0m23:04:48  5 of 10 OK created sql table model silver.slvr_customers ....................... [[32mOK[0m in 2.54s]
[2025-11-07T23:04:50.751+0000] {subprocess.py:93} INFO - [0m23:04:50  7 of 10 OK created sql table model silver.slvr_sales_orders .................... [[32mOK[0m in 4.73s]
[2025-11-07T23:04:50.757+0000] {subprocess.py:93} INFO - [0m23:04:50  8 of 10 START sql table model gold.gld_customer_metrics ........................ [RUN]
[2025-11-07T23:04:50.759+0000] {subprocess.py:93} INFO - [0m23:04:50  9 of 10 START sql table model gold.gld_product_performance ..................... [RUN]
[2025-11-07T23:04:50.760+0000] {subprocess.py:93} INFO - [0m23:04:50  10 of 10 START sql table model gold.gld_sales_summary .......................... [RUN]
[2025-11-07T23:04:51.797+0000] {subprocess.py:93} INFO - [0m23:04:51  10 of 10 OK created sql table model gold.gld_sales_summary ..................... [[32mOK[0m in 1.03s]
[2025-11-07T23:04:51.990+0000] {subprocess.py:93} INFO - [0m23:04:51  8 of 10 OK created sql table model gold.gld_customer_metrics ................... [[32mOK[0m in 1.23s]
[2025-11-07T23:04:52.476+0000] {subprocess.py:93} INFO - [0m23:04:52  9 of 10 OK created sql table model gold.gld_product_performance ................ [[32mOK[0m in 1.71s]
[2025-11-07T23:04:52.488+0000] {subprocess.py:93} INFO - [0m23:04:52
[2025-11-07T23:04:52.490+0000] {subprocess.py:93} INFO - [0m23:04:52  Finished running 4 view models, 6 table models in 0 hours 0 minutes and 8.76 seconds (8.76s).
[2025-11-07T23:04:52.594+0000] {subprocess.py:93} INFO - [0m23:04:52
[2025-11-07T23:04:52.595+0000] {subprocess.py:93} INFO - [0m23:04:52  [32mCompleted successfully[0m
[2025-11-07T23:04:52.596+0000] {subprocess.py:93} INFO - [0m23:04:52
[2025-11-07T23:04:52.598+0000] {subprocess.py:93} INFO - [0m23:04:52  Done. PASS=10 WARN=0 ERROR=0 SKIP=0 TOTAL=10
[2025-11-07T23:04:55.872+0000] {subprocess.py:97} INFO - Command exited with return code 0
[2025-11-07T23:04:56.506+0000] {taskinstance.py:1398} INFO - Marking task as SUCCESS. dag_id=dbt_transform, task_id=dbt_run, execution_date=20251107T225931, start_date=20251107T230436, end_date=20251107T230456
[2025-11-07T23:04:56.758+0000] {local_task_job_runner.py:228} INFO - Task exited with return code 0
[2025-11-07T23:04:56.928+0000] {taskinstance.py:2776} INFO - 1 downstream tasks scheduled from follow-on schedule check
