[2025-11-08T06:36:41.994+0000] {taskinstance.py:1157} INFO - Dependencies all met for dep_context=non-requeueable deps ti=<TaskInstance: dbt_transform.dbt_run manual__2025-11-08T06:36:40.730659+00:00 [queued]>
[2025-11-08T06:36:42.002+0000] {taskinstance.py:1157} INFO - Dependencies all met for dep_context=requeueable deps ti=<TaskInstance: dbt_transform.dbt_run manual__2025-11-08T06:36:40.730659+00:00 [queued]>
[2025-11-08T06:36:42.002+0000] {taskinstance.py:1359} INFO - Starting attempt 1 of 2
[2025-11-08T06:36:42.015+0000] {taskinstance.py:1380} INFO - Executing <Task(BashOperator): dbt_run> on 2025-11-08 06:36:40.730659+00:00
[2025-11-08T06:36:42.020+0000] {standard_task_runner.py:57} INFO - Started process 216 to run task
[2025-11-08T06:36:42.025+0000] {standard_task_runner.py:84} INFO - Running: ['***', 'tasks', 'run', 'dbt_transform', 'dbt_run', 'manual__2025-11-08T06:36:40.730659+00:00', '--job-id', '45', '--raw', '--subdir', 'DAGS_FOLDER/dbt_dag.py', '--cfg-path', '/tmp/tmp1g11y0xz']
[2025-11-08T06:36:42.029+0000] {standard_task_runner.py:85} INFO - Job 45: Subtask dbt_run
[2025-11-08T06:36:42.082+0000] {task_command.py:415} INFO - Running <TaskInstance: dbt_transform.dbt_run manual__2025-11-08T06:36:40.730659+00:00 [running]> on host a9b12bd32d5c
[2025-11-08T06:36:42.160+0000] {taskinstance.py:1660} INFO - Exporting env vars: AIRFLOW_CTX_DAG_OWNER='***' AIRFLOW_CTX_DAG_ID='dbt_transform' AIRFLOW_CTX_TASK_ID='dbt_run' AIRFLOW_CTX_EXECUTION_DATE='2025-11-08T06:36:40.730659+00:00' AIRFLOW_CTX_TRY_NUMBER='1' AIRFLOW_CTX_DAG_RUN_ID='manual__2025-11-08T06:36:40.730659+00:00'
[2025-11-08T06:36:42.162+0000] {subprocess.py:63} INFO - Tmp dir root location: /tmp
[2025-11-08T06:36:42.163+0000] {subprocess.py:75} INFO - Running command: ['/bin/bash', '-c', 'docker exec dbt_***_project-dbt-1 dbt run']
[2025-11-08T06:36:42.171+0000] {subprocess.py:86} INFO - Output:
[2025-11-08T06:36:44.651+0000] {subprocess.py:93} INFO - [0m06:36:44  Running with dbt=1.8.7
[2025-11-08T06:36:45.385+0000] {subprocess.py:93} INFO - [0m06:36:45  Registered adapter: sqlserver=1.8.7
[2025-11-08T06:36:46.755+0000] {subprocess.py:93} INFO - [0m06:36:46  Found 10 models, 18 data tests, 13 sources, 614 macros
[2025-11-08T06:36:46.760+0000] {subprocess.py:93} INFO - [0m06:36:46
[2025-11-08T06:36:46.921+0000] {subprocess.py:93} INFO - [0m06:36:46  Concurrency: 4 threads (target='dev')
[2025-11-08T06:36:46.922+0000] {subprocess.py:93} INFO - [0m06:36:46
[2025-11-08T06:36:46.928+0000] {subprocess.py:93} INFO - [0m06:36:46  1 of 10 START sql view model bronze.brnz_customers ............................. [RUN]
[2025-11-08T06:36:46.929+0000] {subprocess.py:93} INFO - [0m06:36:46  2 of 10 START sql view model bronze.brnz_example ............................... [RUN]
[2025-11-08T06:36:46.930+0000] {subprocess.py:93} INFO - [0m06:36:46  3 of 10 START sql view model bronze.brnz_products .............................. [RUN]
[2025-11-08T06:36:46.931+0000] {subprocess.py:93} INFO - [0m06:36:46  4 of 10 START sql view model bronze.brnz_sales_orders .......................... [RUN]
[2025-11-08T06:36:47.299+0000] {subprocess.py:93} INFO - [0m06:36:47  4 of 10 OK created sql view model bronze.brnz_sales_orders ..................... [[32mOK[0m in 0.36s]
[2025-11-08T06:36:47.301+0000] {subprocess.py:93} INFO - [0m06:36:47  3 of 10 OK created sql view model bronze.brnz_products ......................... [[32mOK[0m in 0.36s]
[2025-11-08T06:36:47.303+0000] {subprocess.py:93} INFO - [0m06:36:47  1 of 10 OK created sql view model bronze.brnz_customers ........................ [[32mOK[0m in 0.36s]
[2025-11-08T06:36:47.315+0000] {subprocess.py:93} INFO - [0m06:36:47  5 of 10 START sql table model silver.slvr_sales_orders ......................... [RUN]
[2025-11-08T06:36:47.316+0000] {subprocess.py:93} INFO - [0m06:36:47  6 of 10 START sql table model silver.slvr_products ............................. [RUN]
[2025-11-08T06:36:47.318+0000] {subprocess.py:93} INFO - [0m06:36:47  7 of 10 START sql table model silver.slvr_customers ............................ [RUN]
[2025-11-08T06:36:47.325+0000] {subprocess.py:93} INFO - [0m06:36:47  2 of 10 OK created sql view model bronze.brnz_example .......................... [[32mOK[0m in 0.39s]
[2025-11-08T06:36:47.861+0000] {subprocess.py:93} INFO - [0m06:36:47  6 of 10 OK created sql table model silver.slvr_products ........................ [[32mOK[0m in 0.54s]
[2025-11-08T06:36:48.033+0000] {subprocess.py:93} INFO - [0m06:36:48  7 of 10 OK created sql table model silver.slvr_customers ....................... [[32mOK[0m in 0.71s]
[2025-11-08T06:36:49.035+0000] {subprocess.py:93} INFO - [0m06:36:49  5 of 10 OK created sql table model silver.slvr_sales_orders .................... [[32mOK[0m in 1.72s]
[2025-11-08T06:36:49.040+0000] {subprocess.py:93} INFO - [0m06:36:49  8 of 10 START sql table model gold.gld_customer_metrics ........................ [RUN]
[2025-11-08T06:36:49.041+0000] {subprocess.py:93} INFO - [0m06:36:49  9 of 10 START sql table model gold.gld_product_performance ..................... [RUN]
[2025-11-08T06:36:49.042+0000] {subprocess.py:93} INFO - [0m06:36:49  10 of 10 START sql table model gold.gld_sales_summary .......................... [RUN]
[2025-11-08T06:36:49.810+0000] {subprocess.py:93} INFO - [0m06:36:49  10 of 10 OK created sql table model gold.gld_sales_summary ..................... [[32mOK[0m in 0.76s]
[2025-11-08T06:36:50.072+0000] {subprocess.py:93} INFO - [0m06:36:50  8 of 10 OK created sql table model gold.gld_customer_metrics ................... [[32mOK[0m in 1.03s]
[2025-11-08T06:36:50.114+0000] {subprocess.py:93} INFO - [0m06:36:50  9 of 10 OK created sql table model gold.gld_product_performance ................ [[32mOK[0m in 1.07s]
[2025-11-08T06:36:50.123+0000] {subprocess.py:93} INFO - [0m06:36:50
[2025-11-08T06:36:50.124+0000] {subprocess.py:93} INFO - [0m06:36:50  Finished running 4 view models, 6 table models in 0 hours 0 minutes and 3.36 seconds (3.36s).
[2025-11-08T06:36:50.211+0000] {subprocess.py:93} INFO - [0m06:36:50
[2025-11-08T06:36:50.212+0000] {subprocess.py:93} INFO - [0m06:36:50  [32mCompleted successfully[0m
[2025-11-08T06:36:50.213+0000] {subprocess.py:93} INFO - [0m06:36:50
[2025-11-08T06:36:50.214+0000] {subprocess.py:93} INFO - [0m06:36:50  Done. PASS=10 WARN=0 ERROR=0 SKIP=0 TOTAL=10
[2025-11-08T06:36:51.893+0000] {subprocess.py:97} INFO - Command exited with return code 0
[2025-11-08T06:36:51.914+0000] {taskinstance.py:1398} INFO - Marking task as SUCCESS. dag_id=dbt_transform, task_id=dbt_run, execution_date=20251108T063640, start_date=20251108T063641, end_date=20251108T063651
[2025-11-08T06:36:51.960+0000] {local_task_job_runner.py:228} INFO - Task exited with return code 0
[2025-11-08T06:36:51.975+0000] {taskinstance.py:2776} INFO - 1 downstream tasks scheduled from follow-on schedule check
