[2025-11-07T22:29:34.243+0000] {taskinstance.py:1157} INFO - Dependencies all met for dep_context=non-requeueable deps ti=<TaskInstance: dbt_transform.dbt_run scheduled__2025-11-07T22:24:31.287022+00:00 [queued]>
[2025-11-07T22:29:34.251+0000] {taskinstance.py:1157} INFO - Dependencies all met for dep_context=requeueable deps ti=<TaskInstance: dbt_transform.dbt_run scheduled__2025-11-07T22:24:31.287022+00:00 [queued]>
[2025-11-07T22:29:34.252+0000] {taskinstance.py:1359} INFO - Starting attempt 1 of 2
[2025-11-07T22:29:34.269+0000] {taskinstance.py:1380} INFO - Executing <Task(BashOperator): dbt_run> on 2025-11-07 22:24:31.287022+00:00
[2025-11-07T22:29:34.279+0000] {standard_task_runner.py:57} INFO - Started process 239 to run task
[2025-11-07T22:29:34.288+0000] {standard_task_runner.py:84} INFO - Running: ['***', 'tasks', 'run', 'dbt_transform', 'dbt_run', 'scheduled__2025-11-07T22:24:31.287022+00:00', '--job-id', '18', '--raw', '--subdir', 'DAGS_FOLDER/dbt_dag.py', '--cfg-path', '/tmp/tmpb0cvjto5']
[2025-11-07T22:29:34.305+0000] {standard_task_runner.py:85} INFO - Job 18: Subtask dbt_run
[2025-11-07T22:29:34.477+0000] {task_command.py:415} INFO - Running <TaskInstance: dbt_transform.dbt_run scheduled__2025-11-07T22:24:31.287022+00:00 [running]> on host a9b12bd32d5c
[2025-11-07T22:29:34.654+0000] {taskinstance.py:1660} INFO - Exporting env vars: AIRFLOW_CTX_DAG_OWNER='***' AIRFLOW_CTX_DAG_ID='dbt_transform' AIRFLOW_CTX_TASK_ID='dbt_run' AIRFLOW_CTX_EXECUTION_DATE='2025-11-07T22:24:31.287022+00:00' AIRFLOW_CTX_TRY_NUMBER='1' AIRFLOW_CTX_DAG_RUN_ID='scheduled__2025-11-07T22:24:31.287022+00:00'
[2025-11-07T22:29:34.658+0000] {subprocess.py:63} INFO - Tmp dir root location: /tmp
[2025-11-07T22:29:34.669+0000] {subprocess.py:75} INFO - Running command: ['/bin/bash', '-c', 'docker exec dbt_***_project-dbt-1 dbt run']
[2025-11-07T22:29:34.694+0000] {subprocess.py:86} INFO - Output:
[2025-11-07T22:29:38.344+0000] {subprocess.py:93} INFO - [0m22:29:38  Running with dbt=1.8.7
[2025-11-07T22:29:39.228+0000] {subprocess.py:93} INFO - [0m22:29:39  Registered adapter: sqlserver=1.8.7
[2025-11-07T22:29:40.869+0000] {subprocess.py:93} INFO - [0m22:29:40  [[33mWARNING[0m]: Configuration paths exist in your dbt_project.yml file which do not apply to any resources.
[2025-11-07T22:29:40.870+0000] {subprocess.py:93} INFO - There are 2 unused configuration paths:
[2025-11-07T22:29:40.870+0000] {subprocess.py:93} INFO - - models.dbt_sqlserver_project.marts
[2025-11-07T22:29:40.871+0000] {subprocess.py:93} INFO - - models.dbt_sqlserver_project.intermediate
[2025-11-07T22:29:41.179+0000] {subprocess.py:93} INFO - [0m22:29:41  Found 4 models, 3 data tests, 13 sources, 614 macros
[2025-11-07T22:29:41.182+0000] {subprocess.py:93} INFO - [0m22:29:41
[2025-11-07T22:29:41.400+0000] {subprocess.py:93} INFO - [0m22:29:41  Concurrency: 4 threads (target='dev')
[2025-11-07T22:29:41.401+0000] {subprocess.py:93} INFO - [0m22:29:41
[2025-11-07T22:29:41.412+0000] {subprocess.py:93} INFO - [0m22:29:41  1 of 4 START sql view model dbo.stg_customers .................................. [RUN]
[2025-11-07T22:29:41.413+0000] {subprocess.py:93} INFO - [0m22:29:41  2 of 4 START sql view model dbo.stg_example .................................... [RUN]
[2025-11-07T22:29:41.415+0000] {subprocess.py:93} INFO - [0m22:29:41  3 of 4 START sql view model dbo.stg_products ................................... [RUN]
[2025-11-07T22:29:41.417+0000] {subprocess.py:93} INFO - [0m22:29:41  4 of 4 START sql view model dbo.stg_sales_orders ............................... [RUN]
[2025-11-07T22:29:41.945+0000] {subprocess.py:93} INFO - [0m22:29:41  1 of 4 OK created sql view model dbo.stg_customers ............................. [[32mOK[0m in 0.52s]
[2025-11-07T22:29:41.976+0000] {subprocess.py:93} INFO - [0m22:29:41  3 of 4 OK created sql view model dbo.stg_products .............................. [[32mOK[0m in 0.55s]
[2025-11-07T22:29:41.978+0000] {subprocess.py:93} INFO - [0m22:29:41  2 of 4 OK created sql view model dbo.stg_example ............................... [[32mOK[0m in 0.55s]
[2025-11-07T22:29:41.980+0000] {subprocess.py:93} INFO - [0m22:29:41  4 of 4 OK created sql view model dbo.stg_sales_orders .......................... [[32mOK[0m in 0.55s]
[2025-11-07T22:29:41.998+0000] {subprocess.py:93} INFO - [0m22:29:41
[2025-11-07T22:29:41.999+0000] {subprocess.py:93} INFO - [0m22:29:41  Finished running 4 view models in 0 hours 0 minutes and 0.81 seconds (0.81s).
[2025-11-07T22:29:42.088+0000] {subprocess.py:93} INFO - [0m22:29:42
[2025-11-07T22:29:42.089+0000] {subprocess.py:93} INFO - [0m22:29:42  [32mCompleted successfully[0m
[2025-11-07T22:29:42.091+0000] {subprocess.py:93} INFO - [0m22:29:42
[2025-11-07T22:29:42.093+0000] {subprocess.py:93} INFO - [0m22:29:42  Done. PASS=4 WARN=0 ERROR=0 SKIP=0 TOTAL=4
[2025-11-07T22:29:43.687+0000] {subprocess.py:97} INFO - Command exited with return code 0
[2025-11-07T22:29:43.717+0000] {taskinstance.py:1398} INFO - Marking task as SUCCESS. dag_id=dbt_transform, task_id=dbt_run, execution_date=20251107T222431, start_date=20251107T222934, end_date=20251107T222943
[2025-11-07T22:29:43.755+0000] {local_task_job_runner.py:228} INFO - Task exited with return code 0
[2025-11-07T22:29:43.774+0000] {taskinstance.py:2776} INFO - 1 downstream tasks scheduled from follow-on schedule check
