[2025-04-13T07:20:29.761+0000] {taskinstance.py:1157} INFO - Dependencies all met for dep_context=non-requeueable deps ti=<TaskInstance: dbt_transform.dbt_run __airflow_temporary_run_2025-04-13T07:20:28.717088+00:00__ [queued]>
[2025-04-13T07:20:29.770+0000] {taskinstance.py:1157} INFO - Dependencies all met for dep_context=requeueable deps ti=<TaskInstance: dbt_transform.dbt_run __airflow_temporary_run_2025-04-13T07:20:28.717088+00:00__ [queued]>
[2025-04-13T07:20:29.771+0000] {taskinstance.py:1359} INFO - Starting attempt 1 of 2
[2025-04-13T07:20:29.787+0000] {taskinstance.py:1380} INFO - Executing <Task(DockerOperator): dbt_run> on 2025-04-13 00:00:00+00:00
[2025-04-13T07:20:29.791+0000] {standard_task_runner.py:57} INFO - Started process 198 to run task
[2025-04-13T07:20:29.794+0000] {standard_task_runner.py:84} INFO - Running: ['***', 'tasks', 'run', 'dbt_transform', 'dbt_run', '__***_temporary_run_2025-04-13T07:20:28.717088+00:00__', '--job-id', '26', '--raw', '--subdir', 'DAGS_FOLDER/dbt_dag.py', '--cfg-path', '/tmp/tmpi4y3qhct']
[2025-04-13T07:20:29.798+0000] {standard_task_runner.py:85} INFO - Job 26: Subtask dbt_run
[2025-04-13T07:20:29.850+0000] {task_command.py:415} INFO - Running <TaskInstance: dbt_transform.dbt_run __airflow_temporary_run_2025-04-13T07:20:28.717088+00:00__ [running]> on host e17baebbf5c5
[2025-04-13T07:20:29.924+0000] {taskinstance.py:1660} INFO - Exporting env vars: AIRFLOW_CTX_DAG_OWNER='***' AIRFLOW_CTX_DAG_ID='dbt_transform' AIRFLOW_CTX_TASK_ID='dbt_run' AIRFLOW_CTX_EXECUTION_DATE='2025-04-13T00:00:00+00:00' AIRFLOW_CTX_TRY_NUMBER='1' AIRFLOW_CTX_DAG_RUN_ID='__***_temporary_run_2025-04-13T07:20:28.717088+00:00__'
[2025-04-13T07:20:29.951+0000] {docker.py:333} INFO - Starting docker container from image dbt_***_project-dbt
[2025-04-13T07:20:31.829+0000] {docker.py:402} INFO - [0m07:20:31  Running with dbt=1.8.7
[2025-04-13T07:20:32.269+0000] {docker.py:402} INFO - [0m07:20:32  Registered adapter: sqlserver=1.8.7
[2025-04-13T07:20:32.695+0000] {docker.py:402} INFO - [0m07:20:32  [[33mWARNING[0m]: Configuration paths exist in your dbt_project.yml file which do not apply to any resources.
There are 2 unused configuration paths:
- models.dbt_sqlserver_project.intermediate
- models.dbt_sqlserver_project.marts
[2025-04-13T07:20:33.008+0000] {docker.py:402} INFO - [0m07:20:33  Found 4 models, 2 data tests, 13 sources, 500 macros
[2025-04-13T07:20:33.013+0000] {docker.py:402} INFO - [0m07:20:33
[2025-04-13T07:20:33.122+0000] {docker.py:402} INFO - [0m07:20:33  Concurrency: 4 threads (target='dev')
[2025-04-13T07:20:33.123+0000] {docker.py:402} INFO - [0m07:20:33
[2025-04-13T07:20:33.135+0000] {docker.py:402} INFO - [0m07:20:33  1 of 4 START sql view model dbo.stg_customers .................................. [RUN]
[2025-04-13T07:20:33.136+0000] {docker.py:402} INFO - [0m07:20:33  2 of 4 START sql view model dbo.stg_example .................................... [RUN]
[2025-04-13T07:20:33.137+0000] {docker.py:402} INFO - [0m07:20:33  3 of 4 START sql view model dbo.stg_products ................................... [RUN]
[2025-04-13T07:20:33.138+0000] {docker.py:402} INFO - [0m07:20:33  4 of 4 START sql view model dbo.stg_sales_orders ............................... [RUN]
[2025-04-13T07:20:33.483+0000] {docker.py:402} INFO - [0m07:20:33  1 of 4 OK created sql view model dbo.stg_customers ............................. [[32mOK[0m in 0.34s]
[2025-04-13T07:20:33.486+0000] {docker.py:402} INFO - [0m07:20:33  2 of 4 OK created sql view model dbo.stg_example ............................... [[32mOK[0m in 0.34s]
[2025-04-13T07:20:33.487+0000] {docker.py:402} INFO - [0m07:20:33  4 of 4 OK created sql view model dbo.stg_sales_orders .......................... [[32mOK[0m in 0.34s]
[2025-04-13T07:20:33.489+0000] {docker.py:402} INFO - [0m07:20:33  3 of 4 OK created sql view model dbo.stg_products .............................. [[32mOK[0m in 0.34s]
[2025-04-13T07:20:33.501+0000] {docker.py:402} INFO - [0m07:20:33
[2025-04-13T07:20:33.502+0000] {docker.py:402} INFO - [0m07:20:33  Finished running 4 view models in 0 hours 0 minutes and 0.49 seconds (0.49s).
[2025-04-13T07:20:33.563+0000] {docker.py:402} INFO - [0m07:20:33
[2025-04-13T07:20:33.564+0000] {docker.py:402} INFO - [0m07:20:33  [32mCompleted successfully[0m
[2025-04-13T07:20:33.565+0000] {docker.py:402} INFO - [0m07:20:33
[2025-04-13T07:20:33.567+0000] {docker.py:402} INFO - [0m07:20:33  Done. PASS=4 WARN=0 ERROR=0 SKIP=0 TOTAL=4
[2025-04-13T07:20:35.321+0000] {taskinstance.py:1398} INFO - Marking task as SUCCESS. dag_id=dbt_transform, task_id=dbt_run, execution_date=20250413T000000, start_date=20250413T072029, end_date=20250413T072035
[2025-04-13T07:20:35.376+0000] {local_task_job_runner.py:228} INFO - Task exited with return code 0
[2025-04-13T07:20:35.393+0000] {taskinstance.py:2776} INFO - 1 downstream tasks scheduled from follow-on schedule check
