[2025-11-03T23:29:55.442+0000] {processor.py:157} INFO - Started process (PID=164) to work on /opt/airflow/dags/dbt_dag.py
[2025-11-03T23:29:55.445+0000] {processor.py:829} INFO - Processing file /opt/airflow/dags/dbt_dag.py for tasks to queue
[2025-11-03T23:29:55.457+0000] {logging_mixin.py:151} INFO - [2025-11-03T23:29:55.448+0000] {dagbag.py:539} INFO - Filling up the DagBag from /opt/airflow/dags/dbt_dag.py
[2025-11-03T23:29:55.718+0000] {processor.py:839} INFO - DAG(s) dict_keys(['dbt_transform']) retrieved from /opt/airflow/dags/dbt_dag.py
[2025-11-03T23:29:56.167+0000] {logging_mixin.py:151} INFO - [2025-11-03T23:29:56.166+0000] {dag.py:2915} INFO - Sync 1 DAGs
[2025-11-03T23:29:56.292+0000] {logging_mixin.py:151} INFO - [2025-11-03T23:29:56.291+0000] {dag.py:3696} INFO - Setting next_dagrun for dbt_transform to 2025-11-02T23:29:56.291038+00:00, run_after=2025-11-03T23:29:56.291038+00:00
[2025-11-03T23:29:56.368+0000] {processor.py:179} INFO - Processing /opt/airflow/dags/dbt_dag.py took 0.961 seconds
[2025-11-03T23:30:26.602+0000] {processor.py:157} INFO - Started process (PID=169) to work on /opt/airflow/dags/dbt_dag.py
[2025-11-03T23:30:26.609+0000] {processor.py:829} INFO - Processing file /opt/airflow/dags/dbt_dag.py for tasks to queue
[2025-11-03T23:30:26.612+0000] {logging_mixin.py:151} INFO - [2025-11-03T23:30:26.611+0000] {dagbag.py:539} INFO - Filling up the DagBag from /opt/airflow/dags/dbt_dag.py
[2025-11-03T23:30:26.683+0000] {processor.py:839} INFO - DAG(s) dict_keys(['dbt_transform']) retrieved from /opt/airflow/dags/dbt_dag.py
[2025-11-03T23:30:26.760+0000] {logging_mixin.py:151} INFO - [2025-11-03T23:30:26.759+0000] {dag.py:2915} INFO - Sync 1 DAGs
[2025-11-03T23:30:26.903+0000] {logging_mixin.py:151} INFO - [2025-11-03T23:30:26.903+0000] {dag.py:3696} INFO - Setting next_dagrun for dbt_transform to 2025-11-02T23:30:26.902535+00:00, run_after=2025-11-03T23:30:26.902535+00:00
[2025-11-03T23:30:27.002+0000] {processor.py:179} INFO - Processing /opt/airflow/dags/dbt_dag.py took 0.405 seconds
[2025-11-03T23:30:57.269+0000] {processor.py:157} INFO - Started process (PID=174) to work on /opt/airflow/dags/dbt_dag.py
[2025-11-03T23:30:57.270+0000] {processor.py:829} INFO - Processing file /opt/airflow/dags/dbt_dag.py for tasks to queue
[2025-11-03T23:30:57.272+0000] {logging_mixin.py:151} INFO - [2025-11-03T23:30:57.271+0000] {dagbag.py:539} INFO - Filling up the DagBag from /opt/airflow/dags/dbt_dag.py
[2025-11-03T23:30:57.309+0000] {processor.py:839} INFO - DAG(s) dict_keys(['dbt_transform']) retrieved from /opt/airflow/dags/dbt_dag.py
[2025-11-03T23:30:57.334+0000] {logging_mixin.py:151} INFO - [2025-11-03T23:30:57.333+0000] {dag.py:2915} INFO - Sync 1 DAGs
[2025-11-03T23:30:57.351+0000] {logging_mixin.py:151} INFO - [2025-11-03T23:30:57.351+0000] {dag.py:3696} INFO - Setting next_dagrun for dbt_transform to 2025-11-02T23:30:57.351179+00:00, run_after=2025-11-03T23:30:57.351179+00:00
[2025-11-03T23:30:57.371+0000] {processor.py:179} INFO - Processing /opt/airflow/dags/dbt_dag.py took 0.108 seconds
[2025-11-03T23:31:27.576+0000] {processor.py:157} INFO - Started process (PID=179) to work on /opt/airflow/dags/dbt_dag.py
[2025-11-03T23:31:27.577+0000] {processor.py:829} INFO - Processing file /opt/airflow/dags/dbt_dag.py for tasks to queue
[2025-11-03T23:31:27.578+0000] {logging_mixin.py:151} INFO - [2025-11-03T23:31:27.578+0000] {dagbag.py:539} INFO - Filling up the DagBag from /opt/airflow/dags/dbt_dag.py
[2025-11-03T23:31:27.626+0000] {processor.py:839} INFO - DAG(s) dict_keys(['dbt_transform']) retrieved from /opt/airflow/dags/dbt_dag.py
[2025-11-03T23:31:27.670+0000] {logging_mixin.py:151} INFO - [2025-11-03T23:31:27.669+0000] {dag.py:2915} INFO - Sync 1 DAGs
[2025-11-03T23:31:27.694+0000] {logging_mixin.py:151} INFO - [2025-11-03T23:31:27.694+0000] {dag.py:3696} INFO - Setting next_dagrun for dbt_transform to 2025-11-02T23:31:27.694218+00:00, run_after=2025-11-03T23:31:27.694218+00:00
[2025-11-03T23:31:27.727+0000] {processor.py:179} INFO - Processing /opt/airflow/dags/dbt_dag.py took 0.155 seconds
[2025-11-03T23:31:57.939+0000] {processor.py:157} INFO - Started process (PID=184) to work on /opt/airflow/dags/dbt_dag.py
[2025-11-03T23:31:57.940+0000] {processor.py:829} INFO - Processing file /opt/airflow/dags/dbt_dag.py for tasks to queue
[2025-11-03T23:31:57.941+0000] {logging_mixin.py:151} INFO - [2025-11-03T23:31:57.941+0000] {dagbag.py:539} INFO - Filling up the DagBag from /opt/airflow/dags/dbt_dag.py
[2025-11-03T23:31:57.974+0000] {processor.py:839} INFO - DAG(s) dict_keys(['dbt_transform']) retrieved from /opt/airflow/dags/dbt_dag.py
[2025-11-03T23:31:58.006+0000] {logging_mixin.py:151} INFO - [2025-11-03T23:31:58.006+0000] {dag.py:2915} INFO - Sync 1 DAGs
[2025-11-03T23:31:58.025+0000] {logging_mixin.py:151} INFO - [2025-11-03T23:31:58.025+0000] {dag.py:3696} INFO - Setting next_dagrun for dbt_transform to 2025-11-02T23:31:58.025187+00:00, run_after=2025-11-03T23:31:58.025187+00:00
[2025-11-03T23:31:58.047+0000] {processor.py:179} INFO - Processing /opt/airflow/dags/dbt_dag.py took 0.111 seconds
[2025-11-03T23:32:28.312+0000] {processor.py:157} INFO - Started process (PID=189) to work on /opt/airflow/dags/dbt_dag.py
[2025-11-03T23:32:28.314+0000] {processor.py:829} INFO - Processing file /opt/airflow/dags/dbt_dag.py for tasks to queue
[2025-11-03T23:32:28.317+0000] {logging_mixin.py:151} INFO - [2025-11-03T23:32:28.316+0000] {dagbag.py:539} INFO - Filling up the DagBag from /opt/airflow/dags/dbt_dag.py
[2025-11-03T23:32:28.369+0000] {processor.py:839} INFO - DAG(s) dict_keys(['dbt_transform']) retrieved from /opt/airflow/dags/dbt_dag.py
[2025-11-03T23:32:28.418+0000] {logging_mixin.py:151} INFO - [2025-11-03T23:32:28.417+0000] {dag.py:2915} INFO - Sync 1 DAGs
[2025-11-03T23:32:28.447+0000] {logging_mixin.py:151} INFO - [2025-11-03T23:32:28.447+0000] {dag.py:3696} INFO - Setting next_dagrun for dbt_transform to 2025-11-02T23:32:28.446995+00:00, run_after=2025-11-03T23:32:28.446995+00:00
[2025-11-03T23:32:28.479+0000] {processor.py:179} INFO - Processing /opt/airflow/dags/dbt_dag.py took 0.173 seconds
[2025-11-03T23:32:58.699+0000] {processor.py:157} INFO - Started process (PID=194) to work on /opt/airflow/dags/dbt_dag.py
[2025-11-03T23:32:58.703+0000] {processor.py:829} INFO - Processing file /opt/airflow/dags/dbt_dag.py for tasks to queue
[2025-11-03T23:32:58.711+0000] {logging_mixin.py:151} INFO - [2025-11-03T23:32:58.707+0000] {dagbag.py:539} INFO - Filling up the DagBag from /opt/airflow/dags/dbt_dag.py
[2025-11-03T23:32:58.904+0000] {processor.py:839} INFO - DAG(s) dict_keys(['dbt_transform']) retrieved from /opt/airflow/dags/dbt_dag.py
[2025-11-03T23:32:59.330+0000] {logging_mixin.py:151} INFO - [2025-11-03T23:32:59.327+0000] {dag.py:2915} INFO - Sync 1 DAGs
[2025-11-03T23:32:59.591+0000] {logging_mixin.py:151} INFO - [2025-11-03T23:32:59.591+0000] {dag.py:3696} INFO - Setting next_dagrun for dbt_transform to 2025-11-02T23:32:59.586781+00:00, run_after=2025-11-03T23:32:59.586781+00:00
[2025-11-03T23:32:59.679+0000] {processor.py:179} INFO - Processing /opt/airflow/dags/dbt_dag.py took 1.007 seconds
[2025-11-03T23:33:29.898+0000] {processor.py:157} INFO - Started process (PID=199) to work on /opt/airflow/dags/dbt_dag.py
[2025-11-03T23:33:29.899+0000] {processor.py:829} INFO - Processing file /opt/airflow/dags/dbt_dag.py for tasks to queue
[2025-11-03T23:33:29.900+0000] {logging_mixin.py:151} INFO - [2025-11-03T23:33:29.899+0000] {dagbag.py:539} INFO - Filling up the DagBag from /opt/airflow/dags/dbt_dag.py
[2025-11-03T23:33:29.920+0000] {processor.py:839} INFO - DAG(s) dict_keys(['dbt_transform']) retrieved from /opt/airflow/dags/dbt_dag.py
[2025-11-03T23:33:29.952+0000] {logging_mixin.py:151} INFO - [2025-11-03T23:33:29.951+0000] {dag.py:2915} INFO - Sync 1 DAGs
[2025-11-03T23:33:29.981+0000] {logging_mixin.py:151} INFO - [2025-11-03T23:33:29.980+0000] {dag.py:3696} INFO - Setting next_dagrun for dbt_transform to 2025-11-02T23:33:29.980455+00:00, run_after=2025-11-03T23:33:29.980455+00:00
[2025-11-03T23:33:30.014+0000] {processor.py:179} INFO - Processing /opt/airflow/dags/dbt_dag.py took 0.120 seconds
[2025-11-03T23:34:00.228+0000] {processor.py:157} INFO - Started process (PID=204) to work on /opt/airflow/dags/dbt_dag.py
[2025-11-03T23:34:00.230+0000] {processor.py:829} INFO - Processing file /opt/airflow/dags/dbt_dag.py for tasks to queue
[2025-11-03T23:34:00.232+0000] {logging_mixin.py:151} INFO - [2025-11-03T23:34:00.232+0000] {dagbag.py:539} INFO - Filling up the DagBag from /opt/airflow/dags/dbt_dag.py
[2025-11-03T23:34:00.280+0000] {processor.py:839} INFO - DAG(s) dict_keys(['dbt_transform']) retrieved from /opt/airflow/dags/dbt_dag.py
[2025-11-03T23:34:00.316+0000] {logging_mixin.py:151} INFO - [2025-11-03T23:34:00.315+0000] {dag.py:2915} INFO - Sync 1 DAGs
[2025-11-03T23:34:00.340+0000] {logging_mixin.py:151} INFO - [2025-11-03T23:34:00.340+0000] {dag.py:3696} INFO - Setting next_dagrun for dbt_transform to 2025-11-02T23:34:00.340193+00:00, run_after=2025-11-03T23:34:00.340193+00:00
[2025-11-03T23:34:00.365+0000] {processor.py:179} INFO - Processing /opt/airflow/dags/dbt_dag.py took 0.142 seconds
[2025-11-03T23:34:30.538+0000] {processor.py:157} INFO - Started process (PID=209) to work on /opt/airflow/dags/dbt_dag.py
[2025-11-03T23:34:30.540+0000] {processor.py:829} INFO - Processing file /opt/airflow/dags/dbt_dag.py for tasks to queue
[2025-11-03T23:34:30.541+0000] {logging_mixin.py:151} INFO - [2025-11-03T23:34:30.540+0000] {dagbag.py:539} INFO - Filling up the DagBag from /opt/airflow/dags/dbt_dag.py
[2025-11-03T23:34:30.569+0000] {processor.py:839} INFO - DAG(s) dict_keys(['dbt_transform']) retrieved from /opt/airflow/dags/dbt_dag.py
[2025-11-03T23:34:30.597+0000] {logging_mixin.py:151} INFO - [2025-11-03T23:34:30.596+0000] {dag.py:2915} INFO - Sync 1 DAGs
[2025-11-03T23:34:30.617+0000] {logging_mixin.py:151} INFO - [2025-11-03T23:34:30.617+0000] {dag.py:3696} INFO - Setting next_dagrun for dbt_transform to 2025-11-02T23:34:30.617103+00:00, run_after=2025-11-03T23:34:30.617103+00:00
[2025-11-03T23:34:30.639+0000] {processor.py:179} INFO - Processing /opt/airflow/dags/dbt_dag.py took 0.103 seconds
[2025-11-03T23:35:00.931+0000] {processor.py:157} INFO - Started process (PID=214) to work on /opt/airflow/dags/dbt_dag.py
[2025-11-03T23:35:00.933+0000] {processor.py:829} INFO - Processing file /opt/airflow/dags/dbt_dag.py for tasks to queue
[2025-11-03T23:35:00.934+0000] {logging_mixin.py:151} INFO - [2025-11-03T23:35:00.934+0000] {dagbag.py:539} INFO - Filling up the DagBag from /opt/airflow/dags/dbt_dag.py
[2025-11-03T23:35:00.980+0000] {processor.py:839} INFO - DAG(s) dict_keys(['dbt_transform']) retrieved from /opt/airflow/dags/dbt_dag.py
[2025-11-03T23:35:01.018+0000] {logging_mixin.py:151} INFO - [2025-11-03T23:35:01.018+0000] {dag.py:2915} INFO - Sync 1 DAGs
[2025-11-03T23:35:01.051+0000] {logging_mixin.py:151} INFO - [2025-11-03T23:35:01.050+0000] {dag.py:3696} INFO - Setting next_dagrun for dbt_transform to 2025-11-02T23:35:01.044160+00:00, run_after=2025-11-03T23:35:01.044160+00:00
[2025-11-03T23:35:01.084+0000] {processor.py:179} INFO - Processing /opt/airflow/dags/dbt_dag.py took 0.156 seconds
[2025-11-03T23:35:31.170+0000] {processor.py:157} INFO - Started process (PID=219) to work on /opt/airflow/dags/dbt_dag.py
[2025-11-03T23:35:31.171+0000] {processor.py:829} INFO - Processing file /opt/airflow/dags/dbt_dag.py for tasks to queue
[2025-11-03T23:35:31.172+0000] {logging_mixin.py:151} INFO - [2025-11-03T23:35:31.172+0000] {dagbag.py:539} INFO - Filling up the DagBag from /opt/airflow/dags/dbt_dag.py
[2025-11-03T23:35:31.207+0000] {processor.py:839} INFO - DAG(s) dict_keys(['dbt_transform']) retrieved from /opt/airflow/dags/dbt_dag.py
[2025-11-03T23:35:31.253+0000] {logging_mixin.py:151} INFO - [2025-11-03T23:35:31.252+0000] {dag.py:2915} INFO - Sync 1 DAGs
[2025-11-03T23:35:31.275+0000] {logging_mixin.py:151} INFO - [2025-11-03T23:35:31.275+0000] {dag.py:3696} INFO - Setting next_dagrun for dbt_transform to 2025-11-02T23:35:31.275470+00:00, run_after=2025-11-03T23:35:31.275470+00:00
[2025-11-03T23:35:31.302+0000] {processor.py:179} INFO - Processing /opt/airflow/dags/dbt_dag.py took 0.136 seconds
[2025-11-03T23:36:01.632+0000] {processor.py:157} INFO - Started process (PID=224) to work on /opt/airflow/dags/dbt_dag.py
[2025-11-03T23:36:01.633+0000] {processor.py:829} INFO - Processing file /opt/airflow/dags/dbt_dag.py for tasks to queue
[2025-11-03T23:36:01.635+0000] {logging_mixin.py:151} INFO - [2025-11-03T23:36:01.635+0000] {dagbag.py:539} INFO - Filling up the DagBag from /opt/airflow/dags/dbt_dag.py
[2025-11-03T23:36:01.683+0000] {processor.py:839} INFO - DAG(s) dict_keys(['dbt_transform']) retrieved from /opt/airflow/dags/dbt_dag.py
[2025-11-03T23:36:01.717+0000] {logging_mixin.py:151} INFO - [2025-11-03T23:36:01.717+0000] {dag.py:2915} INFO - Sync 1 DAGs
[2025-11-03T23:36:01.737+0000] {logging_mixin.py:151} INFO - [2025-11-03T23:36:01.737+0000] {dag.py:3696} INFO - Setting next_dagrun for dbt_transform to 2025-11-02T23:36:01.737388+00:00, run_after=2025-11-03T23:36:01.737388+00:00
[2025-11-03T23:36:01.770+0000] {processor.py:179} INFO - Processing /opt/airflow/dags/dbt_dag.py took 0.140 seconds
[2025-11-03T23:36:31.870+0000] {processor.py:157} INFO - Started process (PID=229) to work on /opt/airflow/dags/dbt_dag.py
[2025-11-03T23:36:31.871+0000] {processor.py:829} INFO - Processing file /opt/airflow/dags/dbt_dag.py for tasks to queue
[2025-11-03T23:36:31.872+0000] {logging_mixin.py:151} INFO - [2025-11-03T23:36:31.872+0000] {dagbag.py:539} INFO - Filling up the DagBag from /opt/airflow/dags/dbt_dag.py
[2025-11-03T23:36:31.906+0000] {processor.py:839} INFO - DAG(s) dict_keys(['dbt_transform']) retrieved from /opt/airflow/dags/dbt_dag.py
[2025-11-03T23:36:31.936+0000] {logging_mixin.py:151} INFO - [2025-11-03T23:36:31.935+0000] {dag.py:2915} INFO - Sync 1 DAGs
[2025-11-03T23:36:31.956+0000] {logging_mixin.py:151} INFO - [2025-11-03T23:36:31.956+0000] {dag.py:3696} INFO - Setting next_dagrun for dbt_transform to 2025-11-02T23:36:31.956163+00:00, run_after=2025-11-03T23:36:31.956163+00:00
[2025-11-03T23:36:31.983+0000] {processor.py:179} INFO - Processing /opt/airflow/dags/dbt_dag.py took 0.116 seconds
[2025-11-03T23:37:02.262+0000] {processor.py:157} INFO - Started process (PID=234) to work on /opt/airflow/dags/dbt_dag.py
[2025-11-03T23:37:02.263+0000] {processor.py:829} INFO - Processing file /opt/airflow/dags/dbt_dag.py for tasks to queue
[2025-11-03T23:37:02.264+0000] {logging_mixin.py:151} INFO - [2025-11-03T23:37:02.264+0000] {dagbag.py:539} INFO - Filling up the DagBag from /opt/airflow/dags/dbt_dag.py
[2025-11-03T23:37:02.289+0000] {processor.py:839} INFO - DAG(s) dict_keys(['dbt_transform']) retrieved from /opt/airflow/dags/dbt_dag.py
[2025-11-03T23:37:02.317+0000] {logging_mixin.py:151} INFO - [2025-11-03T23:37:02.317+0000] {dag.py:2915} INFO - Sync 1 DAGs
[2025-11-03T23:37:02.336+0000] {logging_mixin.py:151} INFO - [2025-11-03T23:37:02.336+0000] {dag.py:3696} INFO - Setting next_dagrun for dbt_transform to 2025-11-02T23:37:02.336500+00:00, run_after=2025-11-03T23:37:02.336500+00:00
[2025-11-03T23:37:02.360+0000] {processor.py:179} INFO - Processing /opt/airflow/dags/dbt_dag.py took 0.101 seconds
[2025-11-03T23:37:32.612+0000] {processor.py:157} INFO - Started process (PID=239) to work on /opt/airflow/dags/dbt_dag.py
[2025-11-03T23:37:32.613+0000] {processor.py:829} INFO - Processing file /opt/airflow/dags/dbt_dag.py for tasks to queue
[2025-11-03T23:37:32.617+0000] {logging_mixin.py:151} INFO - [2025-11-03T23:37:32.615+0000] {dagbag.py:539} INFO - Filling up the DagBag from /opt/airflow/dags/dbt_dag.py
[2025-11-03T23:37:32.747+0000] {processor.py:839} INFO - DAG(s) dict_keys(['dbt_transform']) retrieved from /opt/airflow/dags/dbt_dag.py
[2025-11-03T23:37:32.912+0000] {logging_mixin.py:151} INFO - [2025-11-03T23:37:32.911+0000] {dag.py:2915} INFO - Sync 1 DAGs
[2025-11-03T23:37:33.002+0000] {logging_mixin.py:151} INFO - [2025-11-03T23:37:33.002+0000] {dag.py:3696} INFO - Setting next_dagrun for dbt_transform to 2025-11-02T23:37:33.000461+00:00, run_after=2025-11-03T23:37:33.000461+00:00
[2025-11-03T23:37:33.047+0000] {processor.py:179} INFO - Processing /opt/airflow/dags/dbt_dag.py took 0.453 seconds
[2025-11-03T23:38:03.379+0000] {processor.py:157} INFO - Started process (PID=244) to work on /opt/airflow/dags/dbt_dag.py
[2025-11-03T23:38:03.380+0000] {processor.py:829} INFO - Processing file /opt/airflow/dags/dbt_dag.py for tasks to queue
[2025-11-03T23:38:03.382+0000] {logging_mixin.py:151} INFO - [2025-11-03T23:38:03.382+0000] {dagbag.py:539} INFO - Filling up the DagBag from /opt/airflow/dags/dbt_dag.py
[2025-11-03T23:38:03.409+0000] {processor.py:839} INFO - DAG(s) dict_keys(['dbt_transform']) retrieved from /opt/airflow/dags/dbt_dag.py
[2025-11-03T23:38:03.443+0000] {logging_mixin.py:151} INFO - [2025-11-03T23:38:03.442+0000] {dag.py:2915} INFO - Sync 1 DAGs
[2025-11-03T23:38:03.467+0000] {logging_mixin.py:151} INFO - [2025-11-03T23:38:03.467+0000] {dag.py:3696} INFO - Setting next_dagrun for dbt_transform to 2025-11-02T23:38:03.466872+00:00, run_after=2025-11-03T23:38:03.466872+00:00
[2025-11-03T23:38:03.499+0000] {processor.py:179} INFO - Processing /opt/airflow/dags/dbt_dag.py took 0.124 seconds
[2025-11-03T23:38:33.653+0000] {processor.py:157} INFO - Started process (PID=249) to work on /opt/airflow/dags/dbt_dag.py
[2025-11-03T23:38:33.654+0000] {processor.py:829} INFO - Processing file /opt/airflow/dags/dbt_dag.py for tasks to queue
[2025-11-03T23:38:33.655+0000] {logging_mixin.py:151} INFO - [2025-11-03T23:38:33.655+0000] {dagbag.py:539} INFO - Filling up the DagBag from /opt/airflow/dags/dbt_dag.py
[2025-11-03T23:38:33.703+0000] {processor.py:839} INFO - DAG(s) dict_keys(['dbt_transform']) retrieved from /opt/airflow/dags/dbt_dag.py
[2025-11-03T23:38:33.745+0000] {logging_mixin.py:151} INFO - [2025-11-03T23:38:33.744+0000] {dag.py:2915} INFO - Sync 1 DAGs
[2025-11-03T23:38:33.768+0000] {logging_mixin.py:151} INFO - [2025-11-03T23:38:33.768+0000] {dag.py:3696} INFO - Setting next_dagrun for dbt_transform to 2025-11-02T23:38:33.767929+00:00, run_after=2025-11-03T23:38:33.767929+00:00
[2025-11-03T23:38:33.793+0000] {processor.py:179} INFO - Processing /opt/airflow/dags/dbt_dag.py took 0.143 seconds
[2025-11-03T23:39:04.010+0000] {processor.py:157} INFO - Started process (PID=254) to work on /opt/airflow/dags/dbt_dag.py
[2025-11-03T23:39:04.011+0000] {processor.py:829} INFO - Processing file /opt/airflow/dags/dbt_dag.py for tasks to queue
[2025-11-03T23:39:04.013+0000] {logging_mixin.py:151} INFO - [2025-11-03T23:39:04.012+0000] {dagbag.py:539} INFO - Filling up the DagBag from /opt/airflow/dags/dbt_dag.py
[2025-11-03T23:39:04.041+0000] {processor.py:839} INFO - DAG(s) dict_keys(['dbt_transform']) retrieved from /opt/airflow/dags/dbt_dag.py
[2025-11-03T23:39:04.073+0000] {logging_mixin.py:151} INFO - [2025-11-03T23:39:04.072+0000] {dag.py:2915} INFO - Sync 1 DAGs
[2025-11-03T23:39:04.092+0000] {logging_mixin.py:151} INFO - [2025-11-03T23:39:04.092+0000] {dag.py:3696} INFO - Setting next_dagrun for dbt_transform to 2025-11-02T23:39:04.092346+00:00, run_after=2025-11-03T23:39:04.092346+00:00
[2025-11-03T23:39:04.111+0000] {processor.py:179} INFO - Processing /opt/airflow/dags/dbt_dag.py took 0.106 seconds
[2025-11-03T23:39:34.285+0000] {processor.py:157} INFO - Started process (PID=259) to work on /opt/airflow/dags/dbt_dag.py
[2025-11-03T23:39:34.287+0000] {processor.py:829} INFO - Processing file /opt/airflow/dags/dbt_dag.py for tasks to queue
[2025-11-03T23:39:34.288+0000] {logging_mixin.py:151} INFO - [2025-11-03T23:39:34.288+0000] {dagbag.py:539} INFO - Filling up the DagBag from /opt/airflow/dags/dbt_dag.py
[2025-11-03T23:39:34.334+0000] {processor.py:839} INFO - DAG(s) dict_keys(['dbt_transform']) retrieved from /opt/airflow/dags/dbt_dag.py
[2025-11-03T23:39:34.390+0000] {logging_mixin.py:151} INFO - [2025-11-03T23:39:34.390+0000] {dag.py:2915} INFO - Sync 1 DAGs
[2025-11-03T23:39:34.434+0000] {logging_mixin.py:151} INFO - [2025-11-03T23:39:34.434+0000] {dag.py:3696} INFO - Setting next_dagrun for dbt_transform to 2025-11-02T23:39:34.433853+00:00, run_after=2025-11-03T23:39:34.433853+00:00
[2025-11-03T23:39:34.469+0000] {processor.py:179} INFO - Processing /opt/airflow/dags/dbt_dag.py took 0.192 seconds
[2025-11-03T23:40:05.056+0000] {processor.py:157} INFO - Started process (PID=264) to work on /opt/airflow/dags/dbt_dag.py
[2025-11-03T23:40:05.058+0000] {processor.py:829} INFO - Processing file /opt/airflow/dags/dbt_dag.py for tasks to queue
[2025-11-03T23:40:05.062+0000] {logging_mixin.py:151} INFO - [2025-11-03T23:40:05.060+0000] {dagbag.py:539} INFO - Filling up the DagBag from /opt/airflow/dags/dbt_dag.py
[2025-11-03T23:40:05.168+0000] {processor.py:839} INFO - DAG(s) dict_keys(['dbt_transform']) retrieved from /opt/airflow/dags/dbt_dag.py
[2025-11-03T23:40:05.312+0000] {logging_mixin.py:151} INFO - [2025-11-03T23:40:05.312+0000] {dag.py:2915} INFO - Sync 1 DAGs
[2025-11-03T23:40:05.393+0000] {logging_mixin.py:151} INFO - [2025-11-03T23:40:05.392+0000] {dag.py:3696} INFO - Setting next_dagrun for dbt_transform to 2025-11-02T23:40:05.388443+00:00, run_after=2025-11-03T23:40:05.388443+00:00
[2025-11-03T23:40:05.447+0000] {processor.py:179} INFO - Processing /opt/airflow/dags/dbt_dag.py took 0.408 seconds
[2025-11-03T23:40:35.710+0000] {processor.py:157} INFO - Started process (PID=269) to work on /opt/airflow/dags/dbt_dag.py
[2025-11-03T23:40:35.712+0000] {processor.py:829} INFO - Processing file /opt/airflow/dags/dbt_dag.py for tasks to queue
[2025-11-03T23:40:35.713+0000] {logging_mixin.py:151} INFO - [2025-11-03T23:40:35.713+0000] {dagbag.py:539} INFO - Filling up the DagBag from /opt/airflow/dags/dbt_dag.py
[2025-11-03T23:40:35.752+0000] {processor.py:839} INFO - DAG(s) dict_keys(['dbt_transform']) retrieved from /opt/airflow/dags/dbt_dag.py
[2025-11-03T23:40:35.847+0000] {logging_mixin.py:151} INFO - [2025-11-03T23:40:35.845+0000] {dag.py:2915} INFO - Sync 1 DAGs
[2025-11-03T23:40:35.925+0000] {logging_mixin.py:151} INFO - [2025-11-03T23:40:35.924+0000] {dag.py:3696} INFO - Setting next_dagrun for dbt_transform to 2025-11-02T23:40:35.923511+00:00, run_after=2025-11-03T23:40:35.923511+00:00
[2025-11-03T23:40:35.960+0000] {processor.py:179} INFO - Processing /opt/airflow/dags/dbt_dag.py took 0.256 seconds
[2025-11-03T23:41:06.220+0000] {processor.py:157} INFO - Started process (PID=274) to work on /opt/airflow/dags/dbt_dag.py
[2025-11-03T23:41:06.222+0000] {processor.py:829} INFO - Processing file /opt/airflow/dags/dbt_dag.py for tasks to queue
[2025-11-03T23:41:06.223+0000] {logging_mixin.py:151} INFO - [2025-11-03T23:41:06.223+0000] {dagbag.py:539} INFO - Filling up the DagBag from /opt/airflow/dags/dbt_dag.py
[2025-11-03T23:41:06.265+0000] {processor.py:839} INFO - DAG(s) dict_keys(['dbt_transform']) retrieved from /opt/airflow/dags/dbt_dag.py
[2025-11-03T23:41:06.304+0000] {logging_mixin.py:151} INFO - [2025-11-03T23:41:06.304+0000] {dag.py:2915} INFO - Sync 1 DAGs
[2025-11-03T23:41:06.331+0000] {logging_mixin.py:151} INFO - [2025-11-03T23:41:06.331+0000] {dag.py:3696} INFO - Setting next_dagrun for dbt_transform to 2025-11-02T23:41:06.331500+00:00, run_after=2025-11-03T23:41:06.331500+00:00
[2025-11-03T23:41:06.355+0000] {processor.py:179} INFO - Processing /opt/airflow/dags/dbt_dag.py took 0.138 seconds
[2025-11-03T23:41:36.465+0000] {processor.py:157} INFO - Started process (PID=279) to work on /opt/airflow/dags/dbt_dag.py
[2025-11-03T23:41:36.467+0000] {processor.py:829} INFO - Processing file /opt/airflow/dags/dbt_dag.py for tasks to queue
[2025-11-03T23:41:36.469+0000] {logging_mixin.py:151} INFO - [2025-11-03T23:41:36.468+0000] {dagbag.py:539} INFO - Filling up the DagBag from /opt/airflow/dags/dbt_dag.py
[2025-11-03T23:41:36.507+0000] {processor.py:839} INFO - DAG(s) dict_keys(['dbt_transform']) retrieved from /opt/airflow/dags/dbt_dag.py
[2025-11-03T23:41:36.551+0000] {logging_mixin.py:151} INFO - [2025-11-03T23:41:36.551+0000] {dag.py:2915} INFO - Sync 1 DAGs
[2025-11-03T23:41:36.580+0000] {logging_mixin.py:151} INFO - [2025-11-03T23:41:36.580+0000] {dag.py:3696} INFO - Setting next_dagrun for dbt_transform to 2025-11-02T23:41:36.580236+00:00, run_after=2025-11-03T23:41:36.580236+00:00
[2025-11-03T23:41:36.608+0000] {processor.py:179} INFO - Processing /opt/airflow/dags/dbt_dag.py took 0.147 seconds
[2025-11-03T23:42:06.969+0000] {processor.py:157} INFO - Started process (PID=284) to work on /opt/airflow/dags/dbt_dag.py
[2025-11-03T23:42:06.971+0000] {processor.py:829} INFO - Processing file /opt/airflow/dags/dbt_dag.py for tasks to queue
[2025-11-03T23:42:06.975+0000] {logging_mixin.py:151} INFO - [2025-11-03T23:42:06.973+0000] {dagbag.py:539} INFO - Filling up the DagBag from /opt/airflow/dags/dbt_dag.py
[2025-11-03T23:42:07.062+0000] {processor.py:839} INFO - DAG(s) dict_keys(['dbt_transform']) retrieved from /opt/airflow/dags/dbt_dag.py
[2025-11-03T23:42:07.159+0000] {logging_mixin.py:151} INFO - [2025-11-03T23:42:07.158+0000] {dag.py:2915} INFO - Sync 1 DAGs
[2025-11-03T23:42:07.223+0000] {logging_mixin.py:151} INFO - [2025-11-03T23:42:07.222+0000] {dag.py:3696} INFO - Setting next_dagrun for dbt_transform to 2025-11-02T23:42:07.221485+00:00, run_after=2025-11-03T23:42:07.221485+00:00
[2025-11-03T23:42:07.282+0000] {processor.py:179} INFO - Processing /opt/airflow/dags/dbt_dag.py took 0.334 seconds
[2025-11-03T23:42:37.800+0000] {processor.py:157} INFO - Started process (PID=289) to work on /opt/airflow/dags/dbt_dag.py
[2025-11-03T23:42:37.805+0000] {processor.py:829} INFO - Processing file /opt/airflow/dags/dbt_dag.py for tasks to queue
[2025-11-03T23:42:37.815+0000] {logging_mixin.py:151} INFO - [2025-11-03T23:42:37.809+0000] {dagbag.py:539} INFO - Filling up the DagBag from /opt/airflow/dags/dbt_dag.py
[2025-11-03T23:42:37.962+0000] {processor.py:839} INFO - DAG(s) dict_keys(['dbt_transform']) retrieved from /opt/airflow/dags/dbt_dag.py
[2025-11-03T23:42:38.162+0000] {logging_mixin.py:151} INFO - [2025-11-03T23:42:38.161+0000] {dag.py:2915} INFO - Sync 1 DAGs
[2025-11-03T23:42:38.258+0000] {logging_mixin.py:151} INFO - [2025-11-03T23:42:38.257+0000] {dag.py:3696} INFO - Setting next_dagrun for dbt_transform to 2025-11-02T23:42:38.255934+00:00, run_after=2025-11-03T23:42:38.255934+00:00
[2025-11-03T23:42:38.331+0000] {processor.py:179} INFO - Processing /opt/airflow/dags/dbt_dag.py took 0.564 seconds
[2025-11-03T23:43:08.758+0000] {processor.py:157} INFO - Started process (PID=294) to work on /opt/airflow/dags/dbt_dag.py
[2025-11-03T23:43:08.762+0000] {processor.py:829} INFO - Processing file /opt/airflow/dags/dbt_dag.py for tasks to queue
[2025-11-03T23:43:08.770+0000] {logging_mixin.py:151} INFO - [2025-11-03T23:43:08.765+0000] {dagbag.py:539} INFO - Filling up the DagBag from /opt/airflow/dags/dbt_dag.py
[2025-11-03T23:43:08.890+0000] {processor.py:839} INFO - DAG(s) dict_keys(['dbt_transform']) retrieved from /opt/airflow/dags/dbt_dag.py
[2025-11-03T23:43:09.052+0000] {logging_mixin.py:151} INFO - [2025-11-03T23:43:09.051+0000] {dag.py:2915} INFO - Sync 1 DAGs
[2025-11-03T23:43:09.132+0000] {logging_mixin.py:151} INFO - [2025-11-03T23:43:09.131+0000] {dag.py:3696} INFO - Setting next_dagrun for dbt_transform to 2025-11-02T23:43:09.130270+00:00, run_after=2025-11-03T23:43:09.130270+00:00
[2025-11-03T23:43:09.195+0000] {processor.py:179} INFO - Processing /opt/airflow/dags/dbt_dag.py took 0.469 seconds
[2025-11-03T23:43:39.475+0000] {processor.py:157} INFO - Started process (PID=299) to work on /opt/airflow/dags/dbt_dag.py
[2025-11-03T23:43:39.477+0000] {processor.py:829} INFO - Processing file /opt/airflow/dags/dbt_dag.py for tasks to queue
[2025-11-03T23:43:39.479+0000] {logging_mixin.py:151} INFO - [2025-11-03T23:43:39.478+0000] {dagbag.py:539} INFO - Filling up the DagBag from /opt/airflow/dags/dbt_dag.py
[2025-11-03T23:43:39.514+0000] {processor.py:839} INFO - DAG(s) dict_keys(['dbt_transform']) retrieved from /opt/airflow/dags/dbt_dag.py
[2025-11-03T23:43:39.554+0000] {logging_mixin.py:151} INFO - [2025-11-03T23:43:39.554+0000] {dag.py:2915} INFO - Sync 1 DAGs
[2025-11-03T23:43:39.578+0000] {logging_mixin.py:151} INFO - [2025-11-03T23:43:39.578+0000] {dag.py:3696} INFO - Setting next_dagrun for dbt_transform to 2025-11-02T23:43:39.577822+00:00, run_after=2025-11-03T23:43:39.577822+00:00
[2025-11-03T23:43:39.599+0000] {processor.py:179} INFO - Processing /opt/airflow/dags/dbt_dag.py took 0.128 seconds
[2025-11-03T23:44:09.680+0000] {processor.py:157} INFO - Started process (PID=304) to work on /opt/airflow/dags/dbt_dag.py
[2025-11-03T23:44:09.686+0000] {processor.py:829} INFO - Processing file /opt/airflow/dags/dbt_dag.py for tasks to queue
[2025-11-03T23:44:09.687+0000] {logging_mixin.py:151} INFO - [2025-11-03T23:44:09.687+0000] {dagbag.py:539} INFO - Filling up the DagBag from /opt/airflow/dags/dbt_dag.py
[2025-11-03T23:44:09.715+0000] {processor.py:839} INFO - DAG(s) dict_keys(['dbt_transform']) retrieved from /opt/airflow/dags/dbt_dag.py
[2025-11-03T23:44:09.742+0000] {logging_mixin.py:151} INFO - [2025-11-03T23:44:09.742+0000] {dag.py:2915} INFO - Sync 1 DAGs
[2025-11-03T23:44:09.761+0000] {logging_mixin.py:151} INFO - [2025-11-03T23:44:09.761+0000] {dag.py:3696} INFO - Setting next_dagrun for dbt_transform to 2025-11-02T23:44:09.761247+00:00, run_after=2025-11-03T23:44:09.761247+00:00
[2025-11-03T23:44:09.779+0000] {processor.py:179} INFO - Processing /opt/airflow/dags/dbt_dag.py took 0.102 seconds
[2025-11-03T23:44:39.935+0000] {processor.py:157} INFO - Started process (PID=309) to work on /opt/airflow/dags/dbt_dag.py
[2025-11-03T23:44:39.936+0000] {processor.py:829} INFO - Processing file /opt/airflow/dags/dbt_dag.py for tasks to queue
[2025-11-03T23:44:39.937+0000] {logging_mixin.py:151} INFO - [2025-11-03T23:44:39.937+0000] {dagbag.py:539} INFO - Filling up the DagBag from /opt/airflow/dags/dbt_dag.py
[2025-11-03T23:44:39.965+0000] {processor.py:839} INFO - DAG(s) dict_keys(['dbt_transform']) retrieved from /opt/airflow/dags/dbt_dag.py
[2025-11-03T23:44:40.004+0000] {logging_mixin.py:151} INFO - [2025-11-03T23:44:40.004+0000] {dag.py:2915} INFO - Sync 1 DAGs
[2025-11-03T23:44:40.028+0000] {logging_mixin.py:151} INFO - [2025-11-03T23:44:40.028+0000] {dag.py:3696} INFO - Setting next_dagrun for dbt_transform to 2025-11-02T23:44:40.028303+00:00, run_after=2025-11-03T23:44:40.028303+00:00
[2025-11-03T23:44:40.050+0000] {processor.py:179} INFO - Processing /opt/airflow/dags/dbt_dag.py took 0.121 seconds
[2025-11-03T23:45:10.466+0000] {processor.py:157} INFO - Started process (PID=314) to work on /opt/airflow/dags/dbt_dag.py
[2025-11-03T23:45:10.468+0000] {processor.py:829} INFO - Processing file /opt/airflow/dags/dbt_dag.py for tasks to queue
[2025-11-03T23:45:10.472+0000] {logging_mixin.py:151} INFO - [2025-11-03T23:45:10.470+0000] {dagbag.py:539} INFO - Filling up the DagBag from /opt/airflow/dags/dbt_dag.py
[2025-11-03T23:45:10.531+0000] {processor.py:839} INFO - DAG(s) dict_keys(['dbt_transform']) retrieved from /opt/airflow/dags/dbt_dag.py
[2025-11-03T23:45:10.602+0000] {logging_mixin.py:151} INFO - [2025-11-03T23:45:10.601+0000] {dag.py:2915} INFO - Sync 1 DAGs
[2025-11-03T23:45:10.674+0000] {logging_mixin.py:151} INFO - [2025-11-03T23:45:10.673+0000] {dag.py:3696} INFO - Setting next_dagrun for dbt_transform to 2025-11-02T23:45:10.670951+00:00, run_after=2025-11-03T23:45:10.670951+00:00
[2025-11-03T23:45:10.706+0000] {processor.py:179} INFO - Processing /opt/airflow/dags/dbt_dag.py took 0.253 seconds
[2025-11-03T23:45:41.006+0000] {processor.py:157} INFO - Started process (PID=319) to work on /opt/airflow/dags/dbt_dag.py
[2025-11-03T23:45:41.007+0000] {processor.py:829} INFO - Processing file /opt/airflow/dags/dbt_dag.py for tasks to queue
[2025-11-03T23:45:41.010+0000] {logging_mixin.py:151} INFO - [2025-11-03T23:45:41.009+0000] {dagbag.py:539} INFO - Filling up the DagBag from /opt/airflow/dags/dbt_dag.py
[2025-11-03T23:45:41.064+0000] {processor.py:839} INFO - DAG(s) dict_keys(['dbt_transform']) retrieved from /opt/airflow/dags/dbt_dag.py
[2025-11-03T23:45:41.099+0000] {logging_mixin.py:151} INFO - [2025-11-03T23:45:41.099+0000] {dag.py:2915} INFO - Sync 1 DAGs
[2025-11-03T23:45:41.121+0000] {logging_mixin.py:151} INFO - [2025-11-03T23:45:41.121+0000] {dag.py:3696} INFO - Setting next_dagrun for dbt_transform to 2025-11-02T23:45:41.121131+00:00, run_after=2025-11-03T23:45:41.121131+00:00
[2025-11-03T23:45:41.142+0000] {processor.py:179} INFO - Processing /opt/airflow/dags/dbt_dag.py took 0.141 seconds
[2025-11-03T23:46:11.214+0000] {processor.py:157} INFO - Started process (PID=324) to work on /opt/airflow/dags/dbt_dag.py
[2025-11-03T23:46:11.214+0000] {processor.py:829} INFO - Processing file /opt/airflow/dags/dbt_dag.py for tasks to queue
[2025-11-03T23:46:11.215+0000] {logging_mixin.py:151} INFO - [2025-11-03T23:46:11.215+0000] {dagbag.py:539} INFO - Filling up the DagBag from /opt/airflow/dags/dbt_dag.py
[2025-11-03T23:46:11.238+0000] {processor.py:839} INFO - DAG(s) dict_keys(['dbt_transform']) retrieved from /opt/airflow/dags/dbt_dag.py
[2025-11-03T23:46:11.264+0000] {logging_mixin.py:151} INFO - [2025-11-03T23:46:11.263+0000] {dag.py:2915} INFO - Sync 1 DAGs
[2025-11-03T23:46:11.281+0000] {logging_mixin.py:151} INFO - [2025-11-03T23:46:11.281+0000] {dag.py:3696} INFO - Setting next_dagrun for dbt_transform to 2025-11-02T23:46:11.281404+00:00, run_after=2025-11-03T23:46:11.281404+00:00
[2025-11-03T23:46:11.301+0000] {processor.py:179} INFO - Processing /opt/airflow/dags/dbt_dag.py took 0.090 seconds
[2025-11-03T23:46:41.479+0000] {processor.py:157} INFO - Started process (PID=329) to work on /opt/airflow/dags/dbt_dag.py
[2025-11-03T23:46:41.480+0000] {processor.py:829} INFO - Processing file /opt/airflow/dags/dbt_dag.py for tasks to queue
[2025-11-03T23:46:41.482+0000] {logging_mixin.py:151} INFO - [2025-11-03T23:46:41.481+0000] {dagbag.py:539} INFO - Filling up the DagBag from /opt/airflow/dags/dbt_dag.py
[2025-11-03T23:46:41.518+0000] {processor.py:839} INFO - DAG(s) dict_keys(['dbt_transform']) retrieved from /opt/airflow/dags/dbt_dag.py
[2025-11-03T23:46:41.546+0000] {logging_mixin.py:151} INFO - [2025-11-03T23:46:41.546+0000] {dag.py:2915} INFO - Sync 1 DAGs
[2025-11-03T23:46:41.567+0000] {logging_mixin.py:151} INFO - [2025-11-03T23:46:41.567+0000] {dag.py:3696} INFO - Setting next_dagrun for dbt_transform to 2025-11-02T23:46:41.567179+00:00, run_after=2025-11-03T23:46:41.567179+00:00
[2025-11-03T23:46:41.592+0000] {processor.py:179} INFO - Processing /opt/airflow/dags/dbt_dag.py took 0.118 seconds
[2025-11-03T23:47:11.833+0000] {processor.py:157} INFO - Started process (PID=334) to work on /opt/airflow/dags/dbt_dag.py
[2025-11-03T23:47:11.834+0000] {processor.py:829} INFO - Processing file /opt/airflow/dags/dbt_dag.py for tasks to queue
[2025-11-03T23:47:11.836+0000] {logging_mixin.py:151} INFO - [2025-11-03T23:47:11.835+0000] {dagbag.py:539} INFO - Filling up the DagBag from /opt/airflow/dags/dbt_dag.py
[2025-11-03T23:47:11.885+0000] {processor.py:839} INFO - DAG(s) dict_keys(['dbt_transform']) retrieved from /opt/airflow/dags/dbt_dag.py
[2025-11-03T23:47:11.989+0000] {logging_mixin.py:151} INFO - [2025-11-03T23:47:11.988+0000] {dag.py:2915} INFO - Sync 1 DAGs
[2025-11-03T23:47:12.033+0000] {logging_mixin.py:151} INFO - [2025-11-03T23:47:12.032+0000] {dag.py:3696} INFO - Setting next_dagrun for dbt_transform to 2025-11-02T23:47:12.032298+00:00, run_after=2025-11-03T23:47:12.032298+00:00
[2025-11-03T23:47:12.059+0000] {processor.py:179} INFO - Processing /opt/airflow/dags/dbt_dag.py took 0.231 seconds
[2025-11-03T23:47:42.339+0000] {processor.py:157} INFO - Started process (PID=339) to work on /opt/airflow/dags/dbt_dag.py
[2025-11-03T23:47:42.340+0000] {processor.py:829} INFO - Processing file /opt/airflow/dags/dbt_dag.py for tasks to queue
[2025-11-03T23:47:42.341+0000] {logging_mixin.py:151} INFO - [2025-11-03T23:47:42.341+0000] {dagbag.py:539} INFO - Filling up the DagBag from /opt/airflow/dags/dbt_dag.py
[2025-11-03T23:47:42.383+0000] {processor.py:839} INFO - DAG(s) dict_keys(['dbt_transform']) retrieved from /opt/airflow/dags/dbt_dag.py
[2025-11-03T23:47:42.415+0000] {logging_mixin.py:151} INFO - [2025-11-03T23:47:42.414+0000] {dag.py:2915} INFO - Sync 1 DAGs
[2025-11-03T23:47:42.435+0000] {logging_mixin.py:151} INFO - [2025-11-03T23:47:42.435+0000] {dag.py:3696} INFO - Setting next_dagrun for dbt_transform to 2025-11-02T23:47:42.434839+00:00, run_after=2025-11-03T23:47:42.434839+00:00
[2025-11-03T23:47:42.456+0000] {processor.py:179} INFO - Processing /opt/airflow/dags/dbt_dag.py took 0.120 seconds
[2025-11-03T23:48:12.598+0000] {processor.py:157} INFO - Started process (PID=344) to work on /opt/airflow/dags/dbt_dag.py
[2025-11-03T23:48:12.599+0000] {processor.py:829} INFO - Processing file /opt/airflow/dags/dbt_dag.py for tasks to queue
[2025-11-03T23:48:12.600+0000] {logging_mixin.py:151} INFO - [2025-11-03T23:48:12.599+0000] {dagbag.py:539} INFO - Filling up the DagBag from /opt/airflow/dags/dbt_dag.py
[2025-11-03T23:48:12.628+0000] {processor.py:839} INFO - DAG(s) dict_keys(['dbt_transform']) retrieved from /opt/airflow/dags/dbt_dag.py
[2025-11-03T23:48:12.652+0000] {logging_mixin.py:151} INFO - [2025-11-03T23:48:12.651+0000] {dag.py:2915} INFO - Sync 1 DAGs
[2025-11-03T23:48:12.672+0000] {logging_mixin.py:151} INFO - [2025-11-03T23:48:12.672+0000] {dag.py:3696} INFO - Setting next_dagrun for dbt_transform to 2025-11-02T23:48:12.671798+00:00, run_after=2025-11-03T23:48:12.671798+00:00
[2025-11-03T23:48:12.694+0000] {processor.py:179} INFO - Processing /opt/airflow/dags/dbt_dag.py took 0.099 seconds
[2025-11-03T23:48:42.971+0000] {processor.py:157} INFO - Started process (PID=349) to work on /opt/airflow/dags/dbt_dag.py
[2025-11-03T23:48:42.972+0000] {processor.py:829} INFO - Processing file /opt/airflow/dags/dbt_dag.py for tasks to queue
[2025-11-03T23:48:42.973+0000] {logging_mixin.py:151} INFO - [2025-11-03T23:48:42.973+0000] {dagbag.py:539} INFO - Filling up the DagBag from /opt/airflow/dags/dbt_dag.py
[2025-11-03T23:48:43.005+0000] {processor.py:839} INFO - DAG(s) dict_keys(['dbt_transform']) retrieved from /opt/airflow/dags/dbt_dag.py
[2025-11-03T23:48:43.080+0000] {logging_mixin.py:151} INFO - [2025-11-03T23:48:43.078+0000] {dag.py:2915} INFO - Sync 1 DAGs
[2025-11-03T23:48:43.140+0000] {logging_mixin.py:151} INFO - [2025-11-03T23:48:43.140+0000] {dag.py:3696} INFO - Setting next_dagrun for dbt_transform to 2025-11-02T23:48:43.139614+00:00, run_after=2025-11-03T23:48:43.139614+00:00
[2025-11-03T23:48:43.181+0000] {processor.py:179} INFO - Processing /opt/airflow/dags/dbt_dag.py took 0.213 seconds
[2025-11-03T23:49:13.801+0000] {processor.py:157} INFO - Started process (PID=354) to work on /opt/airflow/dags/dbt_dag.py
[2025-11-03T23:49:13.803+0000] {processor.py:829} INFO - Processing file /opt/airflow/dags/dbt_dag.py for tasks to queue
[2025-11-03T23:49:13.806+0000] {logging_mixin.py:151} INFO - [2025-11-03T23:49:13.805+0000] {dagbag.py:539} INFO - Filling up the DagBag from /opt/airflow/dags/dbt_dag.py
[2025-11-03T23:49:13.854+0000] {processor.py:839} INFO - DAG(s) dict_keys(['dbt_transform']) retrieved from /opt/airflow/dags/dbt_dag.py
[2025-11-03T23:49:13.963+0000] {logging_mixin.py:151} INFO - [2025-11-03T23:49:13.963+0000] {dag.py:2915} INFO - Sync 1 DAGs
[2025-11-03T23:49:14.034+0000] {logging_mixin.py:151} INFO - [2025-11-03T23:49:14.034+0000] {dag.py:3696} INFO - Setting next_dagrun for dbt_transform to 2025-11-02T23:49:14.033729+00:00, run_after=2025-11-03T23:49:14.033729+00:00
[2025-11-03T23:49:14.066+0000] {processor.py:179} INFO - Processing /opt/airflow/dags/dbt_dag.py took 0.279 seconds
[2025-11-03T23:49:44.349+0000] {processor.py:157} INFO - Started process (PID=359) to work on /opt/airflow/dags/dbt_dag.py
[2025-11-03T23:49:44.351+0000] {processor.py:829} INFO - Processing file /opt/airflow/dags/dbt_dag.py for tasks to queue
[2025-11-03T23:49:44.352+0000] {logging_mixin.py:151} INFO - [2025-11-03T23:49:44.352+0000] {dagbag.py:539} INFO - Filling up the DagBag from /opt/airflow/dags/dbt_dag.py
[2025-11-03T23:49:44.426+0000] {processor.py:839} INFO - DAG(s) dict_keys(['dbt_transform']) retrieved from /opt/airflow/dags/dbt_dag.py
[2025-11-03T23:49:44.535+0000] {logging_mixin.py:151} INFO - [2025-11-03T23:49:44.533+0000] {dag.py:2915} INFO - Sync 1 DAGs
[2025-11-03T23:49:44.586+0000] {logging_mixin.py:151} INFO - [2025-11-03T23:49:44.586+0000] {dag.py:3696} INFO - Setting next_dagrun for dbt_transform to 2025-11-02T23:49:44.586321+00:00, run_after=2025-11-03T23:49:44.586321+00:00
[2025-11-03T23:49:44.614+0000] {processor.py:179} INFO - Processing /opt/airflow/dags/dbt_dag.py took 0.274 seconds
[2025-11-03T23:50:15.016+0000] {processor.py:157} INFO - Started process (PID=364) to work on /opt/airflow/dags/dbt_dag.py
[2025-11-03T23:50:15.018+0000] {processor.py:829} INFO - Processing file /opt/airflow/dags/dbt_dag.py for tasks to queue
[2025-11-03T23:50:15.022+0000] {logging_mixin.py:151} INFO - [2025-11-03T23:50:15.020+0000] {dagbag.py:539} INFO - Filling up the DagBag from /opt/airflow/dags/dbt_dag.py
[2025-11-03T23:50:15.125+0000] {processor.py:839} INFO - DAG(s) dict_keys(['dbt_transform']) retrieved from /opt/airflow/dags/dbt_dag.py
[2025-11-03T23:50:15.252+0000] {logging_mixin.py:151} INFO - [2025-11-03T23:50:15.249+0000] {dag.py:2915} INFO - Sync 1 DAGs
[2025-11-03T23:50:15.334+0000] {logging_mixin.py:151} INFO - [2025-11-03T23:50:15.334+0000] {dag.py:3696} INFO - Setting next_dagrun for dbt_transform to 2025-11-02T23:50:15.333222+00:00, run_after=2025-11-03T23:50:15.333222+00:00
[2025-11-03T23:50:15.378+0000] {processor.py:179} INFO - Processing /opt/airflow/dags/dbt_dag.py took 0.382 seconds
[2025-11-03T23:50:45.773+0000] {processor.py:157} INFO - Started process (PID=369) to work on /opt/airflow/dags/dbt_dag.py
[2025-11-03T23:50:45.774+0000] {processor.py:829} INFO - Processing file /opt/airflow/dags/dbt_dag.py for tasks to queue
[2025-11-03T23:50:45.776+0000] {logging_mixin.py:151} INFO - [2025-11-03T23:50:45.776+0000] {dagbag.py:539} INFO - Filling up the DagBag from /opt/airflow/dags/dbt_dag.py
[2025-11-03T23:50:45.825+0000] {processor.py:839} INFO - DAG(s) dict_keys(['dbt_transform']) retrieved from /opt/airflow/dags/dbt_dag.py
[2025-11-03T23:50:45.913+0000] {logging_mixin.py:151} INFO - [2025-11-03T23:50:45.911+0000] {dag.py:2915} INFO - Sync 1 DAGs
[2025-11-03T23:50:45.962+0000] {logging_mixin.py:151} INFO - [2025-11-03T23:50:45.961+0000] {dag.py:3696} INFO - Setting next_dagrun for dbt_transform to 2025-11-02T23:50:45.961098+00:00, run_after=2025-11-03T23:50:45.961098+00:00
[2025-11-03T23:50:45.990+0000] {processor.py:179} INFO - Processing /opt/airflow/dags/dbt_dag.py took 0.322 seconds
[2025-11-03T23:51:16.229+0000] {processor.py:157} INFO - Started process (PID=374) to work on /opt/airflow/dags/dbt_dag.py
[2025-11-03T23:51:16.230+0000] {processor.py:829} INFO - Processing file /opt/airflow/dags/dbt_dag.py for tasks to queue
[2025-11-03T23:51:16.231+0000] {logging_mixin.py:151} INFO - [2025-11-03T23:51:16.231+0000] {dagbag.py:539} INFO - Filling up the DagBag from /opt/airflow/dags/dbt_dag.py
[2025-11-03T23:51:16.247+0000] {processor.py:839} INFO - DAG(s) dict_keys(['dbt_transform']) retrieved from /opt/airflow/dags/dbt_dag.py
[2025-11-03T23:51:16.275+0000] {logging_mixin.py:151} INFO - [2025-11-03T23:51:16.274+0000] {dag.py:2915} INFO - Sync 1 DAGs
[2025-11-03T23:51:16.293+0000] {logging_mixin.py:151} INFO - [2025-11-03T23:51:16.293+0000] {dag.py:3696} INFO - Setting next_dagrun for dbt_transform to 2025-11-02T23:51:16.292942+00:00, run_after=2025-11-03T23:51:16.292942+00:00
[2025-11-03T23:51:16.314+0000] {processor.py:179} INFO - Processing /opt/airflow/dags/dbt_dag.py took 0.087 seconds
[2025-11-03T23:51:46.476+0000] {processor.py:157} INFO - Started process (PID=379) to work on /opt/airflow/dags/dbt_dag.py
[2025-11-03T23:51:46.477+0000] {processor.py:829} INFO - Processing file /opt/airflow/dags/dbt_dag.py for tasks to queue
[2025-11-03T23:51:46.478+0000] {logging_mixin.py:151} INFO - [2025-11-03T23:51:46.478+0000] {dagbag.py:539} INFO - Filling up the DagBag from /opt/airflow/dags/dbt_dag.py
[2025-11-03T23:51:46.512+0000] {processor.py:839} INFO - DAG(s) dict_keys(['dbt_transform']) retrieved from /opt/airflow/dags/dbt_dag.py
[2025-11-03T23:51:46.541+0000] {logging_mixin.py:151} INFO - [2025-11-03T23:51:46.540+0000] {dag.py:2915} INFO - Sync 1 DAGs
[2025-11-03T23:51:46.563+0000] {logging_mixin.py:151} INFO - [2025-11-03T23:51:46.563+0000] {dag.py:3696} INFO - Setting next_dagrun for dbt_transform to 2025-11-02T23:51:46.563494+00:00, run_after=2025-11-03T23:51:46.563494+00:00
[2025-11-03T23:51:46.584+0000] {processor.py:179} INFO - Processing /opt/airflow/dags/dbt_dag.py took 0.112 seconds
[2025-11-03T23:52:16.795+0000] {processor.py:157} INFO - Started process (PID=384) to work on /opt/airflow/dags/dbt_dag.py
[2025-11-03T23:52:16.796+0000] {processor.py:829} INFO - Processing file /opt/airflow/dags/dbt_dag.py for tasks to queue
[2025-11-03T23:52:16.797+0000] {logging_mixin.py:151} INFO - [2025-11-03T23:52:16.797+0000] {dagbag.py:539} INFO - Filling up the DagBag from /opt/airflow/dags/dbt_dag.py
[2025-11-03T23:52:16.823+0000] {processor.py:839} INFO - DAG(s) dict_keys(['dbt_transform']) retrieved from /opt/airflow/dags/dbt_dag.py
[2025-11-03T23:52:16.851+0000] {logging_mixin.py:151} INFO - [2025-11-03T23:52:16.851+0000] {dag.py:2915} INFO - Sync 1 DAGs
[2025-11-03T23:52:16.868+0000] {logging_mixin.py:151} INFO - [2025-11-03T23:52:16.868+0000] {dag.py:3696} INFO - Setting next_dagrun for dbt_transform to 2025-11-02T23:52:16.868635+00:00, run_after=2025-11-03T23:52:16.868635+00:00
[2025-11-03T23:52:16.887+0000] {processor.py:179} INFO - Processing /opt/airflow/dags/dbt_dag.py took 0.095 seconds
[2025-11-03T23:52:47.069+0000] {processor.py:157} INFO - Started process (PID=389) to work on /opt/airflow/dags/dbt_dag.py
[2025-11-03T23:52:47.070+0000] {processor.py:829} INFO - Processing file /opt/airflow/dags/dbt_dag.py for tasks to queue
[2025-11-03T23:52:47.071+0000] {logging_mixin.py:151} INFO - [2025-11-03T23:52:47.070+0000] {dagbag.py:539} INFO - Filling up the DagBag from /opt/airflow/dags/dbt_dag.py
[2025-11-03T23:52:47.094+0000] {processor.py:839} INFO - DAG(s) dict_keys(['dbt_transform']) retrieved from /opt/airflow/dags/dbt_dag.py
[2025-11-03T23:52:47.126+0000] {logging_mixin.py:151} INFO - [2025-11-03T23:52:47.125+0000] {dag.py:2915} INFO - Sync 1 DAGs
[2025-11-03T23:52:47.146+0000] {logging_mixin.py:151} INFO - [2025-11-03T23:52:47.145+0000] {dag.py:3696} INFO - Setting next_dagrun for dbt_transform to 2025-11-02T23:52:47.145603+00:00, run_after=2025-11-03T23:52:47.145603+00:00
[2025-11-03T23:52:47.170+0000] {processor.py:179} INFO - Processing /opt/airflow/dags/dbt_dag.py took 0.106 seconds
[2025-11-03T23:53:17.401+0000] {processor.py:157} INFO - Started process (PID=394) to work on /opt/airflow/dags/dbt_dag.py
[2025-11-03T23:53:17.401+0000] {processor.py:829} INFO - Processing file /opt/airflow/dags/dbt_dag.py for tasks to queue
[2025-11-03T23:53:17.402+0000] {logging_mixin.py:151} INFO - [2025-11-03T23:53:17.402+0000] {dagbag.py:539} INFO - Filling up the DagBag from /opt/airflow/dags/dbt_dag.py
[2025-11-03T23:53:17.437+0000] {processor.py:839} INFO - DAG(s) dict_keys(['dbt_transform']) retrieved from /opt/airflow/dags/dbt_dag.py
[2025-11-03T23:53:17.461+0000] {logging_mixin.py:151} INFO - [2025-11-03T23:53:17.461+0000] {dag.py:2915} INFO - Sync 1 DAGs
[2025-11-03T23:53:17.477+0000] {logging_mixin.py:151} INFO - [2025-11-03T23:53:17.477+0000] {dag.py:3696} INFO - Setting next_dagrun for dbt_transform to 2025-11-02T23:53:17.477064+00:00, run_after=2025-11-03T23:53:17.477064+00:00
[2025-11-03T23:53:17.496+0000] {processor.py:179} INFO - Processing /opt/airflow/dags/dbt_dag.py took 0.098 seconds
[2025-11-03T23:53:47.763+0000] {processor.py:157} INFO - Started process (PID=399) to work on /opt/airflow/dags/dbt_dag.py
[2025-11-03T23:53:47.765+0000] {processor.py:829} INFO - Processing file /opt/airflow/dags/dbt_dag.py for tasks to queue
[2025-11-03T23:53:47.766+0000] {logging_mixin.py:151} INFO - [2025-11-03T23:53:47.766+0000] {dagbag.py:539} INFO - Filling up the DagBag from /opt/airflow/dags/dbt_dag.py
[2025-11-03T23:53:47.788+0000] {processor.py:839} INFO - DAG(s) dict_keys(['dbt_transform']) retrieved from /opt/airflow/dags/dbt_dag.py
[2025-11-03T23:53:47.819+0000] {logging_mixin.py:151} INFO - [2025-11-03T23:53:47.819+0000] {dag.py:2915} INFO - Sync 1 DAGs
[2025-11-03T23:53:47.838+0000] {logging_mixin.py:151} INFO - [2025-11-03T23:53:47.838+0000] {dag.py:3696} INFO - Setting next_dagrun for dbt_transform to 2025-11-02T23:53:47.838437+00:00, run_after=2025-11-03T23:53:47.838437+00:00
[2025-11-03T23:53:47.859+0000] {processor.py:179} INFO - Processing /opt/airflow/dags/dbt_dag.py took 0.099 seconds
[2025-11-03T23:54:18.032+0000] {processor.py:157} INFO - Started process (PID=404) to work on /opt/airflow/dags/dbt_dag.py
[2025-11-03T23:54:18.033+0000] {processor.py:829} INFO - Processing file /opt/airflow/dags/dbt_dag.py for tasks to queue
[2025-11-03T23:54:18.035+0000] {logging_mixin.py:151} INFO - [2025-11-03T23:54:18.035+0000] {dagbag.py:539} INFO - Filling up the DagBag from /opt/airflow/dags/dbt_dag.py
[2025-11-03T23:54:18.066+0000] {processor.py:839} INFO - DAG(s) dict_keys(['dbt_transform']) retrieved from /opt/airflow/dags/dbt_dag.py
[2025-11-03T23:54:18.105+0000] {logging_mixin.py:151} INFO - [2025-11-03T23:54:18.104+0000] {dag.py:2915} INFO - Sync 1 DAGs
[2025-11-03T23:54:18.126+0000] {logging_mixin.py:151} INFO - [2025-11-03T23:54:18.126+0000] {dag.py:3696} INFO - Setting next_dagrun for dbt_transform to 2025-11-02T23:54:18.126347+00:00, run_after=2025-11-03T23:54:18.126347+00:00
[2025-11-03T23:54:18.152+0000] {processor.py:179} INFO - Processing /opt/airflow/dags/dbt_dag.py took 0.125 seconds
[2025-11-03T23:54:48.353+0000] {processor.py:157} INFO - Started process (PID=409) to work on /opt/airflow/dags/dbt_dag.py
[2025-11-03T23:54:48.353+0000] {processor.py:829} INFO - Processing file /opt/airflow/dags/dbt_dag.py for tasks to queue
[2025-11-03T23:54:48.354+0000] {logging_mixin.py:151} INFO - [2025-11-03T23:54:48.354+0000] {dagbag.py:539} INFO - Filling up the DagBag from /opt/airflow/dags/dbt_dag.py
[2025-11-03T23:54:48.375+0000] {processor.py:839} INFO - DAG(s) dict_keys(['dbt_transform']) retrieved from /opt/airflow/dags/dbt_dag.py
[2025-11-03T23:54:48.403+0000] {logging_mixin.py:151} INFO - [2025-11-03T23:54:48.402+0000] {dag.py:2915} INFO - Sync 1 DAGs
[2025-11-03T23:54:48.421+0000] {logging_mixin.py:151} INFO - [2025-11-03T23:54:48.420+0000] {dag.py:3696} INFO - Setting next_dagrun for dbt_transform to 2025-11-02T23:54:48.420711+00:00, run_after=2025-11-03T23:54:48.420711+00:00
[2025-11-03T23:54:48.441+0000] {processor.py:179} INFO - Processing /opt/airflow/dags/dbt_dag.py took 0.091 seconds
[2025-11-03T23:55:18.740+0000] {processor.py:157} INFO - Started process (PID=414) to work on /opt/airflow/dags/dbt_dag.py
[2025-11-03T23:55:18.742+0000] {processor.py:829} INFO - Processing file /opt/airflow/dags/dbt_dag.py for tasks to queue
[2025-11-03T23:55:18.743+0000] {logging_mixin.py:151} INFO - [2025-11-03T23:55:18.743+0000] {dagbag.py:539} INFO - Filling up the DagBag from /opt/airflow/dags/dbt_dag.py
[2025-11-03T23:55:18.800+0000] {processor.py:839} INFO - DAG(s) dict_keys(['dbt_transform']) retrieved from /opt/airflow/dags/dbt_dag.py
[2025-11-03T23:55:18.837+0000] {logging_mixin.py:151} INFO - [2025-11-03T23:55:18.837+0000] {dag.py:2915} INFO - Sync 1 DAGs
[2025-11-03T23:55:18.862+0000] {logging_mixin.py:151} INFO - [2025-11-03T23:55:18.862+0000] {dag.py:3696} INFO - Setting next_dagrun for dbt_transform to 2025-11-02T23:55:18.861947+00:00, run_after=2025-11-03T23:55:18.861947+00:00
[2025-11-03T23:55:18.902+0000] {processor.py:179} INFO - Processing /opt/airflow/dags/dbt_dag.py took 0.165 seconds
[2025-11-03T23:55:48.989+0000] {processor.py:157} INFO - Started process (PID=419) to work on /opt/airflow/dags/dbt_dag.py
[2025-11-03T23:55:48.990+0000] {processor.py:829} INFO - Processing file /opt/airflow/dags/dbt_dag.py for tasks to queue
[2025-11-03T23:55:48.991+0000] {logging_mixin.py:151} INFO - [2025-11-03T23:55:48.991+0000] {dagbag.py:539} INFO - Filling up the DagBag from /opt/airflow/dags/dbt_dag.py
[2025-11-03T23:55:49.035+0000] {processor.py:839} INFO - DAG(s) dict_keys(['dbt_transform']) retrieved from /opt/airflow/dags/dbt_dag.py
[2025-11-03T23:55:49.063+0000] {logging_mixin.py:151} INFO - [2025-11-03T23:55:49.063+0000] {dag.py:2915} INFO - Sync 1 DAGs
[2025-11-03T23:55:49.085+0000] {logging_mixin.py:151} INFO - [2025-11-03T23:55:49.085+0000] {dag.py:3696} INFO - Setting next_dagrun for dbt_transform to 2025-11-02T23:55:49.085279+00:00, run_after=2025-11-03T23:55:49.085279+00:00
[2025-11-03T23:55:49.105+0000] {processor.py:179} INFO - Processing /opt/airflow/dags/dbt_dag.py took 0.119 seconds
[2025-11-03T23:56:19.258+0000] {processor.py:157} INFO - Started process (PID=424) to work on /opt/airflow/dags/dbt_dag.py
[2025-11-03T23:56:19.261+0000] {processor.py:829} INFO - Processing file /opt/airflow/dags/dbt_dag.py for tasks to queue
[2025-11-03T23:56:19.264+0000] {logging_mixin.py:151} INFO - [2025-11-03T23:56:19.263+0000] {dagbag.py:539} INFO - Filling up the DagBag from /opt/airflow/dags/dbt_dag.py
[2025-11-03T23:56:19.330+0000] {processor.py:839} INFO - DAG(s) dict_keys(['dbt_transform']) retrieved from /opt/airflow/dags/dbt_dag.py
[2025-11-03T23:56:19.418+0000] {logging_mixin.py:151} INFO - [2025-11-03T23:56:19.417+0000] {dag.py:2915} INFO - Sync 1 DAGs
[2025-11-03T23:56:19.483+0000] {logging_mixin.py:151} INFO - [2025-11-03T23:56:19.482+0000] {dag.py:3696} INFO - Setting next_dagrun for dbt_transform to 2025-11-02T23:56:19.482314+00:00, run_after=2025-11-03T23:56:19.482314+00:00
[2025-11-03T23:56:19.517+0000] {processor.py:179} INFO - Processing /opt/airflow/dags/dbt_dag.py took 0.268 seconds
[2025-11-03T23:56:49.638+0000] {processor.py:157} INFO - Started process (PID=429) to work on /opt/airflow/dags/dbt_dag.py
[2025-11-03T23:56:49.640+0000] {processor.py:829} INFO - Processing file /opt/airflow/dags/dbt_dag.py for tasks to queue
[2025-11-03T23:56:49.641+0000] {logging_mixin.py:151} INFO - [2025-11-03T23:56:49.641+0000] {dagbag.py:539} INFO - Filling up the DagBag from /opt/airflow/dags/dbt_dag.py
[2025-11-03T23:56:49.710+0000] {processor.py:839} INFO - DAG(s) dict_keys(['dbt_transform']) retrieved from /opt/airflow/dags/dbt_dag.py
[2025-11-03T23:56:49.745+0000] {logging_mixin.py:151} INFO - [2025-11-03T23:56:49.744+0000] {dag.py:2915} INFO - Sync 1 DAGs
[2025-11-03T23:56:49.828+0000] {logging_mixin.py:151} INFO - [2025-11-03T23:56:49.827+0000] {dag.py:3696} INFO - Setting next_dagrun for dbt_transform to 2025-11-02T23:56:49.825109+00:00, run_after=2025-11-03T23:56:49.825109+00:00
[2025-11-03T23:56:49.878+0000] {processor.py:179} INFO - Processing /opt/airflow/dags/dbt_dag.py took 0.242 seconds
[2025-11-03T23:57:20.008+0000] {processor.py:157} INFO - Started process (PID=434) to work on /opt/airflow/dags/dbt_dag.py
[2025-11-03T23:57:20.009+0000] {processor.py:829} INFO - Processing file /opt/airflow/dags/dbt_dag.py for tasks to queue
[2025-11-03T23:57:20.010+0000] {logging_mixin.py:151} INFO - [2025-11-03T23:57:20.009+0000] {dagbag.py:539} INFO - Filling up the DagBag from /opt/airflow/dags/dbt_dag.py
[2025-11-03T23:57:20.037+0000] {processor.py:839} INFO - DAG(s) dict_keys(['dbt_transform']) retrieved from /opt/airflow/dags/dbt_dag.py
[2025-11-03T23:57:20.099+0000] {logging_mixin.py:151} INFO - [2025-11-03T23:57:20.099+0000] {dag.py:2915} INFO - Sync 1 DAGs
[2025-11-03T23:57:20.126+0000] {logging_mixin.py:151} INFO - [2025-11-03T23:57:20.126+0000] {dag.py:3696} INFO - Setting next_dagrun for dbt_transform to 2025-11-02T23:57:20.126427+00:00, run_after=2025-11-03T23:57:20.126427+00:00
[2025-11-03T23:57:20.150+0000] {processor.py:179} INFO - Processing /opt/airflow/dags/dbt_dag.py took 0.145 seconds
[2025-11-03T23:57:50.320+0000] {processor.py:157} INFO - Started process (PID=439) to work on /opt/airflow/dags/dbt_dag.py
[2025-11-03T23:57:50.321+0000] {processor.py:829} INFO - Processing file /opt/airflow/dags/dbt_dag.py for tasks to queue
[2025-11-03T23:57:50.322+0000] {logging_mixin.py:151} INFO - [2025-11-03T23:57:50.322+0000] {dagbag.py:539} INFO - Filling up the DagBag from /opt/airflow/dags/dbt_dag.py
[2025-11-03T23:57:50.350+0000] {processor.py:839} INFO - DAG(s) dict_keys(['dbt_transform']) retrieved from /opt/airflow/dags/dbt_dag.py
[2025-11-03T23:57:50.384+0000] {logging_mixin.py:151} INFO - [2025-11-03T23:57:50.383+0000] {dag.py:2915} INFO - Sync 1 DAGs
[2025-11-03T23:57:50.474+0000] {logging_mixin.py:151} INFO - [2025-11-03T23:57:50.474+0000] {dag.py:3696} INFO - Setting next_dagrun for dbt_transform to 2025-11-02T23:57:50.470494+00:00, run_after=2025-11-03T23:57:50.470494+00:00
[2025-11-03T23:57:50.538+0000] {processor.py:179} INFO - Processing /opt/airflow/dags/dbt_dag.py took 0.221 seconds
[2025-11-03T23:58:20.763+0000] {processor.py:157} INFO - Started process (PID=444) to work on /opt/airflow/dags/dbt_dag.py
[2025-11-03T23:58:20.767+0000] {processor.py:829} INFO - Processing file /opt/airflow/dags/dbt_dag.py for tasks to queue
[2025-11-03T23:58:20.775+0000] {logging_mixin.py:151} INFO - [2025-11-03T23:58:20.771+0000] {dagbag.py:539} INFO - Filling up the DagBag from /opt/airflow/dags/dbt_dag.py
[2025-11-03T23:58:20.827+0000] {processor.py:839} INFO - DAG(s) dict_keys(['dbt_transform']) retrieved from /opt/airflow/dags/dbt_dag.py
[2025-11-03T23:58:20.874+0000] {logging_mixin.py:151} INFO - [2025-11-03T23:58:20.873+0000] {dag.py:2915} INFO - Sync 1 DAGs
[2025-11-03T23:58:20.904+0000] {logging_mixin.py:151} INFO - [2025-11-03T23:58:20.903+0000] {dag.py:3696} INFO - Setting next_dagrun for dbt_transform to 2025-11-02T23:58:20.903617+00:00, run_after=2025-11-03T23:58:20.903617+00:00
[2025-11-03T23:58:20.937+0000] {processor.py:179} INFO - Processing /opt/airflow/dags/dbt_dag.py took 0.179 seconds
[2025-11-03T23:58:51.170+0000] {processor.py:157} INFO - Started process (PID=449) to work on /opt/airflow/dags/dbt_dag.py
[2025-11-03T23:58:51.172+0000] {processor.py:829} INFO - Processing file /opt/airflow/dags/dbt_dag.py for tasks to queue
[2025-11-03T23:58:51.173+0000] {logging_mixin.py:151} INFO - [2025-11-03T23:58:51.173+0000] {dagbag.py:539} INFO - Filling up the DagBag from /opt/airflow/dags/dbt_dag.py
[2025-11-03T23:58:51.212+0000] {processor.py:839} INFO - DAG(s) dict_keys(['dbt_transform']) retrieved from /opt/airflow/dags/dbt_dag.py
[2025-11-03T23:58:51.264+0000] {logging_mixin.py:151} INFO - [2025-11-03T23:58:51.263+0000] {dag.py:2915} INFO - Sync 1 DAGs
[2025-11-03T23:58:51.312+0000] {logging_mixin.py:151} INFO - [2025-11-03T23:58:51.312+0000] {dag.py:3696} INFO - Setting next_dagrun for dbt_transform to 2025-11-02T23:58:51.311519+00:00, run_after=2025-11-03T23:58:51.311519+00:00
[2025-11-03T23:58:51.348+0000] {processor.py:179} INFO - Processing /opt/airflow/dags/dbt_dag.py took 0.183 seconds
[2025-11-03T23:59:21.608+0000] {processor.py:157} INFO - Started process (PID=454) to work on /opt/airflow/dags/dbt_dag.py
[2025-11-03T23:59:21.614+0000] {processor.py:829} INFO - Processing file /opt/airflow/dags/dbt_dag.py for tasks to queue
[2025-11-03T23:59:21.616+0000] {logging_mixin.py:151} INFO - [2025-11-03T23:59:21.616+0000] {dagbag.py:539} INFO - Filling up the DagBag from /opt/airflow/dags/dbt_dag.py
[2025-11-03T23:59:21.651+0000] {processor.py:839} INFO - DAG(s) dict_keys(['dbt_transform']) retrieved from /opt/airflow/dags/dbt_dag.py
[2025-11-03T23:59:21.702+0000] {logging_mixin.py:151} INFO - [2025-11-03T23:59:21.701+0000] {dag.py:2915} INFO - Sync 1 DAGs
[2025-11-03T23:59:21.734+0000] {logging_mixin.py:151} INFO - [2025-11-03T23:59:21.734+0000] {dag.py:3696} INFO - Setting next_dagrun for dbt_transform to 2025-11-02T23:59:21.734175+00:00, run_after=2025-11-03T23:59:21.734175+00:00
[2025-11-03T23:59:21.763+0000] {processor.py:179} INFO - Processing /opt/airflow/dags/dbt_dag.py took 0.163 seconds
[2025-11-03T23:59:52.010+0000] {processor.py:157} INFO - Started process (PID=459) to work on /opt/airflow/dags/dbt_dag.py
[2025-11-03T23:59:52.011+0000] {processor.py:829} INFO - Processing file /opt/airflow/dags/dbt_dag.py for tasks to queue
[2025-11-03T23:59:52.012+0000] {logging_mixin.py:151} INFO - [2025-11-03T23:59:52.012+0000] {dagbag.py:539} INFO - Filling up the DagBag from /opt/airflow/dags/dbt_dag.py
[2025-11-03T23:59:52.046+0000] {processor.py:839} INFO - DAG(s) dict_keys(['dbt_transform']) retrieved from /opt/airflow/dags/dbt_dag.py
[2025-11-03T23:59:52.073+0000] {logging_mixin.py:151} INFO - [2025-11-03T23:59:52.073+0000] {dag.py:2915} INFO - Sync 1 DAGs
[2025-11-03T23:59:52.130+0000] {logging_mixin.py:151} INFO - [2025-11-03T23:59:52.129+0000] {dag.py:3696} INFO - Setting next_dagrun for dbt_transform to 2025-11-02T23:59:52.124517+00:00, run_after=2025-11-03T23:59:52.124517+00:00
[2025-11-03T23:59:52.181+0000] {processor.py:179} INFO - Processing /opt/airflow/dags/dbt_dag.py took 0.174 seconds
