[2025-11-07T22:39:32.359+0000] {taskinstance.py:1157} INFO - Dependencies all met for dep_context=non-requeueable deps ti=<TaskInstance: dbt_transform.dbt_run scheduled__2025-11-07T22:34:31.287022+00:00 [queued]>
[2025-11-07T22:39:32.366+0000] {taskinstance.py:1157} INFO - Dependencies all met for dep_context=requeueable deps ti=<TaskInstance: dbt_transform.dbt_run scheduled__2025-11-07T22:34:31.287022+00:00 [queued]>
[2025-11-07T22:39:32.367+0000] {taskinstance.py:1359} INFO - Starting attempt 1 of 2
[2025-11-07T22:39:32.379+0000] {taskinstance.py:1380} INFO - Executing <Task(BashOperator): dbt_run> on 2025-11-07 22:34:31.287022+00:00
[2025-11-07T22:39:32.385+0000] {standard_task_runner.py:57} INFO - Started process 416 to run task
[2025-11-07T22:39:32.388+0000] {standard_task_runner.py:84} INFO - Running: ['***', 'tasks', 'run', 'dbt_transform', 'dbt_run', 'scheduled__2025-11-07T22:34:31.287022+00:00', '--job-id', '24', '--raw', '--subdir', 'DAGS_FOLDER/dbt_dag.py', '--cfg-path', '/tmp/tmp8vjzg8p_']
[2025-11-07T22:39:32.391+0000] {standard_task_runner.py:85} INFO - Job 24: Subtask dbt_run
[2025-11-07T22:39:32.437+0000] {task_command.py:415} INFO - Running <TaskInstance: dbt_transform.dbt_run scheduled__2025-11-07T22:34:31.287022+00:00 [running]> on host a9b12bd32d5c
[2025-11-07T22:39:32.507+0000] {taskinstance.py:1660} INFO - Exporting env vars: AIRFLOW_CTX_DAG_OWNER='***' AIRFLOW_CTX_DAG_ID='dbt_transform' AIRFLOW_CTX_TASK_ID='dbt_run' AIRFLOW_CTX_EXECUTION_DATE='2025-11-07T22:34:31.287022+00:00' AIRFLOW_CTX_TRY_NUMBER='1' AIRFLOW_CTX_DAG_RUN_ID='scheduled__2025-11-07T22:34:31.287022+00:00'
[2025-11-07T22:39:32.508+0000] {subprocess.py:63} INFO - Tmp dir root location: /tmp
[2025-11-07T22:39:32.510+0000] {subprocess.py:75} INFO - Running command: ['/bin/bash', '-c', 'docker exec dbt_***_project-dbt-1 dbt run']
[2025-11-07T22:39:32.519+0000] {subprocess.py:86} INFO - Output:
[2025-11-07T22:39:33.934+0000] {subprocess.py:93} INFO - [0m22:39:33  Running with dbt=1.8.7
[2025-11-07T22:39:34.369+0000] {subprocess.py:93} INFO - [0m22:39:34  Registered adapter: sqlserver=1.8.7
[2025-11-07T22:39:35.506+0000] {subprocess.py:93} INFO - [0m22:39:35  [[33mWARNING[0m]: Configuration paths exist in your dbt_project.yml file which do not apply to any resources.
[2025-11-07T22:39:35.507+0000] {subprocess.py:93} INFO - There are 2 unused configuration paths:
[2025-11-07T22:39:35.507+0000] {subprocess.py:93} INFO - - models.dbt_sqlserver_project.silver
[2025-11-07T22:39:35.507+0000] {subprocess.py:93} INFO - - models.dbt_sqlserver_project.gold
[2025-11-07T22:39:35.824+0000] {subprocess.py:93} INFO - [0m22:39:35  Found 4 models, 3 data tests, 13 sources, 614 macros
[2025-11-07T22:39:35.828+0000] {subprocess.py:93} INFO - [0m22:39:35
[2025-11-07T22:39:35.964+0000] {subprocess.py:93} INFO - [0m22:39:35  Concurrency: 4 threads (target='dev')
[2025-11-07T22:39:35.965+0000] {subprocess.py:93} INFO - [0m22:39:35
[2025-11-07T22:39:35.978+0000] {subprocess.py:93} INFO - [0m22:39:35  1 of 4 START sql view model dbo.stg_customers .................................. [RUN]
[2025-11-07T22:39:35.980+0000] {subprocess.py:93} INFO - [0m22:39:35  2 of 4 START sql view model dbo.stg_example .................................... [RUN]
[2025-11-07T22:39:35.981+0000] {subprocess.py:93} INFO - [0m22:39:35  3 of 4 START sql view model dbo.stg_products ................................... [RUN]
[2025-11-07T22:39:35.983+0000] {subprocess.py:93} INFO - [0m22:39:35  4 of 4 START sql view model dbo.stg_sales_orders ............................... [RUN]
[2025-11-07T22:39:36.382+0000] {subprocess.py:93} INFO - [0m22:39:36  1 of 4 OK created sql view model dbo.stg_customers ............................. [[32mOK[0m in 0.39s]
[2025-11-07T22:39:36.385+0000] {subprocess.py:93} INFO - [0m22:39:36  4 of 4 OK created sql view model dbo.stg_sales_orders .......................... [[32mOK[0m in 0.39s]
[2025-11-07T22:39:36.388+0000] {subprocess.py:93} INFO - [0m22:39:36  2 of 4 OK created sql view model dbo.stg_example ............................... [[32mOK[0m in 0.40s]
[2025-11-07T22:39:36.389+0000] {subprocess.py:93} INFO - [0m22:39:36  3 of 4 OK created sql view model dbo.stg_products .............................. [[32mOK[0m in 0.40s]
[2025-11-07T22:39:36.404+0000] {subprocess.py:93} INFO - [0m22:39:36
[2025-11-07T22:39:36.405+0000] {subprocess.py:93} INFO - [0m22:39:36  Finished running 4 view models in 0 hours 0 minutes and 0.57 seconds (0.57s).
[2025-11-07T22:39:36.482+0000] {subprocess.py:93} INFO - [0m22:39:36
[2025-11-07T22:39:36.483+0000] {subprocess.py:93} INFO - [0m22:39:36  [32mCompleted successfully[0m
[2025-11-07T22:39:36.485+0000] {subprocess.py:93} INFO - [0m22:39:36
[2025-11-07T22:39:36.486+0000] {subprocess.py:93} INFO - [0m22:39:36  Done. PASS=4 WARN=0 ERROR=0 SKIP=0 TOTAL=4
[2025-11-07T22:39:37.910+0000] {subprocess.py:97} INFO - Command exited with return code 0
[2025-11-07T22:39:37.939+0000] {taskinstance.py:1398} INFO - Marking task as SUCCESS. dag_id=dbt_transform, task_id=dbt_run, execution_date=20251107T223431, start_date=20251107T223932, end_date=20251107T223937
[2025-11-07T22:39:37.987+0000] {local_task_job_runner.py:228} INFO - Task exited with return code 0
[2025-11-07T22:39:38.002+0000] {taskinstance.py:2776} INFO - 1 downstream tasks scheduled from follow-on schedule check
