[2025-11-07T22:24:36.469+0000] {taskinstance.py:1157} INFO - Dependencies all met for dep_context=non-requeueable deps ti=<TaskInstance: dbt_transform.dbt_run scheduled__2025-11-07T22:19:31.287022+00:00 [queued]>
[2025-11-07T22:24:36.484+0000] {taskinstance.py:1157} INFO - Dependencies all met for dep_context=requeueable deps ti=<TaskInstance: dbt_transform.dbt_run scheduled__2025-11-07T22:19:31.287022+00:00 [queued]>
[2025-11-07T22:24:36.485+0000] {taskinstance.py:1359} INFO - Starting attempt 1 of 2
[2025-11-07T22:24:36.506+0000] {taskinstance.py:1380} INFO - Executing <Task(BashOperator): dbt_run> on 2025-11-07 22:19:31.287022+00:00
[2025-11-07T22:24:36.554+0000] {standard_task_runner.py:57} INFO - Started process 170 to run task
[2025-11-07T22:24:36.562+0000] {standard_task_runner.py:84} INFO - Running: ['***', 'tasks', 'run', 'dbt_transform', 'dbt_run', 'scheduled__2025-11-07T22:19:31.287022+00:00', '--job-id', '16', '--raw', '--subdir', 'DAGS_FOLDER/dbt_dag.py', '--cfg-path', '/tmp/tmppqy8tko7']
[2025-11-07T22:24:36.569+0000] {standard_task_runner.py:85} INFO - Job 16: Subtask dbt_run
[2025-11-07T22:24:36.659+0000] {task_command.py:415} INFO - Running <TaskInstance: dbt_transform.dbt_run scheduled__2025-11-07T22:19:31.287022+00:00 [running]> on host a9b12bd32d5c
[2025-11-07T22:24:36.791+0000] {taskinstance.py:1660} INFO - Exporting env vars: AIRFLOW_CTX_DAG_OWNER='***' AIRFLOW_CTX_DAG_ID='dbt_transform' AIRFLOW_CTX_TASK_ID='dbt_run' AIRFLOW_CTX_EXECUTION_DATE='2025-11-07T22:19:31.287022+00:00' AIRFLOW_CTX_TRY_NUMBER='1' AIRFLOW_CTX_DAG_RUN_ID='scheduled__2025-11-07T22:19:31.287022+00:00'
[2025-11-07T22:24:36.795+0000] {subprocess.py:63} INFO - Tmp dir root location: /tmp
[2025-11-07T22:24:36.801+0000] {subprocess.py:75} INFO - Running command: ['/bin/bash', '-c', 'docker exec dbt_***_project-dbt-1 dbt run']
[2025-11-07T22:24:36.818+0000] {subprocess.py:86} INFO - Output:
[2025-11-07T22:24:40.754+0000] {subprocess.py:93} INFO - [0m22:24:40  Running with dbt=1.8.7
[2025-11-07T22:24:41.617+0000] {subprocess.py:93} INFO - [0m22:24:41  Registered adapter: sqlserver=1.8.7
[2025-11-07T22:24:43.521+0000] {subprocess.py:93} INFO - [0m22:24:43  [[33mWARNING[0m]: Configuration paths exist in your dbt_project.yml file which do not apply to any resources.
[2025-11-07T22:24:43.522+0000] {subprocess.py:93} INFO - There are 2 unused configuration paths:
[2025-11-07T22:24:43.522+0000] {subprocess.py:93} INFO - - models.dbt_sqlserver_project.intermediate
[2025-11-07T22:24:43.524+0000] {subprocess.py:93} INFO - - models.dbt_sqlserver_project.marts
[2025-11-07T22:24:43.926+0000] {subprocess.py:93} INFO - [0m22:24:43  Found 4 models, 3 data tests, 13 sources, 614 macros
[2025-11-07T22:24:43.931+0000] {subprocess.py:93} INFO - [0m22:24:43
[2025-11-07T22:24:44.641+0000] {subprocess.py:93} INFO - [0m22:24:44  Concurrency: 4 threads (target='dev')
[2025-11-07T22:24:44.641+0000] {subprocess.py:93} INFO - [0m22:24:44
[2025-11-07T22:24:44.653+0000] {subprocess.py:93} INFO - [0m22:24:44  1 of 4 START sql view model dbo.stg_customers .................................. [RUN]
[2025-11-07T22:24:44.654+0000] {subprocess.py:93} INFO - [0m22:24:44  2 of 4 START sql view model dbo.stg_example .................................... [RUN]
[2025-11-07T22:24:44.656+0000] {subprocess.py:93} INFO - [0m22:24:44  3 of 4 START sql view model dbo.stg_products ................................... [RUN]
[2025-11-07T22:24:44.657+0000] {subprocess.py:93} INFO - [0m22:24:44  4 of 4 START sql view model dbo.stg_sales_orders ............................... [RUN]
[2025-11-07T22:24:45.619+0000] {subprocess.py:93} INFO - [0m22:24:45  1 of 4 OK created sql view model dbo.stg_customers ............................. [[32mOK[0m in 0.95s]
[2025-11-07T22:24:45.621+0000] {subprocess.py:93} INFO - [0m22:24:45  2 of 4 OK created sql view model dbo.stg_example ............................... [[32mOK[0m in 0.95s]
[2025-11-07T22:24:45.623+0000] {subprocess.py:93} INFO - [0m22:24:45  4 of 4 OK created sql view model dbo.stg_sales_orders .......................... [[32mOK[0m in 0.95s]
[2025-11-07T22:24:45.625+0000] {subprocess.py:93} INFO - [0m22:24:45  3 of 4 OK created sql view model dbo.stg_products .............................. [[32mOK[0m in 0.96s]
[2025-11-07T22:24:45.648+0000] {subprocess.py:93} INFO - [0m22:24:45
[2025-11-07T22:24:45.649+0000] {subprocess.py:93} INFO - [0m22:24:45  Finished running 4 view models in 0 hours 0 minutes and 1.71 seconds (1.71s).
[2025-11-07T22:24:45.756+0000] {subprocess.py:93} INFO - [0m22:24:45
[2025-11-07T22:24:45.757+0000] {subprocess.py:93} INFO - [0m22:24:45  [32mCompleted successfully[0m
[2025-11-07T22:24:45.759+0000] {subprocess.py:93} INFO - [0m22:24:45
[2025-11-07T22:24:45.761+0000] {subprocess.py:93} INFO - [0m22:24:45  Done. PASS=4 WARN=0 ERROR=0 SKIP=0 TOTAL=4
[2025-11-07T22:24:47.308+0000] {subprocess.py:97} INFO - Command exited with return code 0
[2025-11-07T22:24:47.347+0000] {taskinstance.py:1398} INFO - Marking task as SUCCESS. dag_id=dbt_transform, task_id=dbt_run, execution_date=20251107T221931, start_date=20251107T222436, end_date=20251107T222447
[2025-11-07T22:24:47.396+0000] {local_task_job_runner.py:228} INFO - Task exited with return code 0
[2025-11-07T22:24:47.416+0000] {taskinstance.py:2776} INFO - 1 downstream tasks scheduled from follow-on schedule check
