[2025-04-13T07:19:04.748+0000] {taskinstance.py:1157} INFO - Dependencies all met for dep_context=non-requeueable deps ti=<TaskInstance: dbt_transform.dbt_run manual__2025-04-13T07:19:03+00:00 [queued]>
[2025-04-13T07:19:04.769+0000] {taskinstance.py:1157} INFO - Dependencies all met for dep_context=requeueable deps ti=<TaskInstance: dbt_transform.dbt_run manual__2025-04-13T07:19:03+00:00 [queued]>
[2025-04-13T07:19:04.770+0000] {taskinstance.py:1359} INFO - Starting attempt 1 of 2
[2025-04-13T07:19:04.788+0000] {taskinstance.py:1380} INFO - Executing <Task(DockerOperator): dbt_run> on 2025-04-13 07:19:03+00:00
[2025-04-13T07:19:04.795+0000] {standard_task_runner.py:57} INFO - Started process 179 to run task
[2025-04-13T07:19:04.798+0000] {standard_task_runner.py:84} INFO - Running: ['***', 'tasks', 'run', 'dbt_transform', 'dbt_run', 'manual__2025-04-13T07:19:03+00:00', '--job-id', '24', '--raw', '--subdir', 'DAGS_FOLDER/dbt_dag.py', '--cfg-path', '/tmp/tmp_wf3cxjj']
[2025-04-13T07:19:04.802+0000] {standard_task_runner.py:85} INFO - Job 24: Subtask dbt_run
[2025-04-13T07:19:04.858+0000] {task_command.py:415} INFO - Running <TaskInstance: dbt_transform.dbt_run manual__2025-04-13T07:19:03+00:00 [running]> on host e17baebbf5c5
[2025-04-13T07:19:04.931+0000] {taskinstance.py:1660} INFO - Exporting env vars: AIRFLOW_CTX_DAG_OWNER='***' AIRFLOW_CTX_DAG_ID='dbt_transform' AIRFLOW_CTX_TASK_ID='dbt_run' AIRFLOW_CTX_EXECUTION_DATE='2025-04-13T07:19:03+00:00' AIRFLOW_CTX_TRY_NUMBER='1' AIRFLOW_CTX_DAG_RUN_ID='manual__2025-04-13T07:19:03+00:00'
[2025-04-13T07:19:04.954+0000] {docker.py:333} INFO - Starting docker container from image dbt_***_project-dbt
[2025-04-13T07:19:06.693+0000] {docker.py:402} INFO - [0m07:19:06  Running with dbt=1.8.7
[2025-04-13T07:19:07.055+0000] {docker.py:402} INFO - [0m07:19:07  Registered adapter: sqlserver=1.8.7
[2025-04-13T07:19:07.427+0000] {docker.py:402} INFO - [0m07:19:07  [[33mWARNING[0m]: Configuration paths exist in your dbt_project.yml file which do not apply to any resources.
There are 2 unused configuration paths:
- models.dbt_sqlserver_project.intermediate
- models.dbt_sqlserver_project.marts
[2025-04-13T07:19:07.697+0000] {docker.py:402} INFO - [0m07:19:07  Found 4 models, 2 data tests, 13 sources, 500 macros
[2025-04-13T07:19:07.702+0000] {docker.py:402} INFO - [0m07:19:07
[2025-04-13T07:19:07.858+0000] {docker.py:402} INFO - [0m07:19:07  Concurrency: 4 threads (target='dev')
[2025-04-13T07:19:07.859+0000] {docker.py:402} INFO - [0m07:19:07
[2025-04-13T07:19:07.871+0000] {docker.py:402} INFO - [0m07:19:07  1 of 4 START sql view model dbo.stg_customers .................................. [RUN]
[2025-04-13T07:19:07.873+0000] {docker.py:402} INFO - [0m07:19:07  2 of 4 START sql view model dbo.stg_example .................................... [RUN]
[2025-04-13T07:19:07.874+0000] {docker.py:402} INFO - [0m07:19:07  3 of 4 START sql view model dbo.stg_products ................................... [RUN]
[2025-04-13T07:19:07.875+0000] {docker.py:402} INFO - [0m07:19:07  4 of 4 START sql view model dbo.stg_sales_orders ............................... [RUN]
[2025-04-13T07:19:08.357+0000] {docker.py:402} INFO - [0m07:19:08  4 of 4 OK created sql view model dbo.stg_sales_orders .......................... [[32mOK[0m in 0.47s]
[2025-04-13T07:19:08.359+0000] {docker.py:402} INFO - [0m07:19:08  1 of 4 OK created sql view model dbo.stg_customers ............................. [[32mOK[0m in 0.48s]
[2025-04-13T07:19:08.360+0000] {docker.py:402} INFO - [0m07:19:08  2 of 4 OK created sql view model dbo.stg_example ............................... [[32mOK[0m in 0.48s]
[2025-04-13T07:19:08.362+0000] {docker.py:402} INFO - [0m07:19:08  3 of 4 OK created sql view model dbo.stg_products .............................. [[32mOK[0m in 0.48s]
[2025-04-13T07:19:08.379+0000] {docker.py:402} INFO - [0m07:19:08
[2025-04-13T07:19:08.380+0000] {docker.py:402} INFO - [0m07:19:08  Finished running 4 view models in 0 hours 0 minutes and 0.68 seconds (0.68s).
[2025-04-13T07:19:08.443+0000] {docker.py:402} INFO - [0m07:19:08
[2025-04-13T07:19:08.445+0000] {docker.py:402} INFO - [0m07:19:08  [32mCompleted successfully[0m
[2025-04-13T07:19:08.446+0000] {docker.py:402} INFO - [0m07:19:08
[2025-04-13T07:19:08.447+0000] {docker.py:402} INFO - [0m07:19:08  Done. PASS=4 WARN=0 ERROR=0 SKIP=0 TOTAL=4
[2025-04-13T07:19:10.179+0000] {taskinstance.py:1398} INFO - Marking task as SUCCESS. dag_id=dbt_transform, task_id=dbt_run, execution_date=20250413T071903, start_date=20250413T071904, end_date=20250413T071910
[2025-04-13T07:19:10.215+0000] {local_task_job_runner.py:228} INFO - Task exited with return code 0
[2025-04-13T07:19:10.233+0000] {taskinstance.py:2776} INFO - 1 downstream tasks scheduled from follow-on schedule check
