[2025-11-06T14:52:39.360+0000] {taskinstance.py:1157} INFO - Dependencies all met for dep_context=non-requeueable deps ti=<TaskInstance: dbt_transform.dbt_run manual__2025-11-06T14:47:31.702779+00:00 [queued]>
[2025-11-06T14:52:39.375+0000] {taskinstance.py:1157} INFO - Dependencies all met for dep_context=requeueable deps ti=<TaskInstance: dbt_transform.dbt_run manual__2025-11-06T14:47:31.702779+00:00 [queued]>
[2025-11-06T14:52:39.376+0000] {taskinstance.py:1359} INFO - Starting attempt 2 of 2
[2025-11-06T14:52:39.393+0000] {taskinstance.py:1380} INFO - Executing <Task(DockerOperator): dbt_run> on 2025-11-06 14:47:31.702779+00:00
[2025-11-06T14:52:39.405+0000] {standard_task_runner.py:57} INFO - Started process 244 to run task
[2025-11-06T14:52:39.434+0000] {standard_task_runner.py:84} INFO - Running: ['***', 'tasks', 'run', 'dbt_transform', 'dbt_run', 'manual__2025-11-06T14:47:31.702779+00:00', '--job-id', '7', '--raw', '--subdir', 'DAGS_FOLDER/dbt_dag.py', '--cfg-path', '/tmp/tmpzah_2oz2']
[2025-11-06T14:52:39.455+0000] {standard_task_runner.py:85} INFO - Job 7: Subtask dbt_run
[2025-11-06T14:52:39.671+0000] {task_command.py:415} INFO - Running <TaskInstance: dbt_transform.dbt_run manual__2025-11-06T14:47:31.702779+00:00 [running]> on host a9b12bd32d5c
[2025-11-06T14:52:39.935+0000] {taskinstance.py:1660} INFO - Exporting env vars: AIRFLOW_CTX_DAG_OWNER='***' AIRFLOW_CTX_DAG_ID='dbt_transform' AIRFLOW_CTX_TASK_ID='dbt_run' AIRFLOW_CTX_EXECUTION_DATE='2025-11-06T14:47:31.702779+00:00' AIRFLOW_CTX_TRY_NUMBER='2' AIRFLOW_CTX_DAG_RUN_ID='manual__2025-11-06T14:47:31.702779+00:00'
[2025-11-06T14:52:40.038+0000] {docker.py:333} INFO - Starting docker container from image dbt_***_project-dbt
[2025-11-06T14:52:44.619+0000] {docker.py:402} INFO - [0m14:52:44  Running with dbt=1.8.7
[2025-11-06T14:52:45.430+0000] {docker.py:402} INFO - [0m14:52:45  Registered adapter: sqlserver=1.8.7
[2025-11-06T14:52:46.851+0000] {docker.py:402} INFO - [0m14:52:46  [[33mWARNING[0m]: Configuration paths exist in your dbt_project.yml file which do not apply to any resources.
There are 2 unused configuration paths:
- models.dbt_sqlserver_project.marts
- models.dbt_sqlserver_project.intermediate
[2025-11-06T14:52:47.503+0000] {docker.py:402} INFO - [0m14:52:47  Found 4 models, 3 data tests, 13 sources, 614 macros
[2025-11-06T14:52:47.517+0000] {docker.py:402} INFO - [0m14:52:47
[2025-11-06T14:52:47.855+0000] {docker.py:402} INFO - [0m14:52:47  Concurrency: 4 threads (target='dev')
[2025-11-06T14:52:47.864+0000] {docker.py:402} INFO - [0m14:52:47
[2025-11-06T14:52:47.899+0000] {docker.py:402} INFO - [0m14:52:47  1 of 4 START sql view model dbo.stg_customers .................................. [RUN]
[2025-11-06T14:52:47.905+0000] {docker.py:402} INFO - [0m14:52:47  2 of 4 START sql view model dbo.stg_example .................................... [RUN]
[2025-11-06T14:52:47.907+0000] {docker.py:402} INFO - [0m14:52:47  3 of 4 START sql view model dbo.stg_products ................................... [RUN]
[2025-11-06T14:52:47.910+0000] {docker.py:402} INFO - [0m14:52:47  4 of 4 START sql view model dbo.stg_sales_orders ............................... [RUN]
[2025-11-06T14:52:48.526+0000] {docker.py:402} INFO - [0m14:52:48  [31mUnhandled error while executing target/run/dbt_sqlserver_project/models/staging/stg_sales_orders.sql[0m
('42S01', "[42S01] [Microsoft][ODBC Driver 17 for SQL Server][SQL Server]There is already an object named 'stg_sales_orders__dbt_tmp' in the database. (2714) (SQLMoreResults)")
[2025-11-06T14:52:48.528+0000] {docker.py:402} INFO - [0m14:52:48  [31mUnhandled error while executing target/run/dbt_sqlserver_project/models/staging/stg_example.sql[0m
('42S01', "[42S01] [Microsoft][ODBC Driver 17 for SQL Server][SQL Server]There is already an object named 'stg_example__dbt_tmp' in the database. (2714) (SQLMoreResults)")
[2025-11-06T14:52:48.530+0000] {docker.py:402} INFO - [0m14:52:48  [31mUnhandled error while executing target/run/dbt_sqlserver_project/models/staging/stg_customers.sql[0m
('42S01', "[42S01] [Microsoft][ODBC Driver 17 for SQL Server][SQL Server]There is already an object named 'stg_customers__dbt_tmp' in the database. (2714) (SQLMoreResults)")
[2025-11-06T14:52:48.532+0000] {docker.py:402} INFO - [0m14:52:48  [31mUnhandled error while executing target/run/dbt_sqlserver_project/models/staging/stg_products.sql[0m
('42S01', "[42S01] [Microsoft][ODBC Driver 17 for SQL Server][SQL Server]There is already an object named 'stg_products__dbt_tmp' in the database. (2714) (SQLMoreResults)")
[2025-11-06T14:52:48.587+0000] {docker.py:402} INFO - [0m14:52:48  2 of 4 ERROR creating sql view model dbo.stg_example ........................... [[31mERROR[0m in 0.66s]
[2025-11-06T14:52:48.589+0000] {docker.py:402} INFO - [0m14:52:48  4 of 4 ERROR creating sql view model dbo.stg_sales_orders ...................... [[31mERROR[0m in 0.66s]
[2025-11-06T14:52:48.591+0000] {docker.py:402} INFO - [0m14:52:48  1 of 4 ERROR creating sql view model dbo.stg_customers ......................... [[31mERROR[0m in 0.67s]
[2025-11-06T14:52:48.594+0000] {docker.py:402} INFO - [0m14:52:48  3 of 4 ERROR creating sql view model dbo.stg_products .......................... [[31mERROR[0m in 0.67s]
[2025-11-06T14:52:48.623+0000] {docker.py:402} INFO - [0m14:52:48
[2025-11-06T14:52:48.625+0000] {docker.py:402} INFO - [0m14:52:48  Finished running 4 view models in 0 hours 0 minutes and 1.10 seconds (1.10s).
[2025-11-06T14:52:48.825+0000] {docker.py:402} INFO - [0m14:52:48
[2025-11-06T14:52:48.827+0000] {docker.py:402} INFO - [0m14:52:48  [31mCompleted with 4 errors and 0 warnings:[0m
[2025-11-06T14:52:48.829+0000] {docker.py:402} INFO - [0m14:52:48
[2025-11-06T14:52:48.831+0000] {docker.py:402} INFO - [0m14:52:48    ('42S01', "[42S01] [Microsoft][ODBC Driver 17 for SQL Server][SQL Server]There is already an object named 'stg_example__dbt_tmp' in the database. (2714) (SQLMoreResults)")
[2025-11-06T14:52:48.833+0000] {docker.py:402} INFO - [0m14:52:48
[2025-11-06T14:52:48.835+0000] {docker.py:402} INFO - [0m14:52:48    ('42S01', "[42S01] [Microsoft][ODBC Driver 17 for SQL Server][SQL Server]There is already an object named 'stg_sales_orders__dbt_tmp' in the database. (2714) (SQLMoreResults)")
[2025-11-06T14:52:48.837+0000] {docker.py:402} INFO - [0m14:52:48
[2025-11-06T14:52:48.839+0000] {docker.py:402} INFO - [0m14:52:48    ('42S01', "[42S01] [Microsoft][ODBC Driver 17 for SQL Server][SQL Server]There is already an object named 'stg_customers__dbt_tmp' in the database. (2714) (SQLMoreResults)")
[2025-11-06T14:52:48.841+0000] {docker.py:402} INFO - [0m14:52:48
[2025-11-06T14:52:48.843+0000] {docker.py:402} INFO - [0m14:52:48    ('42S01', "[42S01] [Microsoft][ODBC Driver 17 for SQL Server][SQL Server]There is already an object named 'stg_products__dbt_tmp' in the database. (2714) (SQLMoreResults)")
[2025-11-06T14:52:48.845+0000] {docker.py:402} INFO - [0m14:52:48
[2025-11-06T14:52:48.847+0000] {docker.py:402} INFO - [0m14:52:48  Done. PASS=0 WARN=0 ERROR=4 SKIP=0 TOTAL=4
[2025-11-06T14:52:50.756+0000] {taskinstance.py:1935} ERROR - Task failed with exception
Traceback (most recent call last):
  File "/home/airflow/.local/lib/python3.9/site-packages/airflow/providers/docker/operators/docker.py", line 476, in execute
    return self._run_image()
  File "/home/airflow/.local/lib/python3.9/site-packages/airflow/providers/docker/operators/docker.py", line 350, in _run_image
    return self._run_image_with_mounts(self.mounts, add_tmp_variable=False)
  File "/home/airflow/.local/lib/python3.9/site-packages/airflow/providers/docker/operators/docker.py", line 411, in _run_image_with_mounts
    raise AirflowException(f"Docker container failed: {result!r} lines {joined_log_lines}")
airflow.exceptions.AirflowException: Docker container failed: {'StatusCode': 1} lines [0m14:52:44  Running with dbt=1.8.7
[0m14:52:45  Registered adapter: sqlserver=1.8.7
[0m14:52:46  [[33mWARNING[0m]: Configuration paths exist in your dbt_project.yml file which do not apply to any resources.
There are 2 unused configuration paths:
- models.dbt_sqlserver_project.marts
- models.dbt_sqlserver_project.intermediate
[0m14:52:47  Found 4 models, 3 data tests, 13 sources, 614 macros
[0m14:52:47
[0m14:52:47  Concurrency: 4 threads (target='dev')
[0m14:52:47
[0m14:52:47  1 of 4 START sql view model dbo.stg_customers .................................. [RUN]
[0m14:52:47  2 of 4 START sql view model dbo.stg_example .................................... [RUN]
[0m14:52:47  3 of 4 START sql view model dbo.stg_products ................................... [RUN]
[0m14:52:47  4 of 4 START sql view model dbo.stg_sales_orders ............................... [RUN]
[0m14:52:48  [31mUnhandled error while executing target/run/dbt_sqlserver_project/models/staging/stg_sales_orders.sql[0m
('42S01', "[42S01] [Microsoft][ODBC Driver 17 for SQL Server][SQL Server]There is already an object named 'stg_sales_orders__dbt_tmp' in the database. (2714) (SQLMoreResults)")
[0m14:52:48  [31mUnhandled error while executing target/run/dbt_sqlserver_project/models/staging/stg_example.sql[0m
('42S01', "[42S01] [Microsoft][ODBC Driver 17 for SQL Server][SQL Server]There is already an object named 'stg_example__dbt_tmp' in the database. (2714) (SQLMoreResults)")
[0m14:52:48  [31mUnhandled error while executing target/run/dbt_sqlserver_project/models/staging/stg_customers.sql[0m
('42S01', "[42S01] [Microsoft][ODBC Driver 17 for SQL Server][SQL Server]There is already an object named 'stg_customers__dbt_tmp' in the database. (2714) (SQLMoreResults)")
[0m14:52:48  [31mUnhandled error while executing target/run/dbt_sqlserver_project/models/staging/stg_products.sql[0m
('42S01', "[42S01] [Microsoft][ODBC Driver 17 for SQL Server][SQL Server]There is already an object named 'stg_products__dbt_tmp' in the database. (2714) (SQLMoreResults)")
[0m14:52:48  2 of 4 ERROR creating sql view model dbo.stg_example ........................... [[31mERROR[0m in 0.66s]
[0m14:52:48  4 of 4 ERROR creating sql view model dbo.stg_sales_orders ...................... [[31mERROR[0m in 0.66s]
[0m14:52:48  1 of 4 ERROR creating sql view model dbo.stg_customers ......................... [[31mERROR[0m in 0.67s]
[0m14:52:48  3 of 4 ERROR creating sql view model dbo.stg_products .......................... [[31mERROR[0m in 0.67s]
[0m14:52:48
[0m14:52:48  Finished running 4 view models in 0 hours 0 minutes and 1.10 seconds (1.10s).
[0m14:52:48
[0m14:52:48  [31mCompleted with 4 errors and 0 warnings:[0m
[0m14:52:48
[0m14:52:48    ('42S01', "[42S01] [Microsoft][ODBC Driver 17 for SQL Server][SQL Server]There is already an object named 'stg_example__dbt_tmp' in the database. (2714) (SQLMoreResults)")
[0m14:52:48
[0m14:52:48    ('42S01', "[42S01] [Microsoft][ODBC Driver 17 for SQL Server][SQL Server]There is already an object named 'stg_sales_orders__dbt_tmp' in the database. (2714) (SQLMoreResults)")
[0m14:52:48
[0m14:52:48    ('42S01', "[42S01] [Microsoft][ODBC Driver 17 for SQL Server][SQL Server]There is already an object named 'stg_customers__dbt_tmp' in the database. (2714) (SQLMoreResults)")
[0m14:52:48
[0m14:52:48    ('42S01', "[42S01] [Microsoft][ODBC Driver 17 for SQL Server][SQL Server]There is already an object named 'stg_products__dbt_tmp' in the database. (2714) (SQLMoreResults)")
[0m14:52:48
[0m14:52:48  Done. PASS=0 WARN=0 ERROR=4 SKIP=0 TOTAL=4
[2025-11-06T14:52:50.772+0000] {taskinstance.py:1398} INFO - Marking task as FAILED. dag_id=dbt_transform, task_id=dbt_run, execution_date=20251106T144731, start_date=20251106T145239, end_date=20251106T145250
[2025-11-06T14:52:50.823+0000] {standard_task_runner.py:104} ERROR - Failed to execute job 7 for task dbt_run (Docker container failed: {'StatusCode': 1} lines [0m14:52:44  Running with dbt=1.8.7
[0m14:52:45  Registered adapter: sqlserver=1.8.7
[0m14:52:46  [[33mWARNING[0m]: Configuration paths exist in your dbt_project.yml file which do not apply to any resources.
There are 2 unused configuration paths:
- models.dbt_sqlserver_project.marts
- models.dbt_sqlserver_project.intermediate
[0m14:52:47  Found 4 models, 3 data tests, 13 sources, 614 macros
[0m14:52:47
[0m14:52:47  Concurrency: 4 threads (target='dev')
[0m14:52:47
[0m14:52:47  1 of 4 START sql view model dbo.stg_customers .................................. [RUN]
[0m14:52:47  2 of 4 START sql view model dbo.stg_example .................................... [RUN]
[0m14:52:47  3 of 4 START sql view model dbo.stg_products ................................... [RUN]
[0m14:52:47  4 of 4 START sql view model dbo.stg_sales_orders ............................... [RUN]
[0m14:52:48  [31mUnhandled error while executing target/run/dbt_sqlserver_project/models/staging/stg_sales_orders.sql[0m
('42S01', "[42S01] [Microsoft][ODBC Driver 17 for SQL Server][SQL Server]There is already an object named 'stg_sales_orders__dbt_tmp' in the database. (2714) (SQLMoreResults)")
[0m14:52:48  [31mUnhandled error while executing target/run/dbt_sqlserver_project/models/staging/stg_example.sql[0m
('42S01', "[42S01] [Microsoft][ODBC Driver 17 for SQL Server][SQL Server]There is already an object named 'stg_example__dbt_tmp' in the database. (2714) (SQLMoreResults)")
[0m14:52:48  [31mUnhandled error while executing target/run/dbt_sqlserver_project/models/staging/stg_customers.sql[0m
('42S01', "[42S01] [Microsoft][ODBC Driver 17 for SQL Server][SQL Server]There is already an object named 'stg_customers__dbt_tmp' in the database. (2714) (SQLMoreResults)")
[0m14:52:48  [31mUnhandled error while executing target/run/dbt_sqlserver_project/models/staging/stg_products.sql[0m
('42S01', "[42S01] [Microsoft][ODBC Driver 17 for SQL Server][SQL Server]There is already an object named 'stg_products__dbt_tmp' in the database. (2714) (SQLMoreResults)")
[0m14:52:48  2 of 4 ERROR creating sql view model dbo.stg_example ........................... [[31mERROR[0m in 0.66s]
[0m14:52:48  4 of 4 ERROR creating sql view model dbo.stg_sales_orders ...................... [[31mERROR[0m in 0.66s]
[0m14:52:48  1 of 4 ERROR creating sql view model dbo.stg_customers ......................... [[31mERROR[0m in 0.67s]
[0m14:52:48  3 of 4 ERROR creating sql view model dbo.stg_products .......................... [[31mERROR[0m in 0.67s]
[0m14:52:48
[0m14:52:48  Finished running 4 view models in 0 hours 0 minutes and 1.10 seconds (1.10s).
[0m14:52:48
[0m14:52:48  [31mCompleted with 4 errors and 0 warnings:[0m
[0m14:52:48
[0m14:52:48    ('42S01', "[42S01] [Microsoft][ODBC Driver 17 for SQL Server][SQL Server]There is already an object named 'stg_example__dbt_tmp' in the database. (2714) (SQLMoreResults)")
[0m14:52:48
[0m14:52:48    ('42S01', "[42S01] [Microsoft][ODBC Driver 17 for SQL Server][SQL Server]There is already an object named 'stg_sales_orders__dbt_tmp' in the database. (2714) (SQLMoreResults)")
[0m14:52:48
[0m14:52:48    ('42S01', "[42S01] [Microsoft][ODBC Driver 17 for SQL Server][SQL Server]There is already an object named 'stg_customers__dbt_tmp' in the database. (2714) (SQLMoreResults)")
[0m14:52:48
[0m14:52:48    ('42S01', "[42S01] [Microsoft][ODBC Driver 17 for SQL Server][SQL Server]There is already an object named 'stg_products__dbt_tmp' in the database. (2714) (SQLMoreResults)")
[0m14:52:48
[0m14:52:48  Done. PASS=0 WARN=0 ERROR=4 SKIP=0 TOTAL=4; 244)
[2025-11-06T14:52:50.845+0000] {local_task_job_runner.py:228} INFO - Task exited with return code 1
[2025-11-06T14:52:50.905+0000] {taskinstance.py:2776} INFO - 0 downstream tasks scheduled from follow-on schedule check
